<?xml version="1.0" encoding="UTF-8"?>
<coverage generated="1764831462208" clover="3.2.0">
  <project timestamp="1764831462208" name="All files">
    <metrics statements="184" coveredstatements="177" conditionals="135" coveredconditionals="116" methods="43" coveredmethods="38" elements="362" coveredelements="331" complexity="0" loc="184" ncloc="184" packages="1" files="3" classes="3"/>
    <file name="constants.ts" path="/Users/michaelalam/Desktop/Desktop/Coding/Coding/Big-Two-Neo/apps/mobile/src/game/engine/constants.ts">
      <metrics statements="9" coveredstatements="9" conditionals="0" coveredconditionals="0" methods="0" coveredmethods="0"/>
      <line num="19" count="6" type="stmt"/>
      <line num="35" count="6" type="stmt"/>
      <line num="41" count="6" type="stmt"/>
      <line num="46" count="6" type="stmt"/>
      <line num="56" count="6" type="stmt"/>
      <line num="75" count="6" type="stmt"/>
      <line num="89" count="6" type="stmt"/>
      <line num="90" count="6" type="stmt"/>
      <line num="91" count="6" type="stmt"/>
    </file>
    <file name="game-logic.ts" path="/Users/michaelalam/Desktop/Desktop/Coding/Coding/Big-Two-Neo/apps/mobile/src/game/engine/game-logic.ts">
      <metrics statements="165" coveredstatements="162" conditionals="131" coveredconditionals="115" methods="37" coveredmethods="36"/>
      <line num="6" count="6" type="stmt"/>
      <line num="7" count="6" type="stmt"/>
      <line num="17" count="6" type="stmt"/>
      <line num="18" count="1697" type="stmt"/>
      <line num="19" count="5697" type="stmt"/>
      <line num="20" count="5697" type="cond" truecount="2" falsecount="0"/>
      <line num="21" count="762" type="stmt"/>
      <line num="31" count="6" type="stmt"/>
      <line num="32" count="4" type="cond" truecount="2" falsecount="0"/>
      <line num="34" count="3" type="stmt"/>
      <line num="35" count="15" type="stmt"/>
      <line num="36" count="3" type="stmt"/>
      <line num="38" count="3" type="cond" truecount="2" falsecount="0"/>
      <line num="40" count="1" type="stmt"/>
      <line num="41" count="1" type="stmt"/>
      <line num="43" count="1" type="stmt"/>
      <line num="44" count="15" type="stmt"/>
      <line num="45" count="5" type="cond" truecount="1" falsecount="1"/>
      <line num="48" count="1" type="stmt"/>
      <line num="58" count="12" type="cond" truecount="1" falsecount="1"/>
      <line num="59" count="28" type="stmt"/>
      <line num="69" count="29" type="stmt"/>
      <line num="70" count="146" type="cond" truecount="2" falsecount="0"/>
      <line num="71" count="146" type="stmt"/>
      <line num="81" count="6" type="stmt"/>
      <line num="82" count="30" type="cond" truecount="2" falsecount="0"/>
      <line num="84" count="29" type="stmt"/>
      <line num="85" count="145" type="stmt"/>
      <line num="86" count="29" type="stmt"/>
      <line num="88" count="29" type="cond" truecount="2" falsecount="0"/>
      <line num="89" count="8" type="stmt"/>
      <line num="92" count="21" type="stmt"/>
      <line num="102" count="18" type="cond" truecount="1" falsecount="1"/>
      <line num="104" count="18" type="stmt"/>
      <line num="105" count="18" type="stmt"/>
      <line num="106" count="45" type="stmt"/>
      <line num="109" count="52" type="stmt"/>
      <line num="112" count="18" type="stmt"/>
      <line num="114" count="18" type="cond" truecount="4" falsecount="0"/>
      <line num="115" count="2" type="stmt"/>
      <line num="118" count="16" type="cond" truecount="2" falsecount="0"/>
      <line num="119" count="4" type="stmt"/>
      <line num="122" count="12" type="cond" truecount="4" falsecount="0"/>
      <line num="123" count="5" type="stmt"/>
      <line num="126" count="7" type="cond" truecount="2" falsecount="0"/>
      <line num="127" count="3" type="stmt"/>
      <line num="130" count="4" type="cond" truecount="2" falsecount="0"/>
      <line num="131" count="3" type="stmt"/>
      <line num="134" count="1" type="stmt"/>
      <line num="150" count="6" type="stmt"/>
      <line num="151" count="413" type="cond" truecount="4" falsecount="0"/>
      <line num="153" count="412" type="stmt"/>
      <line num="154" count="412" type="stmt"/>
      <line num="156" count="412" type="cond" truecount="2" falsecount="0"/>
      <line num="157" count="382" type="stmt"/>
      <line num="160" count="30" type="cond" truecount="4" falsecount="0"/>
      <line num="161" count="6" type="stmt"/>
      <line num="164" count="24" type="cond" truecount="4" falsecount="0"/>
      <line num="165" count="4" type="stmt"/>
      <line num="168" count="20" type="cond" truecount="2" falsecount="0"/>
      <line num="169" count="18" type="stmt"/>
      <line num="172" count="2" type="stmt"/>
      <line num="189" count="6" type="stmt"/>
      <line num="190" count="3" type="cond" truecount="4" falsecount="0"/>
      <line num="192" count="2" type="stmt"/>
      <line num="193" count="2" type="stmt"/>
      <line num="194" count="2" type="stmt"/>
      <line num="197" count="2" type="cond" truecount="4" falsecount="1"/>
      <line num="198" count="1" type="stmt"/>
      <line num="202" count="1" type="stmt"/>
      <line num="213" count="728" type="stmt"/>
      <line num="224" count="4" type="stmt"/>
      <line num="225" count="4" type="stmt"/>
      <line num="226" count="5" type="cond" truecount="2" falsecount="0"/>
      <line num="228" count="0" type="stmt"/>
      <line num="239" count="4" type="stmt"/>
      <line num="240" count="4" type="stmt"/>
      <line num="241" count="5" type="cond" truecount="2" falsecount="0"/>
      <line num="243" count="0" type="stmt"/>
      <line num="258" count="6" type="stmt"/>
      <line num="259" count="376" type="cond" truecount="2" falsecount="0"/>
      <line num="261" count="375" type="cond" truecount="2" falsecount="0"/>
      <line num="263" count="374" type="stmt"/>
      <line num="264" count="374" type="cond" truecount="1" falsecount="1"/>
      <line num="266" count="374" type="cond" truecount="1" falsecount="1"/>
      <line num="267" count="374" type="cond" truecount="1" falsecount="1"/>
      <line num="270" count="374" type="cond" truecount="2" falsecount="0"/>
      <line num="271" count="6" type="stmt"/>
      <line num="275" count="368" type="stmt"/>
      <line num="276" count="368" type="stmt"/>
      <line num="279" count="368" type="cond" truecount="2" falsecount="0"/>
      <line num="280" count="2" type="stmt"/>
      <line num="281" count="2" type="stmt"/>
      <line num="282" count="2" type="stmt"/>
      <line num="286" count="366" type="cond" truecount="2" falsecount="0"/>
      <line num="287" count="2" type="stmt"/>
      <line num="288" count="2" type="stmt"/>
      <line num="289" count="2" type="stmt"/>
      <line num="293" count="364" type="stmt"/>
      <line num="294" count="364" type="stmt"/>
      <line num="296" count="364" type="stmt"/>
      <line num="318" count="6" type="stmt"/>
      <line num="323" count="124" type="cond" truecount="2" falsecount="0"/>
      <line num="325" count="123" type="stmt"/>
      <line num="328" count="123" type="cond" truecount="2" falsecount="0"/>
      <line num="329" count="3" type="cond" truecount="2" falsecount="0"/>
      <line num="330" count="2" type="cond" truecount="2" falsecount="0"/>
      <line num="331" count="1" type="stmt"/>
      <line num="333" count="1" type="stmt"/>
      <line num="337" count="121" type="cond" truecount="2" falsecount="0"/>
      <line num="338" count="1" type="stmt"/>
      <line num="342" count="120" type="stmt"/>
      <line num="344" count="120" type="cond" truecount="2" falsecount="0"/>
      <line num="346" count="110" type="stmt"/>
      <line num="347" count="113" type="cond" truecount="2" falsecount="0"/>
      <line num="348" count="108" type="stmt"/>
      <line num="351" count="10" type="cond" truecount="2" falsecount="0"/>
      <line num="353" count="3" type="stmt"/>
      <line num="354" count="3" type="cond" truecount="1" falsecount="1"/>
      <line num="355" count="3" type="stmt"/>
      <line num="356" count="3" type="cond" truecount="1" falsecount="1"/>
      <line num="357" count="6" type="stmt"/>
      <line num="361" count="7" type="cond" truecount="2" falsecount="0"/>
      <line num="363" count="2" type="stmt"/>
      <line num="364" count="2" type="cond" truecount="3" falsecount="1"/>
      <line num="365" count="2" type="stmt"/>
      <line num="366" count="2" type="cond" truecount="1" falsecount="1"/>
      <line num="367" count="6" type="stmt"/>
      <line num="371" count="5" type="cond" truecount="1" falsecount="1"/>
      <line num="374" count="5" type="stmt"/>
      <line num="375" count="6" type="stmt"/>
      <line num="376" count="6" type="stmt"/>
      <line num="377" count="6" type="cond" truecount="4" falsecount="0"/>
      <line num="378" count="5" type="stmt"/>
      <line num="383" count="4" type="stmt"/>
      <line num="384" count="21" type="cond" truecount="2" falsecount="0"/>
      <line num="385" count="21" type="stmt"/>
      <line num="386" count="21" type="stmt"/>
      <line num="389" count="4" type="stmt"/>
      <line num="390" count="13" type="cond" truecount="2" falsecount="0"/>
      <line num="391" count="1" type="stmt"/>
      <line num="392" count="1" type="cond" truecount="1" falsecount="1"/>
      <line num="393" count="5" type="stmt"/>
      <line num="399" count="3" type="stmt"/>
      <line num="400" count="10" type="stmt"/>
      <line num="401" count="10" type="stmt"/>
      <line num="403" count="3" type="cond" truecount="4" falsecount="0"/>
      <line num="404" count="2" type="stmt"/>
      <line num="405" count="3" type="stmt"/>
      <line num="407" count="2" type="cond" truecount="2" falsecount="0"/>
      <line num="408" count="6" type="stmt"/>
      <line num="409" count="6" type="stmt"/>
      <line num="410" count="1" type="stmt"/>
      <line num="412" count="1" type="cond" truecount="1" falsecount="1"/>
      <line num="413" count="5" type="stmt"/>
      <line num="419" count="7" type="stmt"/>
      <line num="420" count="2" type="cond" truecount="2" falsecount="0"/>
      <line num="421" count="1" type="stmt"/>
      <line num="422" count="5" type="stmt"/>
      <line num="423" count="5" type="stmt"/>
      <line num="425" count="1" type="cond" truecount="1" falsecount="1"/>
      <line num="426" count="1" type="stmt"/>
      <line num="427" count="1" type="cond" truecount="1" falsecount="1"/>
      <line num="428" count="0" type="stmt"/>
      <line num="435" count="4" type="stmt"/>
    </file>
    <file name="utils.ts" path="/Users/michaelalam/Desktop/Desktop/Coding/Coding/Big-Two-Neo/apps/mobile/src/game/engine/utils.ts">
      <metrics statements="10" coveredstatements="6" conditionals="4" coveredconditionals="1" methods="6" coveredmethods="2"/>
      <line num="5" count="6" type="stmt"/>
      <line num="15" count="6" type="stmt"/>
      <line num="16" count="0" type="cond" truecount="0" falsecount="2"/>
      <line num="19" count="0" type="stmt"/>
      <line num="20" count="0" type="stmt"/>
      <line num="22" count="0" type="stmt"/>
      <line num="31" count="6" type="stmt"/>
      <line num="32" count="32" type="cond" truecount="1" falsecount="1"/>
      <line num="34" count="32" type="stmt"/>
      <line num="35" count="272" type="stmt"/>
    </file>
  </project>
</coverage>
