{"/Users/michaelalam/Desktop/Desktop/Coding/Coding/Big-Two-Neo/apps/mobile/src/components/scoreboard/CompactScoreboard.tsx": {"path":"/Users/michaelalam/Desktop/Desktop/Coding/Coding/Big-Two-Neo/apps/mobile/src/components/scoreboard/CompactScoreboard.tsx","statementMap":{"0":{"start":{"line":15,"column":0},"end":{"line":15,"column":49}},"1":{"start":{"line":16,"column":0},"end":{"line":16,"column":72}},"2":{"start":{"line":17,"column":0},"end":{"line":17,"column":68}},"3":{"start":{"line":19,"column":0},"end":{"line":19,"column":103}},"4":{"start":{"line":21,"column":67},"end":{"line":133,"column":1}},"5":{"start":{"line":34,"column":17},"end":{"line":34,"column":45}},"6":{"start":{"line":39,"column":2},"end":{"line":132,"column":4}},"7":{"start":{"line":81,"column":34},"end":{"line":81,"column":62}},"8":{"start":{"line":82,"column":24},"end":{"line":82,"column":49}},"9":{"start":{"line":83,"column":28},"end":{"line":83,"column":50}},"10":{"start":{"line":84,"column":29},"end":{"line":84,"column":80}},"11":{"start":{"line":85,"column":28},"end":{"line":85,"column":63}},"12":{"start":{"line":87,"column":10},"end":{"line":128,"column":12}},"13":{"start":{"line":21,"column":13},"end":{"line":21,"column":67}},"14":{"start":{"line":135,"column":0},"end":{"line":135,"column":33}}},"fnMap":{"0":{"name":"(anonymous_1)","decl":{"start":{"line":21,"column":67},"end":{"line":21,"column":68}},"loc":{"start":{"line":32,"column":5},"end":{"line":133,"column":1}}},"1":{"name":"(anonymous_2)","decl":{"start":{"line":80,"column":25},"end":{"line":80,"column":26}},"loc":{"start":{"line":80,"column":41},"end":{"line":129,"column":9}}}},"branchMap":{"0":{"loc":{"start":{"line":44,"column":11},"end":{"line":44,"column":70}},"type":"cond-expr","locations":[{"start":{"line":44,"column":28},"end":{"line":44,"column":42}},{"start":{"line":44,"column":45},"end":{"line":44,"column":70}}]},"1":{"loc":{"start":{"line":49,"column":11},"end":{"line":59,"column":null}},"type":"binary-expr","locations":[{"start":{"line":49,"column":11},"end":{"line":49,"column":30}},{"start":{"line":50,"column":12},"end":{"line":58,"column":null}}]},"2":{"loc":{"start":{"line":63,"column":11},"end":{"line":73,"column":null}},"type":"binary-expr","locations":[{"start":{"line":63,"column":11},"end":{"line":63,"column":25}},{"start":{"line":64,"column":12},"end":{"line":72,"column":null}}]},"3":{"loc":{"start":{"line":82,"column":24},"end":{"line":82,"column":49}},"type":"binary-expr","locations":[{"start":{"line":82,"column":24},"end":{"line":82,"column":44}},{"start":{"line":82,"column":48},"end":{"line":82,"column":49}}]},"4":{"loc":{"start":{"line":83,"column":28},"end":{"line":83,"column":50}},"type":"binary-expr","locations":[{"start":{"line":83,"column":28},"end":{"line":83,"column":45}},{"start":{"line":83,"column":49},"end":{"line":83,"column":50}}]},"5":{"loc":{"start":{"line":92,"column":16},"end":{"line":92,"column":58}},"type":"binary-expr","locations":[{"start":{"line":92,"column":16},"end":{"line":92,"column":31}},{"start":{"line":92,"column":35},"end":{"line":92,"column":58}}]},"6":{"loc":{"start":{"line":100,"column":18},"end":{"line":100,"column":61}},"type":"binary-expr","locations":[{"start":{"line":100,"column":18},"end":{"line":100,"column":33}},{"start":{"line":100,"column":37},"end":{"line":100,"column":61}}]},"7":{"loc":{"start":{"line":111,"column":17},"end":{"line":114,"column":null}},"type":"binary-expr","locations":[{"start":{"line":111,"column":17},"end":{"line":111,"column":32}},{"start":{"line":112,"column":18},"end":{"line":113,"column":null}}]},"8":{"loc":{"start":{"line":124,"column":19},"end":{"line":124,"column":50}},"type":"cond-expr","locations":[{"start":{"line":124,"column":31},"end":{"line":124,"column":42}},{"start":{"line":124,"column":45},"end":{"line":124,"column":50}}]}},"s":{"0":0,"1":0,"2":0,"3":0,"4":0,"5":0,"6":0,"7":0,"8":0,"9":0,"10":0,"11":0,"12":0,"13":0,"14":0},"f":{"0":0,"1":0},"b":{"0":[0,0],"1":[0,0],"2":[0,0],"3":[0,0],"4":[0,0],"5":[0,0],"6":[0,0],"7":[0,0],"8":[0,0]}}
,"/Users/michaelalam/Desktop/Desktop/Coding/Coding/Big-Two-Neo/apps/mobile/src/components/scoreboard/ExpandedScoreboard.tsx": {"path":"/Users/michaelalam/Desktop/Desktop/Coding/Coding/Big-Two-Neo/apps/mobile/src/components/scoreboard/ExpandedScoreboard.tsx","statementMap":{"0":{"start":{"line":17,"column":0},"end":{"line":17,"column":26}},"1":{"start":{"line":18,"column":0},"end":{"line":18,"column":72}},"2":{"start":{"line":19,"column":0},"end":{"line":19,"column":82}},"3":{"start":{"line":21,"column":0},"end":{"line":21,"column":74}},"4":{"start":{"line":23,"column":69},"end":{"line":206,"column":1}},"5":{"start":{"line":36,"column":17},"end":{"line":36,"column":46}},"6":{"start":{"line":38,"column":2},"end":{"line":205,"column":4}},"7":{"start":{"line":93,"column":38},"end":{"line":93,"column":66}},"8":{"start":{"line":94,"column":14},"end":{"line":107,"column":16}},"9":{"start":{"line":113,"column":30},"end":{"line":113,"column":45}},"10":{"start":{"line":115,"column":12},"end":{"line":145,"column":14}},"11":{"start":{"line":130,"column":32},"end":{"line":130,"column":57}},"12":{"start":{"line":131,"column":38},"end":{"line":131,"column":60}},"13":{"start":{"line":133,"column":18},"end":{"line":142,"column":20}},"14":{"start":{"line":160,"column":16},"end":{"line":161,"column":null}},"15":{"start":{"line":179,"column":34},"end":{"line":181,"column":31}},"16":{"start":{"line":183,"column":14},"end":{"line":199,"column":17}},"17":{"start":{"line":184,"column":35},"end":{"line":184,"column":84}},"18":{"start":{"line":186,"column":16},"end":{"line":198,"column":18}},"19":{"start":{"line":23,"column":13},"end":{"line":23,"column":69}},"20":{"start":{"line":208,"column":0},"end":{"line":208,"column":34}}},"fnMap":{"0":{"name":"(anonymous_1)","decl":{"start":{"line":23,"column":69},"end":{"line":23,"column":70}},"loc":{"start":{"line":34,"column":5},"end":{"line":206,"column":1}}},"1":{"name":"(anonymous_2)","decl":{"start":{"line":92,"column":29},"end":{"line":92,"column":30}},"loc":{"start":{"line":92,"column":45},"end":{"line":108,"column":13}}},"2":{"name":"(anonymous_3)","decl":{"start":{"line":112,"column":28},"end":{"line":112,"column":29}},"loc":{"start":{"line":112,"column":45},"end":{"line":146,"column":11}}},"3":{"name":"(anonymous_4)","decl":{"start":{"line":129,"column":39},"end":{"line":129,"column":40}},"loc":{"start":{"line":129,"column":63},"end":{"line":143,"column":17}}},"4":{"name":"(anonymous_5)","decl":{"start":{"line":159,"column":30},"end":{"line":159,"column":31}},"loc":{"start":{"line":160,"column":16},"end":{"line":161,"column":null}}},"5":{"name":"(anonymous_6)","decl":{"start":{"line":177,"column":27},"end":{"line":177,"column":30}},"loc":{"start":{"line":177,"column":32},"end":{"line":200,"column":13}}},"6":{"name":"(anonymous_7)","decl":{"start":{"line":183,"column":37},"end":{"line":183,"column":38}},"loc":{"start":{"line":183,"column":60},"end":{"line":199,"column":15}}}},"branchMap":{"0":{"loc":{"start":{"line":43,"column":11},"end":{"line":43,"column":78}},"type":"cond-expr","locations":[{"start":{"line":43,"column":28},"end":{"line":43,"column":45}},{"start":{"line":43,"column":48},"end":{"line":43,"column":78}}]},"1":{"loc":{"start":{"line":48,"column":11},"end":{"line":58,"column":null}},"type":"binary-expr","locations":[{"start":{"line":48,"column":11},"end":{"line":48,"column":30}},{"start":{"line":49,"column":12},"end":{"line":57,"column":null}}]},"2":{"loc":{"start":{"line":62,"column":11},"end":{"line":72,"column":null}},"type":"binary-expr","locations":[{"start":{"line":62,"column":11},"end":{"line":62,"column":25}},{"start":{"line":63,"column":12},"end":{"line":71,"column":null}}]},"3":{"loc":{"start":{"line":99,"column":22},"end":{"line":99,"column":70}},"type":"binary-expr","locations":[{"start":{"line":99,"column":22},"end":{"line":99,"column":37}},{"start":{"line":99,"column":41},"end":{"line":99,"column":70}}]},"4":{"loc":{"start":{"line":120,"column":18},"end":{"line":120,"column":50}},"type":"binary-expr","locations":[{"start":{"line":120,"column":18},"end":{"line":120,"column":28}},{"start":{"line":120,"column":32},"end":{"line":120,"column":50}}]},"5":{"loc":{"start":{"line":136,"column":25},"end":{"line":136,"column":59}},"type":"cond-expr","locations":[{"start":{"line":136,"column":38},"end":{"line":136,"column":50}},{"start":{"line":136,"column":53},"end":{"line":136,"column":59}}]},"6":{"loc":{"start":{"line":149,"column":11},"end":{"line":164,"column":null}},"type":"binary-expr","locations":[{"start":{"line":149,"column":11},"end":{"line":149,"column":26}},{"start":{"line":150,"column":12},"end":{"line":163,"column":null}}]},"7":{"loc":{"start":{"line":179,"column":34},"end":{"line":181,"column":31}},"type":"cond-expr","locations":[{"start":{"line":180,"column":18},"end":{"line":180,"column":62}},{"start":{"line":181,"column":18},"end":{"line":181,"column":31}}]},"8":{"loc":{"start":{"line":195,"column":23},"end":{"line":195,"column":54}},"type":"cond-expr","locations":[{"start":{"line":195,"column":35},"end":{"line":195,"column":46}},{"start":{"line":195,"column":49},"end":{"line":195,"column":54}}]}},"s":{"0":0,"1":0,"2":0,"3":0,"4":0,"5":0,"6":0,"7":0,"8":0,"9":0,"10":0,"11":0,"12":0,"13":0,"14":0,"15":0,"16":0,"17":0,"18":0,"19":0,"20":0},"f":{"0":0,"1":0,"2":0,"3":0,"4":0,"5":0,"6":0},"b":{"0":[0,0],"1":[0,0],"2":[0,0],"3":[0,0],"4":[0,0],"5":[0,0],"6":[0,0],"7":[0,0],"8":[0,0]}}
,"/Users/michaelalam/Desktop/Desktop/Coding/Coding/Big-Two-Neo/apps/mobile/src/components/scoreboard/PlayHistoryModal.tsx": {"path":"/Users/michaelalam/Desktop/Desktop/Coding/Coding/Big-Two-Neo/apps/mobile/src/components/scoreboard/PlayHistoryModal.tsx","statementMap":{"0":{"start":{"line":18,"column":0},"end":{"line":18,"column":52}},"1":{"start":{"line":19,"column":0},"end":{"line":19,"column":77}},"2":{"start":{"line":21,"column":0},"end":{"line":21,"column":45}},"3":{"start":{"line":22,"column":0},"end":{"line":22,"column":72}},"4":{"start":{"line":32,"column":32},"end":{"line":32,"column":53}},"5":{"start":{"line":34,"column":65},"end":{"line":293,"column":1}},"6":{"start":{"line":44,"column":17},"end":{"line":44,"column":44}},"7":{"start":{"line":47,"column":22},"end":{"line":51,"column":33}},"8":{"start":{"line":48,"column":4},"end":{"line":50,"column":53}},"9":{"start":{"line":49,"column":21},"end":{"line":49,"column":49}},"10":{"start":{"line":50,"column":22},"end":{"line":50,"column":51}},"11":{"start":{"line":53,"column":27},"end":{"line":53,"column":82}},"12":{"start":{"line":53,"column":51},"end":{"line":53,"column":81}},"13":{"start":{"line":56,"column":36},"end":{"line":58,"column":31}},"14":{"start":{"line":57,"column":4},"end":{"line":57,"column":80}},"15":{"start":{"line":61,"column":33},"end":{"line":67,"column":19}},"16":{"start":{"line":62,"column":16},"end":{"line":62,"column":52}},"17":{"start":{"line":63,"column":4},"end":{"line":65,"column":7}},"18":{"start":{"line":64,"column":6},"end":{"line":64,"column":61}},"19":{"start":{"line":66,"column":4},"end":{"line":66,"column":15}},"20":{"start":{"line":70,"column":19},"end":{"line":90,"column":37}},"21":{"start":{"line":71,"column":30},"end":{"line":71,"column":32}},"22":{"start":{"line":74,"column":4},"end":{"line":76,"column":5}},"23":{"start":{"line":75,"column":6},"end":{"line":75,"column":62}},"24":{"start":{"line":79,"column":4},"end":{"line":87,"column":5}},"25":{"start":{"line":80,"column":6},"end":{"line":80,"column":38}},"26":{"start":{"line":81,"column":6},"end":{"line":81,"column":41}},"27":{"start":{"line":84,"column":6},"end":{"line":86,"column":9}},"28":{"start":{"line":85,"column":8},"end":{"line":85,"column":87}},"29":{"start":{"line":89,"column":4},"end":{"line":89,"column":17}},"30":{"start":{"line":93,"column":23},"end":{"line":99,"column":8}},"31":{"start":{"line":94,"column":4},"end":{"line":94,"column":56}},"32":{"start":{"line":94,"column":33},"end":{"line":94,"column":56}},"33":{"start":{"line":95,"column":4},"end":{"line":95,"column":50}},"34":{"start":{"line":95,"column":33},"end":{"line":95,"column":50}},"35":{"start":{"line":96,"column":4},"end":{"line":96,"column":57}},"36":{"start":{"line":96,"column":36},"end":{"line":96,"column":57}},"37":{"start":{"line":97,"column":4},"end":{"line":97,"column":70}},"38":{"start":{"line":97,"column":35},"end":{"line":97,"column":70}},"39":{"start":{"line":98,"column":4},"end":{"line":98,"column":27}},"40":{"start":{"line":102,"column":21},"end":{"line":231,"column":125}},"41":{"start":{"line":103,"column":4},"end":{"line":159,"column":5}},"42":{"start":{"line":104,"column":6},"end":{"line":158,"column":8}},"43":{"start":{"line":109,"column":27},"end":{"line":109,"column":54}},"44":{"start":{"line":140,"column":38},"end":{"line":140,"column":72}},"45":{"start":{"line":141,"column":33},"end":{"line":141,"column":77}},"46":{"start":{"line":142,"column":35},"end":{"line":142,"column":82}},"47":{"start":{"line":144,"column":16},"end":{"line":152,"column":18}},"48":{"start":{"line":161,"column":4},"end":{"line":163,"column":5}},"49":{"start":{"line":162,"column":6},"end":{"line":162,"column":45}},"50":{"start":{"line":165,"column":4},"end":{"line":171,"column":5}},"51":{"start":{"line":166,"column":6},"end":{"line":170,"column":8}},"52":{"start":{"line":173,"column":4},"end":{"line":228,"column":5}},"53":{"start":{"line":174,"column":20},"end":{"line":174,"column":29}},"54":{"start":{"line":175,"column":26},"end":{"line":175,"column":65}},"55":{"start":{"line":177,"column":6},"end":{"line":227,"column":8}},"56":{"start":{"line":182,"column":27},"end":{"line":182,"column":59}},"57":{"start":{"line":210,"column":40},"end":{"line":210,"column":70}},"58":{"start":{"line":211,"column":37},"end":{"line":211,"column":84}},"59":{"start":{"line":213,"column":18},"end":{"line":221,"column":20}},"60":{"start":{"line":230,"column":4},"end":{"line":230,"column":16}},"61":{"start":{"line":233,"column":2},"end":{"line":292,"column":4}},"62":{"start":{"line":34,"column":13},"end":{"line":34,"column":65}},"63":{"start":{"line":295,"column":0},"end":{"line":295,"column":32}}},"fnMap":{"0":{"name":"(anonymous_10)","decl":{"start":{"line":34,"column":65},"end":{"line":34,"column":66}},"loc":{"start":{"line":42,"column":5},"end":{"line":293,"column":1}}},"1":{"name":"(anonymous_11)","decl":{"start":{"line":47,"column":30},"end":{"line":47,"column":33}},"loc":{"start":{"line":47,"column":35},"end":{"line":51,"column":3}}},"2":{"name":"(anonymous_12)","decl":{"start":{"line":49,"column":14},"end":{"line":49,"column":15}},"loc":{"start":{"line":49,"column":21},"end":{"line":49,"column":49}}},"3":{"name":"(anonymous_13)","decl":{"start":{"line":50,"column":12},"end":{"line":50,"column":13}},"loc":{"start":{"line":50,"column":22},"end":{"line":50,"column":51}}},"4":{"name":"(anonymous_14)","decl":{"start":{"line":53,"column":44},"end":{"line":53,"column":45}},"loc":{"start":{"line":53,"column":51},"end":{"line":53,"column":81}}},"5":{"name":"(anonymous_15)","decl":{"start":{"line":56,"column":44},"end":{"line":56,"column":47}},"loc":{"start":{"line":56,"column":49},"end":{"line":58,"column":3}}},"6":{"name":"(anonymous_16)","decl":{"start":{"line":61,"column":41},"end":{"line":61,"column":44}},"loc":{"start":{"line":61,"column":46},"end":{"line":67,"column":3}}},"7":{"name":"(anonymous_17)","decl":{"start":{"line":63,"column":24},"end":{"line":63,"column":29}},"loc":{"start":{"line":63,"column":32},"end":{"line":65,"column":5}}},"8":{"name":"(anonymous_18)","decl":{"start":{"line":70,"column":27},"end":{"line":70,"column":30}},"loc":{"start":{"line":70,"column":32},"end":{"line":90,"column":3}}},"9":{"name":"(anonymous_19)","decl":{"start":{"line":84,"column":26},"end":{"line":84,"column":27}},"loc":{"start":{"line":84,"column":36},"end":{"line":86,"column":7}}},"10":{"name":"(anonymous_20)","decl":{"start":{"line":93,"column":35},"end":{"line":93,"column":36}},"loc":{"start":{"line":93,"column":69},"end":{"line":99,"column":3}}},"11":{"name":"(anonymous_21)","decl":{"start":{"line":102,"column":33},"end":{"line":102,"column":34}},"loc":{"start":{"line":102,"column":66},"end":{"line":231,"column":3}}},"12":{"name":"(anonymous_22)","decl":{"start":{"line":109,"column":21},"end":{"line":109,"column":24}},"loc":{"start":{"line":109,"column":27},"end":{"line":109,"column":54}}},"13":{"name":"(anonymous_23)","decl":{"start":{"line":139,"column":44},"end":{"line":139,"column":45}},"loc":{"start":{"line":139,"column":85},"end":{"line":153,"column":15}}},"14":{"name":"(anonymous_24)","decl":{"start":{"line":182,"column":21},"end":{"line":182,"column":24}},"loc":{"start":{"line":182,"column":27},"end":{"line":182,"column":59}}},"15":{"name":"(anonymous_25)","decl":{"start":{"line":209,"column":74},"end":{"line":209,"column":75}},"loc":{"start":{"line":209,"column":115},"end":{"line":222,"column":17}}}},"branchMap":{"0":{"loc":{"start":{"line":57,"column":11},"end":{"line":57,"column":79}},"type":"cond-expr","locations":[{"start":{"line":57,"column":37},"end":{"line":57,"column":74}},{"start":{"line":57,"column":77},"end":{"line":57,"column":79}}]},"1":{"loc":{"start":{"line":74,"column":4},"end":{"line":76,"column":5}},"type":"if","locations":[{"start":{"line":74,"column":4},"end":{"line":76,"column":5}}]},"2":{"loc":{"start":{"line":79,"column":4},"end":{"line":87,"column":5}},"type":"if","locations":[{"start":{"line":79,"column":4},"end":{"line":87,"column":5}}]},"3":{"loc":{"start":{"line":94,"column":4},"end":{"line":94,"column":56}},"type":"if","locations":[{"start":{"line":94,"column":4},"end":{"line":94,"column":56}}]},"4":{"loc":{"start":{"line":95,"column":4},"end":{"line":95,"column":50}},"type":"if","locations":[{"start":{"line":95,"column":4},"end":{"line":95,"column":50}}]},"5":{"loc":{"start":{"line":96,"column":4},"end":{"line":96,"column":57}},"type":"if","locations":[{"start":{"line":96,"column":4},"end":{"line":96,"column":57}}]},"6":{"loc":{"start":{"line":97,"column":4},"end":{"line":97,"column":70}},"type":"if","locations":[{"start":{"line":97,"column":4},"end":{"line":97,"column":70}}]},"7":{"loc":{"start":{"line":103,"column":4},"end":{"line":159,"column":5}},"type":"if","locations":[{"start":{"line":103,"column":4},"end":{"line":159,"column":5}}]},"8":{"loc":{"start":{"line":111,"column":35},"end":{"line":111,"column":93}},"type":"cond-expr","locations":[{"start":{"line":111,"column":72},"end":{"line":111,"column":80}},{"start":{"line":111,"column":83},"end":{"line":111,"column":93}}]},"9":{"loc":{"start":{"line":112,"column":34},"end":{"line":112,"column":86}},"type":"cond-expr","locations":[{"start":{"line":112,"column":71},"end":{"line":112,"column":77}},{"start":{"line":112,"column":80},"end":{"line":112,"column":86}}]},"10":{"loc":{"start":{"line":120,"column":17},"end":{"line":120,"column":63}},"type":"cond-expr","locations":[{"start":{"line":120,"column":54},"end":{"line":120,"column":57}},{"start":{"line":120,"column":60},"end":{"line":120,"column":63}}]},"11":{"loc":{"start":{"line":126,"column":11},"end":{"line":155,"column":null}},"type":"binary-expr","locations":[{"start":{"line":126,"column":11},"end":{"line":126,"column":46}},{"start":{"line":127,"column":12},"end":{"line":154,"column":null}}]},"12":{"loc":{"start":{"line":128,"column":15},"end":{"line":153,"column":null}},"type":"cond-expr","locations":[{"start":{"line":129,"column":14},"end":{"line":135,"column":null}},{"start":{"line":139,"column":14},"end":{"line":153,"column":16}}]},"13":{"loc":{"start":{"line":142,"column":35},"end":{"line":142,"column":82}},"type":"binary-expr","locations":[{"start":{"line":142,"column":35},"end":{"line":142,"column":55}},{"start":{"line":142,"column":59},"end":{"line":142,"column":82}}]},"14":{"loc":{"start":{"line":161,"column":4},"end":{"line":163,"column":5}},"type":"if","locations":[{"start":{"line":161,"column":4},"end":{"line":163,"column":5}}]},"15":{"loc":{"start":{"line":165,"column":4},"end":{"line":171,"column":5}},"type":"if","locations":[{"start":{"line":165,"column":4},"end":{"line":171,"column":5}}]},"16":{"loc":{"start":{"line":173,"column":4},"end":{"line":228,"column":5}},"type":"if","locations":[{"start":{"line":173,"column":4},"end":{"line":228,"column":5}}]},"17":{"loc":{"start":{"line":184,"column":35},"end":{"line":184,"column":70}},"type":"cond-expr","locations":[{"start":{"line":184,"column":49},"end":{"line":184,"column":57}},{"start":{"line":184,"column":60},"end":{"line":184,"column":70}}]},"18":{"loc":{"start":{"line":185,"column":34},"end":{"line":185,"column":63}},"type":"cond-expr","locations":[{"start":{"line":185,"column":48},"end":{"line":185,"column":54}},{"start":{"line":185,"column":57},"end":{"line":185,"column":63}}]},"19":{"loc":{"start":{"line":193,"column":17},"end":{"line":193,"column":40}},"type":"cond-expr","locations":[{"start":{"line":193,"column":31},"end":{"line":193,"column":34}},{"start":{"line":193,"column":37},"end":{"line":193,"column":40}}]},"20":{"loc":{"start":{"line":199,"column":11},"end":{"line":224,"column":null}},"type":"binary-expr","locations":[{"start":{"line":199,"column":11},"end":{"line":199,"column":23}},{"start":{"line":200,"column":12},"end":{"line":223,"column":null}}]},"21":{"loc":{"start":{"line":201,"column":15},"end":{"line":222,"column":null}},"type":"cond-expr","locations":[{"start":{"line":202,"column":16},"end":{"line":205,"column":null}},{"start":{"line":209,"column":16},"end":{"line":222,"column":18}}]},"22":{"loc":{"start":{"line":209,"column":17},"end":{"line":209,"column":68}},"type":"binary-expr","locations":[{"start":{"line":209,"column":17},"end":{"line":209,"column":62}},{"start":{"line":209,"column":66},"end":{"line":209,"column":68}}]},"23":{"loc":{"start":{"line":211,"column":37},"end":{"line":211,"column":84}},"type":"binary-expr","locations":[{"start":{"line":211,"column":37},"end":{"line":211,"column":57}},{"start":{"line":211,"column":61},"end":{"line":211,"column":84}}]},"24":{"loc":{"start":{"line":267,"column":11},"end":{"line":287,"column":null}},"type":"cond-expr","locations":[{"start":{"line":268,"column":12},"end":{"line":271,"column":null}},{"start":{"line":274,"column":12},"end":{"line":286,"column":null}}]}},"s":{"0":0,"1":0,"2":0,"3":0,"4":0,"5":0,"6":0,"7":0,"8":0,"9":0,"10":0,"11":0,"12":0,"13":0,"14":0,"15":0,"16":0,"17":0,"18":0,"19":0,"20":0,"21":0,"22":0,"23":0,"24":0,"25":0,"26":0,"27":0,"28":0,"29":0,"30":0,"31":0,"32":0,"33":0,"34":0,"35":0,"36":0,"37":0,"38":0,"39":0,"40":0,"41":0,"42":0,"43":0,"44":0,"45":0,"46":0,"47":0,"48":0,"49":0,"50":0,"51":0,"52":0,"53":0,"54":0,"55":0,"56":0,"57":0,"58":0,"59":0,"60":0,"61":0,"62":0,"63":0},"f":{"0":0,"1":0,"2":0,"3":0,"4":0,"5":0,"6":0,"7":0,"8":0,"9":0,"10":0,"11":0,"12":0,"13":0,"14":0,"15":0},"b":{"0":[0,0],"1":[0],"2":[0],"3":[0],"4":[0],"5":[0],"6":[0],"7":[0],"8":[0,0],"9":[0,0],"10":[0,0],"11":[0,0],"12":[0,0],"13":[0,0],"14":[0],"15":[0],"16":[0],"17":[0,0],"18":[0,0],"19":[0,0],"20":[0,0],"21":[0,0],"22":[0,0],"23":[0,0],"24":[0,0]}}
,"/Users/michaelalam/Desktop/Desktop/Coding/Coding/Big-Two-Neo/apps/mobile/src/components/scoreboard/ScoreboardContainer.tsx": {"path":"/Users/michaelalam/Desktop/Desktop/Coding/Coding/Big-Two-Neo/apps/mobile/src/components/scoreboard/ScoreboardContainer.tsx","statementMap":{"0":{"start":{"line":12,"column":0},"end":{"line":12,"column":26}},"1":{"start":{"line":13,"column":0},"end":{"line":13,"column":36}},"2":{"start":{"line":14,"column":0},"end":{"line":14,"column":65}},"3":{"start":{"line":16,"column":0},"end":{"line":16,"column":52}},"4":{"start":{"line":17,"column":0},"end":{"line":17,"column":54}},"5":{"start":{"line":18,"column":0},"end":{"line":18,"column":50}},"6":{"start":{"line":19,"column":0},"end":{"line":19,"column":64}},"7":{"start":{"line":20,"column":0},"end":{"line":20,"column":75}},"8":{"start":{"line":22,"column":62},"end":{"line":108,"column":1}},"9":{"start":{"line":33,"column":17},"end":{"line":33,"column":47}},"10":{"start":{"line":42,"column":6},"end":{"line":42,"column":21}},"11":{"start":{"line":45,"column":29},"end":{"line":47,"column":3}},"12":{"start":{"line":46,"column":4},"end":{"line":46,"column":51}},"13":{"start":{"line":49,"column":34},"end":{"line":51,"column":3}},"14":{"start":{"line":50,"column":4},"end":{"line":50,"column":45}},"15":{"start":{"line":53,"column":33},"end":{"line":55,"column":3}},"16":{"start":{"line":54,"column":4},"end":{"line":54,"column":32}},"17":{"start":{"line":57,"column":2},"end":{"line":107,"column":4}},"18":{"start":{"line":22,"column":13},"end":{"line":22,"column":62}},"19":{"start":{"line":110,"column":0},"end":{"line":110,"column":35}}},"fnMap":{"0":{"name":"(anonymous_1)","decl":{"start":{"line":22,"column":62},"end":{"line":22,"column":63}},"loc":{"start":{"line":31,"column":5},"end":{"line":108,"column":1}}},"1":{"name":"(anonymous_2)","decl":{"start":{"line":45,"column":29},"end":{"line":45,"column":32}},"loc":{"start":{"line":45,"column":34},"end":{"line":47,"column":3}}},"2":{"name":"(anonymous_3)","decl":{"start":{"line":49,"column":34},"end":{"line":49,"column":37}},"loc":{"start":{"line":49,"column":39},"end":{"line":51,"column":3}}},"3":{"name":"(anonymous_4)","decl":{"start":{"line":53,"column":33},"end":{"line":53,"column":36}},"loc":{"start":{"line":53,"column":38},"end":{"line":55,"column":3}}}},"branchMap":{"0":{"loc":{"start":{"line":62,"column":9},"end":{"line":75,"column":null}},"type":"binary-expr","locations":[{"start":{"line":62,"column":9},"end":{"line":62,"column":30}},{"start":{"line":63,"column":10},"end":{"line":74,"column":null}}]},"1":{"loc":{"start":{"line":79,"column":9},"end":{"line":92,"column":null}},"type":"binary-expr","locations":[{"start":{"line":79,"column":9},"end":{"line":79,"column":29}},{"start":{"line":80,"column":10},"end":{"line":91,"column":null}}]}},"s":{"0":0,"1":0,"2":0,"3":0,"4":0,"5":0,"6":0,"7":0,"8":0,"9":0,"10":0,"11":0,"12":0,"13":0,"14":0,"15":0,"16":0,"17":0,"18":0,"19":0},"f":{"0":0,"1":0,"2":0,"3":0},"b":{"0":[0,0],"1":[0,0]}}
,"/Users/michaelalam/Desktop/Desktop/Coding/Coding/Big-Two-Neo/apps/mobile/src/components/scoreboard/ScoreboardErrorBoundary.tsx": {"path":"/Users/michaelalam/Desktop/Desktop/Coding/Coding/Big-Two-Neo/apps/mobile/src/components/scoreboard/ScoreboardErrorBoundary.tsx","statementMap":{"0":{"start":{"line":16,"column":0},"end":{"line":16,"column":63}},"1":{"start":{"line":17,"column":0},"end":{"line":17,"column":72}},"2":{"start":{"line":20,"column":20},"end":{"line":20,"column":29}},"3":{"start":{"line":21,"column":22},"end":{"line":21,"column":31}},"4":{"start":{"line":22,"column":16},"end":{"line":22,"column":25}},"5":{"start":{"line":23,"column":19},"end":{"line":23,"column":28}},"6":{"start":{"line":24,"column":19},"end":{"line":24,"column":39}},"7":{"start":{"line":39,"column":4},"end":{"line":39,"column":17}},"8":{"start":{"line":40,"column":4},"end":{"line":43,"column":6}},"9":{"start":{"line":48,"column":4},"end":{"line":51,"column":6}},"10":{"start":{"line":56,"column":4},"end":{"line":59,"column":5}},"11":{"start":{"line":57,"column":6},"end":{"line":57,"column":72}},"12":{"start":{"line":58,"column":6},"end":{"line":58,"column":94}},"13":{"start":{"line":62,"column":4},"end":{"line":64,"column":5}},"14":{"start":{"line":63,"column":6},"end":{"line":63,"column":43}},"15":{"start":{"line":70,"column":16},"end":{"line":75,"column":3}},"16":{"start":{"line":71,"column":4},"end":{"line":74,"column":7}},"17":{"start":{"line":78,"column":4},"end":{"line":115,"column":5}},"18":{"start":{"line":80,"column":6},"end":{"line":82,"column":7}},"19":{"start":{"line":81,"column":8},"end":{"line":81,"column":35}},"20":{"start":{"line":85,"column":6},"end":{"line":114,"column":8}},"21":{"start":{"line":117,"column":4},"end":{"line":117,"column":31}},"22":{"start":{"line":37,"column":0},"end":{"line":37,"column":13}},"23":{"start":{"line":121,"column":15},"end":{"line":176,"column":2}},"24":{"start":{"line":178,"column":0},"end":{"line":178,"column":39}}},"fnMap":{"0":{"name":"(anonymous_9)","decl":{"start":{"line":38,"column":2},"end":{"line":38,"column":14}},"loc":{"start":{"line":38,"column":26},"end":{"line":44,"column":3}}},"1":{"name":"(anonymous_10)","decl":{"start":{"line":46,"column":2},"end":{"line":46,"column":8}},"loc":{"start":{"line":46,"column":46},"end":{"line":52,"column":3}}},"2":{"name":"(anonymous_11)","decl":{"start":{"line":54,"column":2},"end":{"line":54,"column":19}},"loc":{"start":{"line":54,"column":54},"end":{"line":68,"column":3}}},"3":{"name":"(anonymous_12)","decl":{"start":{"line":70,"column":16},"end":{"line":70,"column":25}},"loc":{"start":{"line":70,"column":27},"end":{"line":75,"column":3}}},"4":{"name":"(anonymous_13)","decl":{"start":{"line":77,"column":2},"end":{"line":77,"column":8}},"loc":{"start":{"line":77,"column":8},"end":{"line":118,"column":3}}}},"branchMap":{"0":{"loc":{"start":{"line":56,"column":4},"end":{"line":59,"column":5}},"type":"if","locations":[{"start":{"line":56,"column":4},"end":{"line":59,"column":5}}]},"1":{"loc":{"start":{"line":62,"column":4},"end":{"line":64,"column":5}},"type":"if","locations":[{"start":{"line":62,"column":4},"end":{"line":64,"column":5}}]},"2":{"loc":{"start":{"line":78,"column":4},"end":{"line":115,"column":5}},"type":"if","locations":[{"start":{"line":78,"column":4},"end":{"line":115,"column":5}}]},"3":{"loc":{"start":{"line":80,"column":6},"end":{"line":82,"column":7}},"type":"if","locations":[{"start":{"line":80,"column":6},"end":{"line":82,"column":7}}]},"4":{"loc":{"start":{"line":97,"column":13},"end":{"line":100,"column":null}},"type":"binary-expr","locations":[{"start":{"line":97,"column":13},"end":{"line":97,"column":20}},{"start":{"line":97,"column":24},"end":{"line":97,"column":40}},{"start":{"line":98,"column":14},"end":{"line":99,"column":null}}]}},"s":{"0":0,"1":0,"2":0,"3":0,"4":0,"5":0,"6":0,"7":0,"8":0,"9":0,"10":0,"11":0,"12":0,"13":0,"14":0,"15":0,"16":0,"17":0,"18":0,"19":0,"20":0,"21":0,"22":0,"23":0,"24":0},"f":{"0":0,"1":0,"2":0,"3":0,"4":0},"b":{"0":[0],"1":[0],"2":[0],"3":[0],"4":[0,0,0]}}
,"/Users/michaelalam/Desktop/Desktop/Coding/Coding/Big-Two-Neo/apps/mobile/src/components/scoreboard/components/CardImage.tsx": {"path":"/Users/michaelalam/Desktop/Desktop/Coding/Coding/Big-Two-Neo/apps/mobile/src/components/scoreboard/components/CardImage.tsx","statementMap":{"0":{"start":{"line":11,"column":0},"end":{"line":11,"column":26}},"1":{"start":{"line":12,"column":0},"end":{"line":12,"column":54}},"2":{"start":{"line":22,"column":44},"end":{"line":27,"column":2}},"3":{"start":{"line":30,"column":45},"end":{"line":35,"column":2}},"4":{"start":{"line":41,"column":53},"end":{"line":78,"column":1}},"5":{"start":{"line":48,"column":25},"end":{"line":48,"column":51}},"6":{"start":{"line":49,"column":25},"end":{"line":49,"column":51}},"7":{"start":{"line":51,"column":21},"end":{"line":51,"column":56}},"8":{"start":{"line":52,"column":20},"end":{"line":52,"column":60}},"9":{"start":{"line":54,"column":2},"end":{"line":77,"column":4}},"10":{"start":{"line":80,"column":13},"end":{"line":80,"column":56}},"11":{"start":{"line":81,"column":0},"end":{"line":81,"column":36}},"12":{"start":{"line":83,"column":15},"end":{"line":122,"column":2}}},"fnMap":{"0":{"name":"(anonymous_1)","decl":{"start":{"line":41,"column":53},"end":{"line":41,"column":54}},"loc":{"start":{"line":46,"column":5},"end":{"line":78,"column":1}}}},"branchMap":{"0":{"loc":{"start":{"line":44,"column":2},"end":{"line":44,"column":12}},"type":"default-arg","locations":[{"start":{"line":44,"column":10},"end":{"line":44,"column":12}}]},"1":{"loc":{"start":{"line":45,"column":2},"end":{"line":45,"column":13}},"type":"default-arg","locations":[{"start":{"line":45,"column":11},"end":{"line":45,"column":13}}]},"2":{"loc":{"start":{"line":51,"column":21},"end":{"line":51,"column":56}},"type":"binary-expr","locations":[{"start":{"line":51,"column":21},"end":{"line":51,"column":49}},{"start":{"line":51,"column":53},"end":{"line":51,"column":56}}]},"3":{"loc":{"start":{"line":52,"column":20},"end":{"line":52,"column":60}},"type":"binary-expr","locations":[{"start":{"line":52,"column":20},"end":{"line":52,"column":47}},{"start":{"line":52,"column":51},"end":{"line":52,"column":60}}]}},"s":{"0":0,"1":0,"2":0,"3":0,"4":0,"5":0,"6":0,"7":0,"8":0,"9":0,"10":0,"11":0,"12":0},"f":{"0":0},"b":{"0":[0],"1":[0],"2":[0,0],"3":[0,0]}}
,"/Users/michaelalam/Desktop/Desktop/Coding/Coding/Big-Two-Neo/apps/mobile/src/components/scoreboard/components/HandCard.tsx": {"path":"/Users/michaelalam/Desktop/Desktop/Coding/Coding/Big-Two-Neo/apps/mobile/src/components/scoreboard/components/HandCard.tsx","statementMap":{"0":{"start":{"line":15,"column":0},"end":{"line":15,"column":39}},"1":{"start":{"line":16,"column":0},"end":{"line":16,"column":42}},"2":{"start":{"line":18,"column":0},"end":{"line":18,"column":40}},"3":{"start":{"line":19,"column":0},"end":{"line":19,"column":73}},"4":{"start":{"line":20,"column":0},"end":{"line":20,"column":65}},"5":{"start":{"line":22,"column":49},"end":{"line":95,"column":1}},"6":{"start":{"line":29,"column":17},"end":{"line":29,"column":44}},"7":{"start":{"line":32,"column":23},"end":{"line":35,"column":29}},"8":{"start":{"line":33,"column":4},"end":{"line":33,"column":58}},"9":{"start":{"line":33,"column":48},"end":{"line":33,"column":58}},"10":{"start":{"line":34,"column":4},"end":{"line":34,"column":54}},"11":{"start":{"line":38,"column":26},"end":{"line":60,"column":3}},"12":{"start":{"line":39,"column":23},"end":{"line":39,"column":63}},"13":{"start":{"line":40,"column":4},"end":{"line":59,"column":5}},"14":{"start":{"line":42,"column":8},"end":{"line":42,"column":24}},"15":{"start":{"line":44,"column":8},"end":{"line":44,"column":22}},"16":{"start":{"line":46,"column":8},"end":{"line":46,"column":24}},"17":{"start":{"line":48,"column":8},"end":{"line":48,"column":26}},"18":{"start":{"line":50,"column":8},"end":{"line":50,"column":23}},"19":{"start":{"line":52,"column":8},"end":{"line":52,"column":28}},"20":{"start":{"line":54,"column":8},"end":{"line":54,"column":32}},"21":{"start":{"line":56,"column":8},"end":{"line":56,"column":32}},"22":{"start":{"line":58,"column":8},"end":{"line":58,"column":20}},"23":{"start":{"line":62,"column":2},"end":{"line":94,"column":4}},"24":{"start":{"line":81,"column":12},"end":{"line":86,"column":null}},"25":{"start":{"line":22,"column":13},"end":{"line":22,"column":49}},"26":{"start":{"line":97,"column":0},"end":{"line":97,"column":24}}},"fnMap":{"0":{"name":"(anonymous_9)","decl":{"start":{"line":22,"column":49},"end":{"line":22,"column":50}},"loc":{"start":{"line":27,"column":5},"end":{"line":95,"column":1}}},"1":{"name":"(anonymous_10)","decl":{"start":{"line":32,"column":31},"end":{"line":32,"column":34}},"loc":{"start":{"line":32,"column":36},"end":{"line":35,"column":3}}},"2":{"name":"(anonymous_11)","decl":{"start":{"line":38,"column":26},"end":{"line":38,"column":27}},"loc":{"start":{"line":38,"column":51},"end":{"line":60,"column":3}}},"3":{"name":"(anonymous_12)","decl":{"start":{"line":80,"column":27},"end":{"line":80,"column":28}},"loc":{"start":{"line":81,"column":12},"end":{"line":86,"column":null}}}},"branchMap":{"0":{"loc":{"start":{"line":33,"column":4},"end":{"line":33,"column":58}},"type":"if","locations":[{"start":{"line":33,"column":4},"end":{"line":33,"column":58}}]},"1":{"loc":{"start":{"line":33,"column":8},"end":{"line":33,"column":46}},"type":"binary-expr","locations":[{"start":{"line":33,"column":8},"end":{"line":33,"column":19}},{"start":{"line":33,"column":23},"end":{"line":33,"column":46}}]},"2":{"loc":{"start":{"line":40,"column":4},"end":{"line":59,"column":5}},"type":"switch","locations":[{"start":{"line":41,"column":6},"end":{"line":42,"column":24}},{"start":{"line":43,"column":6},"end":{"line":44,"column":22}},{"start":{"line":45,"column":6},"end":{"line":46,"column":24}},{"start":{"line":47,"column":6},"end":{"line":48,"column":26}},{"start":{"line":49,"column":6},"end":{"line":50,"column":23}},{"start":{"line":51,"column":6},"end":{"line":52,"column":28}},{"start":{"line":53,"column":6},"end":{"line":54,"column":32}},{"start":{"line":55,"column":6},"end":{"line":56,"column":32}},{"start":{"line":57,"column":6},"end":{"line":58,"column":20}}]},"3":{"loc":{"start":{"line":66,"column":8},"end":{"line":66,"column":59}},"type":"binary-expr","locations":[{"start":{"line":66,"column":8},"end":{"line":66,"column":16}},{"start":{"line":66,"column":20},"end":{"line":66,"column":34}},{"start":{"line":66,"column":38},"end":{"line":66,"column":59}}]},"4":{"loc":{"start":{"line":79,"column":9},"end":{"line":90,"column":null}},"type":"cond-expr","locations":[{"start":{"line":80,"column":10},"end":{"line":88,"column":12}},{"start":{"line":90,"column":10},"end":{"line":90,"column":69}}]}},"s":{"0":0,"1":0,"2":0,"3":0,"4":0,"5":0,"6":0,"7":0,"8":0,"9":0,"10":0,"11":0,"12":0,"13":0,"14":0,"15":0,"16":0,"17":0,"18":0,"19":0,"20":0,"21":0,"22":0,"23":0,"24":0,"25":0,"26":0},"f":{"0":0,"1":0,"2":0,"3":0},"b":{"0":[0],"1":[0,0],"2":[0,0,0,0,0,0,0,0,0],"3":[0,0,0],"4":[0,0]}}
,"/Users/michaelalam/Desktop/Desktop/Coding/Coding/Big-Two-Neo/apps/mobile/src/components/scoreboard/hooks/useResponsiveStyles.ts": {"path":"/Users/michaelalam/Desktop/Desktop/Coding/Coding/Big-Two-Neo/apps/mobile/src/components/scoreboard/hooks/useResponsiveStyles.ts","statementMap":{"0":{"start":{"line":11,"column":0},"end":{"line":11,"column":32}},"1":{"start":{"line":12,"column":0},"end":{"line":12,"column":61}},"2":{"start":{"line":13,"column":0},"end":{"line":13,"column":52}},"3":{"start":{"line":16,"column":25},"end":{"line":16,"column":27}},"4":{"start":{"line":22,"column":17},"end":{"line":22,"column":49}},"5":{"start":{"line":22,"column":37},"end":{"line":22,"column":48}},"6":{"start":{"line":28,"column":25},"end":{"line":28,"column":59}},"7":{"start":{"line":28,"column":46},"end":{"line":28,"column":58}},"8":{"start":{"line":36,"column":25},"end":{"line":39,"column":1}},"9":{"start":{"line":37,"column":17},"end":{"line":37,"column":39}},"10":{"start":{"line":38,"column":2},"end":{"line":38,"column":41}},"11":{"start":{"line":59,"column":39},"end":{"line":85,"column":1}},"12":{"start":{"line":60,"column":28},"end":{"line":60,"column":49}},"13":{"start":{"line":62,"column":2},"end":{"line":84,"column":22}},"14":{"start":{"line":63,"column":23},"end":{"line":63,"column":37}},"15":{"start":{"line":64,"column":24},"end":{"line":64,"column":38}},"16":{"start":{"line":67,"column":26},"end":{"line":67,"column":37}},"17":{"start":{"line":68,"column":27},"end":{"line":68,"column":54}},"18":{"start":{"line":69,"column":26},"end":{"line":69,"column":38}},"19":{"start":{"line":71,"column":4},"end":{"line":83,"column":6}},"20":{"start":{"line":72,"column":31},"end":{"line":72,"column":53}},"21":{"start":{"line":73,"column":39},"end":{"line":73,"column":70}},"22":{"start":{"line":74,"column":53},"end":{"line":74,"column":90}},"23":{"start":{"line":59,"column":13},"end":{"line":59,"column":39}},"24":{"start":{"line":90,"column":44},"end":{"line":118,"column":1}},"25":{"start":{"line":91,"column":15},"end":{"line":91,"column":40}},"26":{"start":{"line":93,"column":2},"end":{"line":117,"column":14}},"27":{"start":{"line":93,"column":24},"end":{"line":117,"column":4}},"28":{"start":{"line":90,"column":13},"end":{"line":90,"column":44}},"29":{"start":{"line":123,"column":42},"end":{"line":229,"column":1}},"30":{"start":{"line":124,"column":15},"end":{"line":124,"column":40}},"31":{"start":{"line":126,"column":2},"end":{"line":228,"column":14}},"32":{"start":{"line":126,"column":24},"end":{"line":228,"column":4}},"33":{"start":{"line":123,"column":13},"end":{"line":123,"column":42}},"34":{"start":{"line":234,"column":43},"end":{"line":418,"column":1}},"35":{"start":{"line":235,"column":15},"end":{"line":235,"column":40}},"36":{"start":{"line":237,"column":2},"end":{"line":417,"column":14}},"37":{"start":{"line":237,"column":24},"end":{"line":417,"column":4}},"38":{"start":{"line":234,"column":13},"end":{"line":234,"column":43}},"39":{"start":{"line":423,"column":41},"end":{"line":674,"column":1}},"40":{"start":{"line":424,"column":15},"end":{"line":424,"column":40}},"41":{"start":{"line":426,"column":2},"end":{"line":673,"column":14}},"42":{"start":{"line":426,"column":24},"end":{"line":673,"column":4}},"43":{"start":{"line":423,"column":13},"end":{"line":423,"column":41}}},"fnMap":{"0":{"name":"(anonymous_0)","decl":{"start":{"line":22,"column":17},"end":{"line":22,"column":18}},"loc":{"start":{"line":22,"column":37},"end":{"line":22,"column":48}}},"1":{"name":"(anonymous_1)","decl":{"start":{"line":28,"column":25},"end":{"line":28,"column":26}},"loc":{"start":{"line":28,"column":46},"end":{"line":28,"column":58}}},"2":{"name":"(anonymous_2)","decl":{"start":{"line":36,"column":25},"end":{"line":36,"column":26}},"loc":{"start":{"line":36,"column":71},"end":{"line":39,"column":1}}},"3":{"name":"(anonymous_3)","decl":{"start":{"line":59,"column":39},"end":{"line":59,"column":64}},"loc":{"start":{"line":59,"column":66},"end":{"line":85,"column":1}}},"4":{"name":"(anonymous_4)","decl":{"start":{"line":62,"column":17},"end":{"line":62,"column":20}},"loc":{"start":{"line":62,"column":22},"end":{"line":84,"column":3}}},"5":{"name":"(anonymous_5)","decl":{"start":{"line":72,"column":13},"end":{"line":72,"column":14}},"loc":{"start":{"line":72,"column":31},"end":{"line":72,"column":53}}},"6":{"name":"(anonymous_6)","decl":{"start":{"line":73,"column":21},"end":{"line":73,"column":22}},"loc":{"start":{"line":73,"column":39},"end":{"line":73,"column":70}}},"7":{"name":"(anonymous_7)","decl":{"start":{"line":74,"column":21},"end":{"line":74,"column":22}},"loc":{"start":{"line":74,"column":53},"end":{"line":74,"column":90}}},"8":{"name":"(anonymous_8)","decl":{"start":{"line":90,"column":44},"end":{"line":90,"column":47}},"loc":{"start":{"line":90,"column":49},"end":{"line":118,"column":1}}},"9":{"name":"(anonymous_9)","decl":{"start":{"line":93,"column":17},"end":{"line":93,"column":20}},"loc":{"start":{"line":93,"column":24},"end":{"line":117,"column":4}}},"10":{"name":"(anonymous_10)","decl":{"start":{"line":123,"column":42},"end":{"line":123,"column":45}},"loc":{"start":{"line":123,"column":47},"end":{"line":229,"column":1}}},"11":{"name":"(anonymous_11)","decl":{"start":{"line":126,"column":17},"end":{"line":126,"column":20}},"loc":{"start":{"line":126,"column":24},"end":{"line":228,"column":4}}},"12":{"name":"(anonymous_12)","decl":{"start":{"line":234,"column":43},"end":{"line":234,"column":46}},"loc":{"start":{"line":234,"column":48},"end":{"line":418,"column":1}}},"13":{"name":"(anonymous_13)","decl":{"start":{"line":237,"column":17},"end":{"line":237,"column":20}},"loc":{"start":{"line":237,"column":24},"end":{"line":417,"column":4}}},"14":{"name":"(anonymous_14)","decl":{"start":{"line":423,"column":41},"end":{"line":423,"column":44}},"loc":{"start":{"line":423,"column":46},"end":{"line":674,"column":1}}},"15":{"name":"(anonymous_15)","decl":{"start":{"line":426,"column":17},"end":{"line":426,"column":20}},"loc":{"start":{"line":426,"column":24},"end":{"line":673,"column":4}}}},"branchMap":{"0":{"loc":{"start":{"line":36,"column":55},"end":{"line":36,"column":67}},"type":"default-arg","locations":[{"start":{"line":36,"column":64},"end":{"line":36,"column":67}}]},"1":{"loc":{"start":{"line":68,"column":27},"end":{"line":68,"column":54}},"type":"binary-expr","locations":[{"start":{"line":68,"column":27},"end":{"line":68,"column":39}},{"start":{"line":68,"column":43},"end":{"line":68,"column":54}}]},"2":{"loc":{"start":{"line":74,"column":36},"end":{"line":74,"column":48}},"type":"default-arg","locations":[{"start":{"line":74,"column":45},"end":{"line":74,"column":48}}]},"3":{"loc":{"start":{"line":98,"column":16},"end":{"line":102,"column":35}},"type":"cond-expr","locations":[{"start":{"line":99,"column":10},"end":{"line":99,"column":32}},{"start":{"line":100,"column":10},"end":{"line":102,"column":35}}]},"4":{"loc":{"start":{"line":100,"column":10},"end":{"line":102,"column":35}},"type":"cond-expr","locations":[{"start":{"line":101,"column":12},"end":{"line":101,"column":35}},{"start":{"line":102,"column":12},"end":{"line":102,"column":35}}]},"5":{"loc":{"start":{"line":130,"column":15},"end":{"line":130,"column":83}},"type":"cond-expr","locations":[{"start":{"line":130,"column":36},"end":{"line":130,"column":58}},{"start":{"line":130,"column":61},"end":{"line":130,"column":83}}]},"6":{"loc":{"start":{"line":131,"column":16},"end":{"line":131,"column":86}},"type":"cond-expr","locations":[{"start":{"line":131,"column":37},"end":{"line":131,"column":60}},{"start":{"line":131,"column":63},"end":{"line":131,"column":86}}]},"7":{"loc":{"start":{"line":132,"column":16},"end":{"line":132,"column":86}},"type":"cond-expr","locations":[{"start":{"line":132,"column":37},"end":{"line":132,"column":60}},{"start":{"line":132,"column":63},"end":{"line":132,"column":86}}]},"8":{"loc":{"start":{"line":147,"column":16},"end":{"line":147,"column":84}},"type":"cond-expr","locations":[{"start":{"line":147,"column":37},"end":{"line":147,"column":59}},{"start":{"line":147,"column":62},"end":{"line":147,"column":84}}]},"9":{"loc":{"start":{"line":199,"column":16},"end":{"line":199,"column":84}},"type":"cond-expr","locations":[{"start":{"line":199,"column":37},"end":{"line":199,"column":59}},{"start":{"line":199,"column":62},"end":{"line":199,"column":84}}]},"10":{"loc":{"start":{"line":242,"column":16},"end":{"line":242,"column":86}},"type":"cond-expr","locations":[{"start":{"line":242,"column":37},"end":{"line":242,"column":60}},{"start":{"line":242,"column":63},"end":{"line":242,"column":86}}]},"11":{"loc":{"start":{"line":259,"column":16},"end":{"line":259,"column":84}},"type":"cond-expr","locations":[{"start":{"line":259,"column":37},"end":{"line":259,"column":59}},{"start":{"line":259,"column":62},"end":{"line":259,"column":84}}]},"12":{"loc":{"start":{"line":334,"column":16},"end":{"line":334,"column":84}},"type":"cond-expr","locations":[{"start":{"line":334,"column":37},"end":{"line":334,"column":59}},{"start":{"line":334,"column":62},"end":{"line":334,"column":84}}]},"13":{"loc":{"start":{"line":374,"column":16},"end":{"line":374,"column":84}},"type":"cond-expr","locations":[{"start":{"line":374,"column":37},"end":{"line":374,"column":59}},{"start":{"line":374,"column":62},"end":{"line":374,"column":84}}]},"14":{"loc":{"start":{"line":446,"column":13},"end":{"line":450,"column":35}},"type":"cond-expr","locations":[{"start":{"line":447,"column":10},"end":{"line":447,"column":32}},{"start":{"line":448,"column":10},"end":{"line":450,"column":35}}]},"15":{"loc":{"start":{"line":448,"column":10},"end":{"line":450,"column":35}},"type":"cond-expr","locations":[{"start":{"line":449,"column":12},"end":{"line":449,"column":35}},{"start":{"line":450,"column":12},"end":{"line":450,"column":35}}]},"16":{"loc":{"start":{"line":475,"column":16},"end":{"line":475,"column":84}},"type":"cond-expr","locations":[{"start":{"line":475,"column":37},"end":{"line":475,"column":59}},{"start":{"line":475,"column":62},"end":{"line":475,"column":84}}]}},"s":{"0":0,"1":0,"2":0,"3":0,"4":0,"5":0,"6":0,"7":0,"8":0,"9":0,"10":0,"11":0,"12":0,"13":0,"14":0,"15":0,"16":0,"17":0,"18":0,"19":0,"20":0,"21":0,"22":0,"23":0,"24":0,"25":0,"26":0,"27":0,"28":0,"29":0,"30":0,"31":0,"32":0,"33":0,"34":0,"35":0,"36":0,"37":0,"38":0,"39":0,"40":0,"41":0,"42":0,"43":0},"f":{"0":0,"1":0,"2":0,"3":0,"4":0,"5":0,"6":0,"7":0,"8":0,"9":0,"10":0,"11":0,"12":0,"13":0,"14":0,"15":0},"b":{"0":[0],"1":[0,0],"2":[0],"3":[0,0],"4":[0,0],"5":[0,0],"6":[0,0],"7":[0,0],"8":[0,0],"9":[0,0],"10":[0,0],"11":[0,0],"12":[0,0],"13":[0,0],"14":[0,0],"15":[0,0],"16":[0,0]}}
,"/Users/michaelalam/Desktop/Desktop/Coding/Coding/Big-Two-Neo/apps/mobile/src/contexts/ScoreboardContext.tsx": {"path":"/Users/michaelalam/Desktop/Desktop/Coding/Coding/Big-Two-Neo/apps/mobile/src/contexts/ScoreboardContext.tsx","statementMap":{"0":{"start":{"line":15,"column":0},"end":{"line":15,"column":91}},"1":{"start":{"line":26,"column":26},"end":{"line":26,"column":86}},"2":{"start":{"line":42,"column":69},"end":{"line":162,"column":1}},"3":{"start":{"line":51,"column":58},"end":{"line":51,"column":92}},"4":{"start":{"line":52,"column":52},"end":{"line":52,"column":93}},"5":{"start":{"line":53,"column":50},"end":{"line":53,"column":82}},"6":{"start":{"line":59,"column":42},"end":{"line":59,"column":70}},"7":{"start":{"line":60,"column":54},"end":{"line":60,"column":86}},"8":{"start":{"line":66,"column":30},"end":{"line":76,"column":8}},"9":{"start":{"line":67,"column":4},"end":{"line":75,"column":7}},"10":{"start":{"line":68,"column":21},"end":{"line":68,"column":34}},"11":{"start":{"line":69,"column":6},"end":{"line":73,"column":7}},"12":{"start":{"line":70,"column":8},"end":{"line":70,"column":35}},"13":{"start":{"line":72,"column":8},"end":{"line":72,"column":32}},"14":{"start":{"line":74,"column":6},"end":{"line":74,"column":20}},"15":{"start":{"line":82,"column":26},"end":{"line":101,"column":8}},"16":{"start":{"line":83,"column":4},"end":{"line":83,"column":94}},"17":{"start":{"line":84,"column":4},"end":{"line":100,"column":7}},"18":{"start":{"line":86,"column":28},"end":{"line":86,"column":88}},"19":{"start":{"line":86,"column":50},"end":{"line":86,"column":87}},"20":{"start":{"line":88,"column":6},"end":{"line":99,"column":7}},"21":{"start":{"line":90,"column":24},"end":{"line":90,"column":33}},"22":{"start":{"line":91,"column":8},"end":{"line":91,"column":41}},"23":{"start":{"line":92,"column":8},"end":{"line":92,"column":90}},"24":{"start":{"line":93,"column":8},"end":{"line":93,"column":23}},"25":{"start":{"line":96,"column":27},"end":{"line":96,"column":45}},"26":{"start":{"line":97,"column":8},"end":{"line":97,"column":95}},"27":{"start":{"line":98,"column":8},"end":{"line":98,"column":26}},"28":{"start":{"line":107,"column":25},"end":{"line":122,"column":8}},"29":{"start":{"line":108,"column":4},"end":{"line":121,"column":7}},"30":{"start":{"line":110,"column":28},"end":{"line":110,"column":88}},"31":{"start":{"line":110,"column":50},"end":{"line":110,"column":87}},"32":{"start":{"line":112,"column":6},"end":{"line":120,"column":7}},"33":{"start":{"line":114,"column":24},"end":{"line":114,"column":33}},"34":{"start":{"line":115,"column":8},"end":{"line":115,"column":41}},"35":{"start":{"line":116,"column":8},"end":{"line":116,"column":23}},"36":{"start":{"line":119,"column":8},"end":{"line":119,"column":34}},"37":{"start":{"line":128,"column":23},"end":{"line":134,"column":8}},"38":{"start":{"line":129,"column":4},"end":{"line":129,"column":24}},"39":{"start":{"line":130,"column":4},"end":{"line":130,"column":30}},"40":{"start":{"line":131,"column":4},"end":{"line":131,"column":35}},"41":{"start":{"line":132,"column":4},"end":{"line":132,"column":35}},"42":{"start":{"line":133,"column":4},"end":{"line":133,"column":32}},"43":{"start":{"line":140,"column":47},"end":{"line":155,"column":4}},"44":{"start":{"line":157,"column":2},"end":{"line":161,"column":4}},"45":{"start":{"line":42,"column":13},"end":{"line":42,"column":69}},"46":{"start":{"line":172,"column":29},"end":{"line":180,"column":1}},"47":{"start":{"line":173,"column":18},"end":{"line":173,"column":47}},"48":{"start":{"line":175,"column":2},"end":{"line":177,"column":3}},"49":{"start":{"line":176,"column":4},"end":{"line":176,"column":78}},"50":{"start":{"line":179,"column":2},"end":{"line":179,"column":17}},"51":{"start":{"line":172,"column":13},"end":{"line":172,"column":29}},"52":{"start":{"line":186,"column":0},"end":{"line":186,"column":33}}},"fnMap":{"0":{"name":"(anonymous_9)","decl":{"start":{"line":42,"column":69},"end":{"line":42,"column":70}},"loc":{"start":{"line":46,"column":5},"end":{"line":162,"column":1}}},"1":{"name":"(anonymous_10)","decl":{"start":{"line":66,"column":42},"end":{"line":66,"column":43}},"loc":{"start":{"line":66,"column":66},"end":{"line":76,"column":3}}},"2":{"name":"(anonymous_11)","decl":{"start":{"line":67,"column":24},"end":{"line":67,"column":25}},"loc":{"start":{"line":67,"column":33},"end":{"line":75,"column":5}}},"3":{"name":"(anonymous_12)","decl":{"start":{"line":82,"column":38},"end":{"line":82,"column":39}},"loc":{"start":{"line":82,"column":64},"end":{"line":101,"column":3}}},"4":{"name":"(anonymous_13)","decl":{"start":{"line":84,"column":20},"end":{"line":84,"column":21}},"loc":{"start":{"line":84,"column":29},"end":{"line":100,"column":5}}},"5":{"name":"(anonymous_14)","decl":{"start":{"line":86,"column":43},"end":{"line":86,"column":44}},"loc":{"start":{"line":86,"column":50},"end":{"line":86,"column":87}}},"6":{"name":"(anonymous_15)","decl":{"start":{"line":107,"column":37},"end":{"line":107,"column":38}},"loc":{"start":{"line":107,"column":67},"end":{"line":122,"column":3}}},"7":{"name":"(anonymous_16)","decl":{"start":{"line":108,"column":26},"end":{"line":108,"column":27}},"loc":{"start":{"line":108,"column":35},"end":{"line":121,"column":5}}},"8":{"name":"(anonymous_17)","decl":{"start":{"line":110,"column":43},"end":{"line":110,"column":44}},"loc":{"start":{"line":110,"column":50},"end":{"line":110,"column":87}}},"9":{"name":"(anonymous_18)","decl":{"start":{"line":128,"column":35},"end":{"line":128,"column":38}},"loc":{"start":{"line":128,"column":40},"end":{"line":134,"column":3}}},"10":{"name":"(anonymous_19)","decl":{"start":{"line":172,"column":29},"end":{"line":172,"column":56}},"loc":{"start":{"line":172,"column":58},"end":{"line":180,"column":1}}}},"branchMap":{"0":{"loc":{"start":{"line":44,"column":2},"end":{"line":44,"column":25}},"type":"default-arg","locations":[{"start":{"line":44,"column":20},"end":{"line":44,"column":25}}]},"1":{"loc":{"start":{"line":45,"column":2},"end":{"line":45,"column":32}},"type":"default-arg","locations":[{"start":{"line":45,"column":27},"end":{"line":45,"column":32}}]},"2":{"loc":{"start":{"line":69,"column":6},"end":{"line":73,"column":7}},"type":"if","locations":[{"start":{"line":69,"column":6},"end":{"line":73,"column":7}},{"start":{"line":71,"column":13},"end":{"line":73,"column":7}}]},"3":{"loc":{"start":{"line":88,"column":6},"end":{"line":99,"column":7}},"type":"if","locations":[{"start":{"line":88,"column":6},"end":{"line":99,"column":7}},{"start":{"line":94,"column":13},"end":{"line":99,"column":7}}]},"4":{"loc":{"start":{"line":112,"column":6},"end":{"line":120,"column":7}},"type":"if","locations":[{"start":{"line":112,"column":6},"end":{"line":120,"column":7}},{"start":{"line":117,"column":13},"end":{"line":120,"column":7}}]},"5":{"loc":{"start":{"line":175,"column":2},"end":{"line":177,"column":3}},"type":"if","locations":[{"start":{"line":175,"column":2},"end":{"line":177,"column":3}}]}},"s":{"0":0,"1":0,"2":0,"3":0,"4":0,"5":0,"6":0,"7":0,"8":0,"9":0,"10":0,"11":0,"12":0,"13":0,"14":0,"15":0,"16":0,"17":0,"18":0,"19":0,"20":0,"21":0,"22":0,"23":0,"24":0,"25":0,"26":0,"27":0,"28":0,"29":0,"30":0,"31":0,"32":0,"33":0,"34":0,"35":0,"36":0,"37":0,"38":0,"39":0,"40":0,"41":0,"42":0,"43":0,"44":0,"45":0,"46":0,"47":0,"48":0,"49":0,"50":0,"51":0,"52":0},"f":{"0":0,"1":0,"2":0,"3":0,"4":0,"5":0,"6":0,"7":0,"8":0,"9":0,"10":0},"b":{"0":[0],"1":[0],"2":[0,0],"3":[0,0],"4":[0,0],"5":[0]}}
,"/Users/michaelalam/Desktop/Desktop/Coding/Coding/Big-Two-Neo/apps/mobile/src/game/engine/constants.ts": {"path":"/Users/michaelalam/Desktop/Desktop/Coding/Coding/Big-Two-Neo/apps/mobile/src/game/engine/constants.ts","statementMap":{"0":{"start":{"line":19,"column":13},"end":{"line":30,"column":11}},"1":{"start":{"line":35,"column":13},"end":{"line":35,"column":97}},"2":{"start":{"line":41,"column":13},"end":{"line":41,"column":51}},"3":{"start":{"line":46,"column":13},"end":{"line":51,"column":2}},"4":{"start":{"line":56,"column":13},"end":{"line":70,"column":2}},"5":{"start":{"line":75,"column":13},"end":{"line":84,"column":2}},"6":{"start":{"line":89,"column":13},"end":{"line":89,"column":29}},"7":{"start":{"line":90,"column":13},"end":{"line":90,"column":35}},"8":{"start":{"line":91,"column":13},"end":{"line":91,"column":30}}},"fnMap":{},"branchMap":{},"s":{"0":0,"1":0,"2":0,"3":0,"4":0,"5":0,"6":0,"7":0,"8":0},"f":{},"b":{}}
,"/Users/michaelalam/Desktop/Desktop/Coding/Coding/Big-Two-Neo/apps/mobile/src/game/engine/game-logic.ts": {"path":"/Users/michaelalam/Desktop/Desktop/Coding/Coding/Big-Two-Neo/apps/mobile/src/game/engine/game-logic.ts","statementMap":{"0":{"start":{"line":17,"column":0},"end":{"line":17,"column":16}},"1":{"start":{"line":31,"column":0},"end":{"line":31,"column":16}},"2":{"start":{"line":82,"column":0},"end":{"line":82,"column":16}},"3":{"start":{"line":151,"column":0},"end":{"line":151,"column":16}},"4":{"start":{"line":190,"column":0},"end":{"line":190,"column":16}},"5":{"start":{"line":259,"column":0},"end":{"line":259,"column":16}},"6":{"start":{"line":319,"column":0},"end":{"line":319,"column":16}},"7":{"start":{"line":447,"column":0},"end":{"line":447,"column":16}},"8":{"start":{"line":481,"column":0},"end":{"line":481,"column":16}},"9":{"start":{"line":527,"column":0},"end":{"line":527,"column":16}},"10":{"start":{"line":6,"column":0},"end":{"line":6,"column":95}},"11":{"start":{"line":7,"column":0},"end":{"line":7,"column":52}},"12":{"start":{"line":18,"column":2},"end":{"line":22,"column":5}},"13":{"start":{"line":19,"column":21},"end":{"line":19,"column":60}},"14":{"start":{"line":20,"column":4},"end":{"line":20,"column":40}},"15":{"start":{"line":20,"column":24},"end":{"line":20,"column":40}},"16":{"start":{"line":21,"column":4},"end":{"line":21,"column":51}},"17":{"start":{"line":32,"column":2},"end":{"line":32,"column":49}},"18":{"start":{"line":32,"column":26},"end":{"line":32,"column":49}},"19":{"start":{"line":35,"column":16},"end":{"line":35,"column":38}},"20":{"start":{"line":35,"column":31},"end":{"line":35,"column":37}},"21":{"start":{"line":36,"column":19},"end":{"line":36,"column":51}},"22":{"start":{"line":38,"column":2},"end":{"line":38,"column":46}},"23":{"start":{"line":38,"column":23},"end":{"line":38,"column":46}},"24":{"start":{"line":41,"column":19},"end":{"line":41,"column":53}},"25":{"start":{"line":42,"column":25},"end":{"line":42,"column":27}},"26":{"start":{"line":44,"column":2},"end":{"line":47,"column":3}},"27":{"start":{"line":45,"column":17},"end":{"line":45,"column":49}},"28":{"start":{"line":45,"column":33},"end":{"line":45,"column":48}},"29":{"start":{"line":46,"column":4},"end":{"line":46,"column":32}},"30":{"start":{"line":46,"column":14},"end":{"line":46,"column":32}},"31":{"start":{"line":49,"column":2},"end":{"line":49,"column":16}},"32":{"start":{"line":59,"column":2},"end":{"line":59,"column":39}},"33":{"start":{"line":59,"column":26},"end":{"line":59,"column":39}},"34":{"start":{"line":60,"column":2},"end":{"line":60,"column":52}},"35":{"start":{"line":60,"column":26},"end":{"line":60,"column":50}},"36":{"start":{"line":70,"column":2},"end":{"line":73,"column":35}},"37":{"start":{"line":71,"column":4},"end":{"line":71,"column":47}},"38":{"start":{"line":72,"column":4},"end":{"line":72,"column":15}},"39":{"start":{"line":83,"column":2},"end":{"line":83,"column":64}},"40":{"start":{"line":83,"column":26},"end":{"line":83,"column":64}},"41":{"start":{"line":86,"column":16},"end":{"line":86,"column":38}},"42":{"start":{"line":86,"column":31},"end":{"line":86,"column":37}},"43":{"start":{"line":87,"column":19},"end":{"line":87,"column":51}},"44":{"start":{"line":89,"column":2},"end":{"line":91,"column":3}},"45":{"start":{"line":90,"column":4},"end":{"line":90,"column":82}},"46":{"start":{"line":93,"column":2},"end":{"line":93,"column":40}},"47":{"start":{"line":103,"column":2},"end":{"line":103,"column":43}},"48":{"start":{"line":103,"column":26},"end":{"line":103,"column":43}},"49":{"start":{"line":105,"column":17},"end":{"line":105,"column":32}},"50":{"start":{"line":106,"column":17},"end":{"line":106,"column":36}},"51":{"start":{"line":107,"column":22},"end":{"line":107,"column":65}},"52":{"start":{"line":107,"column":59},"end":{"line":107,"column":64}},"53":{"start":{"line":110,"column":18},"end":{"line":110,"column":62}},"54":{"start":{"line":110,"column":36},"end":{"line":110,"column":61}},"55":{"start":{"line":113,"column":23},"end":{"line":113,"column":41}},"56":{"start":{"line":115,"column":2},"end":{"line":117,"column":3}},"57":{"start":{"line":116,"column":4},"end":{"line":116,"column":28}},"58":{"start":{"line":119,"column":2},"end":{"line":121,"column":3}},"59":{"start":{"line":120,"column":4},"end":{"line":120,"column":28}},"60":{"start":{"line":123,"column":2},"end":{"line":125,"column":3}},"61":{"start":{"line":124,"column":4},"end":{"line":124,"column":24}},"62":{"start":{"line":127,"column":2},"end":{"line":129,"column":3}},"63":{"start":{"line":128,"column":4},"end":{"line":128,"column":19}},"64":{"start":{"line":131,"column":2},"end":{"line":133,"column":3}},"65":{"start":{"line":132,"column":4},"end":{"line":132,"column":22}},"66":{"start":{"line":135,"column":2},"end":{"line":135,"column":19}},"67":{"start":{"line":152,"column":2},"end":{"line":152,"column":53}},"68":{"start":{"line":152,"column":36},"end":{"line":152,"column":53}},"69":{"start":{"line":154,"column":12},"end":{"line":154,"column":24}},"70":{"start":{"line":155,"column":17},"end":{"line":155,"column":32}},"71":{"start":{"line":157,"column":2},"end":{"line":159,"column":3}},"72":{"start":{"line":158,"column":4},"end":{"line":158,"column":20}},"73":{"start":{"line":161,"column":2},"end":{"line":163,"column":3}},"74":{"start":{"line":162,"column":4},"end":{"line":162,"column":18}},"75":{"start":{"line":165,"column":2},"end":{"line":167,"column":3}},"76":{"start":{"line":166,"column":4},"end":{"line":166,"column":20}},"77":{"start":{"line":169,"column":2},"end":{"line":171,"column":3}},"78":{"start":{"line":170,"column":4},"end":{"line":170,"column":32}},"79":{"start":{"line":173,"column":2},"end":{"line":173,"column":19}},"80":{"start":{"line":191,"column":2},"end":{"line":191,"column":80}},"81":{"start":{"line":191,"column":36},"end":{"line":191,"column":80}},"82":{"start":{"line":193,"column":12},"end":{"line":193,"column":24}},"83":{"start":{"line":194,"column":17},"end":{"line":194,"column":32}},"84":{"start":{"line":195,"column":15},"end":{"line":195,"column":35}},"85":{"start":{"line":198,"column":2},"end":{"line":200,"column":3}},"86":{"start":{"line":199,"column":4},"end":{"line":199,"column":59}},"87":{"start":{"line":203,"column":2},"end":{"line":203,"column":39}},"88":{"start":{"line":214,"column":2},"end":{"line":214,"column":60}},"89":{"start":{"line":225,"column":17},"end":{"line":225,"column":35}},"90":{"start":{"line":226,"column":2},"end":{"line":228,"column":3}},"91":{"start":{"line":227,"column":4},"end":{"line":227,"column":40}},"92":{"start":{"line":227,"column":28},"end":{"line":227,"column":40}},"93":{"start":{"line":229,"column":2},"end":{"line":229,"column":51}},"94":{"start":{"line":240,"column":17},"end":{"line":240,"column":35}},"95":{"start":{"line":241,"column":2},"end":{"line":243,"column":3}},"96":{"start":{"line":242,"column":4},"end":{"line":242,"column":40}},"97":{"start":{"line":242,"column":28},"end":{"line":242,"column":40}},"98":{"start":{"line":244,"column":2},"end":{"line":244,"column":53}},"99":{"start":{"line":260,"column":2},"end":{"line":260,"column":29}},"100":{"start":{"line":260,"column":17},"end":{"line":260,"column":29}},"101":{"start":{"line":262,"column":2},"end":{"line":262,"column":62}},"102":{"start":{"line":262,"column":49},"end":{"line":262,"column":62}},"103":{"start":{"line":264,"column":19},"end":{"line":264,"column":42}},"104":{"start":{"line":265,"column":2},"end":{"line":265,"column":43}},"105":{"start":{"line":265,"column":30},"end":{"line":265,"column":43}},"106":{"start":{"line":267,"column":22},"end":{"line":267,"column":51}},"107":{"start":{"line":268,"column":23},"end":{"line":268,"column":63}},"108":{"start":{"line":271,"column":2},"end":{"line":273,"column":3}},"109":{"start":{"line":272,"column":4},"end":{"line":272,"column":38}},"110":{"start":{"line":276,"column":20},"end":{"line":276,"column":38}},"111":{"start":{"line":277,"column":21},"end":{"line":277,"column":45}},"112":{"start":{"line":280,"column":2},"end":{"line":284,"column":3}},"113":{"start":{"line":281,"column":26},"end":{"line":281,"column":50}},"114":{"start":{"line":282,"column":27},"end":{"line":282,"column":52}},"115":{"start":{"line":283,"column":4},"end":{"line":283,"column":66}},"116":{"start":{"line":287,"column":2},"end":{"line":291,"column":3}},"117":{"start":{"line":288,"column":24},"end":{"line":288,"column":46}},"118":{"start":{"line":289,"column":25},"end":{"line":289,"column":48}},"119":{"start":{"line":290,"column":4},"end":{"line":290,"column":62}},"120":{"start":{"line":294,"column":21},"end":{"line":294,"column":52}},"121":{"start":{"line":295,"column":22},"end":{"line":295,"column":55}},"122":{"start":{"line":297,"column":2},"end":{"line":297,"column":62}},"123":{"start":{"line":324,"column":2},"end":{"line":324,"column":37}},"124":{"start":{"line":324,"column":25},"end":{"line":324,"column":37}},"125":{"start":{"line":326,"column":17},"end":{"line":326,"column":31}},"126":{"start":{"line":329,"column":2},"end":{"line":335,"column":3}},"127":{"start":{"line":330,"column":19},"end":{"line":330,"column":69}},"128":{"start":{"line":330,"column":36},"end":{"line":330,"column":68}},"129":{"start":{"line":331,"column":4},"end":{"line":333,"column":5}},"130":{"start":{"line":332,"column":6},"end":{"line":332,"column":25}},"131":{"start":{"line":334,"column":4},"end":{"line":334,"column":16}},"132":{"start":{"line":338,"column":2},"end":{"line":340,"column":3}},"133":{"start":{"line":339,"column":4},"end":{"line":339,"column":26}},"134":{"start":{"line":343,"column":19},"end":{"line":343,"column":40}},"135":{"start":{"line":345,"column":2},"end":{"line":433,"column":3}},"136":{"start":{"line":347,"column":4},"end":{"line":351,"column":5}},"137":{"start":{"line":348,"column":6},"end":{"line":350,"column":7}},"138":{"start":{"line":349,"column":8},"end":{"line":349,"column":25}},"139":{"start":{"line":352,"column":9},"end":{"line":433,"column":3}},"140":{"start":{"line":354,"column":4},"end":{"line":361,"column":5}},"141":{"start":{"line":354,"column":17},"end":{"line":354,"column":18}},"142":{"start":{"line":355,"column":6},"end":{"line":360,"column":7}},"143":{"start":{"line":356,"column":21},"end":{"line":356,"column":47}},"144":{"start":{"line":357,"column":8},"end":{"line":359,"column":9}},"145":{"start":{"line":358,"column":10},"end":{"line":358,"column":37}},"146":{"start":{"line":358,"column":31},"end":{"line":358,"column":35}},"147":{"start":{"line":362,"column":9},"end":{"line":433,"column":3}},"148":{"start":{"line":364,"column":4},"end":{"line":371,"column":5}},"149":{"start":{"line":364,"column":17},"end":{"line":364,"column":18}},"150":{"start":{"line":365,"column":6},"end":{"line":370,"column":7}},"151":{"start":{"line":366,"column":23},"end":{"line":366,"column":64}},"152":{"start":{"line":367,"column":8},"end":{"line":369,"column":9}},"153":{"start":{"line":368,"column":10},"end":{"line":368,"column":39}},"154":{"start":{"line":368,"column":33},"end":{"line":368,"column":37}},"155":{"start":{"line":372,"column":9},"end":{"line":433,"column":3}},"156":{"start":{"line":375,"column":4},"end":{"line":381,"column":5}},"157":{"start":{"line":375,"column":17},"end":{"line":375,"column":18}},"158":{"start":{"line":376,"column":24},"end":{"line":376,"column":46}},"159":{"start":{"line":377,"column":27},"end":{"line":377,"column":48}},"160":{"start":{"line":378,"column":6},"end":{"line":380,"column":7}},"161":{"start":{"line":379,"column":8},"end":{"line":379,"column":40}},"162":{"start":{"line":379,"column":34},"end":{"line":379,"column":38}},"163":{"start":{"line":384,"column":19},"end":{"line":388,"column":36}},"164":{"start":{"line":385,"column":6},"end":{"line":385,"column":47}},"165":{"start":{"line":385,"column":27},"end":{"line":385,"column":47}},"166":{"start":{"line":386,"column":6},"end":{"line":386,"column":32}},"167":{"start":{"line":387,"column":6},"end":{"line":387,"column":17}},"168":{"start":{"line":390,"column":4},"end":{"line":397,"column":5}},"169":{"start":{"line":391,"column":6},"end":{"line":396,"column":7}},"170":{"start":{"line":392,"column":22},"end":{"line":392,"column":43}},"171":{"start":{"line":393,"column":8},"end":{"line":395,"column":9}},"172":{"start":{"line":394,"column":10},"end":{"line":394,"column":38}},"173":{"start":{"line":394,"column":32},"end":{"line":394,"column":36}},"174":{"start":{"line":400,"column":23},"end":{"line":400,"column":42}},"175":{"start":{"line":401,"column":20},"end":{"line":401,"column":81}},"176":{"start":{"line":401,"column":70},"end":{"line":401,"column":80}},"177":{"start":{"line":402,"column":18},"end":{"line":402,"column":79}},"178":{"start":{"line":402,"column":68},"end":{"line":402,"column":78}},"179":{"start":{"line":404,"column":4},"end":{"line":417,"column":5}},"180":{"start":{"line":405,"column":25},"end":{"line":405,"column":38}},"181":{"start":{"line":406,"column":23},"end":{"line":406,"column":65}},"182":{"start":{"line":406,"column":43},"end":{"line":406,"column":59}},"183":{"start":{"line":408,"column":6},"end":{"line":416,"column":7}},"184":{"start":{"line":409,"column":28},"end":{"line":409,"column":81}},"185":{"start":{"line":409,"column":47},"end":{"line":409,"column":68}},"186":{"start":{"line":410,"column":26},"end":{"line":410,"column":77}},"187":{"start":{"line":410,"column":45},"end":{"line":410,"column":64}},"188":{"start":{"line":411,"column":26},"end":{"line":411,"column":56}},"189":{"start":{"line":413,"column":8},"end":{"line":415,"column":9}},"190":{"start":{"line":414,"column":10},"end":{"line":414,"column":42}},"191":{"start":{"line":414,"column":36},"end":{"line":414,"column":40}},"192":{"start":{"line":420,"column":18},"end":{"line":420,"column":79}},"193":{"start":{"line":420,"column":68},"end":{"line":420,"column":78}},"194":{"start":{"line":421,"column":4},"end":{"line":432,"column":5}},"195":{"start":{"line":422,"column":23},"end":{"line":422,"column":34}},"196":{"start":{"line":423,"column":24},"end":{"line":423,"column":75}},"197":{"start":{"line":423,"column":43},"end":{"line":423,"column":62}},"198":{"start":{"line":424,"column":21},"end":{"line":424,"column":58}},"199":{"start":{"line":424,"column":38},"end":{"line":424,"column":57}},"200":{"start":{"line":426,"column":6},"end":{"line":431,"column":7}},"201":{"start":{"line":427,"column":25},"end":{"line":427,"column":47}},"202":{"start":{"line":428,"column":8},"end":{"line":430,"column":9}},"203":{"start":{"line":429,"column":10},"end":{"line":429,"column":41}},"204":{"start":{"line":429,"column":35},"end":{"line":429,"column":39}},"205":{"start":{"line":436,"column":2},"end":{"line":436,"column":14}},"206":{"start":{"line":451,"column":2},"end":{"line":451,"column":37}},"207":{"start":{"line":451,"column":25},"end":{"line":451,"column":37}},"208":{"start":{"line":453,"column":17},"end":{"line":453,"column":31}},"209":{"start":{"line":456,"column":2},"end":{"line":458,"column":3}},"210":{"start":{"line":457,"column":4},"end":{"line":457,"column":37}},"211":{"start":{"line":461,"column":25},"end":{"line":461,"column":77}},"212":{"start":{"line":461,"column":47},"end":{"line":461,"column":76}},"213":{"start":{"line":464,"column":2},"end":{"line":466,"column":3}},"214":{"start":{"line":465,"column":4},"end":{"line":465,"column":53}},"215":{"start":{"line":468,"column":2},"end":{"line":468,"column":14}},"216":{"start":{"line":488,"column":2},"end":{"line":490,"column":3}},"217":{"start":{"line":489,"column":4},"end":{"line":489,"column":27}},"218":{"start":{"line":493,"column":2},"end":{"line":495,"column":3}},"219":{"start":{"line":494,"column":4},"end":{"line":494,"column":27}},"220":{"start":{"line":498,"column":24},"end":{"line":498,"column":77}},"221":{"start":{"line":501,"column":2},"end":{"line":503,"column":3}},"222":{"start":{"line":502,"column":4},"end":{"line":502,"column":27}},"223":{"start":{"line":506,"column":21},"end":{"line":506,"column":37}},"224":{"start":{"line":507,"column":2},"end":{"line":513,"column":3}},"225":{"start":{"line":508,"column":4},"end":{"line":512,"column":6}},"226":{"start":{"line":515,"column":2},"end":{"line":515,"column":25}},"227":{"start":{"line":533,"column":2},"end":{"line":535,"column":3}},"228":{"start":{"line":534,"column":4},"end":{"line":534,"column":65}},"229":{"start":{"line":538,"column":2},"end":{"line":540,"column":3}},"230":{"start":{"line":539,"column":4},"end":{"line":539,"column":29}},"231":{"start":{"line":543,"column":24},"end":{"line":543,"column":77}},"232":{"start":{"line":545,"column":2},"end":{"line":550,"column":3}},"233":{"start":{"line":546,"column":4},"end":{"line":549,"column":6}},"234":{"start":{"line":553,"column":2},"end":{"line":553,"column":27}}},"fnMap":{"0":{"name":"sortHand","decl":{"start":{"line":17,"column":16},"end":{"line":17,"column":24}},"loc":{"start":{"line":17,"column":38},"end":{"line":23,"column":1}}},"1":{"name":"(anonymous_1)","decl":{"start":{"line":18,"column":25},"end":{"line":18,"column":26}},"loc":{"start":{"line":18,"column":34},"end":{"line":22,"column":3}}},"2":{"name":"sortStraightCards","decl":{"start":{"line":31,"column":16},"end":{"line":31,"column":33}},"loc":{"start":{"line":31,"column":47},"end":{"line":50,"column":1}}},"3":{"name":"(anonymous_3)","decl":{"start":{"line":35,"column":26},"end":{"line":35,"column":27}},"loc":{"start":{"line":35,"column":31},"end":{"line":35,"column":37}}},"4":{"name":"(anonymous_4)","decl":{"start":{"line":45,"column":28},"end":{"line":45,"column":29}},"loc":{"start":{"line":45,"column":33},"end":{"line":45,"column":48}}},"5":{"name":"sameRank","decl":{"start":{"line":58,"column":9},"end":{"line":58,"column":17}},"loc":{"start":{"line":58,"column":31},"end":{"line":61,"column":1}}},"6":{"name":"(anonymous_6)","decl":{"start":{"line":60,"column":21},"end":{"line":60,"column":22}},"loc":{"start":{"line":60,"column":26},"end":{"line":60,"column":50}}},"7":{"name":"countByRank","decl":{"start":{"line":69,"column":9},"end":{"line":69,"column":20}},"loc":{"start":{"line":69,"column":34},"end":{"line":74,"column":1}}},"8":{"name":"(anonymous_8)","decl":{"start":{"line":70,"column":22},"end":{"line":70,"column":23}},"loc":{"start":{"line":70,"column":36},"end":{"line":73,"column":3}}},"9":{"name":"isStraight","decl":{"start":{"line":82,"column":16},"end":{"line":82,"column":26}},"loc":{"start":{"line":82,"column":40},"end":{"line":94,"column":1}}},"10":{"name":"(anonymous_10)","decl":{"start":{"line":86,"column":26},"end":{"line":86,"column":27}},"loc":{"start":{"line":86,"column":31},"end":{"line":86,"column":37}}},"11":{"name":"classifyFive","decl":{"start":{"line":102,"column":9},"end":{"line":102,"column":21}},"loc":{"start":{"line":102,"column":35},"end":{"line":136,"column":1}}},"12":{"name":"(anonymous_12)","decl":{"start":{"line":107,"column":49},"end":{"line":107,"column":50}},"loc":{"start":{"line":107,"column":59},"end":{"line":107,"column":64}}},"13":{"name":"(anonymous_13)","decl":{"start":{"line":110,"column":31},"end":{"line":110,"column":32}},"loc":{"start":{"line":110,"column":36},"end":{"line":110,"column":61}}},"14":{"name":"classifyCards","decl":{"start":{"line":151,"column":16},"end":{"line":151,"column":29}},"loc":{"start":{"line":151,"column":43},"end":{"line":174,"column":1}}},"15":{"name":"classifyAndSortCards","decl":{"start":{"line":190,"column":16},"end":{"line":190,"column":36}},"loc":{"start":{"line":190,"column":50},"end":{"line":204,"column":1}}},"16":{"name":"getCardValue","decl":{"start":{"line":213,"column":9},"end":{"line":213,"column":21}},"loc":{"start":{"line":213,"column":32},"end":{"line":215,"column":1}}},"17":{"name":"getTripleRank","decl":{"start":{"line":224,"column":9},"end":{"line":224,"column":22}},"loc":{"start":{"line":224,"column":36},"end":{"line":230,"column":1}}},"18":{"name":"getQuadRank","decl":{"start":{"line":239,"column":9},"end":{"line":239,"column":20}},"loc":{"start":{"line":239,"column":34},"end":{"line":245,"column":1}}},"19":{"name":"canBeatPlay","decl":{"start":{"line":259,"column":16},"end":{"line":259,"column":27}},"loc":{"start":{"line":259,"column":71},"end":{"line":298,"column":1}}},"20":{"name":"findRecommendedPlay","decl":{"start":{"line":319,"column":16},"end":{"line":319,"column":35}},"loc":{"start":{"line":322,"column":28},"end":{"line":437,"column":1}}},"21":{"name":"(anonymous_21)","decl":{"start":{"line":330,"column":31},"end":{"line":330,"column":32}},"loc":{"start":{"line":330,"column":36},"end":{"line":330,"column":68}}},"22":{"name":"(anonymous_22)","decl":{"start":{"line":358,"column":26},"end":{"line":358,"column":27}},"loc":{"start":{"line":358,"column":31},"end":{"line":358,"column":35}}},"23":{"name":"(anonymous_23)","decl":{"start":{"line":368,"column":28},"end":{"line":368,"column":29}},"loc":{"start":{"line":368,"column":33},"end":{"line":368,"column":37}}},"24":{"name":"(anonymous_24)","decl":{"start":{"line":379,"column":29},"end":{"line":379,"column":30}},"loc":{"start":{"line":379,"column":34},"end":{"line":379,"column":38}}},"25":{"name":"(anonymous_25)","decl":{"start":{"line":384,"column":33},"end":{"line":384,"column":34}},"loc":{"start":{"line":384,"column":47},"end":{"line":388,"column":5}}},"26":{"name":"(anonymous_26)","decl":{"start":{"line":394,"column":27},"end":{"line":394,"column":28}},"loc":{"start":{"line":394,"column":32},"end":{"line":394,"column":36}}},"27":{"name":"(anonymous_27)","decl":{"start":{"line":401,"column":54},"end":{"line":401,"column":55}},"loc":{"start":{"line":401,"column":70},"end":{"line":401,"column":80}}},"28":{"name":"(anonymous_28)","decl":{"start":{"line":402,"column":52},"end":{"line":402,"column":53}},"loc":{"start":{"line":402,"column":68},"end":{"line":402,"column":78}}},"29":{"name":"(anonymous_29)","decl":{"start":{"line":406,"column":34},"end":{"line":406,"column":35}},"loc":{"start":{"line":406,"column":43},"end":{"line":406,"column":59}}},"30":{"name":"(anonymous_30)","decl":{"start":{"line":409,"column":42},"end":{"line":409,"column":43}},"loc":{"start":{"line":409,"column":47},"end":{"line":409,"column":68}}},"31":{"name":"(anonymous_31)","decl":{"start":{"line":410,"column":40},"end":{"line":410,"column":41}},"loc":{"start":{"line":410,"column":45},"end":{"line":410,"column":64}}},"32":{"name":"(anonymous_32)","decl":{"start":{"line":414,"column":31},"end":{"line":414,"column":32}},"loc":{"start":{"line":414,"column":36},"end":{"line":414,"column":40}}},"33":{"name":"(anonymous_33)","decl":{"start":{"line":420,"column":52},"end":{"line":420,"column":53}},"loc":{"start":{"line":420,"column":68},"end":{"line":420,"column":78}}},"34":{"name":"(anonymous_34)","decl":{"start":{"line":423,"column":38},"end":{"line":423,"column":39}},"loc":{"start":{"line":423,"column":43},"end":{"line":423,"column":62}}},"35":{"name":"(anonymous_35)","decl":{"start":{"line":424,"column":33},"end":{"line":424,"column":34}},"loc":{"start":{"line":424,"column":38},"end":{"line":424,"column":57}}},"36":{"name":"(anonymous_36)","decl":{"start":{"line":429,"column":30},"end":{"line":429,"column":31}},"loc":{"start":{"line":429,"column":35},"end":{"line":429,"column":39}}},"37":{"name":"findHighestBeatingSingle","decl":{"start":{"line":447,"column":16},"end":{"line":447,"column":40}},"loc":{"start":{"line":449,"column":27},"end":{"line":469,"column":1}}},"38":{"name":"(anonymous_38)","decl":{"start":{"line":461,"column":39},"end":{"line":461,"column":43}},"loc":{"start":{"line":461,"column":47},"end":{"line":461,"column":76}}},"39":{"name":"validateOneCardLeftRule","decl":{"start":{"line":481,"column":16},"end":{"line":481,"column":39}},
[...]
{"name":"(anonymous_57)","decl":{"start":{"line":618,"column":45},"end":{"line":618,"column":46}},"loc":{"start":{"line":618,"column":50},"end":{"line":618,"column":65}}},"58":{"name":"isHighestPossiblePlay","decl":{"start":{"line":683,"column":16},"end":{"line":683,"column":37}},"loc":{"start":{"line":685,"column":21},"end":{"line":708,"column":1}}}},"branchMap":{"0":{"loc":{"start":{"line":49,"column":2},"end":{"line":49,"column":39}},"type":"if","locations":[{"start":{"line":49,"column":2},"end":{"line":49,"column":39}}]},"1":{"loc":{"start":{"line":71,"column":2},"end":{"line":71,"column":43}},"type":"if","locations":[{"start":{"line":71,"column":2},"end":{"line":71,"column":43}}]},"2":{"loc":{"start":{"line":93,"column":4},"end":{"line":95,"column":5}},"type":"if","locations":[{"start":{"line":93,"column":4},"end":{"line":95,"column":5}}]},"3":{"loc":{"start":{"line":102,"column":4},"end":{"line":108,"column":5}},"type":"if","locations":[{"start":{"line":102,"column":4},"end":{"line":108,"column":5}}]},"4":{"loc":{"start":{"line":129,"column":2},"end":{"line":131,"column":3}},"type":"if","locations":[{"start":{"line":129,"column":2},"end":{"line":131,"column":3}}]},"5":{"loc":{"start":{"line":129,"column":6},"end":{"line":129,"column":56}},"type":"binary-expr","locations":[{"start":{"line":129,"column":6},"end":{"line":129,"column":23}},{"start":{"line":129,"column":27},"end":{"line":129,"column":56}}]},"6":{"loc":{"start":{"line":144,"column":2},"end":{"line":147,"column":3}},"type":"if","locations":[{"start":{"line":144,"column":2},"end":{"line":147,"column":3}}]},"7":{"loc":{"start":{"line":152,"column":4},"end":{"line":152,"column":40}},"type":"if","locations":[{"start":{"line":152,"column":4},"end":{"line":152,"column":40}}]},"8":{"loc":{"start":{"line":161,"column":2},"end":{"line":161,"column":32}},"type":"if","locations":[{"start":{"line":161,"column":2},"end":{"line":161,"column":32}}]},"9":{"loc":{"start":{"line":162,"column":2},"end":{"line":162,"column":33}},"type":"if","locations":[{"start":{"line":162,"column":2},"end":{"line":162,"column":33}}]},"10":{"loc":{"start":{"line":183,"column":4},"end":{"line":185,"column":5}},"type":"if","locations":[{"start":{"line":183,"column":4},"end":{"line":185,"column":5}}]},"11":{"loc":{"start":{"line":192,"column":4},"end":{"line":200,"column":5}},"type":"if","locations":[{"start":{"line":192,"column":4},"end":{"line":200,"column":5}}]},"12":{"loc":{"start":{"line":212,"column":2},"end":{"line":214,"column":3}},"type":"if","locations":[{"start":{"line":212,"column":2},"end":{"line":214,"column":3}}]},"13":{"loc":{"start":{"line":212,"column":6},"end":{"line":212,"column":49}},"type":"binary-expr","locations":[{"start":{"line":212,"column":6},"end":{"line":212,"column":25}},{"start":{"line":212,"column":29},"end":{"line":212,"column":49}}]},"14":{"loc":{"start":{"line":225,"column":2},"end":{"line":228,"column":3}},"type":"if","locations":[{"start":{"line":225,"column":2},"end":{"line":228,"column":3}}]},"15":{"loc":{"start":{"line":254,"column":4},"end":{"line":256,"column":5}},"type":"if","locations":[{"start":{"line":254,"column":4},"end":{"line":256,"column":5}}]},"16":{"loc":{"start":{"line":272,"column":6},"end":{"line":274,"column":7}},"type":"if","locations":[{"start":{"line":272,"column":6},"end":{"line":274,"column":7}}]},"17":{"loc":{"start":{"line":285,"column":9},"end":{"line":285,"column":86}},"type":"binary-expr","locations":[{"start":{"line":285,"column":9},"end":{"line":285,"column":40}},{"start":{"line":285,"column":44},"end":{"line":285,"column":86}}]},"18":{"loc":{"start":{"line":293,"column":2},"end":{"line":293,"column":41}},"type":"if","locations":[{"start":{"line":293,"column":2},"end":{"line":293,"column":41}}]},"19":{"loc":{"start":{"line":297,"column":4},"end":{"line":299,"column":5}},"type":"if","locations":[{"start":{"line":297,"column":4},"end":{"line":299,"column":5}}]},"20":{"loc":{"start":{"line":310,"column":2},"end":{"line":310,"column":41}},"type":"if","locations":[{"start":{"line":310,"column":2},"end":{"line":310,"column":41}}]},"21":{"loc":{"start":{"line":315,"column":31},"end":{"line":315,"column":61}},"type":"binary-expr","locations":[{"start":{"line":315,"column":31},"end":{"line":315,"column":56}},{"start":{"line":315,"column":60},"end":{"line":315,"column":61}}]},"22":{"loc":{"start":{"line":322,"column":4},"end":{"line":322,"column":37}},"type":"if","locations":[{"start":{"line":322,"column":4},"end":{"line":322,"column":37}}]},"23":{"loc":{"start":{"line":323,"column":4},"end":{"line":323,"column":35}},"type":"if","locations":[{"start":{"line":323,"column":4},"end":{"line":323,"column":35}}]},"24":{"loc":{"start":{"line":327,"column":9},"end":{"line":327,"column":29}},"type":"binary-expr","locations":[{"start":{"line":327,"column":9},"end":{"line":327,"column":18}},{"start":{"line":327,"column":22},"end":{"line":327,"column":29}}]},"25":{"loc":{"start":{"line":335,"column":2},"end":{"line":335,"column":41}},"type":"if","locations":[{"start":{"line":335,"column":2},"end":{"line":335,"column":41}}]},"26":{"loc":{"start":{"line":339,"column":4},"end":{"line":339,"column":32}},"type":"if","locations":[{"start":{"line":339,"column":4},"end":{"line":339,"column":32}}]},"27":{"loc":{"start":{"line":350,"column":2},"end":{"line":350,"column":41}},"type":"if","locations":[{"start":{"line":350,"column":2},"end":{"line":350,"column":41}}]},"28":{"loc":{"start":{"line":356,"column":4},"end":{"line":356,"column":28}},"type":"if","locations":[{"start":{"line":356,"column":4},"end":{"line":356,"column":28}}]},"29":{"loc":{"start":{"line":372,"column":2},"end":{"line":385,"column":3}},"type":"switch","locations":[{"start":{"line":373,"column":4},"end":{"line":374,"column":48}},{"start":{"line":375,"column":4},"end":{"line":376,"column":46}},{"start":{"line":377,"column":4},"end":{"line":378,"column":44}},{"start":{"line":379,"column":4},"end":{"line":380,"column":40}},{"start":{"line":381,"column":4},"end":{"line":382,"column":43}},{"start":{"line":383,"column":4},"end":{"line":384,"column":19}}]},"30":{"loc":{"start":{"line":409,"column":4},"end":{"line":411,"column":5}},"type":"if","locations":[{"start":{"line":409,"column":4},"end":{"line":411,"column":5}}]},"31":{"loc":{"start":{"line":419,"column":2},"end":{"line":654,"column":3}},"type":"switch","locations":[{"start":{"line":420,"column":4},"end":{"line":468,"column":5}},{"start":{"line":470,"column":4},"end":{"line":481,"column":5}},{"start":{"line":483,"column":4},"end":{"line":542,"column":5}},{"start":{"line":544,"column":4},"end":{"line":576,"column":5}},{"start":{"line":578,"column":4},"end":{"line":650,"column":5}},{"start":{"line":652,"column":4},"end":{"line":653,"column":19}}]},"32":{"loc":{"start":{"line":422,"column":6},"end":{"line":422,"column":44}},"type":"if","locations":[{"start":{"line":422,"column":6},"end":{"line":422,"column":44}}]},"33":{"loc":{"start":{"line":426,"column":6},"end":{"line":426,"column":37}},"type":"if","locations":[{"start":{"line":426,"column":6},"end":{"line":426,"column":37}}]},"34":{"loc":{"start":{"line":429,"column":6},"end":{"line":439,"column":7}},"type":"if","locations":[{"start":{"line":429,"column":6},"end":{"line":439,"column":7}}]},"35":{"loc":{"start":{"line":431,"column":10},"end":{"line":436,"column":11}},"type":"if","locations":[{"start":{"line":431,"column":10},"end":{"line":436,"column":11}}]},"36":{"loc":{"start":{"line":433,"column":12},"end":{"line":435,"column":13}},"type":"if","locations":[{"start":{"line":433,"column":12},"end":{"line":435,"column":13}}]},"37":{"loc":{"start":{"line":451,"column":8},"end":{"line":453,"column":9}},"type":"if","locations":[{"start":{"line":451,"column":8},"end":{"line":453,"column":9}}]},"38":{"loc":{"start":{"line":458,"column":8},"end":{"line":464,"column":9}},"type":"if","locations":[{"start":{"line":458,"column":8},"end":{"line":464,"column":9}}]},"39":{"loc":{"start":{"line":461,"column":10},"end":{"line":463,"column":11}},"type":"if","locations":[{"start":{"line":461,"column":10},"end":{"line":463,"column":11}}]},"40":{"loc":{"start":{"line":474,"column":8},"end":{"line":477,"column":9}},"type":"if","locations":[{"start":{"line":474,"column":8},"end":{"line":477,"column":9}}]},"41":{"loc":{"start":{"line":487,"column":33},"end":{"line":487,"column":59}},"type":"binary-expr","locations":[{"start":{"line":487,"column":33},"end":{"line":487,"column":54}},{"start":{"line":487,"column":58},"end":{"line":487,"column":59}}]},"42":{"loc":{"start":{"line":493,"column":8},"end":{"line":496,"column":9}},"type":"if","locations":[{"start":{"line":493,"column":8},"end":{"line":496,"column":9}}]},"43":{"loc":{"start":{"line":493,"column":12},"end":{"line":493,"column":53}},"type":"binary-expr","locations":[{"start":{"line":493,"column":12},"end":{"line":493,"column":28}},{"start":{"line":493,"column":32},"end":{"line":493,"column":53}}]},"44":{"loc":{"start":{"line":500,"column":6},"end":{"line":502,"column":7}},"type":"if","locations":[{"start":{"line":500,"column":6},"end":{"line":502,"column":7}}]},"45":{"loc":{"start":{"line":507,"column":8},"end":{"line":510,"column":9}},"type":"if","locations":[{"start":{"line":507,"column":8},"end":{"line":510,"column":9}}]},"46":{"loc":{"start":{"line":507,"column":12},"end":{"line":507,"column":83}},"type":"binary-expr","locations":[{"start":{"line":507,"column":12},"end":{"line":507,"column":38}},{"start":{"line":507,"column":42},"end":{"line":507,"column":58}},{"start":{"line":507,"column":62},"end":{"line":507,"column":83}}]},"47":{"loc":{"start":{"line":514,"column":6},"end":{"line":516,"column":7}},"type":"if","locations":[{"start":{"line":514,"column":6},"end":{"line":516,"column":7}}]},"48":{"loc":{"start":{"line":521,"column":35},"end":{"line":521,"column":63}},"type":"binary-expr","locations":[{"start":{"line":521,"column":35},"end":{"line":521,"column":58}},{"start":{"line":521,"column":62},"end":{"line":521,"column":63}}]},"49":{"loc":{"start":{"line":528,"column":8},"end":{"line":532,"column":9}},"type":"if","locations":[{"start":{"line":528,"column":8},"end":{"line":532,"column":9}},{"start":{"line":530,"column":15},"end":{"line":532,"column":9}}]},"50":{"loc":{"start":{"line":530,"column":15},"end":{"line":532,"column":9}},"type":"if","locations":[{"start":{"line":530,"column":15},"end":{"line":532,"column":9}}]},"51":{"loc":{"start":{"line":536,"column":6},"end":{"line":538,"column":7}},"type":"if","locations":[{"start":{"line":536,"column":6},"end":{"line":538,"column":7}}]},"52":{"loc":{"start":{"line":550,"column":6},"end":{"line":550,"column":37}},"type":"if","locations":[{"start":{"line":550,"column":6},"end":{"line":550,"column":37}}]},"53":{"loc":{"start":{"line":555,"column":6},"end":{"line":558,"column":7}},"type":"if","locations":[{"start":{"line":555,"column":6},"end":{"line":558,"column":7}}]},"54":{"loc":{"start":{"line":571,"column":8},"end":{"line":571,"column":48}},"type":"if","locations":[{"start":{"line":571,"column":8},"end":{"line":571,"column":48}}]},"55":{"loc":{"start":{"line":572,"column":8},"end":{"line":572,"column":49}},"type":"if","locations":[{"start":{"line":572,"column":8},"end":{"line":572,"column":49}}]},"56":{"loc":{"start":{"line":583,"column":6},"end":{"line":583,"column":44}},"type":"if","locations":[{"start":{"line":583,"column":6},"end":{"line":583,"column":44}}]},"57":{"loc":{"start":{"line":590,"column":6},"end":{"line":590,"column":45}},"type":"if","locations":[{"start":{"line":590,"column":6},"end":{"line":590,"column":45}}]},"58":{"loc":{"start":{"line":597,"column":8},"end":{"line":599,"column":9}},"type":"if","locations":[{"start":{"line":597,"column":8},"end":{"line":599,"column":9}}]},"59":{"loc":{"start":{"line":612,"column":8},"end":{"line":615,"column":9}},"type":"if","locations":[{"start":{"line":612,"column":8},"end":{"line":615,"column":9}}]},"60":{"loc":{"start":{"line":629,"column":6},"end":{"line":631,"column":7}},"type":"if","locations":[{"start":{"line":629,"column":6},"end":{"line":631,"column":7}}]},"61":{"loc":{"start":{"line":641,"column":8},"end":{"line":643,"column":9}},"type":"if","locations":[{"start":{"line":641,"column":8},"end":{"line":643,"column":9}}]},"62":{"loc":{"start":{"line":687,"column":2},"end":{"line":687,"column":49}},"type":"if","locations":[{"start":{"line":687,"column":2},"end":{"line":687,"column":49}}]},"63":{"loc":{"start":{"line":687,"column":6},"end":{"line":687,"column":34}},"type":"binary-expr","locations":[{"start":{"line":687,"column":6},"end":{"line":687,"column":12}},{"start":{"line":687,"column":16},"end":{"line":687,"column":34}}]},"64":{"loc":{"start":{"line":692,"column":2},"end":{"line":707,"column":3}},"type":"switch","locations":[{"start":{"line":693,"column":4},"end":{"line":694,"column":62}},{"start":{"line":696,"column":4},"end":{"line":697,"column":57}},{"start":{"line":699,"column":4},"end":{"line":700,"column":59}},{"start":{"line":702,"column":4},"end":{"line":703,"column":72}},{"start":{"line":705,"column":4},"end":{"line":706,"column":19}}]}},"s":{"0":0,"1":0,"2":0,"3":0,"4":0,"5":0,"6":0,"7":0,"8":0,"9":0,"10":0,"11":0,"12":0,"13":0,"14":0,"15":0,"16":0,"17":0,"18":0,"19":0,"20":0,"21":0,"22":0,"23":0,"24":0,"25":0,"26":0,"27":0,"28":0,"29":0,"30":0,"31":0,"32":0,"33":0,"34":0,"35":0,"36":0,"37":0,"38":0,"39":0,"40":0,"41":0,"42":0,"43":0,"44":0,"45":0,"46":0,"47":0,"48":0,"49":0,"50":0,"51":0,"52":0,"53":0,"54":0,"55":0,"56":0,"57":0,"58":0,"59":0,"60":0,"61":0,"62":0,"63":0,"64":0,"65":0,"66":0,"67":0,"68":0,"69":0,"70":0,"71":0,"72":0,"73":0,"74":0,"75":0,"76":0,"77":0,"78":0,"79":0,"80":0,"81":0,"82":0,"83":0,"84":0,"85":0,"86":0,"87":0,"88":0,"89":0,"90":0,"91":0,"92":0,"93":0,"94":0,"95":0,"96":0,"97":0,"98":0,"99":0,"100":0,"101":0,"102":0,"103":0,"104":0,"105":0,"106":0,"107":0,"108":0,"109":0,"110":0,"111":0,"112":0,"113":0,"114":0,"115":0,"116":0,"117":0,"118":0,"119":0,"120":0,"121":0,"122":0,"123":0,"124":0,"125":0,"126":0,"127":0,"128":0,"129":0,"130":0,"131":0,"132":0,"133":0,"134":0,"135":0,"136":0,"137":0,"138":0,"139":0,"140":0,"141":0,"142":0,"143":0,"144":0,"145":0,"146":0,"147":0,"148":0,"149":0,"150":0,"151":0,"152":0,"153":0,"154":0,"155":0,"156":0,"157":0,"158":0,"159":0,"160":0,"161":0,"162":0,"163":0,"164":0,"165":0,"166":0,"167":0,"168":0,"169":0,"170":0,"171":0,"172":0,"173":0,"174":0,"175":0,"176":0,"177":0,"178":0,"179":0,"180":0,"181":0,"182":0,"183":0,"184":0,"185":0,"186":0,"187":0,"188":0,"189":0,"190":0,"191":0,"192":0,"193":0,"194":0,"195":0,"196":0,"197":0,"198":0,"199":0,"200":0,"201":0,"202":0,"203":0,"204":0,"205":0,"206":0,"207":0,"208":0,"209":0,"210":0,"211":0,"212":0,"213":0,"214":0,"215":0,"216":0,"217":0,"218":0,"219":0,"220":0,"221":0,"222":0,"223":0,"224":0,"225":0,"226":0,"227":0,"228":0,"229":0,"230":0,"231":0,"232":0,"233":0,"234":0,"235":0,"236":0,"237":0,"238":0,"239":0,"240":0,"241":0,"242":0,"243":0,"244":0,"245":0,"246":0,"247":0,"248":0,"249":0,"250":0,"251":0,"252":0,"253":0,"254":0,"255":0,"256":0,"257":0,"258":0,"259":0,"260":0,"261":0,"262":0,"263":0,"264":0,"265":0,"266":0,"267":0,"268":0,"269":0,"270":0,"271":0,"272":0,"273":0,"274":0,"275":0,"276":0,"277":0,"278":0,"279":0,"280":0,"281":0,"282":0,"283":0,"284":0,"285":0,"286":0,"287":0,"288":0,"289":0,"290":0,"291":0,"292":0,"293":0,"294":0,"295":0,"296":0,"297":0,"298":0,"299":0,"300":0,"301":0,"302":0,"303":0,"304":0,"305":0,"306":0,"307":0,"308":0,"309":0,"310":0,"311":0,"312":0,"313":0,"314":0,"315":0,"316":0},"f":{"0":0,"1":0,"2":0,"3":0,"4":0,"5":0,"6":0,"7":0,"8":0,"9":0,"10":0,"11":0,"12":0,"13":0,"14":0,"15":0,"16":0,"17":0,"18":0,"19":0,"20":0,"21":0,"22":0,"23":0,"24":0,"25":0,"26":0,"27":0,"28":0,"29":0,"30":0,"31":0,"32":0,"33":0,"34":0,"35":0,"36":0,"37":0,"38":0,"39":0,"40":0,"41":0,"42":0,"43":0,"44":0,"45":0,"46":0,"47":0,"48":0,"49":0,"50":0,"51":0,"52":0,"53":0,"54":0,"55":0,"56":0,"57":0,"58":0},"b":{"0":[0],"1":[0],"2":[0],"3":[0],"4":[0],"5":[0,0],"6":[0],"7":[0],"8":[0],"9":[0],"10":[0],"11":[0],"12":[0],"13":[0,0],"14":[0],"15":[0],"16":[0],"17":[0,0],"18":[0],"19":[0],"20":[0],"21":[0,0],"22":[0],"23":[0],"24":[0,0],"25":[0],"26":[0],"27":[0],"28":[0],"29":[0,0,0,0,0,0],"30":[0],"31":[0,0,0,0,0,0],"32":[0],"33":[0],"34":[0],"35":[0],"36":[0],"37":[0],"38":[0],"39":[0],"40":[0],"41":[0,0],"42":[0],"43":[0,0],"44":[0],"45":[0],"46":[0,0,0],"47":[0],"48":[0,0],"49":[0,0],"50":[0],"51":[0],"52":[0],"53":[0],"54":[0],"55":[0],"56":[0],"57":[0],"58":[0],"59":[0],"60":[0],"61":[0],"62":[0],"63":[0,0],"64":[0,0,0,0,0]}}
,"/Users/michaelalam/Desktop/Desktop/Coding/Coding/Big-Two-Neo/apps/mobile/src/game/engine/utils.ts": {"path":"/Users/michaelalam/Desktop/Desktop/Coding/Coding/Big-Two-Neo/apps/mobile/src/game/engine/utils.ts","statementMap":{"0":{"start":{"line":15,"column":0},"end":{"line":15,"column":16}},"1":{"start":{"line":31,"column":0},"end":{"line":31,"column":16}},"2":{"start":{"line":5,"column":0},"end":{"line":5,"column":55}},"3":{"start":{"line":16,"column":2},"end":{"line":16,"column":42}},"4":{"start":{"line":16,"column":29},"end":{"line":16,"column":42}},"5":{"start":{"line":19,"column":18},"end":{"line":19,"column":65}},"6":{"start":{"line":19,"column":40},"end":{"line":19,"column":64}},"7":{"start":{"line":20,"column":18},"end":{"line":20,"column":65}},"8":{"start":{"line":20,"column":40},"end":{"line":20,"column":64}},"9":{"start":{"line":22,"column":2},"end":{"line":22,"column":63}},"10":{"start":{"line":22,"column":36},"end":{"line":22,"column":61}},"11":{"start":{"line":32,"column":2},"end":{"line":32,"column":36}},"12":{"start":{"line":32,"column":26},"end":{"line":32,"column":36}},"13":{"start":{"line":35,"column":18},"end":{"line":35,"column":32}},"14":{"start":{"line":38,"column":2},"end":{"line":38,"column":36}},"15":{"start":{"line":38,"column":26},"end":{"line":38,"column":36}},"16":{"start":{"line":41,"column":2},"end":{"line":44,"column":5}},"17":{"start":{"line":43,"column":4},"end":{"line":43,"column":48}},"18":{"start":{"line":43,"column":29},"end":{"line":43,"column":46}}},"fnMap":{"0":{"name":"isSameSet","decl":{"start":{"line":15,"column":16},"end":{"line":15,"column":25}},"loc":{"start":{"line":15,"column":46},"end":{"line":23,"column":1}}},"1":{"name":"(anonymous_1)","decl":{"start":{"line":19,"column":30},"end":{"line":19,"column":31}},"loc":{"start":{"line":19,"column":40},"end":{"line":19,"column":64}}},"2":{"name":"(anonymous_2)","decl":{"start":{"line":20,"column":30},"end":{"line":20,"column":31}},"loc":{"start":{"line":20,"column":40},"end":{"line":20,"column":64}}},"3":{"name":"(anonymous_3)","decl":{"start":{"line":22,"column":23},"end":{"line":22,"column":24}},"loc":{"start":{"line":22,"column":36},"end":{"line":22,"column":61}}},"4":{"name":"findStraightSequenceIndex","decl":{"start":{"line":31,"column":16},"end":{"line":31,"column":41}},"loc":{"start":{"line":31,"column":57},"end":{"line":45,"column":1}}},"5":{"name":"(anonymous_5)","decl":{"start":{"line":41,"column":44},"end":{"line":41,"column":47}},"loc":{"start":{"line":41,"column":50},"end":{"line":44,"column":3}}},"6":{"name":"(anonymous_6)","decl":{"start":{"line":43,"column":21},"end":{"line":43,"column":25}},"loc":{"start":{"line":43,"column":29},"end":{"line":43,"column":46}}}},"branchMap":{"0":{"loc":{"start":{"line":16,"column":2},"end":{"line":16,"column":42}},"type":"if","locations":[{"start":{"line":16,"column":2},"end":{"line":16,"column":42}}]},"1":{"loc":{"start":{"line":32,"column":2},"end":{"line":32,"column":36}},"type":"if","locations":[{"start":{"line":32,"column":2},"end":{"line":32,"column":36}}]},"2":{"loc":{"start":{"line":38,"column":2},"end":{"line":38,"column":36}},"type":"if","locations":[{"start":{"line":38,"column":2},"end":{"line":38,"column":36}}]}},"s":{"0":0,"1":0,"2":0,"3":0,"4":0,"5":0,"6":0,"7":0,"8":0,"9":0,"10":0,"11":0,"12":0,"13":0,"14":0,"15":0,"16":0,"17":0,"18":0},"f":{"0":0,"1":0,"2":0,"3":0,"4":0,"5":0,"6":0},"b":{"0":[0],"1":[0],"2":[0]}}
}
