{"/Users/michaelalam/Desktop/Desktop/Coding/Coding/Big-Two-Neo/apps/mobile/src/game/engine/constants.ts": {"path":"/Users/michaelalam/Desktop/Desktop/Coding/Coding/Big-Two-Neo/apps/mobile/src/game/engine/constants.ts","statementMap":{"0":{"start":{"line":19,"column":13},"end":{"line":30,"column":11}},"1":{"start":{"line":35,"column":13},"end":{"line":35,"column":97}},"2":{"start":{"line":41,"column":13},"end":{"line":41,"column":51}},"3":{"start":{"line":46,"column":13},"end":{"line":51,"column":2}},"4":{"start":{"line":56,"column":13},"end":{"line":70,"column":2}},"5":{"start":{"line":75,"column":13},"end":{"line":84,"column":2}},"6":{"start":{"line":89,"column":13},"end":{"line":89,"column":29}},"7":{"start":{"line":90,"column":13},"end":{"line":90,"column":35}},"8":{"start":{"line":91,"column":13},"end":{"line":91,"column":30}}},"fnMap":{},"branchMap":{},"s":{"0":6,"1":6,"2":6,"3":6,"4":6,"5":6,"6":6,"7":6,"8":6},"f":{},"b":{}}
,"/Users/michaelalam/Desktop/Desktop/Coding/Coding/Big-Two-Neo/apps/mobile/src/game/engine/game-logic.ts": {"path":"/Users/michaelalam/Desktop/Desktop/Coding/Coding/Big-Two-Neo/apps/mobile/src/game/engine/game-logic.ts","statementMap":{"0":{"start":{"line":17,"column":0},"end":{"line":17,"column":16}},"1":{"start":{"line":31,"column":0},"end":{"line":31,"column":16}},"2":{"start":{"line":81,"column":0},"end":{"line":81,"column":16}},"3":{"start":{"line":150,"column":0},"end":{"line":150,"column":16}},"4":{"start":{"line":189,"column":0},"end":{"line":189,"column":16}},"5":{"start":{"line":258,"column":0},"end":{"line":258,"column":16}},"6":{"start":{"line":318,"column":0},"end":{"line":318,"column":16}},"7":{"start":{"line":6,"column":0},"end":{"line":6,"column":95}},"8":{"start":{"line":7,"column":0},"end":{"line":7,"column":52}},"9":{"start":{"line":18,"column":2},"end":{"line":22,"column":5}},"10":{"start":{"line":19,"column":21},"end":{"line":19,"column":60}},"11":{"start":{"line":20,"column":4},"end":{"line":20,"column":40}},"12":{"start":{"line":20,"column":24},"end":{"line":20,"column":40}},"13":{"start":{"line":21,"column":4},"end":{"line":21,"column":51}},"14":{"start":{"line":32,"column":2},"end":{"line":32,"column":49}},"15":{"start":{"line":32,"column":26},"end":{"line":32,"column":49}},"16":{"start":{"line":34,"column":17},"end":{"line":34,"column":32}},"17":{"start":{"line":35,"column":16},"end":{"line":35,"column":39}},"18":{"start":{"line":35,"column":32},"end":{"line":35,"column":38}},"19":{"start":{"line":36,"column":19},"end":{"line":36,"column":51}},"20":{"start":{"line":38,"column":2},"end":{"line":38,"column":37}},"21":{"start":{"line":38,"column":23},"end":{"line":38,"column":37}},"22":{"start":{"line":40,"column":19},"end":{"line":40,"column":53}},"23":{"start":{"line":41,"column":25},"end":{"line":41,"column":27}},"24":{"start":{"line":43,"column":2},"end":{"line":46,"column":3}},"25":{"start":{"line":44,"column":17},"end":{"line":44,"column":50}},"26":{"start":{"line":44,"column":34},"end":{"line":44,"column":49}},"27":{"start":{"line":45,"column":4},"end":{"line":45,"column":32}},"28":{"start":{"line":45,"column":14},"end":{"line":45,"column":32}},"29":{"start":{"line":48,"column":2},"end":{"line":48,"column":16}},"30":{"start":{"line":58,"column":2},"end":{"line":58,"column":39}},"31":{"start":{"line":58,"column":26},"end":{"line":58,"column":39}},"32":{"start":{"line":59,"column":2},"end":{"line":59,"column":52}},"33":{"start":{"line":59,"column":26},"end":{"line":59,"column":50}},"34":{"start":{"line":69,"column":2},"end":{"line":72,"column":35}},"35":{"start":{"line":70,"column":4},"end":{"line":70,"column":47}},"36":{"start":{"line":71,"column":4},"end":{"line":71,"column":15}},"37":{"start":{"line":82,"column":2},"end":{"line":82,"column":64}},"38":{"start":{"line":82,"column":26},"end":{"line":82,"column":64}},"39":{"start":{"line":84,"column":17},"end":{"line":84,"column":32}},"40":{"start":{"line":85,"column":16},"end":{"line":85,"column":39}},"41":{"start":{"line":85,"column":32},"end":{"line":85,"column":38}},"42":{"start":{"line":86,"column":19},"end":{"line":86,"column":51}},"43":{"start":{"line":88,"column":2},"end":{"line":90,"column":3}},"44":{"start":{"line":89,"column":4},"end":{"line":89,"column":82}},"45":{"start":{"line":92,"column":2},"end":{"line":92,"column":40}},"46":{"start":{"line":102,"column":2},"end":{"line":102,"column":43}},"47":{"start":{"line":102,"column":26},"end":{"line":102,"column":43}},"48":{"start":{"line":104,"column":17},"end":{"line":104,"column":32}},"49":{"start":{"line":105,"column":17},"end":{"line":105,"column":36}},"50":{"start":{"line":106,"column":22},"end":{"line":106,"column":65}},"51":{"start":{"line":106,"column":59},"end":{"line":106,"column":64}},"52":{"start":{"line":109,"column":18},"end":{"line":109,"column":62}},"53":{"start":{"line":109,"column":36},"end":{"line":109,"column":61}},"54":{"start":{"line":112,"column":23},"end":{"line":112,"column":41}},"55":{"start":{"line":114,"column":2},"end":{"line":116,"column":3}},"56":{"start":{"line":115,"column":4},"end":{"line":115,"column":28}},"57":{"start":{"line":118,"column":2},"end":{"line":120,"column":3}},"58":{"start":{"line":119,"column":4},"end":{"line":119,"column":28}},"59":{"start":{"line":122,"column":2},"end":{"line":124,"column":3}},"60":{"start":{"line":123,"column":4},"end":{"line":123,"column":24}},"61":{"start":{"line":126,"column":2},"end":{"line":128,"column":3}},"62":{"start":{"line":127,"column":4},"end":{"line":127,"column":19}},"63":{"start":{"line":130,"column":2},"end":{"line":132,"column":3}},"64":{"start":{"line":131,"column":4},"end":{"line":131,"column":22}},"65":{"start":{"line":134,"column":2},"end":{"line":134,"column":19}},"66":{"start":{"line":151,"column":2},"end":{"line":151,"column":53}},"67":{"start":{"line":151,"column":36},"end":{"line":151,"column":53}},"68":{"start":{"line":153,"column":12},"end":{"line":153,"column":24}},"69":{"start":{"line":154,"column":17},"end":{"line":154,"column":32}},"70":{"start":{"line":156,"column":2},"end":{"line":158,"column":3}},"71":{"start":{"line":157,"column":4},"end":{"line":157,"column":20}},"72":{"start":{"line":160,"column":2},"end":{"line":162,"column":3}},"73":{"start":{"line":161,"column":4},"end":{"line":161,"column":18}},"74":{"start":{"line":164,"column":2},"end":{"line":166,"column":3}},"75":{"start":{"line":165,"column":4},"end":{"line":165,"column":20}},"76":{"start":{"line":168,"column":2},"end":{"line":170,"column":3}},"77":{"start":{"line":169,"column":4},"end":{"line":169,"column":32}},"78":{"start":{"line":172,"column":2},"end":{"line":172,"column":19}},"79":{"start":{"line":190,"column":2},"end":{"line":190,"column":80}},"80":{"start":{"line":190,"column":36},"end":{"line":190,"column":80}},"81":{"start":{"line":192,"column":12},"end":{"line":192,"column":24}},"82":{"start":{"line":193,"column":17},"end":{"line":193,"column":32}},"83":{"start":{"line":194,"column":15},"end":{"line":194,"column":35}},"84":{"start":{"line":197,"column":2},"end":{"line":199,"column":3}},"85":{"start":{"line":198,"column":4},"end":{"line":198,"column":59}},"86":{"start":{"line":202,"column":2},"end":{"line":202,"column":39}},"87":{"start":{"line":213,"column":2},"end":{"line":213,"column":60}},"88":{"start":{"line":224,"column":17},"end":{"line":224,"column":35}},"89":{"start":{"line":225,"column":2},"end":{"line":227,"column":3}},"90":{"start":{"line":226,"column":4},"end":{"line":226,"column":40}},"91":{"start":{"line":226,"column":28},"end":{"line":226,"column":40}},"92":{"start":{"line":228,"column":2},"end":{"line":228,"column":51}},"93":{"start":{"line":239,"column":17},"end":{"line":239,"column":35}},"94":{"start":{"line":240,"column":2},"end":{"line":242,"column":3}},"95":{"start":{"line":241,"column":4},"end":{"line":241,"column":40}},"96":{"start":{"line":241,"column":28},"end":{"line":241,"column":40}},"97":{"start":{"line":243,"column":2},"end":{"line":243,"column":53}},"98":{"start":{"line":259,"column":2},"end":{"line":259,"column":29}},"99":{"start":{"line":259,"column":17},"end":{"line":259,"column":29}},"100":{"start":{"line":261,"column":2},"end":{"line":261,"column":62}},"101":{"start":{"line":261,"column":49},"end":{"line":261,"column":62}},"102":{"start":{"line":263,"column":19},"end":{"line":263,"column":42}},"103":{"start":{"line":264,"column":2},"end":{"line":264,"column":43}},"104":{"start":{"line":264,"column":30},"end":{"line":264,"column":43}},"105":{"start":{"line":266,"column":22},"end":{"line":266,"column":51}},"106":{"start":{"line":267,"column":23},"end":{"line":267,"column":58}},"107":{"start":{"line":270,"column":2},"end":{"line":272,"column":3}},"108":{"start":{"line":271,"column":4},"end":{"line":271,"column":38}},"109":{"start":{"line":275,"column":20},"end":{"line":275,"column":38}},"110":{"start":{"line":276,"column":21},"end":{"line":276,"column":45}},"111":{"start":{"line":279,"column":2},"end":{"line":283,"column":3}},"112":{"start":{"line":280,"column":26},"end":{"line":280,"column":50}},"113":{"start":{"line":281,"column":27},"end":{"line":281,"column":52}},"114":{"start":{"line":282,"column":4},"end":{"line":282,"column":66}},"115":{"start":{"line":286,"column":2},"end":{"line":290,"column":3}},"116":{"start":{"line":287,"column":24},"end":{"line":287,"column":46}},"117":{"start":{"line":288,"column":25},"end":{"line":288,"column":48}},"118":{"start":{"line":289,"column":4},"end":{"line":289,"column":62}},"119":{"start":{"line":293,"column":21},"end":{"line":293,"column":52}},"120":{"start":{"line":294,"column":22},"end":{"line":294,"column":55}},"121":{"start":{"line":296,"column":2},"end":{"line":296,"column":62}},"122":{"start":{"line":323,"column":2},"end":{"line":323,"column":37}},"123":{"start":{"line":323,"column":25},"end":{"line":323,"column":37}},"124":{"start":{"line":325,"column":17},"end":{"line":325,"column":31}},"125":{"start":{"line":328,"column":2},"end":{"line":334,"column":3}},"126":{"start":{"line":329,"column":19},"end":{"line":329,"column":69}},"127":{"start":{"line":329,"column":36},"end":{"line":329,"column":68}},"128":{"start":{"line":330,"column":4},"end":{"line":332,"column":5}},"129":{"start":{"line":331,"column":6},"end":{"line":331,"column":25}},"130":{"start":{"line":333,"column":4},"end":{"line":333,"column":16}},"131":{"start":{"line":337,"column":2},"end":{"line":339,"column":3}},"132":{"start":{"line":338,"column":4},"end":{"line":338,"column":26}},"133":{"start":{"line":342,"column":19},"end":{"line":342,"column":40}},"134":{"start":{"line":344,"column":2},"end":{"line":432,"column":3}},"135":{"start":{"line":346,"column":4},"end":{"line":350,"column":5}},"136":{"start":{"line":347,"column":6},"end":{"line":349,"column":7}},"137":{"start":{"line":348,"column":8},"end":{"line":348,"column":25}},"138":{"start":{"line":351,"column":9},"end":{"line":432,"column":3}},"139":{"start":{"line":353,"column":4},"end":{"line":360,"column":5}},"140":{"start":{"line":353,"column":17},"end":{"line":353,"column":18}},"141":{"start":{"line":354,"column":6},"end":{"line":359,"column":7}},"142":{"start":{"line":355,"column":21},"end":{"line":355,"column":47}},"143":{"start":{"line":356,"column":8},"end":{"line":358,"column":9}},"144":{"start":{"line":357,"column":10},"end":{"line":357,"column":37}},"145":{"start":{"line":357,"column":31},"end":{"line":357,"column":35}},"146":{"start":{"line":361,"column":9},"end":{"line":432,"column":3}},"147":{"start":{"line":363,"column":4},"end":{"line":370,"column":5}},"148":{"start":{"line":363,"column":17},"end":{"line":363,"column":18}},"149":{"start":{"line":364,"column":6},"end":{"line":369,"column":7}},"150":{"start":{"line":365,"column":23},"end":{"line":365,"column":64}},"151":{"start":{"line":366,"column":8},"end":{"line":368,"column":9}},"152":{"start":{"line":367,"column":10},"end":{"line":367,"column":39}},"153":{"start":{"line":367,"column":33},"end":{"line":367,"column":37}},"154":{"start":{"line":371,"column":9},"end":{"line":432,"column":3}},"155":{"start":{"line":374,"column":4},"end":{"line":380,"column":5}},"156":{"start":{"line":374,"column":17},"end":{"line":374,"column":18}},"157":{"start":{"line":375,"column":24},"end":{"line":375,"column":46}},"158":{"start":{"line":376,"column":27},"end":{"line":376,"column":48}},"159":{"start":{"line":377,"column":6},"end":{"line":379,"column":7}},"160":{"start":{"line":378,"column":8},"end":{"line":378,"column":40}},"161":{"start":{"line":378,"column":34},"end":{"line":378,"column":38}},"162":{"start":{"line":383,"column":19},"end":{"line":387,"column":36}},"163":{"start":{"line":384,"column":6},"end":{"line":384,"column":47}},"164":{"start":{"line":384,"column":27},"end":{"line":384,"column":47}},"165":{"start":{"line":385,"column":6},"end":{"line":385,"column":32}},"166":{"start":{"line":386,"column":6},"end":{"line":386,"column":17}},"167":{"start":{"line":389,"column":4},"end":{"line":396,"column":5}},"168":{"start":{"line":390,"column":6},"end":{"line":395,"column":7}},"169":{"start":{"line":391,"column":22},"end":{"line":391,"column":43}},"170":{"start":{"line":392,"column":8},"end":{"line":394,"column":9}},"171":{"start":{"line":393,"column":10},"end":{"line":393,"column":38}},"172":{"start":{"line":393,"column":32},"end":{"line":393,"column":36}},"173":{"start":{"line":399,"column":23},"end":{"line":399,"column":42}},"174":{"start":{"line":400,"column":20},"end":{"line":400,"column":81}},"175":{"start":{"line":400,"column":70},"end":{"line":400,"column":80}},"176":{"start":{"line":401,"column":18},"end":{"line":401,"column":79}},"177":{"start":{"line":401,"column":68},"end":{"line":401,"column":78}},"178":{"start":{"line":403,"column":4},"end":{"line":416,"column":5}},"179":{"start":{"line":404,"column":25},"end":{"line":404,"column":38}},"180":{"start":{"line":405,"column":23},"end":{"line":405,"column":65}},"181":{"start":{"line":405,"column":43},"end":{"line":405,"column":59}},"182":{"start":{"line":407,"column":6},"end":{"line":415,"column":7}},"183":{"start":{"line":408,"column":28},"end":{"line":408,"column":81}},"184":{"start":{"line":408,"column":47},"end":{"line":408,"column":68}},"185":{"start":{"line":409,"column":26},"end":{"line":409,"column":77}},"186":{"start":{"line":409,"column":45},"end":{"line":409,"column":64}},"187":{"start":{"line":410,"column":26},"end":{"line":410,"column":56}},"188":{"start":{"line":412,"column":8},"end":{"line":414,"column":9}},"189":{"start":{"line":413,"column":10},"end":{"line":413,"column":42}},"190":{"start":{"line":413,"column":36},"end":{"line":413,"column":40}},"191":{"start":{"line":419,"column":18},"end":{"line":419,"column":79}},"192":{"start":{"line":419,"column":68},"end":{"line":419,"column":78}},"193":{"start":{"line":420,"column":4},"end":{"line":431,"column":5}},"194":{"start":{"line":421,"column":23},"end":{"line":421,"column":34}},"195":{"start":{"line":422,"column":24},"end":{"line":422,"column":75}},"196":{"start":{"line":422,"column":43},"end":{"line":422,"column":62}},"197":{"start":{"line":423,"column":21},"end":{"line":423,"column":58}},"198":{"start":{"line":423,"column":38},"end":{"line":423,"column":57}},"199":{"start":{"line":425,"column":6},"end":{"line":430,"column":7}},"200":{"start":{"line":426,"column":25},"end":{"line":426,"column":47}},"201":{"start":{"line":427,"column":8},"end":{"line":429,"column":9}},"202":{"start":{"line":428,"column":10},"end":{"line":428,"column":41}},"203":{"start":{"line":428,"column":35},"end":{"line":428,"column":39}},"204":{"start":{"line":435,"column":2},"end":{"line":435,"column":14}}},"fnMap":{"0":{"name":"sortHand","decl":{"start":{"line":17,"column":16},"end":{"line":17,"column":24}},"loc":{"start":{"line":17,"column":38},"end":{"line":23,"column":1}}},"1":{"name":"(anonymous_1)","decl":{"start":{"line":18,"column":25},"end":{"line":18,"column":26}},"loc":{"start":{"line":18,"column":34},"end":{"line":22,"column":3}}},"2":{"name":"sortStraightCards","decl":{"start":{"line":31,"column":16},"end":{"line":31,"column":33}},"loc":{"start":{"line":31,"column":47},"end":{"line":49,"column":1}}},"3":{"name":"(anonymous_3)","decl":{"start":{"line":35,"column":27},"end":{"line":35,"column":28}},"loc":{"start":{"line":35,"column":32},"end":{"line":35,"column":38}}},"4":{"name":"(anonymous_4)","decl":{"start":{"line":44,"column":29},"end":{"line":44,"column":30}},"loc":{"start":{"line":44,"column":34},"end":{"line":44,"column":49}}},"5":{"name":"sameRank","decl":{"start":{"line":57,"column":9},"end":{"line":57,"column":17}},"loc":{"start":{"line":57,"column":31},"end":{"line":60,"column":1}}},"6":{"name":"(anonymous_6)","decl":{"start":{"line":59,"column":21},"end":{"line":59,"column":22}},"loc":{"start":{"line":59,"column":26},"end":{"line":59,"column":50}}},"7":{"name":"countByRank","decl":{"start":{"line":68,"column":9},"end":{"line":68,"column":20}},"loc":{"start":{"line":68,"column":34},"end":{"line":73,"column":1}}},"8":{"name":"(anonymous_8)","decl":{"start":{"line":69,"column":22},"end":{"line":69,"column":23}},"loc":{"start":{"line":69,"column":36},"end":{"line":72,"column":3}}},"9":{"name":"isStraight","decl":{"start":{"line":81,"column":16},"end":{"line":81,"column":26}},"loc":{"start":{"line":81,"column":40},"end":{"line":93,"column":1}}},"10":{"name":"(anonymous_10)","decl":{"start":{"line":85,"column":27},"end":{"line":85,"column":28}},"loc":{"start":{"line":85,"column":32},"end":{"line":85,"column":38}}},"11":{"name":"classifyFive","decl":{"start":{"line":101,"column":9},"end":{"line":101,"column":21}},"loc":{"start":{"line":101,"column":35},"end":{"line":135,"column":1}}},"12":{"name":"(anonymous_12)","decl":{"start":{"line":106,"column":49},"end":{"line":106,"column":50}},"loc":{"start":{"line":106,"column":59},"end":{"line":106,"column":64}}},"13":{"name":"(anonymous_13)","decl":{"start":{"line":109,"column":31},"end":{"line":109,"column":32}},"loc":{"start":{"line":109,"column":36},"end":{"line":109,"column":61}}},"14":{"name":"classifyCards","decl":{"start":{"line":150,"column":16},"end":{"line":150,"column":29}},"loc":{"start":{"line":150,"column":43},"end":{"line":173,"column":1}}},"15":{"name":"classifyAndSortCards","decl":{"start":{"line":189,"column":16},"end":{"line":189,"column":36}},"loc":{"start":{"line":189,"column":50},"end":{"line":203,"column":1}}},"16":{"name":"getCardValue","decl":{"start":{"line":212,"column":9},"end":{"line":212,"column":21}},"loc":{"start":{"line":212,"column":32},"end":{"line":214,"column":1}}},"17":{"name":"getTripleRank","decl":{"start":{"line":223,"column":9},"end":{"line":223,"column":22}},"loc":{"start":{"line":223,"column":36},"end":{"line":229,"column":1}}},"18":{"name":"getQuadRank","decl":{"start":{"line":238,"column":9},"end":{"line":238,"column":20}},"loc":{"start":{"line":238,"column":34},"end":{"line":244,"column":1}}},"19":{"name":"canBeatPlay","decl":{"start":{"line":258,"column":16},"end":{"line":258,"column":27}},"loc":{"start":{"line":258,"column":71},"end":{"line":297,"column":1}}},"20":{"name":"findRecommendedPlay","decl":{"start":{"line":318,"column":16},"end":{"line":318,"column":35}},"loc":{"start":{"line":321,"column":28},"end":{"line":436,"column":1}}},"21":{"name":"(anonymous_21)","decl":{"start":{"line":329,"column":31},"end":{"line":329,"column":32}},"loc":{"start":{"line":329,"column":36},"end":{"line":329,"column":68}}},"22":{"name":"(anonymous_22)","decl":{"start":{"line":357,"column":26},"end":{"line":357,"column":27}},"loc":{"start":{"line":357,"column":31},"end":{"line":357,"column":35}}},"23":{"name":"(anonymous_23)","decl":{"start":{"line":367,"column":28},"end":{"line":367,"column":29}},"loc":{"start":{"line":367,"column":33},"end":{"line":367,"column":37}}},"24":{"name":"(anonymous_24)","decl":{"start":{"line":378,"column":29},"end":{"line":378,"column":30}},"loc":{"start":{"line":378,"column":34},"end":{"line":378,"column":38}}},"25":{"name":"(anonymous_25)","decl":{"start":{"line":383,"column":33},"end":{"line":383,"column":34}},"loc":{"start":{"line":383,"column":47},"end":{"line":387,"column":5}}},"26":{"name":"(anonymous_26)","decl":{"start":{"line":393,"column":27},"end":{"line":393,"column":28}},"loc":{"start":{"line":393,"column":32},"end":{"line":393,"column":36}}},"27":{"name":"(anonymous_27)","decl":{"start":{"line":400,"column":54},"end":{"line":400,"column":55}},"loc":{"start":{"line":400,"column":70},"end":{"line":400,"column":80}}},"28":{"name":"(anonymous_28)","decl":{"start":{"line":401,"column":52},"end":{"line":401,"column":53}},"loc":{"start":{"line":401,"column":68},"end":{"line":401,"column":78}}},"29":{"name":"(anonymous_29)","decl":{"start":{"line":405,"column":34},"end":{"line":405,"column":35}},"loc":{"start":{"line":405,"column":43},"end":{"line":405,"column":59}}},"30":{"name":"(anonymous_30)","decl":{"start":{"line":408,"column":42},"end":{"line":408,"column":43}},"loc":{"start":{"line":408,"column":47},"end":{"line":408,"column":68}}},"31":{"name":"(anonymous_31)","decl":{"start":{"line":409,"column":40},"end":{"line":409,"column":41}},"loc":{"start":{"line":409,"column":45},"end":{"line":409,"column":64}}},"32":{"name":"(anonymous_32)","decl":{"start":{"line":413,"column":31},"end":{"line":413,"column":32}},"loc":{"start":{"line":413,"column":36},"end":{"line":413,"column":40}}},"33":{"name":"(anonymous_33)","decl":{"start":{"line":419,"column":52},"end":{"line":419,"column":53}},"loc":{"start":{"line":419,"column":68},"end":{"line":419,"column":78}}},"34":{"name":"(anonymous_34)","decl":{"start":{"line":422,"column":38},"end":{"line":422,"column":39}},"loc":{"start":{"line":422,"column":43},"end":{"line":422,"column":62}}},"35":{"name":"(anonymous_35)","decl":{"start":{"line":423,"column":33},"end":{"line":423,"column":34}},"loc":{"start":{"line":423,"column":38},"end":{"line":423,"column":57}}},"36":{"name":"(anonymous_36)","decl":{"start":{"line":428,"column":30},"end":{"line":428,"column":31}},"loc":{"start":{"line":428,"column":35},"end":{"line":428,"column":39}}}},"branchMap":{"0":{"loc":{"start":{"line":20,"column":4},"end":{"line":20,"column":40}},"type":"if","locations":[{"start":{"line":20,"column":4},"end":{"line":20,"column":40}},{"start":{},"end":{}}]},"1":{"loc":{"start":{"line":32,"column":2},"end":{"line":32,"column":49}},"type":"if","locations":[{"start":{"line":32,"column":2},"end":{"line":32,"column":49}},{"start":{},"end":{}}]},"2":{"loc":{"start":{"line":38,"column":2},"end":{"line":38,"column":37}},"type":"if","locations":[{"start":{"line":38,"column":2},"end":{"line":38,"column":37}},{"start":{},"end":{}}]},"3":{"loc":{"start":{"line":45,"column":4},"end":{"line":45,"column":32}},"type":"if","locations":[{"start":{"line":45,"column":4},"end":{"line":45,"column":32}},{"start":{},"end":{}}]},"4":{"loc":{"start":{"line":58,"column":2},"end":{"line":58,"column":39}},"type":"if","locations":[{"start":{"line":58,"column":2},"end":{"line":58,"column":39}},{"start":{},"end":{}}]},"5":{"loc":{"start":{"line":70,"column":22},"end":{"line":70,"column":41}},"type":"binary-expr","locations":[{"start":{"line":70,"column":22},"end":{"line":70,"column":36}},{"start":{"line":70,"column":40},"end":{"line":70,"column":41}}]},"6":{"loc":{"start":{"line":82,"column":2},"end":{"line":82,"column":64}},"type":"if","locations":[{"start":{"line":82,"column":2},"end":{"line":82,"column":64}},{"start":{},"end":{}}]},"7":{"loc":{"start":{"line":88,"column":2},"end":{"line":90,"column":3}},"type":"if","locations":[{"start":{"line":88,"column":2},"end":{"line":90,"column":3}},{"start":{},"end":{}}]},"8":{"loc":{"start":{"line":102,"column":2},"end":{"line":102,"column":43}},"type":"if","locations":[{"start":{"line":102,"column":2},"end":{"line":102,"column":43}},{"start":{},"end":{}}]},"9":{"loc":{"start":{"line":114,"column":2},"end":{"line":116,"column":3}},"type":"if","locations":[{"start":{"line":114,"column":2},"end":{"line":116,"column":3}},{"start":{},"end":{}}]},"10":{"loc":{"start":{"line":114,"column":6},"end":{"line":114,"column":35}},"type":"binary-expr","locations":[{"start":{"line":114,"column":6},"end":{"line":114,"column":24}},{"start":{"line":114,"column":28},"end":{"line":114,"column":35}}]},"11":{"loc":{"start":{"line":118,"column":2},"end":{"line":120,"column":3}},"type":"if","locations":[{"start":{"line":118,"column":2},"end":{"line":120,"column":3}},{"start":{},"end":{}}]},"12":{"loc":{"start":{"line":122,"column":2},"end":{"line":124,"column":3}},"type":"if","locations":[{"start":{"line":122,"column":2},"end":{"line":124,"column":3}},{"start":{},"end":{}}]},"13":{"loc":{"start":{"line":122,"column":6},"end":{"line":122,"column":50}},"type":"binary-expr","locations":[{"start":{"line":122,"column":6},"end":{"line":122,"column":26}},{"start":{"line":122,"column":30},"end":{"line":122,"column":50}}]},"14":{"loc":{"start":{"line":126,"column":2},"end":{"line":128,"column":3}},"type":"if","locations":[{"start":{"line":126,"column":2},"end":{"line":128,"column":3}},{"start":{},"end":{}}]},"15":{"loc":{"start":{"line":130,"column":2},"end":{"line":132,"column":3}},"type":"if","locations":[{"start":{"line":130,"column":2},"end":{"line":132,"column":3}},{"start":{},"end":{}}]},"16":{"loc":{"start":{"line":151,"column":2},"end":{"line":151,"column":53}},"type":"if","locations":[{"start":{"line":151,"column":2},"end":{"line":151,"column":53}},{"start":{},"end":{}}]},"17":{"loc":{"start":{"line":151,"column":6},"end":{"line":151,"column":34}},"type":"binary-expr","locations":[{"start":{"line":151,"column":6},"end":{"line":151,"column":12}},{"start":{"line":151,"column":16},"end":{"line":151,"column":34}}]},"18":{"loc":{"start":{"line":156,"column":2},"end":{"line":158,"column":3}},"type":"if","locations":[{"start":{"line":156,"column":2},"end":{"line":158,"column":3}},{"start":{},"end":{}}]},"19":{"loc":{"start":{"line":160,"column":2},"end":{"line":162,"column":3}},"type":"if","locations":[{"start":{"line":160,"column":2},"end":{"line":162,"column":3}},{"start":{},"end":{}}]},"20":{"loc":{"start":{"line":160,"column":6},"end":{"line":160,"column":33}},"type":"binary-expr","locations":[{"start":{"line":160,"column":6},"end":{"line":160,"column":13}},{"start":{"line":160,"column":17},"end":{"line":160,"column":33}}]},"21":{"loc":{"start":{"line":164,"column":2},"end":{"line":166,"column":3}},"type":"if","locations":[{"start":{"line":164,"column":2},"end":{"line":166,"column":3}},{"start":{},"end":{}}]},"22":{"loc":{"start":{"line":164,"column":6},"end":{"line":164,"column":33}},"type":"binary-expr","locations":[{"start":{"line":164,"column":6},"end":{"line":164,"column":13}},{"start":{"line":164,"column":17},"end":{"line":164,"column":33}}]},"23":{"loc":{"start":{"line":168,"column":2},"end":{"line":170,"column":3}},"type":"if","locations":[{"start":{"line":168,"column":2},"end":{"line":170,"column":3}},{"start":{},"end":{}}]},"24":{"loc":{"start":{"line":190,"column":2},"end":{"line":190,"column":80}},"type":"if","locations":[{"start":{"line":190,"column":2},"end":{"line":190,"column":80}},{"start":{},"end":{}}]},"25":{"loc":{"start":{"line":190,"column":6},"end":{"line":190,"column":34}},"type":"binary-expr","locations":[{"start":{"line":190,"column":6},"end":{"line":190,"column":12}},{"start":{"line":190,"column":16},"end":{"line":190,"column":34}}]},"26":{"loc":{"start":{"line":197,"column":2},"end":{"line":199,"column":3}},"type":"if","locations":[{"start":{"line":197,"column":2},"end":{"line":199,"column":3}},{"start":{},"end":{}}]},"27":{"loc":{"start":{"line":197,"column":6},"end":{"line":197,"column":67}},"type":"binary-expr","locations":[{"start":{"line":197,"column":6},"end":{"line":197,"column":13}},{"start":{"line":197,"column":18},"end":{"line":197,"column":37}},{"start":{"line":197,"column":41},"end":{"line":197,"column":66}}]},"28":{"loc":{"start":{"line":226,"column":4},"end":{"line":226,"column":40}},"type":"if","locations":[{"start":{"line":226,"column":4},"end":{"line":226,"column":40}},{"start":{},"end":{}}]},"29":{"loc":{"start":{"line":241,"column":4},"end":{"line":241,"column":40}},"type":"if","locations":[{"start":{"line":241,"column":4},"end":{"line":241,"column":40}},{"start":{},"end":{}}]},"30":{"loc":{"start":{"line":259,"column":2},"end":{"line":259,"column":29}},"type":"if","locations":[{"start":{"line":259,"column":2},"end":{"line":259,"column":29}},{"start":{},"end":{}}]},"31":{"loc":{"start":{"line":261,"column":2},"end":{"line":261,"column":62}},"type":"if","locations":[{"start":{"line":261,"column":2},"end":{"line":261,"column":62}},{"start":{},"end":{}}]},"32":{"loc":{"start":{"line":264,"column":2},"end":{"line":264,"column":43}},"type":"if","locations":[{"start":{"line":264,"column":2},"end":{"line":264,"column":43}},{"start":{},"end":{}}]},"33":{"loc":{"start":{"line":266,"column":22},"end":{"line":266,"column":51}},"type":"binary-expr","locations":[{"start":{"line":266,"column":22},"end":{"line":266,"column":46}},{"start":{"line":266,"column":50},"end":{"line":266,"column":51}}]},"34":{"loc":{"start":{"line":267,"column":23},"end":{"line":267,"column":58}},"type":"binary-expr","locations":[{"start":{"line":267,"column":23},"end":{"line":267,"column":53}},{"start":{"line":267,"column":57},"end":{"line":267,"column":58}}]},"35":{"loc":{"start":{"line":270,"column":2},"end":{"line":272,"column":3}},"type":"if","locations":[{"start":{"line":270,"column":2},"end":{"line":272,"column":3}},{"start":{},"end":{}}]},"36":{"loc":{"start":{"line":279,"column":2},"end":{"line":283,"column":3}},"type":"if","locations":[{"start":{"line":279,"column":2},"end":{"line":283,"column":3}},{"start":{},"end":{}}]},"37":{"loc":{"start":{"line":286,"column":2},"end":{"line":290,"column":3}},"type":"if","locations":[{"start":{"line":286,"column":2},"end":{"line":290,"column":3}},{"start":{},"end":{}}]},"38":{"loc":{"start":{"line":323,"column":2},"end":{"line":323,"column":37}},"type":"if","locations":[{"start":{"line":323,"column":2},"end":{"line":323,"column":37}},{"start":{},"end":{}}]},"39":{"loc":{"start":{"line":328,"column":2},"end":{"line":334,"column":3}},"type":"if","locations":[{"start":{"line":328,"column":2},"end":{"line":334,"column":3}},{"start":{},"end":{}}]},"40":{"loc":{"start":{"line":329,"column":36},"end":{"line":329,"column":68}},"type":"binary-expr","locations":[{"start":{"line":329,"column":36},"end":{"line":329,"column":50}},{"start":{"line":329,"column":54},"end":{"line":329,"column":68}}]},"41":{"loc":{"start":{"line":330,"column":4},"end":{"line":332,"column":5}},"type":"if","locations":[{"start":{"line":330,"column":4},"end":{"line":332,"column":5}},{"start":{},"end":{}}]},"42":{"loc":{"start":{"line":337,"column":2},"end":{"line":339,"column":3}},"type":"if","locations":[{"start":{"line":337,"column":2},"end":{"line":339,"column":3}},{"start":{},"end":{}}]},"43":{"loc":{"start":{"line":344,"column":2},"end":{"line":432,"column":3}},"type":"if","locations":[{"start":{"line":344,"column":2},"end":{"line":432,"column":3}},{"start":{"line":351,"column":9},"end":{"line":432,"column":3}}]},"44":{"loc":{"start":{"line":347,"column":6},"end":{"line":349,"column":7}},"type":"if","locations":[{"start":{"line":347,"column":6},"end":{"line":349,"column":7}},{"start":{},"end":{}}]},"45":{"loc":{"start":{"line":351,"column":9},"end":{"line":432,"column":3}},"type":"if","locations":[{"start":{"line":351,"column":9},"end":{"line":432,"column":3}},{"start":{"line":361,"column":9},"end":{"line":432,"column":3}}]},"46":{"loc":{"start":{"line":354,"column":6},"end":{"line":359,"column":7}},"type":"if","locations":[{"start":{"line":354,"column":6},"end":{"line":359,"column":7}},{"start":{},"end":{}}]},"47":{"loc":{"start":{"line":356,"column":8},"end":{"line":358,"column":9}},"type":"if","locations":[{"start":{"line":356,"column":8},"end":{"line":358,"column":9}},{"start":{},"end":{}}]},"48":{"loc":{"start":{"line":361,"column":9},"end":{"line":432,"column":3}},"type":"if","locations":[{"start":{"line":361,"column":9},"end":{"line":432,"column":3}},{"start":{"line":371,"column":9},"end":{"line":432,"column":3}}]},"49":{"loc":{"start":{"line":364,"column":6},"end":{"line":369,"column":7}},"type":"if","locations":[{"start":{"line":364,"column":6},"end":{"line":369,"column":7}},{"start":{},"end":{}}]},"50":{"loc":{"start":{"line":364,"column":10},"end":{"line":364,"column":88}},"type":"binary-expr","locations":[{"start":{"line":364,"column":10},"end":{"line":364,"column":47}},{"start":{"line":364,"column":51},"end":{"line":364,"column":88}}]},"51":{"loc":{"start":{"line":366,"column":8},"end":{"line":368,"column":9}},"type":"if","locations":[{"start":{"line":366,"column":8},"end":{"line":368,"column":9}},{"start":{},"end":{}}]},"52":{"loc":{"start":{"line":371,"column":9},"end":{"line":432,"column":3}},"type":"if","locations":[{"start":{"line":371,"column":9},"end":{"line":432,"column":3}},{"start":{},"end":{}}]},"53":{"loc":{"start":{"line":377,"column":6},"end":{"line":379,"column":7}},"type":"if","locations":[{"start":{"line":377,"column":6},"end":{"line":379,"column":7}},{"start":{},"end":{}}]},"54":{"loc":{"start":{"line":377,"column":10},"end":{"line":377,"column":64}},"type":"binary-expr","locations":[{"start":{"line":377,"column":10},"end":{"line":377,"column":28}},{"start":{"line":377,"column":32},"end":{"line":377,"column":64}}]},"55":{"loc":{"start":{"line":384,"column":6},"end":{"line":384,"column":47}},"type":"if","locations":[{"start":{"line":384,"column":6},"end":{"line":384,"column":47}},{"start":{},"end":{}}]},"56":{"loc":{"start":{"line":390,"column":6},"end":{"line":395,"column":7}},"type":"if","locations":[{"start":{"line":390,"column":6},"end":{"line":395,"column":7}},{"start":{},"end":{}}]},"57":{"loc":{"start":{"line":392,"column":8},"end":{"line":394,"column":9}},"type":"if","locations":[{"start":{"line":392,"column":8},"end":{"line":394,"column":9}},{"start":{},"end":{}}]},"58":{"loc":{"start":{"line":403,"column":4},"end":{"line":416,"column":5}},"type":"if","locations":[{"start":{"line":403,"column":4},"end":{"line":416,"column":5}},{"start":{},"end":{}}]},"59":{"loc":{"start":{"line":403,"column":8},"end":{"line":403,"column":46}},"type":"binary-expr","locations":[{"start":{"line":403,"column":8},"end":{"line":403,"column":26}},{"start":{"line":403,"column":30},"end":{"line":403,"column":46}}]},"60":{"loc":{"start":{"line":407,"column":6},"end":{"line":415,"column":7}},"type":"if","locations":[{"start":{"line":407,"column":6},"end":{"line":415,"column":7}},{"start":{},"end":{}}]},"61":{"loc":{"start":{"line":412,"column":8},"end":{"line":414,"column":9}},"type":"if","locations":[{"start":{"line":412,"column":8},"end":{"line":414,"column":9}},{"start":{},"end":{}}]},"62":{"loc":{"start":{"line":420,"column":4},"end":{"line":431,"column":5}},"type":"if","locations":[{"start":{"line":420,"column":4},"end":{"line":431,"column":5}},{"start":{},"end":{}}]},"63":{"loc":{"start":{"line":425,"column":6},"end":{"line":430,"column":7}},"type":"if","locations":[{"start":{"line":425,"column":6},"end":{"line":430,"column":7}},{"start":{},"end":{}}]},"64":{"loc":{"start":{"line":427,"column":8},"end":{"line":429,"column":9}},"type":"if","locations":[{"start":{"line":427,"column":8},"end":{"line":429,"column":9}},{"start":{},"end":{}}]}},"s":{"0":6,"1":6,"2":6,"3":6,"4":6,"5":6,"6":6,"7":6,"8":6,"9":1697,"10":5697,"11":5697,"12":4935,"13":762,"14":4,"15":1,"16":3,"17":3,"18":15,"19":3,"20":3,"21":2,"22":1,"23":1,"24":1,"25":5,"26":15,"27":5,"28":5,"29":1,"30":12,"31":0,"32":12,"33":28,"34":29,"35":146,"36":146,"37":30,"38":1,"39":29,"40":29,"41":145,"42":29,"43":29,"44":8,"45":21,"46":18,"47":0,"48":18,"49":18,"50":18,"51":45,"52":18,"53":52,"54":18,"55":18,"56":2,"57":16,"58":4,"59":12,"60":5,"61":7,"62":3,"63":4,"64":3,"65":1,"66":413,"67":1,"68":412,"69":412,"70":412,"71":382,"72":30,"73":6,"74":24,"75":4,"76":20,"77":18,"78":2,"79":3,"80":1,"81":2,"82":2,"83":2,"84":2,"85":1,"86":1,"87":728,"88":4,"89":4,"90":5,"91":4,"92":0,"93":4,"94":4,"95":5,"96":4,"97":0,"98":376,"99":1,"100":375,"101":1,"102":374,"103":374,"104":0,"105":374,"106":374,"107":374,"108":6,"109":368,"110":368,"111":368,"112":2,"113":2,"114":2,"115":366,"116":2,"117":2,"118":2,"119":364,"120":364,"121":364,"122":124,"123":1,"124":123,"125":123,"126":2,"127":3,"128":2,"129":1,"130":1,"131":121,"132":1,"133":120,"134":120,"135":110,"136":113,"137":108,"138":10,"139":3,"140":3,"141":3,"142":3,"143":3,"144":3,"145":6,"146":7,"147":2,"148":2,"149":2,"150":2,"151":2,"152":2,"153":6,"154":5,"155":5,"156":5,"157":6,"158":6,"159":6,"160":1,"161":5,"162":4,"163":21,"164":13,"165":21,"166":21,"167":4,"168":13,"169":1,"170":1,"171":1,"172":5,"173":3,"174":3,"175":10,"176":3,"177":10,"178":3,"179":2,"180":2,"181":3,"182":2,"183":1,"184":6,"185":1,"186":6,"187":1,"188":1,"189":1,"190":5,"191":2,"192":7,"193":2,"194":1,"195":1,"196":5,"197":1,"198":5,"199":1,"200":1,"201":1,"202":0,"203":0,"204":4},"f":{"0":1697,"1":5697,"2":4,"3":15,"4":15,"5":12,"6":28,"7":29,"8":146,"9":30,"10":145,"11":18,"12":45,"13":52,"14":413,"15":3,"16":728,"17":4,"18":4,"19":376,"20":124,"21":3,"22":6,"23":6,"24":5,"25":21,"26":5,"27":10,"28":10,"29":3,"30":6,"31":6,"32":5,"33":7,"34":5,"35":5,"36":0},"b":{"0":[4935,762],"1":[1,3],"2":[2,1],"3":[5,0],"4":[0,12],"5":[146,89],"6":[1,29],"7":[8,21],"8":[0,18],"9":[2,16],"10":[18,5],"11":[4,12],"12":[5,7],"13":[12,5],"14":[3,4],"15":[3,1],"16":[1,412],"17":[413,413],"18":[382,30],"19":[6,24],"20":[30,8],"21":[4,20],"22":[24,4],"23":[18,2],"24":[1,2],"25":[3,3],"26":[1,1],"27":[2,1,0],"28":[4,1],"29":[4,1],"30":[1,375],"31":[1,374],"32":[0,374],"33":[374,0],"34":[374,0],"35":[6,368],"36":[2,366],"37":[2,364],"38":[1,123],"39":[2,121],"40":[3,1],"41":[1,1],"42":[1,120],"43":[110,10],"44":[108,5],"45":[3,7],"46":[3,0],"47":[3,0],"48":[2,5],"49":[2,0],"50":[2,2],"51":[2,0],"52":[5,0],"53":[1,5],"54":[6,1],"55":[13,8],"56":[1,12],"57":[1,0],"58":[2,1],"59":[3,2],"60":[1,1],"61":[1,0],"62":[1,1],"63":[1,0],"64":[0,1]}}
,"/Users/michaelalam/Desktop/Desktop/Coding/Coding/Big-Two-Neo/apps/mobile/src/game/engine/utils.ts": {"path":"/Users/michaelalam/Desktop/Desktop/Coding/Coding/Big-Two-Neo/apps/mobile/src/game/engine/utils.ts","statementMap":{"0":{"start":{"line":15,"column":0},"end":{"line":15,"column":16}},"1":{"start":{"line":31,"column":0},"end":{"line":31,"column":16}},"2":{"start":{"line":5,"column":0},"end":{"line":5,"column":55}},"3":{"start":{"line":16,"column":2},"end":{"line":16,"column":42}},"4":{"start":{"line":16,"column":29},"end":{"line":16,"column":42}},"5":{"start":{"line":19,"column":18},"end":{"line":19,"column":65}},"6":{"start":{"line":19,"column":40},"end":{"line":19,"column":64}},"7":{"start":{"line":20,"column":18},"end":{"line":20,"column":65}},"8":{"start":{"line":20,"column":40},"end":{"line":20,"column":64}},"9":{"start":{"line":22,"column":2},"end":{"line":22,"column":63}},"10":{"start":{"line":22,"column":36},"end":{"line":22,"column":61}},"11":{"start":{"line":32,"column":2},"end":{"line":32,"column":36}},"12":{"start":{"line":32,"column":26},"end":{"line":32,"column":36}},"13":{"start":{"line":34,"column":18},"end":{"line":34,"column":32}},"14":{"start":{"line":35,"column":2},"end":{"line":35,"column":77}},"15":{"start":{"line":35,"column":51},"end":{"line":35,"column":75}}},"fnMap":{"0":{"name":"isSameSet","decl":{"start":{"line":15,"column":16},"end":{"line":15,"column":25}},"loc":{"start":{"line":15,"column":46},"end":{"line":23,"column":1}}},"1":{"name":"(anonymous_1)","decl":{"start":{"line":19,"column":30},"end":{"line":19,"column":31}},"loc":{"start":{"line":19,"column":40},"end":{"line":19,"column":64}}},"2":{"name":"(anonymous_2)","decl":{"start":{"line":20,"column":30},"end":{"line":20,"column":31}},"loc":{"start":{"line":20,"column":40},"end":{"line":20,"column":64}}},"3":{"name":"(anonymous_3)","decl":{"start":{"line":22,"column":23},"end":{"line":22,"column":24}},"loc":{"start":{"line":22,"column":36},"end":{"line":22,"column":61}}},"4":{"name":"findStraightSequenceIndex","decl":{"start":{"line":31,"column":16},"end":{"line":31,"column":41}},"loc":{"start":{"line":31,"column":57},"end":{"line":36,"column":1}}},"5":{"name":"(anonymous_5)","decl":{"start":{"line":35,"column":44},"end":{"line":35,"column":47}},"loc":{"start":{"line":35,"column":51},"end":{"line":35,"column":75}}}},"branchMap":{"0":{"loc":{"start":{"line":16,"column":2},"end":{"line":16,"column":42}},"type":"if","locations":[{"start":{"line":16,"column":2},"end":{"line":16,"column":42}},{"start":{},"end":{}}]},"1":{"loc":{"start":{"line":32,"column":2},"end":{"line":32,"column":36}},"type":"if","locations":[{"start":{"line":32,"column":2},"end":{"line":32,"column":36}},{"start":{},"end":{}}]}},"s":{"0":6,"1":6,"2":6,"3":0,"4":0,"5":0,"6":0,"7":0,"8":0,"9":0,"10":0,"11":32,"12":0,"13":32,"14":32,"15":272},"f":{"0":0,"1":0,"2":0,"3":0,"4":32,"5":272},"b":{"0":[0,0],"1":[0,32]}}
}
