TN:
SF:src/game/engine/constants.ts
FNF:0
FNH:0
DA:19,6
DA:35,6
DA:41,6
DA:46,6
DA:56,6
DA:75,6
DA:89,6
DA:90,6
DA:91,6
LF:9
LH:9
BRF:0
BRH:0
end_of_record
TN:
SF:src/game/engine/game-logic.ts
FN:17,sortHand
FN:18,(anonymous_1)
FN:31,sortStraightCards
FN:35,(anonymous_3)
FN:44,(anonymous_4)
FN:57,sameRank
FN:59,(anonymous_6)
FN:68,countByRank
FN:69,(anonymous_8)
FN:81,isStraight
FN:85,(anonymous_10)
FN:101,classifyFive
FN:106,(anonymous_12)
FN:109,(anonymous_13)
FN:150,classifyCards
FN:189,classifyAndSortCards
FN:212,getCardValue
FN:223,getTripleRank
FN:238,getQuadRank
FN:258,canBeatPlay
FN:318,findRecommendedPlay
FN:329,(anonymous_21)
FN:357,(anonymous_22)
FN:367,(anonymous_23)
FN:378,(anonymous_24)
FN:383,(anonymous_25)
FN:393,(anonymous_26)
FN:400,(anonymous_27)
FN:401,(anonymous_28)
FN:405,(anonymous_29)
FN:408,(anonymous_30)
FN:409,(anonymous_31)
FN:413,(anonymous_32)
FN:419,(anonymous_33)
FN:422,(anonymous_34)
FN:423,(anonymous_35)
FN:428,(anonymous_36)
FNF:37
FNH:36
FNDA:1697,sortHand
FNDA:5697,(anonymous_1)
FNDA:4,sortStraightCards
FNDA:15,(anonymous_3)
FNDA:15,(anonymous_4)
FNDA:12,sameRank
FNDA:28,(anonymous_6)
FNDA:29,countByRank
FNDA:146,(anonymous_8)
FNDA:30,isStraight
FNDA:145,(anonymous_10)
FNDA:18,classifyFive
FNDA:45,(anonymous_12)
FNDA:52,(anonymous_13)
FNDA:413,classifyCards
FNDA:3,classifyAndSortCards
FNDA:728,getCardValue
FNDA:4,getTripleRank
FNDA:4,getQuadRank
FNDA:376,canBeatPlay
FNDA:124,findRecommendedPlay
FNDA:3,(anonymous_21)
FNDA:6,(anonymous_22)
FNDA:6,(anonymous_23)
FNDA:5,(anonymous_24)
FNDA:21,(anonymous_25)
FNDA:5,(anonymous_26)
FNDA:10,(anonymous_27)
FNDA:10,(anonymous_28)
FNDA:3,(anonymous_29)
FNDA:6,(anonymous_30)
FNDA:6,(anonymous_31)
FNDA:5,(anonymous_32)
FNDA:7,(anonymous_33)
FNDA:5,(anonymous_34)
FNDA:5,(anonymous_35)
FNDA:0,(anonymous_36)
DA:6,6
DA:7,6
DA:17,6
DA:18,1697
DA:19,5697
DA:20,5697
DA:21,762
DA:31,6
DA:32,4
DA:34,3
DA:35,15
DA:36,3
DA:38,3
DA:40,1
DA:41,1
DA:43,1
DA:44,15
DA:45,5
DA:48,1
DA:58,12
DA:59,28
DA:69,29
DA:70,146
DA:71,146
DA:81,6
DA:82,30
DA:84,29
DA:85,145
DA:86,29
DA:88,29
DA:89,8
DA:92,21
DA:102,18
DA:104,18
DA:105,18
DA:106,45
DA:109,52
DA:112,18
DA:114,18
DA:115,2
DA:118,16
DA:119,4
DA:122,12
DA:123,5
DA:126,7
DA:127,3
DA:130,4
DA:131,3
DA:134,1
DA:150,6
DA:151,413
DA:153,412
DA:154,412
DA:156,412
DA:157,382
DA:160,30
DA:161,6
DA:164,24
DA:165,4
DA:168,20
DA:169,18
DA:172,2
DA:189,6
DA:190,3
DA:192,2
DA:193,2
DA:194,2
DA:197,2
DA:198,1
DA:202,1
DA:213,728
DA:224,4
DA:225,4
DA:226,5
DA:228,0
DA:239,4
DA:240,4
DA:241,5
DA:243,0
DA:258,6
DA:259,376
DA:261,375
DA:263,374
DA:264,374
DA:266,374
DA:267,374
DA:270,374
DA:271,6
DA:275,368
DA:276,368
DA:279,368
DA:280,2
DA:281,2
DA:282,2
DA:286,366
DA:287,2
DA:288,2
DA:289,2
DA:293,364
DA:294,364
DA:296,364
DA:318,6
DA:323,124
DA:325,123
DA:328,123
DA:329,3
DA:330,2
DA:331,1
DA:333,1
DA:337,121
DA:338,1
DA:342,120
DA:344,120
DA:346,110
DA:347,113
DA:348,108
DA:351,10
DA:353,3
DA:354,3
DA:355,3
DA:356,3
DA:357,6
DA:361,7
DA:363,2
DA:364,2
DA:365,2
DA:366,2
DA:367,6
DA:371,5
DA:374,5
DA:375,6
DA:376,6
DA:377,6
DA:378,5
DA:383,4
DA:384,21
DA:385,21
DA:386,21
DA:389,4
DA:390,13
DA:391,1
DA:392,1
DA:393,5
DA:399,3
DA:400,10
DA:401,10
DA:403,3
DA:404,2
DA:405,3
DA:407,2
DA:408,6
DA:409,6
DA:410,1
DA:412,1
DA:413,5
DA:419,7
DA:420,2
DA:421,1
DA:422,5
DA:423,5
DA:425,1
DA:426,1
DA:427,1
DA:428,0
DA:435,4
LF:165
LH:162
BRDA:20,0,0,4935
BRDA:20,0,1,762
BRDA:32,1,0,1
BRDA:32,1,1,3
BRDA:38,2,0,2
BRDA:38,2,1,1
BRDA:45,3,0,5
BRDA:45,3,1,0
BRDA:58,4,0,0
BRDA:58,4,1,12
BRDA:70,5,0,146
BRDA:70,5,1,89
BRDA:82,6,0,1
BRDA:82,6,1,29
BRDA:88,7,0,8
BRDA:88,7,1,21
BRDA:102,8,0,0
BRDA:102,8,1,18
BRDA:114,9,0,2
BRDA:114,9,1,16
BRDA:114,10,0,18
BRDA:114,10,1,5
BRDA:118,11,0,4
BRDA:118,11,1,12
BRDA:122,12,0,5
BRDA:122,12,1,7
BRDA:122,13,0,12
BRDA:122,13,1,5
BRDA:126,14,0,3
BRDA:126,14,1,4
BRDA:130,15,0,3
BRDA:130,15,1,1
BRDA:151,16,0,1
BRDA:151,16,1,412
BRDA:151,17,0,413
BRDA:151,17,1,413
BRDA:156,18,0,382
BRDA:156,18,1,30
BRDA:160,19,0,6
BRDA:160,19,1,24
BRDA:160,20,0,30
BRDA:160,20,1,8
BRDA:164,21,0,4
BRDA:164,21,1,20
BRDA:164,22,0,24
BRDA:164,22,1,4
BRDA:168,23,0,18
BRDA:168,23,1,2
BRDA:190,24,0,1
BRDA:190,24,1,2
BRDA:190,25,0,3
BRDA:190,25,1,3
BRDA:197,26,0,1
BRDA:197,26,1,1
BRDA:197,27,0,2
BRDA:197,27,1,1
BRDA:197,27,2,0
BRDA:226,28,0,4
BRDA:226,28,1,1
BRDA:241,29,0,4
BRDA:241,29,1,1
BRDA:259,30,0,1
BRDA:259,30,1,375
BRDA:261,31,0,1
BRDA:261,31,1,374
BRDA:264,32,0,0
BRDA:264,32,1,374
BRDA:266,33,0,374
BRDA:266,33,1,0
BRDA:267,34,0,374
BRDA:267,34,1,0
BRDA:270,35,0,6
BRDA:270,35,1,368
BRDA:279,36,0,2
BRDA:279,36,1,366
BRDA:286,37,0,2
BRDA:286,37,1,364
BRDA:323,38,0,1
BRDA:323,38,1,123
BRDA:328,39,0,2
BRDA:328,39,1,121
BRDA:329,40,0,3
BRDA:329,40,1,1
BRDA:330,41,0,1
BRDA:330,41,1,1
BRDA:337,42,0,1
BRDA:337,42,1,120
BRDA:344,43,0,110
BRDA:344,43,1,10
BRDA:347,44,0,108
BRDA:347,44,1,5
BRDA:351,45,0,3
BRDA:351,45,1,7
BRDA:354,46,0,3
BRDA:354,46,1,0
BRDA:356,47,0,3
BRDA:356,47,1,0
BRDA:361,48,0,2
BRDA:361,48,1,5
BRDA:364,49,0,2
BRDA:364,49,1,0
BRDA:364,50,0,2
BRDA:364,50,1,2
BRDA:366,51,0,2
BRDA:366,51,1,0
BRDA:371,52,0,5
BRDA:371,52,1,0
BRDA:377,53,0,1
BRDA:377,53,1,5
BRDA:377,54,0,6
BRDA:377,54,1,1
BRDA:384,55,0,13
BRDA:384,55,1,8
BRDA:390,56,0,1
BRDA:390,56,1,12
BRDA:392,57,0,1
BRDA:392,57,1,0
BRDA:403,58,0,2
BRDA:403,58,1,1
BRDA:403,59,0,3
BRDA:403,59,1,2
BRDA:407,60,0,1
BRDA:407,60,1,1
BRDA:412,61,0,1
BRDA:412,61,1,0
BRDA:420,62,0,1
BRDA:420,62,1,1
BRDA:425,63,0,1
BRDA:425,63,1,0
BRDA:427,64,0,0
BRDA:427,64,1,1
BRF:131
BRH:115
end_of_record
TN:
SF:src/game/engine/utils.ts
FN:15,isSameSet
FN:19,(anonymous_1)
FN:20,(anonymous_2)
FN:22,(anonymous_3)
FN:31,findStraightSequenceIndex
FN:35,(anonymous_5)
FNF:6
FNH:2
FNDA:0,isSameSet
FNDA:0,(anonymous_1)
FNDA:0,(anonymous_2)
FNDA:0,(anonymous_3)
FNDA:32,findStraightSequenceIndex
FNDA:272,(anonymous_5)
DA:5,6
DA:15,6
DA:16,0
DA:19,0
DA:20,0
DA:22,0
DA:31,6
DA:32,32
DA:34,32
DA:35,272
LF:10
LH:6
BRDA:16,0,0,0
BRDA:16,0,1,0
BRDA:32,1,0,0
BRDA:32,1,1,32
BRF:4
BRH:1
end_of_record
