TN:
SF:src/components/scoreboard/CompactScoreboard.tsx
FN:21,(anonymous_1)
FN:80,(anonymous_2)
FNF:2
FNH:0
FNDA:0,(anonymous_1)
FNDA:0,(anonymous_2)
DA:15,0
DA:16,0
DA:17,0
DA:19,0
DA:21,0
DA:34,0
DA:39,0
DA:81,0
DA:82,0
DA:83,0
DA:84,0
DA:85,0
DA:87,0
DA:135,0
LF:14
LH:0
BRDA:44,0,0,0
BRDA:44,0,1,0
BRDA:49,1,0,0
BRDA:49,1,1,0
BRDA:63,2,0,0
BRDA:63,2,1,0
BRDA:82,3,0,0
BRDA:82,3,1,0
BRDA:83,4,0,0
BRDA:83,4,1,0
BRDA:92,5,0,0
BRDA:92,5,1,0
BRDA:100,6,0,0
BRDA:100,6,1,0
BRDA:111,7,0,0
BRDA:111,7,1,0
BRDA:124,8,0,0
BRDA:124,8,1,0
BRF:18
BRH:0
end_of_record
TN:
SF:src/components/scoreboard/ExpandedScoreboard.tsx
FN:23,(anonymous_1)
FN:92,(anonymous_2)
FN:112,(anonymous_3)
FN:129,(anonymous_4)
FN:159,(anonymous_5)
FN:177,(anonymous_6)
FN:183,(anonymous_7)
FNF:7
FNH:0
FNDA:0,(anonymous_1)
FNDA:0,(anonymous_2)
FNDA:0,(anonymous_3)
FNDA:0,(anonymous_4)
FNDA:0,(anonymous_5)
FNDA:0,(anonymous_6)
FNDA:0,(anonymous_7)
DA:17,0
DA:18,0
DA:19,0
DA:21,0
DA:23,0
DA:36,0
DA:38,0
DA:93,0
DA:94,0
DA:113,0
DA:115,0
DA:130,0
DA:131,0
DA:133,0
DA:160,0
DA:179,0
DA:183,0
DA:184,0
DA:186,0
DA:208,0
LF:20
LH:0
BRDA:43,0,0,0
BRDA:43,0,1,0
BRDA:48,1,0,0
BRDA:48,1,1,0
BRDA:62,2,0,0
BRDA:62,2,1,0
BRDA:99,3,0,0
BRDA:99,3,1,0
BRDA:120,4,0,0
BRDA:120,4,1,0
BRDA:136,5,0,0
BRDA:136,5,1,0
BRDA:149,6,0,0
BRDA:149,6,1,0
BRDA:179,7,0,0
BRDA:179,7,1,0
BRDA:195,8,0,0
BRDA:195,8,1,0
BRF:18
BRH:0
end_of_record
TN:
SF:src/components/scoreboard/PlayHistoryModal.tsx
FN:34,(anonymous_10)
FN:47,(anonymous_11)
FN:49,(anonymous_12)
FN:50,(anonymous_13)
FN:53,(anonymous_14)
FN:56,(anonymous_15)
FN:61,(anonymous_16)
FN:63,(anonymous_17)
FN:70,(anonymous_18)
FN:84,(anonymous_19)
FN:93,(anonymous_20)
FN:102,(anonymous_21)
FN:109,(anonymous_22)
FN:139,(anonymous_23)
FN:182,(anonymous_24)
FN:209,(anonymous_25)
FNF:16
FNH:0
FNDA:0,(anonymous_10)
FNDA:0,(anonymous_11)
FNDA:0,(anonymous_12)
FNDA:0,(anonymous_13)
FNDA:0,(anonymous_14)
FNDA:0,(anonymous_15)
FNDA:0,(anonymous_16)
FNDA:0,(anonymous_17)
FNDA:0,(anonymous_18)
FNDA:0,(anonymous_19)
FNDA:0,(anonymous_20)
FNDA:0,(anonymous_21)
FNDA:0,(anonymous_22)
FNDA:0,(anonymous_23)
FNDA:0,(anonymous_24)
FNDA:0,(anonymous_25)
DA:18,0
DA:19,0
DA:21,0
DA:22,0
DA:32,0
DA:34,0
DA:44,0
DA:47,0
DA:48,0
DA:49,0
DA:50,0
DA:53,0
DA:56,0
DA:57,0
DA:61,0
DA:62,0
DA:63,0
DA:64,0
DA:66,0
DA:70,0
DA:71,0
DA:74,0
DA:75,0
DA:79,0
DA:80,0
DA:81,0
DA:84,0
DA:85,0
DA:89,0
DA:93,0
DA:94,0
DA:95,0
DA:96,0
DA:97,0
DA:98,0
DA:102,0
DA:103,0
DA:104,0
DA:109,0
DA:140,0
DA:141,0
DA:142,0
DA:144,0
DA:161,0
DA:162,0
DA:165,0
DA:166,0
DA:173,0
DA:174,0
DA:175,0
DA:177,0
DA:182,0
DA:210,0
DA:211,0
DA:213,0
DA:230,0
DA:233,0
DA:295,0
LF:58
LH:0
BRDA:57,0,0,0
BRDA:57,0,1,0
BRDA:74,1,0,0
BRDA:79,2,0,0
BRDA:94,3,0,0
BRDA:95,4,0,0
BRDA:96,5,0,0
BRDA:97,6,0,0
BRDA:103,7,0,0
BRDA:111,8,0,0
BRDA:111,8,1,0
BRDA:112,9,0,0
BRDA:112,9,1,0
BRDA:120,10,0,0
BRDA:120,10,1,0
BRDA:126,11,0,0
BRDA:126,11,1,0
BRDA:128,12,0,0
BRDA:128,12,1,0
BRDA:142,13,0,0
BRDA:142,13,1,0
BRDA:161,14,0,0
BRDA:165,15,0,0
BRDA:173,16,0,0
BRDA:184,17,0,0
BRDA:184,17,1,0
BRDA:185,18,0,0
BRDA:185,18,1,0
BRDA:193,19,0,0
BRDA:193,19,1,0
BRDA:199,20,0,0
BRDA:199,20,1,0
BRDA:201,21,0,0
BRDA:201,21,1,0
BRDA:209,22,0,0
BRDA:209,22,1,0
BRDA:211,23,0,0
BRDA:211,23,1,0
BRDA:267,24,0,0
BRDA:267,24,1,0
BRF:40
BRH:0
end_of_record
TN:
SF:src/components/scoreboard/ScoreboardContainer.tsx
FN:22,(anonymous_1)
FN:45,(anonymous_2)
FN:49,(anonymous_3)
FN:53,(anonymous_4)
FNF:4
FNH:0
FNDA:0,(anonymous_1)
FNDA:0,(anonymous_2)
FNDA:0,(anonymous_3)
FNDA:0,(anonymous_4)
DA:12,0
DA:13,0
DA:14,0
DA:16,0
DA:17,0
DA:18,0
DA:19,0
DA:20,0
DA:22,0
DA:33,0
DA:42,0
DA:45,0
DA:46,0
DA:49,0
DA:50,0
DA:53,0
DA:54,0
DA:57,0
DA:110,0
LF:19
LH:0
BRDA:62,0,0,0
BRDA:62,0,1,0
BRDA:79,1,0,0
BRDA:79,1,1,0
BRF:4
BRH:0
end_of_record
TN:
SF:src/components/scoreboard/ScoreboardErrorBoundary.tsx
FN:38,(anonymous_9)
FN:46,(anonymous_10)
FN:54,(anonymous_11)
FN:70,(anonymous_12)
FN:77,(anonymous_13)
FNF:5
FNH:0
FNDA:0,(anonymous_9)
FNDA:0,(anonymous_10)
FNDA:0,(anonymous_11)
FNDA:0,(anonymous_12)
FNDA:0,(anonymous_13)
DA:16,0
DA:17,0
DA:20,0
DA:21,0
DA:22,0
DA:23,0
DA:24,0
DA:37,0
DA:39,0
DA:40,0
DA:48,0
DA:56,0
DA:57,0
DA:58,0
DA:62,0
DA:63,0
DA:70,0
DA:71,0
DA:78,0
DA:80,0
DA:81,0
DA:85,0
DA:117,0
DA:121,0
DA:178,0
LF:25
LH:0
BRDA:56,0,0,0
BRDA:62,1,0,0
BRDA:78,2,0,0
BRDA:80,3,0,0
BRDA:97,4,0,0
BRDA:97,4,1,0
BRDA:97,4,2,0
BRF:7
BRH:0
end_of_record
TN:
SF:src/components/scoreboard/components/CardImage.tsx
FN:41,(anonymous_1)
FNF:1
FNH:0
FNDA:0,(anonymous_1)
DA:11,0
DA:12,0
DA:22,0
DA:30,0
DA:41,0
DA:48,0
DA:49,0
DA:51,0
DA:52,0
DA:54,0
DA:80,0
DA:81,0
DA:83,0
LF:13
LH:0
BRDA:44,0,0,0
BRDA:45,1,0,0
BRDA:51,2,0,0
BRDA:51,2,1,0
BRDA:52,3,0,0
BRDA:52,3,1,0
BRF:6
BRH:0
end_of_record
TN:
SF:src/components/scoreboard/components/HandCard.tsx
FN:22,(anonymous_9)
FN:32,(anonymous_10)
FN:38,(anonymous_11)
FN:80,(anonymous_12)
FNF:4
FNH:0
FNDA:0,(anonymous_9)
FNDA:0,(anonymous_10)
FNDA:0,(anonymous_11)
FNDA:0,(anonymous_12)
DA:15,0
DA:16,0
DA:18,0
DA:19,0
DA:20,0
DA:22,0
DA:29,0
DA:32,0
DA:33,0
DA:34,0
DA:38,0
DA:39,0
DA:40,0
DA:42,0
DA:44,0
DA:46,0
DA:48,0
DA:50,0
DA:52,0
DA:54,0
DA:56,0
DA:58,0
DA:62,0
DA:81,0
DA:97,0
LF:25
LH:0
BRDA:33,0,0,0
BRDA:33,1,0,0
BRDA:33,1,1,0
BRDA:40,2,0,0
BRDA:40,2,1,0
BRDA:40,2,2,0
BRDA:40,2,3,0
BRDA:40,2,4,0
BRDA:40,2,5,0
BRDA:40,2,6,0
BRDA:40,2,7,0
BRDA:40,2,8,0
BRDA:66,3,0,0
BRDA:66,3,1,0
BRDA:66,3,2,0
BRDA:79,4,0,0
BRDA:79,4,1,0
BRF:17
BRH:0
end_of_record
TN:
SF:src/components/scoreboard/hooks/useResponsiveStyles.ts
FN:22,(anonymous_0)
FN:28,(anonymous_1)
FN:36,(anonymous_2)
FN:59,(anonymous_3)
FN:62,(anonymous_4)
FN:72,(anonymous_5)
FN:73,(anonymous_6)
FN:74,(anonymous_7)
FN:90,(anonymous_8)
FN:93,(anonymous_9)
FN:123,(anonymous_10)
FN:126,(anonymous_11)
FN:234,(anonymous_12)
FN:237,(anonymous_13)
FN:423,(anonymous_14)
FN:426,(anonymous_15)
FNF:16
FNH:0
FNDA:0,(anonymous_0)
FNDA:0,(anonymous_1)
FNDA:0,(anonymous_2)
FNDA:0,(anonymous_3)
FNDA:0,(anonymous_4)
FNDA:0,(anonymous_5)
FNDA:0,(anonymous_6)
FNDA:0,(anonymous_7)
FNDA:0,(anonymous_8)
FNDA:0,(anonymous_9)
FNDA:0,(anonymous_10)
FNDA:0,(anonymous_11)
FNDA:0,(anonymous_12)
FNDA:0,(anonymous_13)
FNDA:0,(anonymous_14)
FNDA:0,(anonymous_15)
DA:11,0
DA:12,0
DA:13,0
DA:16,0
DA:22,0
DA:28,0
DA:36,0
DA:37,0
DA:38,0
DA:59,0
DA:60,0
DA:62,0
DA:63,0
DA:64,0
DA:67,0
DA:68,0
DA:69,0
DA:71,0
DA:72,0
DA:73,0
DA:74,0
DA:90,0
DA:91,0
DA:93,0
DA:123,0
DA:124,0
DA:126,0
DA:234,0
DA:235,0
DA:237,0
DA:423,0
DA:424,0
DA:426,0
LF:33
LH:0
BRDA:36,0,0,0
BRDA:68,1,0,0
BRDA:68,1,1,0
BRDA:74,2,0,0
BRDA:98,3,0,0
BRDA:98,3,1,0
BRDA:100,4,0,0
BRDA:100,4,1,0
BRDA:130,5,0,0
BRDA:130,5,1,0
BRDA:131,6,0,0
BRDA:131,6,1,0
BRDA:132,7,0,0
BRDA:132,7,1,0
BRDA:147,8,0,0
BRDA:147,8,1,0
BRDA:199,9,0,0
BRDA:199,9,1,0
BRDA:242,10,0,0
BRDA:242,10,1,0
BRDA:259,11,0,0
BRDA:259,11,1,0
BRDA:334,12,0,0
BRDA:334,12,1,0
BRDA:374,13,0,0
BRDA:374,13,1,0
BRDA:446,14,0,0
BRDA:446,14,1,0
BRDA:448,15,0,0
BRDA:448,15,1,0
BRDA:475,16,0,0
BRDA:475,16,1,0
BRF:32
BRH:0
end_of_record
TN:
SF:src/contexts/ScoreboardContext.tsx
FN:42,(anonymous_9)
FN:66,(anonymous_10)
FN:67,(anonymous_11)
FN:82,(anonymous_12)
FN:84,(anonymous_13)
FN:86,(anonymous_14)
FN:107,(anonymous_15)
FN:108,(anonymous_16)
FN:110,(anonymous_17)
FN:128,(anonymous_18)
FN:172,(anonymous_19)
FNF:11
FNH:0
FNDA:0,(anonymous_9)
FNDA:0,(anonymous_10)
FNDA:0,(anonymous_11)
FNDA:0,(anonymous_12)
FNDA:0,(anonymous_13)
FNDA:0,(anonymous_14)
FNDA:0,(anonymous_15)
FNDA:0,(anonymous_16)
FNDA:0,(anonymous_17)
FNDA:0,(anonymous_18)
FNDA:0,(anonymous_19)
DA:15,0
DA:26,0
DA:42,0
DA:51,0
DA:52,0
DA:53,0
DA:59,0
DA:60,0
DA:66,0
DA:67,0
DA:68,0
DA:69,0
DA:70,0
DA:72,0
DA:74,0
DA:82,0
DA:83,0
DA:84,0
DA:86,0
DA:88,0
DA:90,0
DA:91,0
DA:92,0
DA:93,0
DA:96,0
DA:97,0
DA:98,0
DA:107,0
DA:108,0
DA:110,0
DA:112,0
DA:114,0
DA:115,0
DA:116,0
DA:119,0
DA:128,0
DA:129,0
DA:130,0
DA:131,0
DA:132,0
DA:133,0
DA:140,0
DA:157,0
DA:172,0
DA:173,0
DA:175,0
DA:176,0
DA:179,0
DA:186,0
LF:49
LH:0
BRDA:44,0,0,0
BRDA:45,1,0,0
BRDA:69,2,0,0
BRDA:69,2,1,0
BRDA:88,3,0,0
BRDA:88,3,1,0
BRDA:112,4,0,0
BRDA:112,4,1,0
BRDA:175,5,0,0
BRF:9
BRH:0
end_of_record
TN:
SF:src/game/engine/constants.ts
FNF:0
FNH:0
DA:19,0
DA:35,0
DA:41,0
DA:46,0
DA:56,0
DA:75,0
DA:89,0
DA:90,0
DA:91,0
LF:9
LH:0
BRF:0
BRH:0
end_of_record
TN:
SF:src/game/engine/game-logic.ts
FN:17,sortHand
FN:18,(anonymous_1)
FN:31,sortStraightCards
FN:35,(anonymous_3)
FN:45,(anonymous_4)
FN:58,sameRank
FN:60,(anonymous_6)
FN:69,countByRank
FN:70,(anonymous_8)
FN:82,isStraight
FN:86,(anonymous_10)
FN:102,classifyFive
FN:107,(anonymous_12)
FN:110,(anonymous_13)
FN:151,classifyCards
FN:190,classifyAndSortCards
FN:213,getCardValue
FN:224,getTripleRank
FN:239,getQuadRank
FN:259,canBeatPlay
FN:319,findRecommendedPlay
FN:330,(anonymous_21)
FN:358,(anonymous_22)
FN:368,(anonymous_23)
FN:379,(anonymous_24)
FN:384,(anonymous_25)
FN:394,(anonymous_26)
FN:401,(anonymous_27)
FN:402,(anonymous_28)
FN:406,(anonymous_29)
FN:409,(anonymous_30)
FN:410,(anonymous_31)
FN:414,(anonymous_32)
FN:420,(anonymous_33)
FN:423,(anonymous_34)
FN:424,(anonymous_35)
FN:429,(anonymous_36)
FN:447,findHighestBeatingSingle
FN:461,(anonymous_38)
FN:481,validateOneCardLeftRule
FN:527,canPassWithOneCardLeftRule
FNF:41
FNH:0
FNDA:0,sortHand
FNDA:0,(anonymous_1)
FNDA:0,sortStraightCards
FNDA:0,(anonymous_3)
FNDA:0,(anonymous_4)
FNDA:0,sameRank
FNDA:0,(anonymous_6)
FNDA:0,countByRank
FNDA:0,(anonymous_8)
FNDA:0,isStraight
FNDA:0,(anonymous_10)
FNDA:0,classifyFive
FNDA:0,(anonymous_12)
FNDA:0,(anonymous_13)
FNDA:0,classifyCards
FNDA:0,classifyAndSortCards
FNDA:0,getCardValue
FNDA:0,getTripleRank
FNDA:0,getQuadRank
FNDA:0,canBeatPlay
FNDA:0,findRecommendedPlay
FNDA:0,(anonymous_21)
FNDA:0,(anonymous_22)
FNDA:0,(anonymous_23)
FNDA:0,(anonymous_24)
FNDA:0,(anonymous_25)
FNDA:0,(anonymous_26)
FNDA:0,(anonymous_27)
FNDA:0,(anonymous_28)
FNDA:0,(anonymous_29)
FNDA:0,(anonymous_30)
FNDA:0,(anonymous_31)
FNDA:0,(anonymous_32)
FNDA:0,(anonymous_33)
FNDA:0,(anonymous_34)
FNDA:0,(anonymous_35)
FNDA:0,(anonymous_36)
FNDA:0,findHighestBeatingSingle
FNDA:0,(anonymous_38)
FNDA:0,validateOneCardLeftRule
FNDA:0,canPassWithOneCardLeftRule
DA:6,0
DA:7,0
DA:17,0
DA:18,0
DA:19,0
DA:20,0
DA:21,0
DA:31,0
DA:32,0
DA:35,0
DA:36,0
DA:38,0
DA:41,0
DA:42,0
DA:44,0
DA:45,0
DA:46,0
DA:49,0
DA:59,0
DA:60,0
DA:70,0
DA:71,0
DA:72,0
DA:82,0
DA:83,0
DA:86,0
DA:87,0
DA:89,0
DA:90,0
DA:93,0
DA:103,0
DA:105,0
DA:106,0
DA:107,0
DA:110,0
DA:113,0
DA:115,0
DA:116,0
DA:119,0
DA:120,0
DA:123,0
DA:124,0
DA:127,0
DA:128,0
DA:131,0
DA:132,0
DA:135,0
DA:151,0
DA:152,0
DA:154,0
DA:155,0
DA:157,0
DA:158,0
DA:161,0
DA:162,0
DA:165,0
DA:166,0
DA:169,0
DA:170,0
DA:173,0
DA:190,0
DA:191,0
DA:193,0
DA:194,0
DA:195,0
DA:198,0
DA:199,0
DA:203,0
DA:214,0
DA:225,0
DA:226,0
DA:227,0
DA:229,0
DA:240,0
DA:241,0
DA:242,0
DA:244,0
DA:259,0
DA:260,0
DA:262,0
DA:264,0
DA:265,0
DA:267,0
DA:268,0
DA:271,0
DA:272,0
DA:276,0
DA:277,0
DA:280,0
DA:281,0
DA:282,0
DA:283,0
DA:287,0
DA:288,0
DA:289,0
DA:290,0
DA:294,0
DA:295,0
DA:297,0
DA:319,0
DA:324,0
DA:326,0
DA:329,0
DA:330,0
DA:331,0
DA:332,0
DA:334,0
DA:338,0
DA:339,0
DA:343,0
DA:345,0
DA:347,0
DA:348,0
DA:349,0
DA:352,0
DA:354,0
DA:355,0
DA:356,0
DA:357,0
DA:358,0
DA:362,0
DA:364,0
DA:365,0
DA:366,0
DA:367,0
DA:368,0
DA:372,0
DA:375,0
DA:376,0
DA:377,0
DA:378,0
DA:379,0
DA:384,0
DA:385,0
DA:386,0
DA:387,0
DA:390,0
DA:391,0
DA:392,0
DA:393,0
DA:394,0
DA:400,0
DA:401,0
DA:402,0
DA:404,0
DA:405,0
DA:406,0
DA:408,0
DA:409,0
DA:410,0
DA:411,0
DA:413,0
DA:414,0
DA:420,0
DA:421,0
DA:422,0
DA:423,0
DA:424,0
DA:426,0
DA:427,0
DA:428,0
DA:429,0
DA:436,0
DA:447,0
DA:451,0
DA:453,0
DA:456,0
DA:457,0
DA:461,0
DA:464,0
DA:465,0
DA:468,0
DA:481,0
DA:488,0
DA:489,0
DA:493,0
DA:494,0
DA:498,0
DA:501,0
DA:502,0
DA:506,0
DA:507,0
DA:508,0
DA:515,0
DA:527,0
DA:533,0
DA:534,0
DA:538,0
DA:539,0
DA:543,0
DA:545,0
DA:546,0
DA:553,0
LF:193
LH:0
BRDA:20,0,0,0
BRDA:32,1,0,0
BRDA:38,2,0,0
BRDA:46,3,0,0
BRDA:59,4,0,0
BRDA:71,5,0,0
BRDA:71,5,1,0
BRDA:83,6,0,0
BRDA:89,7,0,0
BRDA:103,8,0,0
BRDA:115,9,0,0
BRDA:115,10,0,0
BRDA:115,10,1,0
BRDA:119,11,0,0
BRDA:123,12,0,0
BRDA:123,13,0,0
BRDA:123,13,1,0
BRDA:127,14,0,0
BRDA:131,15,0,0
BRDA:152,16,0,0
BRDA:152,17,0,0
BRDA:152,17,1,0
BRDA:157,18,0,0
BRDA:161,19,0,0
BRDA:161,20,0,0
BRDA:161,20,1,0
BRDA:165,21,0,0
BRDA:165,22,0,0
BRDA:165,22,1,0
BRDA:169,23,0,0
BRDA:191,24,0,0
BRDA:191,25,0,0
BRDA:191,25,1,0
BRDA:198,26,0,0
BRDA:198,27,0,0
BRDA:198,27,1,0
BRDA:198,27,2,0
BRDA:227,28,0,0
BRDA:242,29,0,0
BRDA:260,30,0,0
BRDA:262,31,0,0
BRDA:265,32,0,0
BRDA:267,33,0,0
BRDA:267,33,1,0
BRDA:268,34,0,0
BRDA:268,34,1,0
BRDA:271,35,0,0
BRDA:280,36,0,0
BRDA:287,37,0,0
BRDA:324,38,0,0
BRDA:329,39,0,0
BRDA:330,40,0,0
BRDA:330,40,1,0
BRDA:331,41,0,0
BRDA:338,42,0,0
BRDA:345,43,0,0
BRDA:345,43,1,0
BRDA:348,44,0,0
BRDA:352,45,0,0
BRDA:352,45,1,0
BRDA:355,46,0,0
BRDA:357,47,0,0
BRDA:362,48,0,0
BRDA:362,48,1,0
BRDA:365,49,0,0
BRDA:365,50,0,0
BRDA:365,50,1,0
BRDA:367,51,0,0
BRDA:372,52,0,0
BRDA:378,53,0,0
BRDA:378,54,0,0
BRDA:378,54,1,0
BRDA:385,55,0,0
BRDA:391,56,0,0
BRDA:393,57,0,0
BRDA:404,58,0,0
BRDA:404,59,0,0
BRDA:404,59,1,0
BRDA:408,60,0,0
BRDA:413,61,0,0
BRDA:421,62,0,0
BRDA:426,63,0,0
BRDA:428,64,0,0
BRDA:451,65,0,0
BRDA:456,66,0,0
BRDA:464,67,0,0
BRDA:488,68,0,0
BRDA:493,69,0,0
BRDA:501,70,0,0
BRDA:507,71,0,0
BRDA:533,72,0,0
BRDA:538,73,0,0
BRDA:538,74,0,0
BRDA:538,74,1,0
BRDA:545,75,0,0
BRF:95
BRH:0
end_of_record
TN:
SF:src/game/engine/highest-play-detector.ts
FN:20,generateFullDeck
FN:39,getRemainingCards
FN:41,(anonymous_2)
FN:41,(anonymous_3)
FN:48,allSameRank
FN:50,(anonymous_5)
FN:56,cardsEqual
FN:69,isHighestRemainingSingle
FN:87,generateAllPairs
FN:128,isHighestRemainingPair
FN:138,(anonymous_10)
FN:138,(anonymous_11)
FN:150,(anonymous_12)
FN:150,(anonymous_13)
FN:177,generateAllTriples
FN:211,isHighestRemainingTriple
FN:219,(anonymous_16)
FN:219,(anonymous_17)
FN:231,(anonymous_18)
FN:249,canFormAnyRoyalFlush
FN:253,(anonymous_20)
FN:254,(anonymous_21)
FN:254,(anonymous_22)
FN:265,canFormAnyNonRoyalStraightFlush
FN:271,(anonymous_24)
FN:272,(anonymous_25)
FN:272,(anonymous_26)
FN:284,canFormAnyStraightFlush
FN:292,canFormAnyFourOfAKind
FN:296,(anonymous_29)
FN:309,canFormAnyFullHouse
FN:334,canFormAnyFlush
FN:338,(anonymous_32)
FN:349,canFormAnyStraight
FN:353,(anonymous_34)
FN:354,(anonymous_35)
FN:369,canFormComboOfStrength
FN:400,isHighestRemainingFiveCardCombo
FN:425,(anonymous_38)
FN:432,(anonymous_39)
FN:433,(anonymous_40)
FN:433,(anonymous_41)
FN:444,(anonymous_42)
FN:450,(anonymous_43)
FN:451,(anonymous_44)
FN:451,(anonymous_45)
FN:460,(anonymous_46)
FN:461,(anonymous_47)
FN:461,(anonymous_48)
FN:473,(anonymous_49)
FN:476,(anonymous_50)
FN:549,(anonymous_51)
FN:553,(anonymous_52)
FN:587,(anonymous_53)
FN:595,(anonymous_54)
FN:595,(anonymous_55)
FN:611,generateStraightsRecursive
FN:618,(anonymous_57)
FN:683,isHighestPossiblePlay
FNF:59
FNH:0
FNDA:0,generateFullDeck
FNDA:0,getRemainingCards
FNDA:0,(anonymous_2)
FNDA:0,(anonymous_3)
FNDA:0,allSameRank
FNDA:0,(anonymous_5)
FNDA:0,cardsEqual
FNDA:0,isHighestRemainingSingle
FNDA:0,generateAllPairs
FNDA:0,isHighestRemainingPair
FNDA:0,(anonymous_10)
FNDA:0,(anonymous_11)
FNDA:0,(anonymous_12)
FNDA:0,(anonymous_13)
FNDA:0,generateAllTriples
FNDA:0,isHighestRemainingTriple
FNDA:0,(anonymous_16)
FNDA:0,(anonymous_17)
FNDA:0,(anonymous_18)
FNDA:0,canFormAnyRoyalFlush
FNDA:0,(anonymous_20)
FNDA:0,(anonymous_21)
FNDA:0,(anonymous_22)
FNDA:0,canFormAnyNonRoyalStraightFlush
FNDA:0,(anonymous_24)
FNDA:0,(anonymous_25)
FNDA:0,(anonymous_26)
FNDA:0,canFormAnyStraightFlush
FNDA:0,canFormAnyFourOfAKind
FNDA:0,(anonymous_29)
FNDA:0,canFormAnyFullHouse
FNDA:0,canFormAnyFlush
FNDA:0,(anonymous_32)
FNDA:0,canFormAnyStraight
FNDA:0,(anonymous_34)
FNDA:0,(anonymous_35)
FNDA:0,canFormComboOfStrength
FNDA:0,isHighestRemainingFiveCardCombo
FNDA:0,(anonymous_38)
FNDA:0,(anonymous_39)
FNDA:0,(anonymous_40)
FNDA:0,(anonymous_41)
FNDA:0,(anonymous_42)
FNDA:0,(anonymous_43)
FNDA:0,(anonymous_44)
FNDA:0,(anonymous_45)
FNDA:0,(anonymous_46)
FNDA:0,(anonymous_47)
FNDA:0,(anonymous_48)
FNDA:0,(anonymous_49)
FNDA:0,(anonymous_50)
FNDA:0,(anonymous_51)
FNDA:0,(anonymous_52)
FNDA:0,(anonymous_53)
FNDA:0,(anonymous_54)
FNDA:0,(anonymous_55)
FNDA:0,generateStraightsRecursive
FNDA:0,(anonymous_57)
FNDA:0,isHighestPossiblePlay
DA:13,0
DA:14,0
DA:21,0
DA:22,0
DA:23,0
DA:24,0
DA:31,0
DA:34,0
DA:40,0
DA:41,0
DA:49,0
DA:50,0
DA:57,0
DA:70,0
DA:71,0
DA:73,0
DA:74,0
DA:76,0
DA:88,0
DA:91,0
DA:92,0
DA:93,0
DA:94,0
DA:96,0
DA:100,0
DA:101,0
DA:102,0
DA:103,0
DA:104,0
DA:105,0
DA:111,0
DA:129,0
DA:130,0
DA:136,0
DA:137,0
DA:138,0
DA:142,0
DA:144,0
DA:146,0
DA:150,0
DA:151,0
DA:152,0
DA:153,0
DA:156,0
DA:157,0
DA:160,0
DA:161,0
DA:162,0
DA:165,0
DA:166,0
DA:178,0
DA:181,0
DA:182,0
DA:183,0
DA:184,0
DA:186,0
DA:190,0
DA:191,0
DA:192,0
DA:193,0
DA:194,0
DA:195,0
DA:196,0
DA:203,0
DA:212,0
DA:213,0
DA:217,0
DA:218,0
DA:219,0
DA:223,0
DA:225,0
DA:227,0
DA:231,0
DA:232,0
DA:235,0
DA:238,0
DA:250,0
DA:252,0
DA:253,0
DA:254,0
DA:255,0
DA:259,0
DA:267,0
DA:269,0
DA:270,0
DA:271,0
DA:272,0
DA:273,0
DA:278,0
DA:285,0
DA:293,0
DA:295,0
DA:296,0
DA:297,0
DA:298,0
DA:302,0
DA:310,0
DA:312,0
DA:314,0
DA:315,0
DA:318,0
DA:319,0
DA:321,0
DA:322,0
DA:323,0
DA:327,0
DA:335,0
DA:337,0
DA:338,0
DA:339,0
DA:342,0
DA:350,0
DA:352,0
DA:353,0
DA:354,0
DA:356,0
DA:359,0
DA:370,0
DA:372,0
DA:374,0
DA:376,0
DA:378,0
DA:380,0
DA:382,0
DA:384,0
DA:405,0
DA:408,0
DA:409,0
DA:410,0
DA:415,0
DA:416,0
DA:417,0
DA:419,0
DA:421,0
DA:422,0
DA:424,0
DA:425,0
DA:426,0
DA:429,0
DA:430,0
DA:431,0
DA:432,0
DA:433,0
DA:434,0
DA:438,0
DA:443,0
DA:444,0
DA:448,0
DA:449,0
DA:450,0
DA:451,0
DA:452,0
DA:457,0
DA:458,0
DA:459,0
DA:460,0
DA:461,0
DA:462,0
DA:467,0
DA:472,0
DA:473,0
DA:474,0
DA:476,0
DA:480,0
DA:485,0
DA:486,0
DA:487,0
DA:491,0
DA:492,0
DA:493,0
DA:494,0
DA:495,0
DA:500,0
DA:501,0
DA:505,0
DA:506,0
DA:507,0
DA:508,0
DA:509,0
DA:514,0
DA:515,0
DA:519,0
DA:520,0
DA:521,0
DA:524,0
DA:525,0
DA:527,0
DA:528,0
DA:529,0
DA:530,0
DA:531,0
DA:536,0
DA:537,0
DA:541,0
DA:548,0
DA:549,0
DA:550,0
DA:553,0
DA:555,0
DA:557,0
DA:562,0
DA:563,0
DA:566,0
DA:567,0
DA:568,0
DA:569,0
DA:571,0
DA:572,0
DA:575,0
DA:582,0
DA:583,0
DA:586,0
DA:587,0
DA:590,0
DA:593,0
DA:594,0
DA:595,0
DA:597,0
DA:598,0
DA:604,0
DA:605,0
DA:608,0
DA:612,0
DA:613,0
DA:614,0
DA:617,0
DA:618,0
DA:620,0
DA:621,0
DA:622,0
DA:623,0
DA:627,0
DA:629,0
DA:630,0
DA:634,0
DA:635,0
DA:636,0
DA:637,0
DA:638,0
DA:639,0
DA:641,0
DA:642,0
DA:646,0
DA:647,0
DA:649,0
DA:653,0
DA:683,0
DA:687,0
DA:689,0
DA:690,0
DA:692,0
DA:694,0
DA:697,0
DA:700,0
DA:703,0
DA:706,0
LF:256
LH:0
BRDA:49,0,0,0
BRDA:71,1,0,0
BRDA:93,2,0,0
BRDA:102,3,0,0
BRDA:129,4,0,0
BRDA:129,5,0,0
BRDA:129,5,1,0
BRDA:144,6,0,0
BRDA:152,7,0,0
BRDA:161,8,0,0
BRDA:162,9,0,0
BRDA:183,10,0,0
BRDA:192,11,0,0
BRDA:212,12,0,0
BRDA:212,13,0,0
BRDA:212,13,1,0
BRDA:225,14,0,0
BRDA:254,15,0,0
BRDA:272,16,0,0
BRDA:285,17,0,0
BRDA:285,17,1,0
BRDA:293,18,0,0
BRDA:297,19,0,0
BRDA:310,20,0,0
BRDA:315,21,0,0
BRDA:315,21,1,0
BRDA:322,22,0,0
BRDA:323,23,0,0
BRDA:327,24,0,0
BRDA:327,24,1,0
BRDA:335,25,0,0
BRDA:339,26,0,0
BRDA:350,27,0,0
BRDA:356,28,0,0
BRDA:372,29,0,0
BRDA:372,29,1,0
BRDA:372,29,2,0
BRDA:372,29,3,0
BRDA:372,29,4,0
BRDA:372,29,5,0
BRDA:409,30,0,0
BRDA:419,31,0,0
BRDA:419,31,1,0
BRDA:419,31,2,0
BRDA:419,31,3,0
BRDA:419,31,4,0
BRDA:419,31,5,0
BRDA:422,32,0,0
BRDA:426,33,0,0
BRDA:429,34,0,0
BRDA:431,35,0,0
BRDA:433,36,0,0
BRDA:451,37,0,0
BRDA:458,38,0,0
BRDA:461,39,0,0
BRDA:474,40,0,0
BRDA:487,41,0,0
BRDA:487,41,1,0
BRDA:493,42,0,0
BRDA:493,43,0,0
BRDA:493,43,1,0
BRDA:500,44,0,0
BRDA:507,45,0,0
BRDA:507,46,0,0
BRDA:507,46,1,0
BRDA:507,46,2,0
BRDA:514,47,0,0
BRDA:521,48,0,0
BRDA:521,48,1,0
BRDA:528,49,0,0
BRDA:528,49,1,0
BRDA:530,50,0,0
BRDA:536,51,0,0
BRDA:550,52,0,0
BRDA:555,53,0,0
BRDA:571,54,0,0
BRDA:572,55,0,0
BRDA:583,56,0,0
BRDA:590,57,0,0
BRDA:597,58,0,0
BRDA:612,59,0,0
BRDA:629,60,0,0
BRDA:641,61,0,0
BRDA:687,62,0,0
BRDA:687,63,0,0
BRDA:687,63,1,0
BRDA:692,64,0,0
BRDA:692,64,1,0
BRDA:692,64,2,0
BRDA:692,64,3,0
BRDA:692,64,4,0
BRF:91
BRH:0
end_of_record
TN:
SF:src/game/engine/utils.ts
FN:15,isSameSet
FN:19,(anonymous_1)
FN:20,(anonymous_2)
FN:22,(anonymous_3)
FN:31,findStraightSequenceIndex
FN:41,(anonymous_5)
FN:43,(anonymous_6)
FNF:7
FNH:0
FNDA:0,isSameSet
FNDA:0,(anonymous_1)
FNDA:0,(anonymous_2)
FNDA:0,(anonymous_3)
FNDA:0,findStraightSequenceIndex
FNDA:0,(anonymous_5)
FNDA:0,(anonymous_6)
DA:5,0
DA:15,0
DA:16,0
DA:19,0
DA:20,0
DA:22,0
DA:31,0
DA:32,0
DA:35,0
DA:38,0
DA:41,0
DA:43,0
LF:12
LH:0
BRDA:16,0,0,0
BRDA:32,1,0,0
BRDA:38,2,0,0
BRF:3
BRH:0
end_of_record
