
> mobile@1.0.0 test
> jest --no-coverage --json --outputFile=test-results.json

ts-jest[ts-jest-transformer] (WARN) Define `ts-jest` config under `globals` is deprecated. Please do
transform: {
    <transform_regex>: ['ts-jest', { /* ts-jest config goes here in Jest */ }],
},
See more at https://kulshekhar.github.io/ts-jest/docs/getting-started/presets#advanced
ts-jest[ts-jest-transformer] (WARN) Define `ts-jest` config under `globals` is deprecated. Please do
transform: {
    <transform_regex>: ['ts-jest', { /* ts-jest config goes here in Jest */ }],
},
See more at https://kulshekhar.github.io/ts-jest/docs/getting-started/presets#advanced
ts-jest[ts-jest-transformer] (WARN) Define `ts-jest` config under `globals` is deprecated. Please do
transform: {
    <transform_regex>: ['ts-jest', { /* ts-jest config goes here in Jest */ }],
},
See more at https://kulshekhar.github.io/ts-jest/docs/getting-started/presets#advanced
ts-jest[ts-jest-transformer] (WARN) Define `ts-jest` config under `globals` is deprecated. Please do
transform: {
    <transform_regex>: ['ts-jest', { /* ts-jest config goes here in Jest */ }],
},
See more at https://kulshekhar.github.io/ts-jest/docs/getting-started/presets#advanced
ts-jest[ts-jest-transformer] (WARN) Define `ts-jest` config under `globals` is deprecated. Please do
transform: {
    <transform_regex>: ['ts-jest', { /* ts-jest config goes here in Jest */ }],
},
See more at https://kulshekhar.github.io/ts-jest/docs/getting-started/presets#advanced
ts-jest[ts-jest-transformer] (WARN) Define `ts-jest` config under `globals` is deprecated. Please do
transform: {
    <transform_regex>: ['ts-jest', { /* ts-jest config goes here in Jest */ }],
},
See more at https://kulshekhar.github.io/ts-jest/docs/getting-started/presets#advanced
ts-jest[ts-jest-transformer] (WARN) Define `ts-jest` config under `globals` is deprecated. Please do
transform: {
    <transform_regex>: ['ts-jest', { /* ts-jest config goes here in Jest */ }],
},
See more at https://kulshekhar.github.io/ts-jest/docs/getting-started/presets#advanced
ts-jest[ts-jest-transformer] (WARN) Define `ts-jest` config under `globals` is deprecated. Please do
transform: {
    <transform_regex>: ['ts-jest', { /* ts-jest config goes here in Jest */ }],
},
See more at https://kulshekhar.github.io/ts-jest/docs/getting-started/presets#advanced
ts-jest[ts-jest-transformer] (WARN) Define `ts-jest` config under `globals` is deprecated. Please do
transform: {
    <transform_regex>: ['ts-jest', { /* ts-jest config goes here in Jest */ }],
},
See more at https://kulshekhar.github.io/ts-jest/docs/getting-started/presets#advanced
PASS src/hooks/__tests__/useOrientationManager.test.ts (17.461 s)
FAIL src/hooks/__tests__/useRealtime-timer-cancellation.test.ts
  ‚óè Test suite failed to run

    [96msrc/hooks/__tests__/useRealtime-timer-cancellation.test.ts[0m:[93m49[0m:[93m5[0m - [91merror[0m[90m TS2353: [0mObject literal may only specify known properties, and 'winner_position' does not exist in type 'GameState'.

    [7m49[0m     winner_position: null,
    [7m  [0m [91m    ~~~~~~~~~~~~~~~[0m

FAIL src/__tests__/multiplayer/critical-rules.test.ts (19.117 s)
  ‚óè Critical Multiplayer Rules - Server-Side Validation ‚Ä∫ Rule 1: Cannot pass when leading ‚Ä∫ Server should reject pass when last_play is null (player is leading)

    EXPO_PUBLIC_SUPABASE_ANON_KEY not set in environment

      40 |   beforeAll(async () => {
      41 |     if (!SUPABASE_ANON_KEY) {
    > 42 |       throw new Error('EXPO_PUBLIC_SUPABASE_ANON_KEY not set in environment');
         |             ^
      43 |     }
      44 |     supabase = createClient(SUPABASE_URL, SUPABASE_ANON_KEY);
      45 |   });

      at Object.<anonymous> (src/__tests__/multiplayer/critical-rules.test.ts:42:13)

  ‚óè Critical Multiplayer Rules - Server-Side Validation ‚Ä∫ Rule 1: Cannot pass when leading ‚Ä∫ Server should allow pass when last_play exists (player is not leading)

    EXPO_PUBLIC_SUPABASE_ANON_KEY not set in environment

      40 |   beforeAll(async () => {
      41 |     if (!SUPABASE_ANON_KEY) {
    > 42 |       throw new Error('EXPO_PUBLIC_SUPABASE_ANON_KEY not set in environment');
         |             ^
      43 |     }
      44 |     supabase = createClient(SUPABASE_URL, SUPABASE_ANON_KEY);
      45 |   });

      at Object.<anonymous> (src/__tests__/multiplayer/critical-rules.test.ts:42:13)

  ‚óè Critical Multiplayer Rules - Server-Side Validation ‚Ä∫ Rule 2: First play must include 3‚ô¶ ‚Ä∫ Server should reject first play without 3‚ô¶

    EXPO_PUBLIC_SUPABASE_ANON_KEY not set in environment

      40 |   beforeAll(async () => {
      41 |     if (!SUPABASE_ANON_KEY) {
    > 42 |       throw new Error('EXPO_PUBLIC_SUPABASE_ANON_KEY not set in environment');
         |             ^
      43 |     }
      44 |     supabase = createClient(SUPABASE_URL, SUPABASE_ANON_KEY);
      45 |   });

      at Object.<anonymous> (src/__tests__/multiplayer/critical-rules.test.ts:42:13)

  ‚óè Critical Multiplayer Rules - Server-Side Validation ‚Ä∫ Rule 2: First play must include 3‚ô¶ ‚Ä∫ Server should accept first play with 3‚ô¶ alone

    EXPO_PUBLIC_SUPABASE_ANON_KEY not set in environment

      40 |   beforeAll(async () => {
      41 |     if (!SUPABASE_ANON_KEY) {
    > 42 |       throw new Error('EXPO_PUBLIC_SUPABASE_ANON_KEY not set in environment');
         |             ^
      43 |     }
      44 |     supabase = createClient(SUPABASE_URL, SUPABASE_ANON_KEY);
      45 |   });

      at Object.<anonymous> (src/__tests__/multiplayer/critical-rules.test.ts:42:13)

  ‚óè Critical Multiplayer Rules - Server-Side Validation ‚Ä∫ Rule 2: First play must include 3‚ô¶ ‚Ä∫ Server should accept first play with 3‚ô¶ in a pair

    EXPO_PUBLIC_SUPABASE_ANON_KEY not set in environment

      40 |   beforeAll(async () => {
      41 |     if (!SUPABASE_ANON_KEY) {
    > 42 |       throw new Error('EXPO_PUBLIC_SUPABASE_ANON_KEY not set in environment');
         |             ^
      43 |     }
      44 |     supabase = createClient(SUPABASE_URL, SUPABASE_ANON_KEY);
      45 |   });

      at Object.<anonymous> (src/__tests__/multiplayer/critical-rules.test.ts:42:13)

  ‚óè Critical Multiplayer Rules - Server-Side Validation ‚Ä∫ Rule 2: First play must include 3‚ô¶ ‚Ä∫ Server should accept first play with 3‚ô¶ in a 5-card combo (straight)

    EXPO_PUBLIC_SUPABASE_ANON_KEY not set in environment

      40 |   beforeAll(async () => {
      41 |     if (!SUPABASE_ANON_KEY) {
    > 42 |       throw new Error('EXPO_PUBLIC_SUPABASE_ANON_KEY not set in environment');
         |             ^
      43 |     }
      44 |     supabase = createClient(SUPABASE_URL, SUPABASE_ANON_KEY);
      45 |   });

      at Object.<anonymous> (src/__tests__/multiplayer/critical-rules.test.ts:42:13)

PASS src/__tests__/fixes/memory-leak.test.ts
PASS src/components/gameRoom/__tests__/LandscapeOvalTable.test.tsx (20.026 s)
FAIL src/hooks/__tests__/usePlayHistoryTracking.test.tsx (20.165 s)
  ‚óè usePlayHistoryTracking ‚Ä∫ should convert roundHistory to PlayHistoryMatch

    expect(jest.fn()).toHaveBeenCalledWith(...expected)

    Expected: StringContaining "[PlayHistory] Updated match 1 with 2 hands"

    Number of calls: 0

      141 |
      142 |     // Check that update was logged
    > 143 |     expect(consoleLogSpy).toHaveBeenCalledWith(
          |                           ^
      144 |       expect.stringContaining('[PlayHistory] Updated match 1 with 2 hands')
      145 |     );
      146 |

      at Object.<anonymous> (src/hooks/__tests__/usePlayHistoryTracking.test.tsx:143:27)

  ‚óè usePlayHistoryTracking ‚Ä∫ should filter out passed entries (no cards played)

    expect(jest.fn()).toHaveBeenCalledWith(...expected)

    Expected: StringContaining "[PlayHistory] Updated match 1 with 2 hands"

    Number of calls: 0

      158 |
      159 |     // Should log 2 hands (1 single + 1 pair), not 3 (pass entry filtered out)
    > 160 |     expect(consoleLogSpy).toHaveBeenCalledWith(
          |                           ^
      161 |       expect.stringContaining('[PlayHistory] Updated match 1 with 2 hands')
      162 |     );
      163 |

      at Object.<anonymous> (src/hooks/__tests__/usePlayHistoryTracking.test.tsx:160:27)

  ‚óè usePlayHistoryTracking ‚Ä∫ should update when new plays are added

    expect(jest.fn()).toHaveBeenCalledWith(...expected)

    Expected: StringContaining "[PlayHistory] Updated match 1 with 3 hands"

    Number of calls: 0

      196 |
      197 |     // Should log update with 3 hands now
    > 198 |     expect(consoleLogSpy).toHaveBeenCalledWith(
          |                           ^
      199 |       expect.stringContaining('[PlayHistory] Updated match 1 with 3 hands')
      200 |     );
      201 |

      at Object.<anonymous> (src/hooks/__tests__/usePlayHistoryTracking.test.tsx:198:27)

  ‚óè usePlayHistoryTracking ‚Ä∫ should update when match number changes

    expect(jest.fn()).toHaveBeenCalledWith(...expected)

    Expected: StringContaining "[PlayHistory] Updated match 2 with 1 hands"

    Number of calls: 0

      237 |
      238 |     // Should log update for match 2
    > 239 |     expect(consoleLogSpy).toHaveBeenCalledWith(
          |                           ^
      240 |       expect.stringContaining('[PlayHistory] Updated match 2 with 1 hands')
      241 |     );
      242 |

      at Object.<anonymous> (src/hooks/__tests__/usePlayHistoryTracking.test.tsx:239:27)

  ‚óè usePlayHistoryTracking ‚Ä∫ should handle match end (winnerId set)

    expect(jest.fn()).toHaveBeenCalledWith(...expected)

    Expected: StringContaining "[PlayHistory] Updated match 1 with 2 hands"

    Number of calls: 0

      257 |
      258 |     // Should still update (will include winner info)
    > 259 |     expect(consoleLogSpy).toHaveBeenCalledWith(
          |                           ^
      260 |       expect.stringContaining('[PlayHistory] Updated match 1 with 2 hands')
      261 |     );
      262 |

      at Object.<anonymous> (src/hooks/__tests__/usePlayHistoryTracking.test.tsx:259:27)

PASS src/hooks/__tests__/useAdaptiveLandscapeLayout.test.ts
PASS src/components/gameRoom/__tests__/LandscapeYourPosition.test.tsx (20.474 s)
FAIL src/hooks/__tests__/useRealtime.test.ts
  ‚óè Test suite failed to run

    [96msrc/hooks/useRealtime.ts[0m:[93m302[0m:[93m45[0m - [91merror[0m[90m TS2694: [0mNamespace 'global.NodeJS' has no exported member 'Timeout'.

    [7m302[0m   const activeTimerInterval = useRef<NodeJS.Timeout | null>(null);
    [7m   [0m [91m                                            ~~~~~~~[0m
    [96msrc/hooks/useRealtime.ts[0m:[93m686[0m:[93m35[0m - [91merror[0m[90m TS7015: [0mElement implicitly has an 'any' type because index expression is not of type 'number'.

    [7m686[0m       const myHand = currentHands[myHandKey] || [];
    [7m   [0m [91m                                  ~~~~~~~~~[0m
    [96msrc/hooks/useRealtime.ts[0m:[93m705[0m:[93m32[0m - [91merror[0m[90m TS18048: [0m'effectivePlayerIndex' is possibly 'undefined'.

    [7m705[0m       const nextPlayerIndex = (effectivePlayerIndex + 1) % roomPlayers.length;
    [7m   [0m [91m                               ~~~~~~~~~~~~~~~~~~~~[0m
    [96msrc/hooks/useRealtime.ts[0m:[93m730[0m:[93m24[0m - [91merror[0m[90m TS7053: [0mElement implicitly has an 'any' type because expression of type 'any' can't be used to index type '{}'.

    [7m730[0m           const hand = updatedHands[rp.player_index];
    [7m   [0m [91m                       ~~~~~~~~~~~~~~~~~~~~~~~~~~~~~[0m
    [96msrc/hooks/useRealtime.ts[0m:[93m806[0m:[93m13[0m - [91merror[0m[90m TS2322: [0mType 'number | undefined' is not assignable to type 'number'.
      Type 'undefined' is not assignable to type 'number'.

    [7m806[0m             position: effectivePlayerIndex,
    [7m   [0m [91m            ~~~~~~~~[0m

      [96msrc/types/multiplayer.ts[0m:[93m80[0m:[93m3[0m
        [7m80[0m   position: number;
        [7m  [0m [96m  ~~~~~~~~[0m
        The expected type comes from property 'position' which is declared here on type 'LastPlay'

PASS src/game/__tests__/auto-pass-timer.test.ts
PASS src/components/game/__tests__/CardHand.test.tsx
PASS src/utils/__tests__/hintLogic.test.ts
PASS src/game/__tests__/game-logic.test.ts
PASS src/components/gameRoom/__tests__/LandscapeCard.test.tsx
PASS src/components/gameRoom/__tests__/LandscapeCard-simple.test.tsx
PASS src/game/__tests__/highest-play-detector.test.ts
PASS src/utils/__tests__/helperButtonUtils.test.ts
PASS src/components/scoreboard/__tests__/ScoreboardComponents.test.tsx
PASS src/game/__tests__/five-card-combo-classification.test.ts
PASS src/components/gameEnd/__tests__/GameEndIntegration.test.tsx
PASS src/__tests__/fixes/audio-stress.test.ts (23.426 s)
PASS src/components/scoreboard/__tests__/ScoreboardIntegration.test.tsx
PASS src/utils/__tests__/cardOverlap.test.ts
PASS src/game/__tests__/bot-extended.test.ts
PASS src/hooks/__tests__/useRealtime-autopass.test.ts
PASS src/constants/__tests__/landscape.test.ts
PASS src/constants/__tests__/landscape-simple.test.ts
PASS src/components/gameEnd/__tests__/FinalStandings.test.tsx
PASS src/components/gameRoom/__tests__/LandscapeScoreboard.test.tsx
PASS src/game/__tests__/one-card-left-debug.test.ts
PASS src/components/gameRoom/__tests__/LandscapeIntegration.test.ts
PASS src/components/gameEnd/__tests__/Fireworks.test.tsx
PASS src/components/game/__tests__/Card.test.tsx
PASS src/utils/__tests__/scaling.test.ts
PASS src/utils/__tests__/cardSorting.test.ts
PASS src/game/__tests__/bot.test.ts
PASS src/game/__tests__/scoring.test.ts
FAIL src/hooks/__tests__/useRealtime-timer-integration.test.ts
  ‚óè Test suite failed to run

    [96msrc/hooks/__tests__/useRealtime-timer-integration.test.ts[0m:[93m221[0m:[93m11[0m - [91merror[0m[90m TS2353: [0mObject literal may only specify known properties, and 'winner_position' does not exist in type 'GameState'.

    [7m221[0m           winner_position: null,
    [7m   [0m [91m          ~~~~~~~~~~~~~~~[0m
    [96msrc/hooks/__tests__/useRealtime-timer-integration.test.ts[0m:[93m306[0m:[93m15[0m - [91merror[0m[90m TS2353: [0mObject literal may only specify known properties, and 'winner_position' does not exist in type 'GameState'.

    [7m306[0m               winner_position: null,
    [7m   [0m [91m              ~~~~~~~~~~~~~~~[0m
    [96msrc/hooks/__tests__/useRealtime-timer-integration.test.ts[0m:[93m382[0m:[93m11[0m - [91merror[0m[90m TS2353: [0mObject literal may only specify known properties, and 'winner_position' does not exist in type 'GameState'.

    [7m382[0m           winner_position: null,
    [7m   [0m [91m          ~~~~~~~~~~~~~~~[0m

PASS src/game/__tests__/game-logic-extended.test.ts
PASS src/contexts/__tests__/ScoreboardContext.test.tsx
PASS src/components/gameRoom/__tests__/LandscapeControlBar.test.tsx
PASS src/__tests__/fixes/race-condition.test.ts
PASS src/components/gameEnd/__tests__/GameEndModal.test.tsx
FAIL src/components/game/__tests__/AutoPassTimerEdgeCases.test.tsx
  ‚óè AutoPassTimer - Edge Cases ‚Ä∫ Player Disconnection ‚Ä∫ should continue countdown when player disconnects

    ReferenceError: requestAnimationFrame is not defined

      52 |     };
      53 |     
    > 54 |     animationFrameId = requestAnimationFrame(updateTime);
         |     ^
      55 |     
      56 |     return () => {
      57 |       cancelAnimationFrame(animationFrameId);

      at src/components/game/AutoPassTimer.tsx:54:5
      at Object.react-stack-bottom-frame (node_modules/.pnpm/react-test-renderer@19.1.0_react@19.1.0/node_modules/react-test-renderer/cjs/react-test-renderer.development.js:14062:20)
      at runWithFiberInDEV (node_modules/.pnpm/react-test-renderer@19.1.0_react@19.1.0/node_modules/react-test-renderer/cjs/react-test-renderer.development.js:1574:13)
      at commitHookEffectListMount (node_modules/.pnpm/react-test-renderer@19.1.0_react@19.1.0/node_modules/react-test-renderer/cjs/react-test-renderer.development.js:8376:29)
      at commitHookPassiveMountEffects (node_modules/.pnpm/react-test-renderer@19.1.0_react@19.1.0/node_modules/react-test-renderer/cjs/react-test-renderer.development.js:8465:11)
      at commitPassiveMountOnFiber (node_modules/.pnpm/react-test-renderer@19.1.0_react@19.1.0/node_modules/react-test-renderer/cjs/react-test-renderer.development.js:9782:13)
      at recursivelyTraversePassiveMountEffects (node_modules/.pnpm/react-test-renderer@19.1.0_react@19.1.0/node_modules/react-test-renderer/cjs/react-test-renderer.development.js:9756:11)
      at commitPassiveMountOnFiber (node_modules/.pnpm/react-test-renderer@19.1.0_react@19.1.0/node_modules/react-test-renderer/cjs/react-test-renderer.development.js:9794:11)
      at flushPendingEffects (node_modules/.pnpm/react-test-renderer@19.1.0_react@19.1.0/node_modules/react-test-renderer/cjs/react-test-renderer.development.js:11528:11)
      at performWorkOnRootViaSchedulerTask (node_modules/.pnpm/react-test-renderer@19.1.0_react@19.1.0/node_modules/react-test-renderer/cjs/react-test-renderer.development.js:2082:11)
      at flushActQueue (node_modules/.pnpm/react@19.1.0/node_modules/react/cjs/react.development.js:566:34)
      at Object.<anonymous>.process.env.NODE_ENV.exports.act (node_modules/.pnpm/react@19.1.0/node_modules/react/cjs/react.development.js:859:10)
      at actImplementation (node_modules/.pnpm/@testing-library+react-native@13.3.3_jest@29.7.0_@types+node@24.10.1__react-native@0.81_f117036a14a6b919a1aa1996a1219c5a/node_modules/@testing-library/react-native/src/act.ts:30:25)
      at renderWithAct (node_modules/.pnpm/@testing-library+react-native@13.3.3_jest@29.7.0_@types+node@24.10.1__react-native@0.81_f117036a14a6b919a1aa1996a1219c5a/node_modules/@testing-library/react-native/src/render-act.ts:13:11)
      at renderInternal (node_modules/.pnpm/@testing-library+react-native@13.3.3_jest@29.7.0_@types+node@24.10.1__react-native@0.81_f117036a14a6b919a1aa1996a1219c5a/node_modules/@testing-library/react-native/src/render.tsx:69:33)
      at renderInternal (node_modules/.pnpm/@testing-library+react-native@13.3.3_jest@29.7.0_@types+node@24.10.1__react-native@0.81_f117036a14a6b919a1aa1996a1219c5a/node_modules/@testing-library/react-native/src/render.tsx:44:10)
      at Object.<anonymous> (src/components/game/__tests__/AutoPassTimerEdgeCases.test.tsx:50:35)

  ‚óè AutoPassTimer - Edge Cases ‚Ä∫ Player Disconnection ‚Ä∫ should restore correct countdown after reconnection

    ReferenceError: requestAnimationFrame is not defined

      52 |     };
      53 |     
    > 54 |     animationFrameId = requestAnimationFrame(updateTime);
         |     ^
      55 |     
      56 |     return () => {
      57 |       cancelAnimationFrame(animationFrameId);

      at src/components/game/AutoPassTimer.tsx:54:5
      at Object.react-stack-bottom-frame (node_modules/.pnpm/react-test-renderer@19.1.0_react@19.1.0/node_modules/react-test-renderer/cjs/react-test-renderer.development.js:14062:20)
      at runWithFiberInDEV (node_modules/.pnpm/react-test-renderer@19.1.0_react@19.1.0/node_modules/react-test-renderer/cjs/react-test-renderer.development.js:1574:13)
      at commitHookEffectListMount (node_modules/.pnpm/react-test-renderer@19.1.0_react@19.1.0/node_modules/react-test-renderer/cjs/react-test-renderer.development.js:8376:29)
      at commitHookPassiveMountEffects (node_modules/.pnpm/react-test-renderer@19.1.0_react@19.1.0/node_modules/react-test-renderer/cjs/react-test-renderer.development.js:8465:11)
      at commitPassiveMountOnFiber (node_modules/.pnpm/react-test-renderer@19.1.0_react@19.1.0/node_modules/react-test-renderer/cjs/react-test-renderer.development.js:9782:13)
      at recursivelyTraversePassiveMountEffects (node_modules/.pnpm/react-test-renderer@19.1.0_react@19.1.0/node_modules/react-test-renderer/cjs/react-test-renderer.development.js:9756:11)
      at commitPassiveMountOnFiber (node_modules/.pnpm/react-test-renderer@19.1.0_react@19.1.0/node_modules/react-test-renderer/cjs/react-test-renderer.development.js:9794:11)
      at flushPendingEffects (node_modules/.pnpm/react-test-renderer@19.1.0_react@19.1.0/node_modules/react-test-renderer/cjs/react-test-renderer.development.js:11528:11)
      at performWorkOnRootViaSchedulerTask (node_modules/.pnpm/react-test-renderer@19.1.0_react@19.1.0/node_modules/react-test-renderer/cjs/react-test-renderer.development.js:2082:11)
      at flushActQueue (node_modules/.pnpm/react@19.1.0/node_modules/react/cjs/react.development.js:566:34)
      at Object.<anonymous>.process.env.NODE_ENV.exports.act (node_modules/.pnpm/react@19.1.0/node_modules/react/cjs/react.development.js:859:10)
      at actImplementation (node_modules/.pnpm/@testing-library+react-native@13.3.3_jest@29.7.0_@types+node@24.10.1__react-native@0.81_f117036a14a6b919a1aa1996a1219c5a/node_modules/@testing-library/react-native/src/act.ts:30:25)
      at renderWithAct (node_modules/.pnpm/@testing-library+react-native@13.3.3_jest@29.7.0_@types+node@24.10.1__react-native@0.81_f117036a14a6b919a1aa1996a1219c5a/node_modules/@testing-library/react-native/src/render-act.ts:13:11)
      at renderInternal (node_modules/.pnpm/@testing-library+react-native@13.3.3_jest@29.7.0_@types+node@24.10.1__react-native@0.81_f117036a14a6b919a1aa1996a1219c5a/node_modules/@testing-library/react-native/src/render.tsx:69:33)
      at renderInternal (node_modules/.pnpm/@testing-library+react-native@13.3.3_jest@29.7.0_@types+node@24.10.1__react-native@0.81_f117036a14a6b919a1aa1996a1219c5a/node_modules/@testing-library/react-native/src/render.tsx:44:10)
      at Object.<anonymous> (src/components/game/__tests__/AutoPassTimerEdgeCases.test.tsx:72:35)

  ‚óè AutoPassTimer - Edge Cases ‚Ä∫ Room Closure ‚Ä∫ should cleanup timer when room closes

    ReferenceError: requestAnimationFrame is not defined

      52 |     };
      53 |     
    > 54 |     animationFrameId = requestAnimationFrame(updateTime);
         |     ^
      55 |     
      56 |     return () => {
      57 |       cancelAnimationFrame(animationFrameId);

      at src/components/game/AutoPassTimer.tsx:54:5
      at Object.react-stack-bottom-frame (node_modules/.pnpm/react-test-renderer@19.1.0_react@19.1.0/node_modules/react-test-renderer/cjs/react-test-renderer.development.js:14062:20)
      at runWithFiberInDEV (node_modules/.pnpm/react-test-renderer@19.1.0_react@19.1.0/node_modules/react-test-renderer/cjs/react-test-renderer.development.js:1574:13)
      at commitHookEffectListMount (node_modules/.pnpm/react-test-renderer@19.1.0_react@19.1.0/node_modules/react-test-renderer/cjs/react-test-renderer.development.js:8376:29)
      at commitHookPassiveMountEffects (node_modules/.pnpm/react-test-renderer@19.1.0_react@19.1.0/node_modules/react-test-renderer/cjs/react-test-renderer.development.js:8465:11)
      at commitPassiveMountOnFiber (node_modules/.pnpm/react-test-renderer@19.1.0_react@19.1.0/node_modules/react-test-renderer/cjs/react-test-renderer.development.js:9782:13)
      at recursivelyTraversePassiveMountEffects (node_modules/.pnpm/react-test-renderer@19.1.0_react@19.1.0/node_modules/react-test-renderer/cjs/react-test-renderer.development.js:9756:11)
      at commitPassiveMountOnFiber (node_modules/.pnpm/react-test-renderer@19.1.0_react@19.1.0/node_modules/react-test-renderer/cjs/react-test-renderer.development.js:9794:11)
      at flushPendingEffects (node_modules/.pnpm/react-test-renderer@19.1.0_react@19.1.0/node_modules/react-test-renderer/cjs/react-test-renderer.development.js:11528:11)
      at performWorkOnRootViaSchedulerTask (node_modules/.pnpm/react-test-renderer@19.1.0_react@19.1.0/node_modules/react-test-renderer/cjs/react-test-renderer.development.js:2082:11)
      at flushActQueue (node_modules/.pnpm/react@19.1.0/node_modules/react/cjs/react.development.js:566:34)
      at Object.<anonymous>.process.env.NODE_ENV.exports.act (node_modules/.pnpm/react@19.1.0/node_modules/react/cjs/react.development.js:859:10)
      at actImplementation (node_modules/.pnpm/@testing-library+react-native@13.3.3_jest@29.7.0_@types+node@24.10.1__react-native@0.81_f117036a14a6b919a1aa1996a1219c5a/node_modules/@testing-library/react-native/src/act.ts:30:25)
      at renderWithAct (node_modules/.pnpm/@testing-library+react-native@13.3.3_jest@29.7.0_@types+node@24.10.1__react-native@0.81_f117036a14a6b919a1aa1996a1219c5a/node_modules/@testing-library/react-native/src/render-act.ts:13:11)
      at renderInternal (node_modules/.pnpm/@testing-library+react-native@13.3.3_jest@29.7.0_@types+node@24.10.1__react-native@0.81_f117036a14a6b919a1aa1996a1219c5a/node_modules/@testing-library/react-native/src/render.tsx:69:33)
      at renderInternal (node_modules/.pnpm/@testing-library+react-native@13.3.3_jest@29.7.0_@types+node@24.10.1__react-native@0.81_f117036a14a6b919a1aa1996a1219c5a/node_modules/@testing-library/react-native/src/render.tsx:44:10)
      at Object.<anonymous> (src/components/game/__tests__/AutoPassTimerEdgeCases.test.tsx:115:33)

  ‚óè AutoPassTimer - Edge Cases ‚Ä∫ Sequential Timers ‚Ä∫ should handle back-to-back timer starts correctly

    ReferenceError: requestAnimationFrame is not defined

      52 |     };
      53 |     
    > 54 |     animationFrameId = requestAnimationFrame(updateTime);
         |     ^
      55 |     
      56 |     return () => {
      57 |       cancelAnimationFrame(animationFrameId);

      at src/components/game/AutoPassTimer.tsx:54:5
      at Object.react-stack-bottom-frame (node_modules/.pnpm/react-test-renderer@19.1.0_react@19.1.0/node_modules/react-test-renderer/cjs/react-test-renderer.development.js:14062:20)
      at runWithFiberInDEV (node_modules/.pnpm/react-test-renderer@19.1.0_react@19.1.0/node_modules/react-test-renderer/cjs/react-test-renderer.development.js:1574:13)
      at commitHookEffectListMount (node_modules/.pnpm/react-test-renderer@19.1.0_react@19.1.0/node_modules/react-test-renderer/cjs/react-test-renderer.development.js:8376:29)
      at commitHookPassiveMountEffects (node_modules/.pnpm/react-test-renderer@19.1.0_react@19.1.0/node_modules/react-test-renderer/cjs/react-test-renderer.development.js:8465:11)
      at commitPassiveMountOnFiber (node_modules/.pnpm/react-test-renderer@19.1.0_react@19.1.0/node_modules/react-test-renderer/cjs/react-test-renderer.development.js:9782:13)
      at recursivelyTraversePassiveMountEffects (node_modules/.pnpm/react-test-renderer@19.1.0_react@19.1.0/node_modules/react-test-renderer/cjs/react-test-renderer.development.js:9756:11)
      at commitPassiveMountOnFiber (node_modules/.pnpm/react-test-renderer@19.1.0_react@19.1.0/node_modules/react-test-renderer/cjs/react-test-renderer.development.js:9794:11)
      at flushPendingEffects (node_modules/.pnpm/react-test-renderer@19.1.0_react@19.1.0/node_modules/react-test-renderer/cjs/react-test-renderer.development.js:11528:11)
      at performWorkOnRootViaSchedulerTask (node_modules/.pnpm/react-test-renderer@19.1.0_react@19.1.0/node_modules/react-test-renderer/cjs/react-test-renderer.development.js:2082:11)
      at flushActQueue (node_modules/.pnpm/react@19.1.0/node_modules/react/cjs/react.development.js:566:34)
      at Object.<anonymous>.process.env.NODE_ENV.exports.act (node_modules/.pnpm/react@19.1.0/node_modules/react/cjs/react.development.js:859:10)
      at actImplementation (node_modules/.pnpm/@testing-library+react-native@13.3.3_jest@29.7.0_@types+node@24.10.1__react-native@0.81_f117036a14a6b919a1aa1996a1219c5a/node_modules/@testing-library/react-native/src/act.ts:30:25)
      at renderWithAct (node_modules/.pnpm/@testing-library+react-native@13.3.3_jest@29.7.0_@types+node@24.10.1__react-native@0.81_f117036a14a6b919a1aa1996a1219c5a/node_modules/@testing-library/react-native/src/render-act.ts:13:11)
      at renderInternal (node_modules/.pnpm/@testing-library+react-native@13.3.3_jest@29.7.0_@types+node@24.10.1__react-native@0.81_f117036a14a6b919a1aa1996a1219c5a/node_modules/@testing-library/react-native/src/render.tsx:69:33)
      at renderInternal (node_modules/.pnpm/@testing-library+react-native@13.3.3_jest@29.7.0_@types+node@24.10.1__react-native@0.81_f117036a14a6b919a1aa1996a1219c5a/node_modules/@testing-library/react-native/src/render.tsx:44:10)
      at Object.<anonymous> (src/components/game/__tests__/AutoPassTimerEdgeCases.test.tsx:141:45)

  ‚óè AutoPassTimer - Edge Cases ‚Ä∫ Sequential Timers ‚Ä∫ should handle rapid timer cancellations

    ReferenceError: requestAnimationFrame is not defined

      52 |     };
      53 |     
    > 54 |     animationFrameId = requestAnimationFrame(updateTime);
         |     ^
      55 |     
      56 |     return () => {
      57 |       cancelAnimationFrame(animationFrameId);

      at src/components/game/AutoPassTimer.tsx:54:5
      at Object.react-stack-bottom-frame (node_modules/.pnpm/react-test-renderer@19.1.0_react@19.1.0/node_modules/react-test-renderer/cjs/react-test-renderer.development.js:14062:20)
      at runWithFiberInDEV (node_modules/.pnpm/react-test-renderer@19.1.0_react@19.1.0/node_modules/react-test-renderer/cjs/react-test-renderer.development.js:1574:13)
      at commitHookEffectListMount (node_modules/.pnpm/react-test-renderer@19.1.0_react@19.1.0/node_modules/react-test-renderer/cjs/react-test-renderer.development.js:8376:29)
      at commitHookPassiveMountEffects (node_modules/.pnpm/react-test-renderer@19.1.0_react@19.1.0/node_modules/react-test-renderer/cjs/react-test-renderer.development.js:8465:11)
      at commitPassiveMountOnFiber (node_modules/.pnpm/react-test-renderer@19.1.0_react@19.1.0/node_modules/react-test-renderer/cjs/react-test-renderer.development.js:9782:13)
      at recursivelyTraversePassiveMountEffects (node_modules/.pnpm/react-test-renderer@19.1.0_react@19.1.0/node_modules/react-test-renderer/cjs/react-test-renderer.development.js:9756:11)
      at commitPassiveMountOnFiber (node_modules/.pnpm/react-test-renderer@19.1.0_react@19.1.0/node_modules/react-test-renderer/cjs/react-test-renderer.development.js:9794:11)
      at flushPendingEffects (node_modules/.pnpm/react-test-renderer@19.1.0_react@19.1.0/node_modules/react-test-renderer/cjs/react-test-renderer.development.js:11528:11)
      at performWorkOnRootViaSchedulerTask (node_modules/.pnpm/react-test-renderer@19.1.0_react@19.1.0/node_modules/react-test-renderer/cjs/react-test-renderer.development.js:2082:11)
      at flushActQueue (node_modules/.pnpm/react@19.1.0/node_modules/react/cjs/react.development.js:566:34)
      at Object.<anonymous>.process.env.NODE_ENV.exports.act (node_modules/.pnpm/react@19.1.0/node_modules/react/cjs/react.development.js:859:10)
      at actImplementation (node_modules/.pnpm/@testing-library+react-native@13.3.3_jest@29.7.0_@types+node@24.10.1__react-native@0.81_f117036a14a6b919a1aa1996a1219c5a/node_modules/@testing-library/react-native/src/act.ts:30:25)
      at renderWithAct (node_modules/.pnpm/@testing-library+react-native@13.3.3_jest@29.7.0_@types+node@24.10.1__react-native@0.81_f117036a14a6b919a1aa1996a1219c5a/node_modules/@testing-library/react-native/src/render-act.ts:13:11)
      at renderInternal (node_modules/.pnpm/@testing-library+react-native@13.3.3_jest@29.7.0_@types+node@24.10.1__react-native@0.81_f117036a14a6b919a1aa1996a1219c5a/node_modules/@testing-library/react-native/src/render.tsx:69:33)
      at renderInternal (node_modules/.pnpm/@testing-library+react-native@13.3.3_jest@29.7.0_@types+node@24.10.1__react-native@0.81_f117036a14a6b919a1aa1996a1219c5a/node_modules/@testing-library/react-native/src/render.tsx:44:10)
      at Object.<anonymous> (src/components/game/__tests__/AutoPassTimerEdgeCases.test.tsx:187:34)

  ‚óè AutoPassTimer - Edge Cases ‚Ä∫ Manual Pass Cancellation ‚Ä∫ should clear timer when manual pass occurs

    ReferenceError: requestAnimationFrame is not defined

      52 |     };
      53 |     
    > 54 |     animationFrameId = requestAnimationFrame(updateTime);
         |     ^
      55 |     
      56 |     return () => {
      57 |       cancelAnimationFrame(animationFrameId);

      at src/components/game/AutoPassTimer.tsx:54:5
      at Object.react-stack-bottom-frame (node_modules/.pnpm/react-test-renderer@19.1.0_react@19.1.0/node_modules/react-test-renderer/cjs/react-test-renderer.development.js:14062:20)
      at runWithFiberInDEV (node_modules/.pnpm/react-test-renderer@19.1.0_react@19.1.0/node_modules/react-test-renderer/cjs/react-test-renderer.development.js:1574:13)
      at commitHookEffectListMount (node_modules/.pnpm/react-test-renderer@19.1.0_react@19.1.0/node_modules/react-test-renderer/cjs/react-test-renderer.development.js:8376:29)
      at commitHookPassiveMountEffects (node_modules/.pnpm/react-test-renderer@19.1.0_react@19.1.0/node_modules/react-test-renderer/cjs/react-test-renderer.development.js:8465:11)
      at commitPassiveMountOnFiber (node_modules/.pnpm/react-test-renderer@19.1.0_react@19.1.0/node_modules/react-test-renderer/cjs/react-test-renderer.development.js:9782:13)
      at recursivelyTraversePassiveMountEffects (node_modules/.pnpm/react-test-renderer@19.1.0_react@19.1.0/node_modules/react-test-renderer/cjs/react-test-renderer.development.js:9756:11)
      at commitPassiveMountOnFiber (node_modules/.pnpm/react-test-renderer@19.1.0_react@19.1.0/node_modules/react-test-renderer/cjs/react-test-renderer.development.js:9794:11)
      at flushPendingEffects (node_modules/.pnpm/react-test-renderer@19.1.0_react@19.1.0/node_modules/react-test-renderer/cjs/react-test-renderer.development.js:11528:11)
      at performWorkOnRootViaSchedulerTask (node_modules/.pnpm/react-test-renderer@19.1.0_react@19.1.0/node_modules/react-test-renderer/cjs/react-test-renderer.development.js:2082:11)
      at flushActQueue (node_modules/.pnpm/react@19.1.0/node_modules/react/cjs/react.development.js:566:34)
      at Object.<anonymous>.process.env.NODE_ENV.exports.act (node_modules/.pnpm/react@19.1.0/node_modules/react/cjs/react.development.js:859:10)
      at actImplementation (node_modules/.pnpm/@testing-library+react-native@13.3.3_jest@29.7.0_@types+node@24.10.1__react-native@0.81_f117036a14a6b919a1aa1996a1219c5a/node_modules/@testing-library/react-native/src/act.ts:30:25)
      at renderWithAct (node_modules/.pnpm/@testing-library+react-native@13.3.3_jest@29.7.0_@types+node@24.10.1__react-native@0.81_f117036a14a6b919a1aa1996a1219c5a/node_modules/@testing-library/react-native/src/render-act.ts:13:11)
      at renderInternal (node_modules/.pnpm/@testing-library+react-native@13.3.3_jest@29.7.0_@types+node@24.10.1__react-native@0.81_f117036a14a6b919a1aa1996a1219c5a/node_modules/@testing-library/react-native/src/render.tsx:69:33)
      at renderInternal (node_modules/.pnpm/@testing-library+react-native@13.3.3_jest@29.7.0_@types+node@24.10.1__react-native@0.81_f117036a14a6b919a1aa1996a1219c5a/node_modules/@testing-library/react-native/src/render.tsx:44:10)
      at Object.<anonymous> (src/components/game/__tests__/AutoPassTimerEdgeCases.test.tsx:224:47)

  ‚óè AutoPassTimer - Edge Cases ‚Ä∫ Game End During Timer ‚Ä∫ should handle game end gracefully

    ReferenceError: requestAnimationFrame is not defined

      52 |     };
      53 |     
    > 54 |     animationFrameId = requestAnimationFrame(updateTime);
         |     ^
      55 |     
      56 |     return () => {
      57 |       cancelAnimationFrame(animationFrameId);

      at src/components/game/AutoPassTimer.tsx:54:5
      at Object.react-stack-bottom-frame (node_modules/.pnpm/react-test-renderer@19.1.0_react@19.1.0/node_modules/react-test-renderer/cjs/react-test-renderer.development.js:14062:20)
      at runWithFiberInDEV (node_modules/.pnpm/react-test-renderer@19.1.0_react@19.1.0/node_modules/react-test-renderer/cjs/react-test-renderer.development.js:1574:13)
      at commitHookEffectListMount (node_modules/.pnpm/react-test-renderer@19.1.0_react@19.1.0/node_modules/react-test-renderer/cjs/react-test-renderer.development.js:8376:29)
      at commitHookPassiveMountEffects (node_modules/.pnpm/react-test-renderer@19.1.0_react@19.1.0/node_modules/react-test-renderer/cjs/react-test-renderer.development.js:8465:11)
      at commitPassiveMountOnFiber (node_modules/.pnpm/react-test-renderer@19.1.0_react@19.1.0/node_modules/react-test-renderer/cjs/react-test-renderer.development.js:9782:13)
      at recursivelyTraversePassiveMountEffects (node_modules/.pnpm/react-test-renderer@19.1.0_react@19.1.0/node_modules/react-test-renderer/cjs/react-test-renderer.development.js:9756:11)
      at commitPassiveMountOnFiber (node_modules/.pnpm/react-test-renderer@19.1.0_react@19.1.0/node_modules/react-test-renderer/cjs/react-test-renderer.development.js:9794:11)
      at flushPendingEffects (node_modules/.pnpm/react-test-renderer@19.1.0_react@19.1.0/node_modules/react-test-renderer/cjs/react-test-renderer.development.js:11528:11)
      at performWorkOnRootViaSchedulerTask (node_modules/.pnpm/react-test-renderer@19.1.0_react@19.1.0/node_modules/react-test-renderer/cjs/react-test-renderer.development.js:2082:11)
      at flushActQueue (node_modules/.pnpm/react@19.1.0/node_modules/react/cjs/react.development.js:566:34)
      at Object.<anonymous>.process.env.NODE_ENV.exports.act (node_modules/.pnpm/react@19.1.0/node_modules/react/cjs/react.development.js:859:10)
      at actImplementation (node_modules/.pnpm/@testing-library+react-native@13.3.3_jest@29.7.0_@types+node@24.10.1__react-native@0.81_f117036a14a6b919a1aa1996a1219c5a/node_modules/@testing-library/react-native/src/act.ts:30:25)
      at renderWithAct (node_modules/.pnpm/@testing-library+react-native@13.3.3_jest@29.7.0_@types+node@24.10.1__react-native@0.81_f117036a14a6b919a1aa1996a1219c5a/node_modules/@testing-library/react-native/src/render-act.ts:13:11)
      at renderInternal (node_modules/.pnpm/@testing-library+react-native@13.3.3_jest@29.7.0_@types+node@24.10.1__react-native@0.81_f117036a14a6b919a1aa1996a1219c5a/node_modules/@testing-library/react-native/src/render.tsx:69:33)
      at renderInternal (node_modules/.pnpm/@testing-library+react-native@13.3.3_jest@29.7.0_@types+node@24.10.1__react-native@0.81_f117036a14a6b919a1aa1996a1219c5a/node_modules/@testing-library/react-native/src/render.tsx:44:10)
      at Object.<anonymous> (src/components/game/__tests__/AutoPassTimerEdgeCases.test.tsx:250:33)

  ‚óè AutoPassTimer - Edge Cases ‚Ä∫ Invalid Timer States ‚Ä∫ should handle negative remaining_ms gracefully

    ReferenceError: requestAnimationFrame is not defined

      52 |     };
      53 |     
    > 54 |     animationFrameId = requestAnimationFrame(updateTime);
         |     ^
      55 |     
      56 |     return () => {
      57 |       cancelAnimationFrame(animationFrameId);

      at src/components/game/AutoPassTimer.tsx:54:5
      at Object.react-stack-bottom-frame (node_modules/.pnpm/react-test-renderer@19.1.0_react@19.1.0/node_modules/react-test-renderer/cjs/react-test-renderer.development.js:14062:20)
      at runWithFiberInDEV (node_modules/.pnpm/react-test-renderer@19.1.0_react@19.1.0/node_modules/react-test-renderer/cjs/react-test-renderer.development.js:1574:13)
      at commitHookEffectListMount (node_modules/.pnpm/react-test-renderer@19.1.0_react@19.1.0/node_modules/react-test-renderer/cjs/react-test-renderer.development.js:8376:29)
      at commitHookPassiveMountEffects (node_modules/.pnpm/react-test-renderer@19.1.0_react@19.1.0/node_modules/react-test-renderer/cjs/react-test-renderer.development.js:8465:11)
      at commitPassiveMountOnFiber (node_modules/.pnpm/react-test-renderer@19.1.0_react@19.1.0/node_modules/react-test-renderer/cjs/react-test-renderer.development.js:9782:13)
      at recursivelyTraversePassiveMountEffects (node_modules/.pnpm/react-test-renderer@19.1.0_react@19.1.0/node_modules/react-test-renderer/cjs/react-test-renderer.development.js:9756:11)
      at commitPassiveMountOnFiber (node_modules/.pnpm/react-test-renderer@19.1.0_react@19.1.0/node_modules/react-test-renderer/cjs/react-test-renderer.development.js:9794:11)
      at flushPendingEffects (node_modules/.pnpm/react-test-renderer@19.1.0_react@19.1.0/node_modules/react-test-renderer/cjs/react-test-renderer.development.js:11528:11)
      at performWorkOnRootViaSchedulerTask (node_modules/.pnpm/react-test-renderer@19.1.0_react@19.1.0/node_modules/react-test-renderer/cjs/react-test-renderer.development.js:2082:11)
      at flushActQueue (node_modules/.pnpm/react@19.1.0/node_modules/react/cjs/react.development.js:566:34)
      at Object.<anonymous>.process.env.NODE_ENV.exports.act (node_modules/.pnpm/react@19.1.0/node_modules/react/cjs/react.development.js:859:10)
      at actImplementation (node_modules/.pnpm/@testing-library+react-native@13.3.3_jest@29.7.0_@types+node@24.10.1__react-native@0.81_f117036a14a6b919a1aa1996a1219c5a/node_modules/@testing-library/react-native/src/act.ts:30:25)
      at renderWithAct (node_modules/.pnpm/@testing-library+react-native@13.3.3_jest@29.7.0_@types+node@24.10.1__react-native@0.81_f117036a14a6b919a1aa1996a1219c5a/node_modules/@testing-library/react-native/src/render-act.ts:13:11)
      at renderInternal (node_modules/.pnpm/@testing-library+react-native@13.3.3_jest@29.7.0_@types+node@24.10.1__react-native@0.81_f117036a14a6b919a1aa1996a1219c5a/node_modules/@testing-library/react-native/src/render.tsx:69:33)
      at renderInternal (node_modules/.pnpm/@testing-library+react-native@13.3.3_jest@29.7.0_@types+node@24.10.1__react-native@0.81_f117036a14a6b919a1aa1996a1219c5a/node_modules/@testing-library/react-native/src/render.tsx:44:10)
      at Object.<anonymous> (src/components/game/__tests__/AutoPassTimerEdgeCases.test.tsx:283:13)

  ‚óè AutoPassTimer - Edge Cases ‚Ä∫ Invalid Timer States ‚Ä∫ should handle invalid started_at timestamp

    RangeError: Invalid time value
        at Date.toISOString (<anonymous>)

      94 |     if (Math.floor(remaining / 1000) !== Math.floor((remaining - 16) / 1000)) {
      95 |       console.log('[AutoPassTimer] Fallback calculation (no endTimestamp):', {
    > 96 |         startedAt: new Date(startedAt).toISOString(),
         |                                        ^
      97 |         currentTime: new Date(currentTime).toISOString(),
      98 |         elapsed,
      99 |         durationMs,

      at calculateRemainingMs (src/components/game/AutoPassTimer.tsx:96:40)
      at AutoPassTimer (src/components/game/AutoPassTimer.tsx:108:23)
      at Object.react-stack-bottom-frame (node_modules/.pnpm/react-test-renderer@19.1.0_react@19.1.0/node_modules/react-test-renderer/cjs/react-test-renderer.development.js:13976:20)
      at renderWithHooks (node_modules/.pnpm/react-test-renderer@19.1.0_react@19.1.0/node_modules/react-test-renderer/cjs/react-test-renderer.development.js:2866:22)
      at updateFunctionComponent (node_modules/.pnpm/react-test-renderer@19.1.0_react@19.1.0/node_modules/react-test-renderer/cjs/react-test-renderer.development.js:6006:19)
      at beginWork (node_modules/.pnpm/react-test-renderer@19.1.0_react@19.1.0/node_modules/react-test-renderer/cjs/react-test-renderer.development.js:7474:18)
      at runWithFiberInDEV (node_modules/.pnpm/react-test-renderer@19.1.0_react@19.1.0/node_modules/react-test-renderer/cjs/react-test-renderer.development.js:1574:13)
      at performUnitOfWork (node_modules/.pnpm/react-test-renderer@19.1.0_react@19.1.0/node_modules/react-test-renderer/cjs/react-test-renderer.development.js:10980:22)
      at workLoopSync (node_modules/.pnpm/react-test-renderer@19.1.0_react@19.1.0/node_modules/react-test-renderer/cjs/react-test-renderer.development.js:10816:41)
      at renderRootSync (node_modules/.pnpm/react-test-renderer@19.1.0_react@19.1.0/node_modules/react-test-renderer/cjs/react-test-renderer.development.js:10797:11)
      at performWorkOnRoot (node_modules/.pnpm/react-test-renderer@19.1.0_react@19.1.0/node_modules/react-test-renderer/cjs/react-test-renderer.development.js:10384:39)
      at performWorkOnRootViaSchedulerTask (node_modules/.pnpm/react-test-renderer@19.1.0_react@19.1.0/node_modules/react-test-renderer/cjs/react-test-renderer.development.js:2094:7)
      at flushActQueue (node_modules/.pnpm/react@19.1.0/node_modules/react/cjs/react.development.js:566:34)
      at Object.<anonymous>.process.env.NODE_ENV.exports.act (node_modules/.pnpm/react@19.1.0/node_modules/react/cjs/react.development.js:859:10)
      at actImplementation (node_modules/.pnpm/@testing-library+react-native@13.3.3_jest@29.7.0_@types+node@24.10.1__react-native@0.81_f117036a14a6b919a1aa1996a1219c5a/node_modules/@testing-library/react-native/src/act.ts:30:25)
      at renderWithAct (node_modules/.pnpm/@testing-library+react-native@13.3.3_jest@29.7.0_@types+node@24.10.1__react-native@0.81_f117036a14a6b919a1aa1996a1219c5a/node_modules/@testing-library/react-native/src/render-act.ts:13:11)
      at renderInternal (node_modules/.pnpm/@testing-library+react-native@13.3.3_jest@29.7.0_@types+node@24.10.1__react-native@0.81_f117036a14a6b919a1aa1996a1219c5a/node_modules/@testing-library/react-native/src/render.tsx:69:33)
      at renderInternal (node_modules/.pnpm/@testing-library+react-native@13.3.3_jest@29.7.0_@types+node@24.10.1__react-native@0.81_f117036a14a6b919a1aa1996a1219c5a/node_modules/@testing-library/react-native/src/render.tsx:44:10)
      at Object.<anonymous> (src/components/game/__tests__/AutoPassTimerEdgeCases.test.tsx:302:13)

  ‚óè AutoPassTimer - Edge Cases ‚Ä∫ Network Failure Scenarios ‚Ä∫ should continue countdown during network outage

    ReferenceError: requestAnimationFrame is not defined

      52 |     };
      53 |     
    > 54 |     animationFrameId = requestAnimationFrame(updateTime);
         |     ^
      55 |     
      56 |     return () => {
      57 |       cancelAnimationFrame(animationFrameId);

      at src/components/game/AutoPassTimer.tsx:54:5
      at Object.react-stack-bottom-frame (node_modules/.pnpm/react-test-renderer@19.1.0_react@19.1.0/node_modules/react-test-renderer/cjs/react-test-renderer.development.js:14062:20)
      at runWithFiberInDEV (node_modules/.pnpm/react-test-renderer@19.1.0_react@19.1.0/node_modules/react-test-renderer/cjs/react-test-renderer.development.js:1574:13)
      at commitHookEffectListMount (node_modules/.pnpm/react-test-renderer@19.1.0_react@19.1.0/node_modules/react-test-renderer/cjs/react-test-renderer.development.js:8376:29)
      at commitHookPassiveMountEffects (node_modules/.pnpm/react-test-renderer@19.1.0_react@19.1.0/node_modules/react-test-renderer/cjs/react-test-renderer.development.js:8465:11)
      at commitPassiveMountOnFiber (node_modules/.pnpm/react-test-renderer@19.1.0_react@19.1.0/node_modules/react-test-renderer/cjs/react-test-renderer.development.js:9782:13)
      at recursivelyTraversePassiveMountEffects (node_modules/.pnpm/react-test-renderer@19.1.0_react@19.1.0/node_modules/react-test-renderer/cjs/react-test-renderer.development.js:9756:11)
      at commitPassiveMountOnFiber (node_modules/.pnpm/react-test-renderer@19.1.0_react@19.1.0/node_modules/react-test-renderer/cjs/react-test-renderer.development.js:9794:11)
      at flushPendingEffects (node_modules/.pnpm/react-test-renderer@19.1.0_react@19.1.0/node_modules/react-test-renderer/cjs/react-test-renderer.development.js:11528:11)
      at performWorkOnRootViaSchedulerTask (node_modules/.pnpm/react-test-renderer@19.1.0_react@19.1.0/node_modules/react-test-renderer/cjs/react-test-renderer.development.js:2082:11)
      at flushActQueue (node_modules/.pnpm/react@19.1.0/node_modules/react/cjs/react.development.js:566:34)
      at Object.<anonymous>.process.env.NODE_ENV.exports.act (node_modules/.pnpm/react@19.1.0/node_modules/react/cjs/react.development.js:859:10)
      at actImplementation (node_modules/.pnpm/@testing-library+react-native@13.3.3_jest@29.7.0_@types+node@24.10.1__react-native@0.81_f117036a14a6b919a1aa1996a1219c5a/node_modules/@testing-library/react-native/src/act.ts:30:25)
      at renderWithAct (node_modules/.pnpm/@testing-library+react-native@13.3.3_jest@29.7.0_@types+node@24.10.1__react-native@0.81_f117036a14a6b919a1aa1996a1219c5a/node_modules/@testing-library/react-native/src/render-act.ts:13:11)
      at renderInternal (node_modules/.pnpm/@testing-library+react-native@13.3.3_jest@29.7.0_@types+node@24.10.1__react-native@0.81_f117036a14a6b919a1aa1996a1219c5a/node_modules/@testing-library/react-native/src/render.tsx:69:33)
      at renderInternal (node_modules/.pnpm/@testing-library+react-native@13.3.3_jest@29.7.0_@types+node@24.10.1__react-native@0.81_f117036a14a6b919a1aa1996a1219c5a/node_modules/@testing-library/react-native/src/render.tsx:44:10)
      at Object.<anonymous> (src/components/game/__tests__/AutoPassTimerEdgeCases.test.tsx:343:35)

  ‚óè AutoPassTimer - Edge Cases ‚Ä∫ Network Failure Scenarios ‚Ä∫ should handle delayed WebSocket updates

    ReferenceError: requestAnimationFrame is not defined

      52 |     };
      53 |     
    > 54 |     animationFrameId = requestAnimationFrame(updateTime);
         |     ^
      55 |     
      56 |     return () => {
      57 |       cancelAnimationFrame(animationFrameId);

      at src/components/game/AutoPassTimer.tsx:54:5
      at Object.react-stack-bottom-frame (node_modules/.pnpm/react-test-renderer@19.1.0_react@19.1.0/node_modules/react-test-renderer/cjs/react-test-renderer.development.js:14062:20)
      at runWithFiberInDEV (node_modules/.pnpm/react-test-renderer@19.1.0_react@19.1.0/node_modules/react-test-renderer/cjs/react-test-renderer.development.js:1574:13)
      at commitHookEffectListMount (node_modules/.pnpm/react-test-renderer@19.1.0_react@19.1.0/node_modules/react-test-renderer/cjs/react-test-renderer.development.js:8376:29)
      at commitHookPassiveMountEffects (node_modules/.pnpm/react-test-renderer@19.1.0_react@19.1.0/node_modules/react-test-renderer/cjs/react-test-renderer.development.js:8465:11)
      at commitPassiveMountOnFiber (node_modules/.pnpm/react-test-renderer@19.1.0_react@19.1.0/node_modules/react-test-renderer/cjs/react-test-renderer.development.js:9782:13)
      at recursivelyTraversePassiveMountEffects (node_modules/.pnpm/react-test-renderer@19.1.0_react@19.1.0/node_modules/react-test-renderer/cjs/react-test-renderer.development.js:9756:11)
      at commitPassiveMountOnFiber (node_modules/.pnpm/react-test-renderer@19.1.0_react@19.1.0/node_modules/react-test-renderer/cjs/react-test-renderer.development.js:9794:11)
      at flushPendingEffects (node_modules/.pnpm/react-test-renderer@19.1.0_react@19.1.0/node_modules/react-test-renderer/cjs/react-test-renderer.development.js:11528:11)
      at performWorkOnRootViaSchedulerTask (node_modules/.pnpm/react-test-renderer@19.1.0_react@19.1.0/node_modules/react-test-renderer/cjs/react-test-renderer.development.js:2082:11)
      at flushActQueue (node_modules/.pnpm/react@19.1.0/node_modules/react/cjs/react.development.js:566:34)
      at Object.<anonymous>.process.env.NODE_ENV.exports.act (node_modules/.pnpm/react@19.1.0/node_modules/react/cjs/react.development.js:859:10)
      at actImplementation (node_modules/.pnpm/@testing-library+react-native@13.3.3_jest@29.7.0_@types+node@24.10.1__react-native@0.81_f117036a14a6b919a1aa1996a1219c5a/node_modules/@testing-library/react-native/src/act.ts:30:25)
      at renderWithAct (node_modules/.pnpm/@testing-library+react-native@13.3.3_jest@29.7.0_@types+node@24.10.1__react-native@0.81_f117036a14a6b919a1aa1996a1219c5a/node_modules/@testing-library/react-native/src/render-act.ts:13:11)
      at renderInternal (node_modules/.pnpm/@testing-library+react-native@13.3.3_jest@29.7.0_@types+node@24.10.1__react-native@0.81_f117036a14a6b919a1aa1996a1219c5a/node_modules/@testing-library/react-native/src/render.tsx:69:33)
      at renderInternal (node_modules/.pnpm/@testing-library+react-native@13.3.3_jest@29.7.0_@types+node@24.10.1__react-native@0.81_f117036a14a6b919a1aa1996a1219c5a/node_modules/@testing-library/react-native/src/render.tsx:44:10)
      at Object.<anonymous> (src/components/game/__tests__/AutoPassTimerEdgeCases.test.tsx:365:45)

  ‚óè AutoPassTimer - Edge Cases ‚Ä∫ Network Failure Scenarios ‚Ä∫ should recover from temporary component unmount

    ReferenceError: requestAnimationFrame is not defined

      52 |     };
      53 |     
    > 54 |     animationFrameId = requestAnimationFrame(updateTime);
         |     ^
      55 |     
      56 |     return () => {
      57 |       cancelAnimationFrame(animationFrameId);

      at src/components/game/AutoPassTimer.tsx:54:5
      at Object.react-stack-bottom-frame (node_modules/.pnpm/react-test-renderer@19.1.0_react@19.1.0/node_modules/react-test-renderer/cjs/react-test-renderer.development.js:14062:20)
      at runWithFiberInDEV (node_modules/.pnpm/react-test-renderer@19.1.0_react@19.1.0/node_modules/react-test-renderer/cjs/react-test-renderer.development.js:1574:13)
      at commitHookEffectListMount (node_modules/.pnpm/react-test-renderer@19.1.0_react@19.1.0/node_modules/react-test-renderer/cjs/react-test-renderer.development.js:8376:29)
      at commitHookPassiveMountEffects (node_modules/.pnpm/react-test-renderer@19.1.0_react@19.1.0/node_modules/react-test-renderer/cjs/react-test-renderer.development.js:8465:11)
      at commitPassiveMountOnFiber (node_modules/.pnpm/react-test-renderer@19.1.0_react@19.1.0/node_modules/react-test-renderer/cjs/react-test-renderer.development.js:9782:13)
      at recursivelyTraversePassiveMountEffects (node_modules/.pnpm/react-test-renderer@19.1.0_react@19.1.0/node_modules/react-test-renderer/cjs/react-test-renderer.development.js:9756:11)
      at commitPassiveMountOnFiber (node_modules/.pnpm/react-test-renderer@19.1.0_react@19.1.0/node_modules/react-test-renderer/cjs/react-test-renderer.development.js:9794:11)
      at flushPendingEffects (node_modules/.pnpm/react-test-renderer@19.1.0_react@19.1.0/node_modules/react-test-renderer/cjs/react-test-renderer.development.js:11528:11)
      at performWorkOnRootViaSchedulerTask (node_modules/.pnpm/react-test-renderer@19.1.0_react@19.1.0/node_modules/react-test-renderer/cjs/react-test-renderer.development.js:2082:11)
      at flushActQueue (node_modules/.pnpm/react@19.1.0/node_modules/react/cjs/react.development.js:566:34)
      at Object.<anonymous>.process.env.NODE_ENV.exports.act (node_modules/.pnpm/react@19.1.0/node_modules/react/cjs/react.development.js:859:10)
      at actImplementation (node_modules/.pnpm/@testing-library+react-native@13.3.3_jest@29.7.0_@types+node@24.10.1__react-native@0.81_f117036a14a6b919a1aa1996a1219c5a/node_modules/@testing-library/react-native/src/act.ts:30:25)
      at renderWithAct (node_modules/.pnpm/@testing-library+react-native@13.3.3_jest@29.7.0_@types+node@24.10.1__react-native@0.81_f117036a14a6b919a1aa1996a1219c5a/node_modules/@testing-library/react-native/src/render-act.ts:13:11)
      at renderInternal (node_modules/.pnpm/@testing-library+react-native@13.3.3_jest@29.7.0_@types+node@24.10.1__react-native@0.81_f117036a14a6b919a1aa1996a1219c5a/node_modules/@testing-library/react-native/src/render.tsx:69:33)
      at renderInternal (node_modules/.pnpm/@testing-library+react-native@13.3.3_jest@29.7.0_@types+node@24.10.1__react-native@0.81_f117036a14a6b919a1aa1996a1219c5a/node_modules/@testing-library/react-native/src/render.tsx:44:10)
      at Object.<anonymous> (src/components/game/__tests__/AutoPassTimerEdgeCases.test.tsx:403:33)

  ‚óè AutoPassTimer - Edge Cases ‚Ä∫ Performance & Memory ‚Ä∫ should not leak memory with frequent rerenders

    ReferenceError: requestAnimationFrame is not defined

      52 |     };
      53 |     
    > 54 |     animationFrameId = requestAnimationFrame(updateTime);
         |     ^
      55 |     
      56 |     return () => {
      57 |       cancelAnimationFrame(animationFrameId);

      at src/components/game/AutoPassTimer.tsx:54:5
      at Object.react-stack-bottom-frame (node_modules/.pnpm/react-test-renderer@19.1.0_react@19.1.0/node_modules/react-test-renderer/cjs/react-test-renderer.development.js:14062:20)
      at runWithFiberInDEV (node_modules/.pnpm/react-test-renderer@19.1.0_react@19.1.0/node_modules/react-test-renderer/cjs/react-test-renderer.development.js:1574:13)
      at commitHookEffectListMount (node_modules/.pnpm/react-test-renderer@19.1.0_react@19.1.0/node_modules/react-test-renderer/cjs/react-test-renderer.development.js:8376:29)
      at commitHookPassiveMountEffects (node_modules/.pnpm/react-test-renderer@19.1.0_react@19.1.0/node_modules/react-test-renderer/cjs/react-test-renderer.development.js:8465:11)
      at commitPassiveMountOnFiber (node_modules/.pnpm/react-test-renderer@19.1.0_react@19.1.0/node_modules/react-test-renderer/cjs/react-test-renderer.development.js:9782:13)
      at recursivelyTraversePassiveMountEffects (node_modules/.pnpm/react-test-renderer@19.1.0_react@19.1.0/node_modules/react-test-renderer/cjs/react-test-renderer.development.js:9756:11)
      at commitPassiveMountOnFiber (node_modules/.pnpm/react-test-renderer@19.1.0_react@19.1.0/node_modules/react-test-renderer/cjs/react-test-renderer.development.js:9794:11)
      at flushPendingEffects (node_modules/.pnpm/react-test-renderer@19.1.0_react@19.1.0/node_modules/react-test-renderer/cjs/react-test-renderer.development.js:11528:11)
      at performWorkOnRootViaSchedulerTask (node_modules/.pnpm/react-test-renderer@19.1.0_react@19.1.0/node_modules/react-test-renderer/cjs/react-test-renderer.development.js:2082:11)
      at flushActQueue (node_modules/.pnpm/react@19.1.0/node_modules/react/cjs/react.development.js:566:34)
      at Object.<anonymous>.process.env.NODE_ENV.exports.act (node_modules/.pnpm/react@19.1.0/node_modules/react/cjs/react.development.js:859:10)
      at actImplementation (node_modules/.pnpm/@testing-library+react-native@13.3.3_jest@29.7.0_@types+node@24.10.1__react-native@0.81_f117036a14a6b919a1aa1996a1219c5a/node_modules/@testing-library/react-native/src/act.ts:30:25)
      at renderWithAct (node_modules/.pnpm/@testing-library+react-native@13.3.3_jest@29.7.0_@types+node@24.10.1__react-native@0.81_f117036a14a6b919a1aa1996a1219c5a/node_modules/@testing-library/react-native/src/render-act.ts:13:11)
      at renderInternal (node_modules/.pnpm/@testing-library+react-native@13.3.3_jest@29.7.0_@types+node@24.10.1__react-native@0.81_f117036a14a6b919a1aa1996a1219c5a/node_modules/@testing-library/react-native/src/render.tsx:69:33)
      at renderInternal (node_modules/.pnpm/@testing-library+react-native@13.3.3_jest@29.7.0_@types+node@24.10.1__react-native@0.81_f117036a14a6b919a1aa1996a1219c5a/node_modules/@testing-library/react-native/src/render.tsx:44:10)
      at Object.<anonymous> (src/components/game/__tests__/AutoPassTimerEdgeCases.test.tsx:435:43)

  ‚óè AutoPassTimer - Edge Cases ‚Ä∫ Performance & Memory ‚Ä∫ should handle rapid state changes efficiently

    ReferenceError: requestAnimationFrame is not defined

      52 |     };
      53 |     
    > 54 |     animationFrameId = requestAnimationFrame(updateTime);
         |     ^
      55 |     
      56 |     return () => {
      57 |       cancelAnimationFrame(animationFrameId);

      at src/components/game/AutoPassTimer.tsx:54:5
      at Object.react-stack-bottom-frame (node_modules/.pnpm/react-test-renderer@19.1.0_react@19.1.0/node_modules/react-test-renderer/cjs/react-test-renderer.development.js:14062:20)
      at runWithFiberInDEV (node_modules/.pnpm/react-test-renderer@19.1.0_react@19.1.0/node_modules/react-test-renderer/cjs/react-test-renderer.development.js:1574:13)
      at commitHookEffectListMount (node_modules/.pnpm/react-test-renderer@19.1.0_react@19.1.0/node_modules/react-test-renderer/cjs/react-test-renderer.development.js:8376:29)
      at commitHookPassiveMountEffects (node_modules/.pnpm/react-test-renderer@19.1.0_react@19.1.0/node_modules/react-test-renderer/cjs/react-test-renderer.development.js:8465:11)
      at commitPassiveMountOnFiber (node_modules/.pnpm/react-test-renderer@19.1.0_react@19.1.0/node_modules/react-test-renderer/cjs/react-test-renderer.development.js:9782:13)
      at recursivelyTraversePassiveMountEffects (node_modules/.pnpm/react-test-renderer@19.1.0_react@19.1.0/node_modules/react-test-renderer/cjs/react-test-renderer.development.js:9756:11)
      at commitPassiveMountOnFiber (node_modules/.pnpm/react-test-renderer@19.1.0_react@19.1.0/node_modules/react-test-renderer/cjs/react-test-renderer.development.js:9794:11)
      at flushPendingEffects (node_modules/.pnpm/react-test-renderer@19.1.0_react@19.1.0/node_modules/react-test-renderer/cjs/react-test-renderer.development.js:11528:11)
      at performWorkOnRootViaSchedulerTask (node_modules/.pnpm/react-test-renderer@19.1.0_react@19.1.0/node_modules/react-test-renderer/cjs/react-test-renderer.development.js:2082:11)
      at flushActQueue (node_modules/.pnpm/react@19.1.0/node_modules/react/cjs/react.development.js:566:34)
      at Object.<anonymous>.process.env.NODE_ENV.exports.act (node_modules/.pnpm/react@19.1.0/node_modules/react/cjs/react.development.js:859:10)
      at actImplementation (node_modules/.pnpm/@testing-library+react-native@13.3.3_jest@29.7.0_@types+node@24.10.1__react-native@0.81_f117036a14a6b919a1aa1996a1219c5a/node_modules/@testing-library/react-native/src/act.ts:30:25)
      at rerender (node_modules/.pnpm/@testing-library+react-native@13.3.3_jest@29.7.0_@types+node@24.10.1__react-native@0.81_f117036a14a6b919a1aa1996a1219c5a/node_modules/@testing-library/react-native/src/render.tsx:104:13)
      at Object.<anonymous> (src/components/game/__tests__/AutoPassTimerEdgeCases.test.tsx:467:9)

FAIL src/components/game/__tests__/AutoPassTimer.test.tsx
  ‚óè AutoPassTimer Component ‚Ä∫ Rendering ‚Ä∫ should render timer when active

    ReferenceError: requestAnimationFrame is not defined

      52 |     };
      53 |     
    > 54 |     animationFrameId = requestAnimationFrame(updateTime);
         |     ^
      55 |     
      56 |     return () => {
      57 |       cancelAnimationFrame(animationFrameId);

      at src/components/game/AutoPassTimer.tsx:54:5
      at Object.react-stack-bottom-frame (node_modules/.pnpm/react-test-renderer@19.1.0_react@19.1.0/node_modules/react-test-renderer/cjs/react-test-renderer.development.js:14062:20)
      at runWithFiberInDEV (node_modules/.pnpm/react-test-renderer@19.1.0_react@19.1.0/node_modules/react-test-renderer/cjs/react-test-renderer.development.js:1574:13)
      at commitHookEffectListMount (node_modules/.pnpm/react-test-renderer@19.1.0_react@19.1.0/node_modules/react-test-renderer/cjs/react-test-renderer.development.js:8376:29)
      at commitHookPassiveMountEffects (node_modules/.pnpm/react-test-renderer@19.1.0_react@19.1.0/node_modules/react-test-renderer/cjs/react-test-renderer.development.js:8465:11)
      at commitPassiveMountOnFiber (node_modules/.pnpm/react-test-renderer@19.1.0_react@19.1.0/node_modules/react-test-renderer/cjs/react-test-renderer.development.js:9782:13)
      at recursivelyTraversePassiveMountEffects (node_modules/.pnpm/react-test-renderer@19.1.0_react@19.1.0/node_modules/react-test-renderer/cjs/react-test-renderer.development.js:9756:11)
      at commitPassiveMountOnFiber (node_modules/.pnpm/react-test-renderer@19.1.0_react@19.1.0/node_modules/react-test-renderer/cjs/react-test-renderer.development.js:9794:11)
      at flushPendingEffects (node_modules/.pnpm/react-test-renderer@19.1.0_react@19.1.0/node_modules/react-test-renderer/cjs/react-test-renderer.development.js:11528:11)
      at performWorkOnRootViaSchedulerTask (node_modules/.pnpm/react-test-renderer@19.1.0_react@19.1.0/node_modules/react-test-renderer/cjs/react-test-renderer.development.js:2082:11)
      at flushActQueue (node_modules/.pnpm/react@19.1.0/node_modules/react/cjs/react.development.js:566:34)
      at Object.<anonymous>.process.env.NODE_ENV.exports.act (node_modules/.pnpm/react@19.1.0/node_modules/react/cjs/react.development.js:859:10)
      at actImplementation (node_modules/.pnpm/@testing-library+react-native@13.3.3_jest@29.7.0_@types+node@24.10.1__react-native@0.81_f117036a14a6b919a1aa1996a1219c5a/node_modules/@testing-library/react-native/src/act.ts:30:25)
      at renderWithAct (node_modules/.pnpm/@testing-library+react-native@13.3.3_jest@29.7.0_@types+node@24.10.1__react-native@0.81_f117036a14a6b919a1aa1996a1219c5a/node_modules/@testing-library/react-native/src/render-act.ts:13:11)
      at renderInternal (node_modules/.pnpm/@testing-library+react-native@13.3.3_jest@29.7.0_@types+node@24.10.1__react-native@0.81_f117036a14a6b919a1aa1996a1219c5a/node_modules/@testing-library/react-native/src/render.tsx:69:33)
      at renderInternal (node_modules/.pnpm/@testing-library+react-native@13.3.3_jest@29.7.0_@types+node@24.10.1__react-native@0.81_f117036a14a6b919a1aa1996a1219c5a/node_modules/@testing-library/react-native/src/render.tsx:44:10)
      at Object.<anonymous> (src/components/game/__tests__/AutoPassTimer.test.tsx:31:35)

  ‚óè AutoPassTimer Component ‚Ä∫ Rendering ‚Ä∫ should not render when remaining time is 0

    ReferenceError: requestAnimationFrame is not defined

      52 |     };
      53 |     
    > 54 |     animationFrameId = requestAnimationFrame(updateTime);
         |     ^
      55 |     
      56 |     return () => {
      57 |       cancelAnimationFrame(animationFrameId);

      at src/components/game/AutoPassTimer.tsx:54:5
      at Object.react-stack-bottom-frame (node_modules/.pnpm/react-test-renderer@19.1.0_react@19.1.0/node_modules/react-test-renderer/cjs/react-test-renderer.development.js:14062:20)
      at runWithFiberInDEV (node_modules/.pnpm/react-test-renderer@19.1.0_react@19.1.0/node_modules/react-test-renderer/cjs/react-test-renderer.development.js:1574:13)
      at commitHookEffectListMount (node_modules/.pnpm/react-test-renderer@19.1.0_react@19.1.0/node_modules/react-test-renderer/cjs/react-test-renderer.development.js:8376:29)
      at commitHookPassiveMountEffects (node_modules/.pnpm/react-test-renderer@19.1.0_react@19.1.0/node_modules/react-test-renderer/cjs/react-test-renderer.development.js:8465:11)
      at commitPassiveMountOnFiber (node_modules/.pnpm/react-test-renderer@19.1.0_react@19.1.0/node_modules/react-test-renderer/cjs/react-test-renderer.development.js:9782:13)
      at recursivelyTraversePassiveMountEffects (node_modules/.pnpm/react-test-renderer@19.1.0_react@19.1.0/node_modules/react-test-renderer/cjs/react-test-renderer.development.js:9756:11)
      at commitPassiveMountOnFiber (node_modules/.pnpm/react-test-renderer@19.1.0_react@19.1.0/node_modules/react-test-renderer/cjs/react-test-renderer.development.js:9794:11)
      at flushPendingEffects (node_modules/.pnpm/react-test-renderer@19.1.0_react@19.1.0/node_modules/react-test-renderer/cjs/react-test-renderer.development.js:11528:11)
      at performWorkOnRootViaSchedulerTask (node_modules/.pnpm/react-test-renderer@19.1.0_react@19.1.0/node_modules/react-test-renderer/cjs/react-test-renderer.development.js:2082:11)
      at flushActQueue (node_modules/.pnpm/react@19.1.0/node_modules/react/cjs/react.development.js:566:34)
      at Object.<anonymous>.process.env.NODE_ENV.exports.act (node_modules/.pnpm/react@19.1.0/node_modules/react/cjs/react.development.js:859:10)
      at actImplementation (node_modules/.pnpm/@testing-library+react-native@13.3.3_jest@29.7.0_@types+node@24.10.1__react-native@0.81_f117036a14a6b919a1aa1996a1219c5a/node_modules/@testing-library/react-native/src/act.ts:30:25)
      at renderWithAct (node_modules/.pnpm/@testing-library+react-native@13.3.3_jest@29.7.0_@types+node@24.10.1__react-native@0.81_f117036a14a6b919a1aa1996a1219c5a/node_modules/@testing-library/react-native/src/render-act.ts:13:11)
      at renderInternal (node_modules/.pnpm/@testing-library+react-native@13.3.3_jest@29.7.0_@types+node@24.10.1__react-native@0.81_f117036a14a6b919a1aa1996a1219c5a/node_modules/@testing-library/react-native/src/render.tsx:69:33)
      at renderInternal (node_modules/.pnpm/@testing-library+react-native@13.3.3_jest@29.7.0_@types+node@24.10.1__react-native@0.81_f117036a14a6b919a1aa1996a1219c5a/node_modules/@testing-library/react-native/src/render.tsx:44:10)
      at Object.<anonymous> (src/components/game/__tests__/AutoPassTimer.test.tsx:59:37)

  ‚óè AutoPassTimer Component ‚Ä∫ Countdown Display ‚Ä∫ should display 10 seconds for 10000ms remaining

    ReferenceError: requestAnimationFrame is not defined

      52 |     };
      53 |     
    > 54 |     animationFrameId = requestAnimationFrame(updateTime);
         |     ^
      55 |     
      56 |     return () => {
      57 |       cancelAnimationFrame(animationFrameId);

      at src/components/game/AutoPassTimer.tsx:54:5
      at Object.react-stack-bottom-frame (node_modules/.pnpm/react-test-renderer@19.1.0_react@19.1.0/node_modules/react-test-renderer/cjs/react-test-renderer.development.js:14062:20)
      at runWithFiberInDEV (node_modules/.pnpm/react-test-renderer@19.1.0_react@19.1.0/node_modules/react-test-renderer/cjs/react-test-renderer.development.js:1574:13)
      at commitHookEffectListMount (node_modules/.pnpm/react-test-renderer@19.1.0_react@19.1.0/node_modules/react-test-renderer/cjs/react-test-renderer.development.js:8376:29)
      at commitHookPassiveMountEffects (node_modules/.pnpm/react-test-renderer@19.1.0_react@19.1.0/node_modules/react-test-renderer/cjs/react-test-renderer.development.js:8465:11)
      at commitPassiveMountOnFiber (node_modules/.pnpm/react-test-renderer@19.1.0_react@19.1.0/node_modules/react-test-renderer/cjs/react-test-renderer.development.js:9782:13)
      at recursivelyTraversePassiveMountEffects (node_modules/.pnpm/react-test-renderer@19.1.0_react@19.1.0/node_modules/react-test-renderer/cjs/react-test-renderer.development.js:9756:11)
      at commitPassiveMountOnFiber (node_modules/.pnpm/react-test-renderer@19.1.0_react@19.1.0/node_modules/react-test-renderer/cjs/react-test-renderer.development.js:9794:11)
      at flushPendingEffects (node_modules/.pnpm/react-test-renderer@19.1.0_react@19.1.0/node_modules/react-test-renderer/cjs/react-test-renderer.development.js:11528:11)
      at performWorkOnRootViaSchedulerTask (node_modules/.pnpm/react-test-renderer@19.1.0_react@19.1.0/node_modules/react-test-renderer/cjs/react-test-renderer.development.js:2082:11)
      at flushActQueue (node_modules/.pnpm/react@19.1.0/node_modules/react/cjs/react.development.js:566:34)
      at Object.<anonymous>.process.env.NODE_ENV.exports.act (node_modules/.pnpm/react@19.1.0/node_modules/react/cjs/react.development.js:859:10)
      at actImplementation (node_modules/.pnpm/@testing-library+react-native@13.3.3_jest@29.7.0_@types+node@24.10.1__react-native@0.81_f117036a14a6b919a1aa1996a1219c5a/node_modules/@testing-library/react-native/src/act.ts:30:25)
      at renderWithAct (node_modules/.pnpm/@testing-library+react-native@13.3.3_jest@29.7.0_@types+node@24.10.1__react-native@0.81_f117036a14a6b919a1aa1996a1219c5a/node_modules/@testing-library/react-native/src/render-act.ts:13:11)
      at renderInternal (node_modules/.pnpm/@testing-library+react-native@13.3.3_jest@29.7.0_@types+node@24.10.1__react-native@0.81_f117036a14a6b919a1aa1996a1219c5a/node_modules/@testing-library/react-native/src/render.tsx:69:33)
      at renderInternal (node_modules/.pnpm/@testing-library+react-native@13.3.3_jest@29.7.0_@types+node@24.10.1__react-native@0.81_f117036a14a6b919a1aa1996a1219c5a/node_modules/@testing-library/react-native/src/render.tsx:44:10)
      at Object.<anonymous> (src/components/game/__tests__/AutoPassTimer.test.tsx:70:35)

  ‚óè AutoPassTimer Component ‚Ä∫ Countdown Display ‚Ä∫ should display 5 seconds for 5000ms remaining

    ReferenceError: requestAnimationFrame is not defined

      52 |     };
      53 |     
    > 54 |     animationFrameId = requestAnimationFrame(updateTime);
         |     ^
      55 |     
      56 |     return () => {
      57 |       cancelAnimationFrame(animationFrameId);

      at src/components/game/AutoPassTimer.tsx:54:5
      at Object.react-stack-bottom-frame (node_modules/.pnpm/react-test-renderer@19.1.0_react@19.1.0/node_modules/react-test-renderer/cjs/react-test-renderer.development.js:14062:20)
      at runWithFiberInDEV (node_modules/.pnpm/react-test-renderer@19.1.0_react@19.1.0/node_modules/react-test-renderer/cjs/react-test-renderer.development.js:1574:13)
      at commitHookEffectListMount (node_modules/.pnpm/react-test-renderer@19.1.0_react@19.1.0/node_modules/react-test-renderer/cjs/react-test-renderer.development.js:8376:29)
      at commitHookPassiveMountEffects (node_modules/.pnpm/react-test-renderer@19.1.0_react@19.1.0/node_modules/react-test-renderer/cjs/react-test-renderer.development.js:8465:11)
      at commitPassiveMountOnFiber (node_modules/.pnpm/react-test-renderer@19.1.0_react@19.1.0/node_modules/react-test-renderer/cjs/react-test-renderer.development.js:9782:13)
      at recursivelyTraversePassiveMountEffects (node_modules/.pnpm/react-test-renderer@19.1.0_react@19.1.0/node_modules/react-test-renderer/cjs/react-test-renderer.development.js:9756:11)
      at commitPassiveMountOnFiber (node_modules/.pnpm/react-test-renderer@19.1.0_react@19.1.0/node_modules/react-test-renderer/cjs/react-test-renderer.development.js:9794:11)
      at flushPendingEffects (node_modules/.pnpm/react-test-renderer@19.1.0_react@19.1.0/node_modules/react-test-renderer/cjs/react-test-renderer.development.js:11528:11)
      at performWorkOnRootViaSchedulerTask (node_modules/.pnpm/react-test-renderer@19.1.0_react@19.1.0/node_modules/react-test-renderer/cjs/react-test-renderer.development.js:2082:11)
      at flushActQueue (node_modules/.pnpm/react@19.1.0/node_modules/react/cjs/react.development.js:566:34)
      at Object.<anonymous>.process.env.NODE_ENV.exports.act (node_modules/.pnpm/react@19.1.0/node_modules/react/cjs/react.development.js:859:10)
      at actImplementation (node_modules/.pnpm/@testing-library+react-native@13.3.3_jest@29.7.0_@types+node@24.10.1__react-native@0.81_f117036a14a6b919a1aa1996a1219c5a/node_modules/@testing-library/react-native/src/act.ts:30:25)
      at renderWithAct (node_modules/.pnpm/@testing-library+react-native@13.3.3_jest@29.7.0_@types+node@24.10.1__react-native@0.81_f117036a14a6b919a1aa1996a1219c5a/node_modules/@testing-library/react-native/src/render-act.ts:13:11)
      at renderInternal (node_modules/.pnpm/@testing-library+react-native@13.3.3_jest@29.7.0_@types+node@24.10.1__react-native@0.81_f117036a14a6b919a1aa1996a1219c5a/node_modules/@testing-library/react-native/src/render.tsx:69:33)
      at renderInternal (node_modules/.pnpm/@testing-library+react-native@13.3.3_jest@29.7.0_@types+node@24.10.1__react-native@0.81_f117036a14a6b919a1aa1996a1219c5a/node_modules/@testing-library/react-native/src/render.tsx:44:10)
      at Object.<anonymous> (src/components/game/__tests__/AutoPassTimer.test.tsx:79:35)

  ‚óè AutoPassTimer Component ‚Ä∫ Countdown Display ‚Ä∫ should display 1 second for 1000ms remaining

    ReferenceError: requestAnimationFrame is not defined

      52 |     };
      53 |     
    > 54 |     animationFrameId = requestAnimationFrame(updateTime);
         |     ^
      55 |     
      56 |     return () => {
      57 |       cancelAnimationFrame(animationFrameId);

      at src/components/game/AutoPassTimer.tsx:54:5
      at Object.react-stack-bottom-frame (node_modules/.pnpm/react-test-renderer@19.1.0_react@19.1.0/node_modules/react-test-renderer/cjs/react-test-renderer.development.js:14062:20)
      at runWithFiberInDEV (node_modules/.pnpm/react-test-renderer@19.1.0_react@19.1.0/node_modules/react-test-renderer/cjs/react-test-renderer.development.js:1574:13)
      at commitHookEffectListMount (node_modules/.pnpm/react-test-renderer@19.1.0_react@19.1.0/node_modules/react-test-renderer/cjs/react-test-renderer.development.js:8376:29)
      at commitHookPassiveMountEffects (node_modules/.pnpm/react-test-renderer@19.1.0_react@19.1.0/node_modules/react-test-renderer/cjs/react-test-renderer.development.js:8465:11)
      at commitPassiveMountOnFiber (node_modules/.pnpm/react-test-renderer@19.1.0_react@19.1.0/node_modules/react-test-renderer/cjs/react-test-renderer.development.js:9782:13)
      at recursivelyTraversePassiveMountEffects (node_modules/.pnpm/react-test-renderer@19.1.0_react@19.1.0/node_modules/react-test-renderer/cjs/react-test-renderer.development.js:9756:11)
      at commitPassiveMountOnFiber (node_modules/.pnpm/react-test-renderer@19.1.0_react@19.1.0/node_modules/react-test-renderer/cjs/react-test-renderer.development.js:9794:11)
      at flushPendingEffects (node_modules/.pnpm/react-test-renderer@19.1.0_react@19.1.0/node_modules/react-test-renderer/cjs/react-test-renderer.development.js:11528:11)
      at performWorkOnRootViaSchedulerTask (node_modules/.pnpm/react-test-renderer@19.1.0_react@19.1.0/node_modules/react-test-renderer/cjs/react-test-renderer.development.js:2082:11)
      at flushActQueue (node_modules/.pnpm/react@19.1.0/node_modules/react/cjs/react.development.js:566:34)
      at Object.<anonymous>.process.env.NODE_ENV.exports.act (node_modules/.pnpm/react@19.1.0/node_modules/react/cjs/react.development.js:859:10)
      at actImplementation (node_modules/.pnpm/@testing-library+react-native@13.3.3_jest@29.7.0_@types+node@24.10.1__react-native@0.81_f117036a14a6b919a1aa1996a1219c5a/node_modules/@testing-library/react-native/src/act.ts:30:25)
      at renderWithAct (node_modules/.pnpm/@testing-library+react-native@13.3.3_jest@29.7.0_@types+node@24.10.1__react-native@0.81_f117036a14a6b919a1aa1996a1219c5a/node_modules/@testing-library/react-native/src/render-act.ts:13:11)
      at renderInternal (node_modules/.pnpm/@testing-library+react-native@13.3.3_jest@29.7.0_@types+node@24.10.1__react-native@0.81_f117036a14a6b919a1aa1996a1219c5a/node_modules/@testing-library/react-native/src/render.tsx:69:33)
      at renderInternal (node_modules/.pnpm/@testing-library+react-native@13.3.3_jest@29.7.0_@types+node@24.10.1__react-native@0.81_f117036a14a6b919a1aa1996a1219c5a/node_modules/@testing-library/react-native/src/render.tsx:44:10)
      at Object.<anonymous> (src/components/game/__tests__/AutoPassTimer.test.tsx:88:35)

  ‚óè AutoPassTimer Component ‚Ä∫ Countdown Display ‚Ä∫ should round up partial seconds

    ReferenceError: requestAnimationFrame is not defined

      52 |     };
      53 |     
    > 54 |     animationFrameId = requestAnimationFrame(updateTime);
         |     ^
      55 |     
      56 |     return () => {
      57 |       cancelAnimationFrame(animationFrameId);

      at src/components/game/AutoPassTimer.tsx:54:5
      at Object.react-stack-bottom-frame (node_modules/.pnpm/react-test-renderer@19.1.0_react@19.1.0/node_modules/react-test-renderer/cjs/react-test-renderer.development.js:14062:20)
      at runWithFiberInDEV (node_modules/.pnpm/react-test-renderer@19.1.0_react@19.1.0/node_modules/react-test-renderer/cjs/react-test-renderer.development.js:1574:13)
      at commitHookEffectListMount (node_modules/.pnpm/react-test-renderer@19.1.0_react@19.1.0/node_modules/react-test-renderer/cjs/react-test-renderer.development.js:8376:29)
      at commitHookPassiveMountEffects (node_modules/.pnpm/react-test-renderer@19.1.0_react@19.1.0/node_modules/react-test-renderer/cjs/react-test-renderer.development.js:8465:11)
      at commitPassiveMountOnFiber (node_modules/.pnpm/react-test-renderer@19.1.0_react@19.1.0/node_modules/react-test-renderer/cjs/react-test-renderer.development.js:9782:13)
      at recursivelyTraversePassiveMountEffects (node_modules/.pnpm/react-test-renderer@19.1.0_react@19.1.0/node_modules/react-test-renderer/cjs/react-test-renderer.development.js:9756:11)
      at commitPassiveMountOnFiber (node_modules/.pnpm/react-test-renderer@19.1.0_react@19.1.0/node_modules/react-test-renderer/cjs/react-test-renderer.development.js:9794:11)
      at flushPendingEffects (node_modules/.pnpm/react-test-renderer@19.1.0_react@19.1.0/node_modules/react-test-renderer/cjs/react-test-renderer.development.js:11528:11)
      at performWorkOnRootViaSchedulerTask (node_modules/.pnpm/react-test-renderer@19.1.0_react@19.1.0/node_modules/react-test-renderer/cjs/react-test-renderer.development.js:2082:11)
      at flushActQueue (node_modules/.pnpm/react@19.1.0/node_modules/react/cjs/react.development.js:566:34)
      at Object.<anonymous>.process.env.NODE_ENV.exports.act (node_modules/.pnpm/react@19.1.0/node_modules/react/cjs/react.development.js:859:10)
      at actImplementation (node_modules/.pnpm/@testing-library+react-native@13.3.3_jest@29.7.0_@types+node@24.10.1__react-native@0.81_f117036a14a6b919a1aa1996a1219c5a/node_modules/@testing-library/react-native/src/act.ts:30:25)
      at renderWithAct (node_modules/.pnpm/@testing-library+react-native@13.3.3_jest@29.7.0_@types+node@24.10.1__react-native@0.81_f117036a14a6b919a1aa1996a1219c5a/node_modules/@testing-library/react-native/src/render-act.ts:13:11)
      at renderInternal (node_modules/.pnpm/@testing-library+react-native@13.3.3_jest@29.7.0_@types+node@24.10.1__react-native@0.81_f117036a14a6b919a1aa1996a1219c5a/node_modules/@testing-library/react-native/src/render.tsx:69:33)
      at renderInternal (node_modules/.pnpm/@testing-library+react-native@13.3.3_jest@29.7.0_@types+node@24.10.1__react-native@0.81_f117036a14a6b919a1aa1996a1219c5a/node_modules/@testing-library/react-native/src/render.tsx:44:10)
      at Object.<anonymous> (src/components/game/__tests__/AutoPassTimer.test.tsx:97:35)

  ‚óè AutoPassTimer Component ‚Ä∫ Combo Type Display ‚Ä∫ should display Single combo type

    ReferenceError: requestAnimationFrame is not defined

      52 |     };
      53 |     
    > 54 |     animationFrameId = requestAnimationFrame(updateTime);
         |     ^
      55 |     
      56 |     return () => {
      57 |       cancelAnimationFrame(animationFrameId);

      at src/components/game/AutoPassTimer.tsx:54:5
      at Object.react-stack-bottom-frame (node_modules/.pnpm/react-test-renderer@19.1.0_react@19.1.0/node_modules/react-test-renderer/cjs/react-test-renderer.development.js:14062:20)
      at runWithFiberInDEV (node_modules/.pnpm/react-test-renderer@19.1.0_react@19.1.0/node_modules/react-test-renderer/cjs/react-test-renderer.development.js:1574:13)
      at commitHookEffectListMount (node_modules/.pnpm/react-test-renderer@19.1.0_react@19.1.0/node_modules/react-test-renderer/cjs/react-test-renderer.development.js:8376:29)
      at commitHookPassiveMountEffects (node_modules/.pnpm/react-test-renderer@19.1.0_react@19.1.0/node_modules/react-test-renderer/cjs/react-test-renderer.development.js:8465:11)
      at commitPassiveMountOnFiber (node_modules/.pnpm/react-test-renderer@19.1.0_react@19.1.0/node_modules/react-test-renderer/cjs/react-test-renderer.development.js:9782:13)
      at recursivelyTraversePassiveMountEffects (node_modules/.pnpm/react-test-renderer@19.1.0_react@19.1.0/node_modules/react-test-renderer/cjs/react-test-renderer.development.js:9756:11)
      at commitPassiveMountOnFiber (node_modules/.pnpm/react-test-renderer@19.1.0_react@19.1.0/node_modules/react-test-renderer/cjs/react-test-renderer.development.js:9794:11)
      at flushPendingEffects (node_modules/.pnpm/react-test-renderer@19.1.0_react@19.1.0/node_modules/react-test-renderer/cjs/react-test-renderer.development.js:11528:11)
      at performWorkOnRootViaSchedulerTask (node_modules/.pnpm/react-test-renderer@19.1.0_react@19.1.0/node_modules/react-test-renderer/cjs/react-test-renderer.development.js:2082:11)
      at flushActQueue (node_modules/.pnpm/react@19.1.0/node_modules/react/cjs/react.development.js:566:34)
      at Object.<anonymous>.process.env.NODE_ENV.exports.act (node_modules/.pnpm/react@19.1.0/node_modules/react/cjs/react.development.js:859:10)
      at actImplementation (node_modules/.pnpm/@testing-library+react-native@13.3.3_jest@29.7.0_@types+node@24.10.1__react-native@0.81_f117036a14a6b919a1aa1996a1219c5a/node_modules/@testing-library/react-native/src/act.ts:30:25)
      at renderWithAct (node_modules/.pnpm/@testing-library+react-native@13.3.3_jest@29.7.0_@types+node@24.10.1__react-native@0.81_f117036a14a6b919a1aa1996a1219c5a/node_modules/@testing-library/react-native/src/render-act.ts:13:11)
      at renderInternal (node_modules/.pnpm/@testing-library+react-native@13.3.3_jest@29.7.0_@types+node@24.10.1__react-native@0.81_f117036a14a6b919a1aa1996a1219c5a/node_modules/@testing-library/react-native/src/render.tsx:69:33)
      at renderInternal (node_modules/.pnpm/@testing-library+react-native@13.3.3_jest@29.7.0_@types+node@24.10.1__react-native@0.81_f117036a14a6b919a1aa1996a1219c5a/node_modules/@testing-library/react-native/src/render.tsx:44:10)
      at Object.<anonymous> (src/components/game/__tests__/AutoPassTimer.test.tsx:114:35)

  ‚óè AutoPassTimer Component ‚Ä∫ Combo Type Display ‚Ä∫ should display Pair combo type

    ReferenceError: requestAnimationFrame is not defined

      52 |     };
      53 |     
    > 54 |     animationFrameId = requestAnimationFrame(updateTime);
         |     ^
      55 |     
      56 |     return () => {
      57 |       cancelAnimationFrame(animationFrameId);

      at src/components/game/AutoPassTimer.tsx:54:5
      at Object.react-stack-bottom-frame (node_modules/.pnpm/react-test-renderer@19.1.0_react@19.1.0/node_modules/react-test-renderer/cjs/react-test-renderer.development.js:14062:20)
      at runWithFiberInDEV (node_modules/.pnpm/react-test-renderer@19.1.0_react@19.1.0/node_modules/react-test-renderer/cjs/react-test-renderer.development.js:1574:13)
      at commitHookEffectListMount (node_modules/.pnpm/react-test-renderer@19.1.0_react@19.1.0/node_modules/react-test-renderer/cjs/react-test-renderer.development.js:8376:29)
      at commitHookPassiveMountEffects (node_modules/.pnpm/react-test-renderer@19.1.0_react@19.1.0/node_modules/react-test-renderer/cjs/react-test-renderer.development.js:8465:11)
      at commitPassiveMountOnFiber (node_modules/.pnpm/react-test-renderer@19.1.0_react@19.1.0/node_modules/react-test-renderer/cjs/react-test-renderer.development.js:9782:13)
      at recursivelyTraversePassiveMountEffects (node_modules/.pnpm/react-test-renderer@19.1.0_react@19.1.0/node_modules/react-test-renderer/cjs/react-test-renderer.development.js:9756:11)
      at commitPassiveMountOnFiber (node_modules/.pnpm/react-test-renderer@19.1.0_react@19.1.0/node_modules/react-test-renderer/cjs/react-test-renderer.development.js:9794:11)
      at flushPendingEffects (node_modules/.pnpm/react-test-renderer@19.1.0_react@19.1.0/node_modules/react-test-renderer/cjs/react-test-renderer.development.js:11528:11)
      at performWorkOnRootViaSchedulerTask (node_modules/.pnpm/react-test-renderer@19.1.0_react@19.1.0/node_modules/react-test-renderer/cjs/react-test-renderer.development.js:2082:11)
      at flushActQueue (node_modules/.pnpm/react@19.1.0/node_modules/react/cjs/react.development.js:566:34)
      at Object.<anonymous>.process.env.NODE_ENV.exports.act (node_modules/.pnpm/react@19.1.0/node_modules/react/cjs/react.development.js:859:10)
      at actImplementation (node_modules/.pnpm/@testing-library+react-native@13.3.3_jest@29.7.0_@types+node@24.10.1__react-native@0.81_f117036a14a6b919a1aa1996a1219c5a/node_modules/@testing-library/react-native/src/act.ts:30:25)
      at renderWithAct (node_modules/.pnpm/@testing-library+react-native@13.3.3_jest@29.7.0_@types+node@24.10.1__react-native@0.81_f117036a14a6b919a1aa1996a1219c5a/node_modules/@testing-library/react-native/src/render-act.ts:13:11)
      at renderInternal (node_modules/.pnpm/@testing-library+react-native@13.3.3_jest@29.7.0_@types+node@24.10.1__react-native@0.81_f117036a14a6b919a1aa1996a1219c5a/node_modules/@testing-library/react-native/src/render.tsx:69:33)
      at renderInternal (node_modules/.pnpm/@testing-library+react-native@13.3.3_jest@29.7.0_@types+node@24.10.1__react-native@0.81_f117036a14a6b919a1aa1996a1219c5a/node_modules/@testing-library/react-native/src/render.tsx:44:10)
      at Object.<anonymous> (src/components/game/__tests__/AutoPassTimer.test.tsx:132:35)

  ‚óè AutoPassTimer Component ‚Ä∫ Combo Type Display ‚Ä∫ should display Straight Flush combo type

    ReferenceError: requestAnimationFrame is not defined

      52 |     };
      53 |     
    > 54 |     animationFrameId = requestAnimationFrame(updateTime);
         |     ^
      55 |     
      56 |     return () => {
      57 |       cancelAnimationFrame(animationFrameId);

      at src/components/game/AutoPassTimer.tsx:54:5
      at Object.react-stack-bottom-frame (node_modules/.pnpm/react-test-renderer@19.1.0_react@19.1.0/node_modules/react-test-renderer/cjs/react-test-renderer.development.js:14062:20)
      at runWithFiberInDEV (node_modules/.pnpm/react-test-renderer@19.1.0_react@19.1.0/node_modules/react-test-renderer/cjs/react-test-renderer.development.js:1574:13)
      at commitHookEffectListMount (node_modules/.pnpm/react-test-renderer@19.1.0_react@19.1.0/node_modules/react-test-renderer/cjs/react-test-renderer.development.js:8376:29)
      at commitHookPassiveMountEffects (node_modules/.pnpm/react-test-renderer@19.1.0_react@19.1.0/node_modules/react-test-renderer/cjs/react-test-renderer.development.js:8465:11)
      at commitPassiveMountOnFiber (node_modules/.pnpm/react-test-renderer@19.1.0_react@19.1.0/node_modules/react-test-renderer/cjs/react-test-renderer.development.js:9782:13)
      at recursivelyTraversePassiveMountEffects (node_modules/.pnpm/react-test-renderer@19.1.0_react@19.1.0/node_modules/react-test-renderer/cjs/react-test-renderer.development.js:9756:11)
      at commitPassiveMountOnFiber (node_modules/.pnpm/react-test-renderer@19.1.0_react@19.1.0/node_modules/react-test-renderer/cjs/react-test-renderer.development.js:9794:11)
      at flushPendingEffects (node_modules/.pnpm/react-test-renderer@19.1.0_react@19.1.0/node_modules/react-test-renderer/cjs/react-test-renderer.development.js:11528:11)
      at performWorkOnRootViaSchedulerTask (node_modules/.pnpm/react-test-renderer@19.1.0_react@19.1.0/node_modules/react-test-renderer/cjs/react-test-renderer.development.js:2082:11)
      at flushActQueue (node_modules/.pnpm/react@19.1.0/node_modules/react/cjs/react.development.js:566:34)
      at Object.<anonymous>.process.env.NODE_ENV.exports.act (node_modules/.pnpm/react@19.1.0/node_modules/react/cjs/react.development.js:859:10)
      at actImplementation (node_modules/.pnpm/@testing-library+react-native@13.3.3_jest@29.7.0_@types+node@24.10.1__react-native@0.81_f117036a14a6b919a1aa1996a1219c5a/node_modules/@testing-library/react-native/src/act.ts:30:25)
      at renderWithAct (node_modules/.pnpm/@testing-library+react-native@13.3.3_jest@29.7.0_@types+node@24.10.1__react-native@0.81_f117036a14a6b919a1aa1996a1219c5a/node_modules/@testing-library/react-native/src/render-act.ts:13:11)
      at renderInternal (node_modules/.pnpm/@testing-library+react-native@13.3.3_jest@29.7.0_@types+node@24.10.1__react-native@0.81_f117036a14a6b919a1aa1996a1219c5a/node_modules/@testing-library/react-native/src/render.tsx:69:33)
      at renderInternal (node_modules/.pnpm/@testing-library+react-native@13.3.3_jest@29.7.0_@types+node@24.10.1__react-native@0.81_f117036a14a6b919a1aa1996a1219c5a/node_modules/@testing-library/react-native/src/render.tsx:44:10)
      at Object.<anonymous> (src/components/game/__tests__/AutoPassTimer.test.tsx:153:35)

  ‚óè AutoPassTimer Component ‚Ä∫ Message Display ‚Ä∫ should display auto-pass message with time

    ReferenceError: requestAnimationFrame is not defined

      52 |     };
      53 |     
    > 54 |     animationFrameId = requestAnimationFrame(updateTime);
         |     ^
      55 |     
      56 |     return () => {
      57 |       cancelAnimationFrame(animationFrameId);

      at src/components/game/AutoPassTimer.tsx:54:5
      at Object.react-stack-bottom-frame (node_modules/.pnpm/react-test-renderer@19.1.0_react@19.1.0/node_modules/react-test-renderer/cjs/react-test-renderer.development.js:14062:20)
      at runWithFiberInDEV (node_modules/.pnpm/react-test-renderer@19.1.0_react@19.1.0/node_modules/react-test-renderer/cjs/react-test-renderer.development.js:1574:13)
      at commitHookEffectListMount (node_modules/.pnpm/react-test-renderer@19.1.0_react@19.1.0/node_modules/react-test-renderer/cjs/react-test-renderer.development.js:8376:29)
      at commitHookPassiveMountEffects (node_modules/.pnpm/react-test-renderer@19.1.0_react@19.1.0/node_modules/react-test-renderer/cjs/react-test-renderer.development.js:8465:11)
      at commitPassiveMountOnFiber (node_modules/.pnpm/react-test-renderer@19.1.0_react@19.1.0/node_modules/react-test-renderer/cjs/react-test-renderer.development.js:9782:13)
      at recursivelyTraversePassiveMountEffects (node_modules/.pnpm/react-test-renderer@19.1.0_react@19.1.0/node_modules/react-test-renderer/cjs/react-test-renderer.development.js:9756:11)
      at commitPassiveMountOnFiber (node_modules/.pnpm/react-test-renderer@19.1.0_react@19.1.0/node_modules/react-test-renderer/cjs/react-test-renderer.development.js:9794:11)
      at flushPendingEffects (node_modules/.pnpm/react-test-renderer@19.1.0_react@19.1.0/node_modules/react-test-renderer/cjs/react-test-renderer.development.js:11528:11)
      at performWorkOnRootViaSchedulerTask (node_modules/.pnpm/react-test-renderer@19.1.0_react@19.1.0/node_modules/react-test-renderer/cjs/react-test-renderer.development.js:2082:11)
      at flushActQueue (node_modules/.pnpm/react@19.1.0/node_modules/react/cjs/react.development.js:566:34)
      at Object.<anonymous>.process.env.NODE_ENV.exports.act (node_modules/.pnpm/react@19.1.0/node_modules/react/cjs/react.development.js:859:10)
      at actImplementation (node_modules/.pnpm/@testing-library+react-native@13.3.3_jest@29.7.0_@types+node@24.10.1__react-native@0.81_f117036a14a6b919a1aa1996a1219c5a/node_modules/@testing-library/react-native/src/act.ts:30:25)
      at renderWithAct (node_modules/.pnpm/@testing-library+react-native@13.3.3_jest@29.7.0_@types+node@24.10.1__react-native@0.81_f117036a14a6b919a1aa1996a1219c5a/node_modules/@testing-library/react-native/src/render-act.ts:13:11)
      at renderInternal (node_modules/.pnpm/@testing-library+react-native@13.3.3_jest@29.7.0_@types+node@24.10.1__react-native@0.81_f117036a14a6b919a1aa1996a1219c5a/node_modules/@testing-library/react-native/src/render.tsx:69:33)
      at renderInternal (node_modules/.pnpm/@testing-library+react-native@13.3.3_jest@29.7.0_@types+node@24.10.1__react-native@0.81_f117036a14a6b919a1aa1996a1219c5a/node_modules/@testing-library/react-native/src/render.tsx:44:10)
      at Object.<anonymous> (src/components/game/__tests__/AutoPassTimer.test.tsx:164:35)

  ‚óè AutoPassTimer Component ‚Ä∫ Message Display ‚Ä∫ should update message when time changes

    ReferenceError: requestAnimationFrame is not defined

      52 |     };
      53 |     
    > 54 |     animationFrameId = requestAnimationFrame(updateTime);
         |     ^
      55 |     
      56 |     return () => {
      57 |       cancelAnimationFrame(animationFrameId);

      at src/components/game/AutoPassTimer.tsx:54:5
      at Object.react-stack-bottom-frame (node_modules/.pnpm/react-test-renderer@19.1.0_react@19.1.0/node_modules/react-test-renderer/cjs/react-test-renderer.development.js:14062:20)
      at runWithFiberInDEV (node_modules/.pnpm/react-test-renderer@19.1.0_react@19.1.0/node_modules/react-test-renderer/cjs/react-test-renderer.development.js:1574:13)
      at commitHookEffectListMount (node_modules/.pnpm/react-test-renderer@19.1.0_react@19.1.0/node_modules/react-test-renderer/cjs/react-test-renderer.development.js:8376:29)
      at commitHookPassiveMountEffects (node_modules/.pnpm/react-test-renderer@19.1.0_react@19.1.0/node_modules/react-test-renderer/cjs/react-test-renderer.development.js:8465:11)
      at commitPassiveMountOnFiber (node_modules/.pnpm/react-test-renderer@19.1.0_react@19.1.0/node_modules/react-test-renderer/cjs/react-test-renderer.development.js:9782:13)
      at recursivelyTraversePassiveMountEffects (node_modules/.pnpm/react-test-renderer@19.1.0_react@19.1.0/node_modules/react-test-renderer/cjs/react-test-renderer.development.js:9756:11)
      at commitPassiveMountOnFiber (node_modules/.pnpm/react-test-renderer@19.1.0_react@19.1.0/node_modules/react-test-renderer/cjs/react-test-renderer.development.js:9794:11)
      at flushPendingEffects (node_modules/.pnpm/react-test-renderer@19.1.0_react@19.1.0/node_modules/react-test-renderer/cjs/react-test-renderer.development.js:11528:11)
      at performWorkOnRootViaSchedulerTask (node_modules/.pnpm/react-test-renderer@19.1.0_react@19.1.0/node_modules/react-test-renderer/cjs/react-test-renderer.development.js:2082:11)
      at flushActQueue (node_modules/.pnpm/react@19.1.0/node_modules/react/cjs/react.development.js:566:34)
      at Object.<anonymous>.process.env.NODE_ENV.exports.act (node_modules/.pnpm/react@19.1.0/node_modules/react/cjs/react.development.js:859:10)
      at actImplementation (node_modules/.pnpm/@testing-library+react-native@13.3.3_jest@29.7.0_@types+node@24.10.1__react-native@0.81_f117036a14a6b919a1aa1996a1219c5a/node_modules/@testing-library/react-native/src/act.ts:30:25)
      at renderWithAct (node_modules/.pnpm/@testing-library+react-native@13.3.3_jest@29.7.0_@types+node@24.10.1__react-native@0.81_f117036a14a6b919a1aa1996a1219c5a/node_modules/@testing-library/react-native/src/render-act.ts:13:11)
      at renderInternal (node_modules/.pnpm/@testing-library+react-native@13.3.3_jest@29.7.0_@types+node@24.10.1__react-native@0.81_f117036a14a6b919a1aa1996a1219c5a/node_modules/@testing-library/react-native/src/render.tsx:69:33)
      at renderInternal (node_modules/.pnpm/@testing-library+react-native@13.3.3_jest@29.7.0_@types+node@24.10.1__react-native@0.81_f117036a14a6b919a1aa1996a1219c5a/node_modules/@testing-library/react-native/src/render.tsx:44:10)
      at Object.<anonymous> (src/components/game/__tests__/AutoPassTimer.test.tsx:173:45)

  ‚óè AutoPassTimer Component ‚Ä∫ Edge Cases ‚Ä∫ should handle very low remaining time

    ReferenceError: requestAnimationFrame is not defined

      52 |     };
      53 |     
    > 54 |     animationFrameId = requestAnimationFrame(updateTime);
         |     ^
      55 |     
      56 |     return () => {
      57 |       cancelAnimationFrame(animationFrameId);

      at src/components/game/AutoPassTimer.tsx:54:5
      at Object.react-stack-bottom-frame (node_modules/.pnpm/react-test-renderer@19.1.0_react@19.1.0/node_modules/react-test-renderer/cjs/react-test-renderer.development.js:14062:20)
      at runWithFiberInDEV (node_modules/.pnpm/react-test-renderer@19.1.0_react@19.1.0/node_modules/react-test-renderer/cjs/react-test-renderer.development.js:1574:13)
      at commitHookEffectListMount (node_modules/.pnpm/react-test-renderer@19.1.0_react@19.1.0/node_modules/react-test-renderer/cjs/react-test-renderer.development.js:8376:29)
      at commitHookPassiveMountEffects (node_modules/.pnpm/react-test-renderer@19.1.0_react@19.1.0/node_modules/react-test-renderer/cjs/react-test-renderer.development.js:8465:11)
      at commitPassiveMountOnFiber (node_modules/.pnpm/react-test-renderer@19.1.0_react@19.1.0/node_modules/react-test-renderer/cjs/react-test-renderer.development.js:9782:13)
      at recursivelyTraversePassiveMountEffects (node_modules/.pnpm/react-test-renderer@19.1.0_react@19.1.0/node_modules/react-test-renderer/cjs/react-test-renderer.development.js:9756:11)
      at commitPassiveMountOnFiber (node_modules/.pnpm/react-test-renderer@19.1.0_react@19.1.0/node_modules/react-test-renderer/cjs/react-test-renderer.development.js:9794:11)
      at flushPendingEffects (node_modules/.pnpm/react-test-renderer@19.1.0_react@19.1.0/node_modules/react-test-renderer/cjs/react-test-renderer.development.js:11528:11)
      at performWorkOnRootViaSchedulerTask (node_modules/.pnpm/react-test-renderer@19.1.0_react@19.1.0/node_modules/react-test-renderer/cjs/react-test-renderer.development.js:2082:11)
      at flushActQueue (node_modules/.pnpm/react@19.1.0/node_modules/react/cjs/react.development.js:566:34)
      at Object.<anonymous>.process.env.NODE_ENV.exports.act (node_modules/.pnpm/react@19.1.0/node_modules/react/cjs/react.development.js:859:10)
      at actImplementation (node_modules/.pnpm/@testing-library+react-native@13.3.3_jest@29.7.0_@types+node@24.10.1__react-native@0.81_f117036a14a6b919a1aa1996a1219c5a/node_modules/@testing-library/react-native/src/act.ts:30:25)
      at renderWithAct (node_modules/.pnpm/@testing-library+react-native@13.3.3_jest@29.7.0_@types+node@24.10.1__react-native@0.81_f117036a14a6b919a1aa1996a1219c5a/node_modules/@testing-library/react-native/src/render-act.ts:13:11)
      at renderInternal (node_modules/.pnpm/@testing-library+react-native@13.3.3_jest@29.7.0_@types+node@24.10.1__react-native@0.81_f117036a14a6b919a1aa1996a1219c5a/node_modules/@testing-library/react-native/src/render.tsx:69:33)
      at renderInternal (node_modules/.pnpm/@testing-library+react-native@13.3.3_jest@29.7.0_@types+node@24.10.1__react-native@0.81_f117036a14a6b919a1aa1996a1219c5a/node_modules/@testing-library/react-native/src/render.tsx:44:10)
      at Object.<anonymous> (src/components/game/__tests__/AutoPassTimer.test.tsx:190:35)

  ‚óè AutoPassTimer Component ‚Ä∫ Edge Cases ‚Ä∫ should handle exactly 1 second remaining

    ReferenceError: requestAnimationFrame is not defined

      52 |     };
      53 |     
    > 54 |     animationFrameId = requestAnimationFrame(updateTime);
         |     ^
      55 |     
      56 |     return () => {
      57 |       cancelAnimationFrame(animationFrameId);

      at src/components/game/AutoPassTimer.tsx:54:5
      at Object.react-stack-bottom-frame (node_modules/.pnpm/react-test-renderer@19.1.0_react@19.1.0/node_modules/react-test-renderer/cjs/react-test-renderer.development.js:14062:20)
      at runWithFiberInDEV (node_modules/.pnpm/react-test-renderer@19.1.0_react@19.1.0/node_modules/react-test-renderer/cjs/react-test-renderer.development.js:1574:13)
      at commitHookEffectListMount (node_modules/.pnpm/react-test-renderer@19.1.0_react@19.1.0/node_modules/react-test-renderer/cjs/react-test-renderer.development.js:8376:29)
      at commitHookPassiveMountEffects (node_modules/.pnpm/react-test-renderer@19.1.0_react@19.1.0/node_modules/react-test-renderer/cjs/react-test-renderer.development.js:8465:11)
      at commitPassiveMountOnFiber (node_modules/.pnpm/react-test-renderer@19.1.0_react@19.1.0/node_modules/react-test-renderer/cjs/react-test-renderer.development.js:9782:13)
      at recursivelyTraversePassiveMountEffects (node_modules/.pnpm/react-test-renderer@19.1.0_react@19.1.0/node_modules/react-test-renderer/cjs/react-test-renderer.development.js:9756:11)
      at commitPassiveMountOnFiber (node_modules/.pnpm/react-test-renderer@19.1.0_react@19.1.0/node_modules/react-test-renderer/cjs/react-test-renderer.development.js:9794:11)
      at flushPendingEffects (node_modules/.pnpm/react-test-renderer@19.1.0_react@19.1.0/node_modules/react-test-renderer/cjs/react-test-renderer.development.js:11528:11)
      at performWorkOnRootViaSchedulerTask (node_modules/.pnpm/react-test-renderer@19.1.0_react@19.1.0/node_modules/react-test-renderer/cjs/react-test-renderer.development.js:2082:11)
      at flushActQueue (node_modules/.pnpm/react@19.1.0/node_modules/react/cjs/react.development.js:566:34)
      at Object.<anonymous>.process.env.NODE_ENV.exports.act (node_modules/.pnpm/react@19.1.0/node_modules/react/cjs/react.development.js:859:10)
      at actImplementation (node_modules/.pnpm/@testing-library+react-native@13.3.3_jest@29.7.0_@types+node@24.10.1__react-native@0.81_f117036a14a6b919a1aa1996a1219c5a/node_modules/@testing-library/react-native/src/act.ts:30:25)
      at renderWithAct (node_modules/.pnpm/@testing-library+react-native@13.3.3_jest@29.7.0_@types+node@24.10.1__react-native@0.81_f117036a14a6b919a1aa1996a1219c5a/node_modules/@testing-library/react-native/src/render-act.ts:13:11)
      at renderInternal (node_modules/.pnpm/@testing-library+react-native@13.3.3_jest@29.7.0_@types+node@24.10.1__react-native@0.81_f117036a14a6b919a1aa1996a1219c5a/node_modules/@testing-library/react-native/src/render.tsx:69:33)
      at renderInternal (node_modules/.pnpm/@testing-library+react-native@13.3.3_jest@29.7.0_@types+node@24.10.1__react-native@0.81_f117036a14a6b919a1aa1996a1219c5a/node_modules/@testing-library/react-native/src/render.tsx:44:10)
      at Object.<anonymous> (src/components/game/__tests__/AutoPassTimer.test.tsx:199:35)

  ‚óè AutoPassTimer Component ‚Ä∫ Edge Cases ‚Ä∫ should handle full duration (10 seconds)

    ReferenceError: requestAnimationFrame is not defined

      52 |     };
      53 |     
    > 54 |     animationFrameId = requestAnimationFrame(updateTime);
         |     ^
      55 |     
      56 |     return () => {
      57 |       cancelAnimationFrame(animationFrameId);

      at src/components/game/AutoPassTimer.tsx:54:5
      at Object.react-stack-bottom-frame (node_modules/.pnpm/react-test-renderer@19.1.0_react@19.1.0/node_modules/react-test-renderer/cjs/react-test-renderer.development.js:14062:20)
      at runWithFiberInDEV (node_modules/.pnpm/react-test-renderer@19.1.0_react@19.1.0/node_modules/react-test-renderer/cjs/react-test-renderer.development.js:1574:13)
      at commitHookEffectListMount (node_modules/.pnpm/react-test-renderer@19.1.0_react@19.1.0/node_modules/react-test-renderer/cjs/react-test-renderer.development.js:8376:29)
      at commitHookPassiveMountEffects (node_modules/.pnpm/react-test-renderer@19.1.0_react@19.1.0/node_modules/react-test-renderer/cjs/react-test-renderer.development.js:8465:11)
      at commitPassiveMountOnFiber (node_modules/.pnpm/react-test-renderer@19.1.0_react@19.1.0/node_modules/react-test-renderer/cjs/react-test-renderer.development.js:9782:13)
      at recursivelyTraversePassiveMountEffects (node_modules/.pnpm/react-test-renderer@19.1.0_react@19.1.0/node_modules/react-test-renderer/cjs/react-test-renderer.development.js:9756:11)
      at commitPassiveMountOnFiber (node_modules/.pnpm/react-test-renderer@19.1.0_react@19.1.0/node_modules/react-test-renderer/cjs/react-test-renderer.development.js:9794:11)
      at flushPendingEffects (node_modules/.pnpm/react-test-renderer@19.1.0_react@19.1.0/node_modules/react-test-renderer/cjs/react-test-renderer.development.js:11528:11)
      at performWorkOnRootViaSchedulerTask (node_modules/.pnpm/react-test-renderer@19.1.0_react@19.1.0/node_modules/react-test-renderer/cjs/react-test-renderer.development.js:2082:11)
      at flushActQueue (node_modules/.pnpm/react@19.1.0/node_modules/react/cjs/react.development.js:566:34)
      at Object.<anonymous>.process.env.NODE_ENV.exports.act (node_modules/.pnpm/react@19.1.0/node_modules/react/cjs/react.development.js:859:10)
      at actImplementation (node_modules/.pnpm/@testing-library+react-native@13.3.3_jest@29.7.0_@types+node@24.10.1__react-native@0.81_f117036a14a6b919a1aa1996a1219c5a/node_modules/@testing-library/react-native/src/act.ts:30:25)
      at renderWithAct (node_modules/.pnpm/@testing-library+react-native@13.3.3_jest@29.7.0_@types+node@24.10.1__react-native@0.81_f117036a14a6b919a1aa1996a1219c5a/node_modules/@testing-library/react-native/src/render-act.ts:13:11)
      at renderInternal (node_modules/.pnpm/@testing-library+react-native@13.3.3_jest@29.7.0_@types+node@24.10.1__react-native@0.81_f117036a14a6b919a1aa1996a1219c5a/node_modules/@testing-library/react-native/src/render.tsx:69:33)
      at renderInternal (node_modules/.pnpm/@testing-library+react-native@13.3.3_jest@29.7.0_@types+node@24.10.1__react-native@0.81_f117036a14a6b919a1aa1996a1219c5a/node_modules/@testing-library/react-native/src/render.tsx:44:10)
      at Object.<anonymous> (src/components/game/__tests__/AutoPassTimer.test.tsx:212:35)

  ‚óè AutoPassTimer Component ‚Ä∫ Component Props ‚Ä∫ should accept currentPlayerIndex prop

    ReferenceError: requestAnimationFrame is not defined

      52 |     };
      53 |     
    > 54 |     animationFrameId = requestAnimationFrame(updateTime);
         |     ^
      55 |     
      56 |     return () => {
      57 |       cancelAnimationFrame(animationFrameId);

      at src/components/game/AutoPassTimer.tsx:54:5
      at Object.react-stack-bottom-frame (node_modules/.pnpm/react-test-renderer@19.1.0_react@19.1.0/node_modules/react-test-renderer/cjs/react-test-renderer.development.js:14062:20)
      at runWithFiberInDEV (node_modules/.pnpm/react-test-renderer@19.1.0_react@19.1.0/node_modules/react-test-renderer/cjs/react-test-renderer.development.js:1574:13)
      at commitHookEffectListMount (node_modules/.pnpm/react-test-renderer@19.1.0_react@19.1.0/node_modules/react-test-renderer/cjs/react-test-renderer.development.js:8376:29)
      at commitHookPassiveMountEffects (node_modules/.pnpm/react-test-renderer@19.1.0_react@19.1.0/node_modules/react-test-renderer/cjs/react-test-renderer.development.js:8465:11)
      at commitPassiveMountOnFiber (node_modules/.pnpm/react-test-renderer@19.1.0_react@19.1.0/node_modules/react-test-renderer/cjs/react-test-renderer.development.js:9782:13)
      at recursivelyTraversePassiveMountEffects (node_modules/.pnpm/react-test-renderer@19.1.0_react@19.1.0/node_modules/react-test-renderer/cjs/react-test-renderer.development.js:9756:11)
      at commitPassiveMountOnFiber (node_modules/.pnpm/react-test-renderer@19.1.0_react@19.1.0/node_modules/react-test-renderer/cjs/react-test-renderer.development.js:9794:11)
      at flushPendingEffects (node_modules/.pnpm/react-test-renderer@19.1.0_react@19.1.0/node_modules/react-test-renderer/cjs/react-test-renderer.development.js:11528:11)
      at performWorkOnRootViaSchedulerTask (node_modules/.pnpm/react-test-renderer@19.1.0_react@19.1.0/node_modules/react-test-renderer/cjs/react-test-renderer.development.js:2082:11)
      at flushActQueue (node_modules/.pnpm/react@19.1.0/node_modules/react/cjs/react.development.js:566:34)
      at Object.<anonymous>.process.env.NODE_ENV.exports.act (node_modules/.pnpm/react@19.1.0/node_modules/react/cjs/react.development.js:859:10)
      at actImplementation (node_modules/.pnpm/@testing-library+react-native@13.3.3_jest@29.7.0_@types+node@24.10.1__react-native@0.81_f117036a14a6b919a1aa1996a1219c5a/node_modules/@testing-library/react-native/src/act.ts:30:25)
      at renderWithAct (node_modules/.pnpm/@testing-library+react-native@13.3.3_jest@29.7.0_@types+node@24.10.1__react-native@0.81_f117036a14a6b919a1aa1996a1219c5a/node_modules/@testing-library/react-native/src/render-act.ts:13:11)
      at renderInternal (node_modules/.pnpm/@testing-library+react-native@13.3.3_jest@29.7.0_@types+node@24.10.1__react-native@0.81_f117036a14a6b919a1aa1996a1219c5a/node_modules/@testing-library/react-native/src/render.tsx:69:33)
      at renderInternal (node_modules/.pnpm/@testing-library+react-native@13.3.3_jest@29.7.0_@types+node@24.10.1__react-native@0.81_f117036a14a6b919a1aa1996a1219c5a/node_modules/@testing-library/react-native/src/render.tsx:44:10)
      at Object.<anonymous> (src/components/game/__tests__/AutoPassTimer.test.tsx:223:35)

PASS src/game/__tests__/state-extended.test.ts
PASS src/components/gameRoom/__tests__/LandscapeGameLayout.test.tsx
PASS src/__tests__/settings/settings.test.ts
PASS src/game/__tests__/timer-cancellation-on-game-end.test.ts
A worker process has failed to exit gracefully and has been force exited. This is likely caused by tests leaking due to improper teardown. Try running with --detectOpenHandles to find leaks. Active timers can also cause this, ensure that .unref() was called on them.

Summary of all failing tests
FAIL src/hooks/__tests__/useRealtime-timer-cancellation.test.ts
  ‚óè Test suite failed to run

    [96msrc/hooks/__tests__/useRealtime-timer-cancellation.test.ts[0m:[93m49[0m:[93m5[0m - [91merror[0m[90m TS2353: [0mObject literal may only specify known properties, and 'winner_position' does not exist in type 'GameState'.

    [7m49[0m     winner_position: null,
    [7m  [0m [91m    ~~~~~~~~~~~~~~~[0m

FAIL src/__tests__/multiplayer/critical-rules.test.ts (19.117 s)
  ‚óè Critical Multiplayer Rules - Server-Side Validation ‚Ä∫ Rule 1: Cannot pass when leading ‚Ä∫ Server should reject pass when last_play is null (player is leading)

    EXPO_PUBLIC_SUPABASE_ANON_KEY not set in environment

      40 |   beforeAll(async () => {
      41 |     if (!SUPABASE_ANON_KEY) {
    > 42 |       throw new Error('EXPO_PUBLIC_SUPABASE_ANON_KEY not set in environment');
         |             ^
      43 |     }
      44 |     supabase = createClient(SUPABASE_URL, SUPABASE_ANON_KEY);
      45 |   });

      at Object.<anonymous> (src/__tests__/multiplayer/critical-rules.test.ts:42:13)

  ‚óè Critical Multiplayer Rules - Server-Side Validation ‚Ä∫ Rule 1: Cannot pass when leading ‚Ä∫ Server should allow pass when last_play exists (player is not leading)

    EXPO_PUBLIC_SUPABASE_ANON_KEY not set in environment

      40 |   beforeAll(async () => {
      41 |     if (!SUPABASE_ANON_KEY) {
    > 42 |       throw new Error('EXPO_PUBLIC_SUPABASE_ANON_KEY not set in environment');
         |             ^
      43 |     }
      44 |     supabase = createClient(SUPABASE_URL, SUPABASE_ANON_KEY);
      45 |   });

      at Object.<anonymous> (src/__tests__/multiplayer/critical-rules.test.ts:42:13)

  ‚óè Critical Multiplayer Rules - Server-Side Validation ‚Ä∫ Rule 2: First play must include 3‚ô¶ ‚Ä∫ Server should reject first play without 3‚ô¶

    EXPO_PUBLIC_SUPABASE_ANON_KEY not set in environment

      40 |   beforeAll(async () => {
      41 |     if (!SUPABASE_ANON_KEY) {
    > 42 |       throw new Error('EXPO_PUBLIC_SUPABASE_ANON_KEY not set in environment');
         |             ^
      43 |     }
      44 |     supabase = createClient(SUPABASE_URL, SUPABASE_ANON_KEY);
      45 |   });

      at Object.<anonymous> (src/__tests__/multiplayer/critical-rules.test.ts:42:13)

  ‚óè Critical Multiplayer Rules - Server-Side Validation ‚Ä∫ Rule 2: First play must include 3‚ô¶ ‚Ä∫ Server should accept first play with 3‚ô¶ alone

    EXPO_PUBLIC_SUPABASE_ANON_KEY not set in environment

      40 |   beforeAll(async () => {
      41 |     if (!SUPABASE_ANON_KEY) {
    > 42 |       throw new Error('EXPO_PUBLIC_SUPABASE_ANON_KEY not set in environment');
         |             ^
      43 |     }
      44 |     supabase = createClient(SUPABASE_URL, SUPABASE_ANON_KEY);
      45 |   });

      at Object.<anonymous> (src/__tests__/multiplayer/critical-rules.test.ts:42:13)

  ‚óè Critical Multiplayer Rules - Server-Side Validation ‚Ä∫ Rule 2: First play must include 3‚ô¶ ‚Ä∫ Server should accept first play with 3‚ô¶ in a pair

    EXPO_PUBLIC_SUPABASE_ANON_KEY not set in environment

      40 |   beforeAll(async () => {
      41 |     if (!SUPABASE_ANON_KEY) {
    > 42 |       throw new Error('EXPO_PUBLIC_SUPABASE_ANON_KEY not set in environment');
         |             ^
      43 |     }
      44 |     supabase = createClient(SUPABASE_URL, SUPABASE_ANON_KEY);
      45 |   });

      at Object.<anonymous> (src/__tests__/multiplayer/critical-rules.test.ts:42:13)

  ‚óè Critical Multiplayer Rules - Server-Side Validation ‚Ä∫ Rule 2: First play must include 3‚ô¶ ‚Ä∫ Server should accept first play with 3‚ô¶ in a 5-card combo (straight)

    EXPO_PUBLIC_SUPABASE_ANON_KEY not set in environment

      40 |   beforeAll(async () => {
      41 |     if (!SUPABASE_ANON_KEY) {
    > 42 |       throw new Error('EXPO_PUBLIC_SUPABASE_ANON_KEY not set in environment');
         |             ^
      43 |     }
      44 |     supabase = createClient(SUPABASE_URL, SUPABASE_ANON_KEY);
      45 |   });

      at Object.<anonymous> (src/__tests__/multiplayer/critical-rules.test.ts:42:13)

FAIL src/hooks/__tests__/usePlayHistoryTracking.test.tsx (20.165 s)
  ‚óè usePlayHistoryTracking ‚Ä∫ should convert roundHistory to PlayHistoryMatch

    expect(jest.fn()).toHaveBeenCalledWith(...expected)

    Expected: StringContaining "[PlayHistory] Updated match 1 with 2 hands"

    Number of calls: 0

      141 |
      142 |     // Check that update was logged
    > 143 |     expect(consoleLogSpy).toHaveBeenCalledWith(
          |                           ^
      144 |       expect.stringContaining('[PlayHistory] Updated match 1 with 2 hands')
      145 |     );
      146 |

      at Object.<anonymous> (src/hooks/__tests__/usePlayHistoryTracking.test.tsx:143:27)

  ‚óè usePlayHistoryTracking ‚Ä∫ should filter out passed entries (no cards played)

    expect(jest.fn()).toHaveBeenCalledWith(...expected)

    Expected: StringContaining "[PlayHistory] Updated match 1 with 2 hands"

    Number of calls: 0

      158 |
      159 |     // Should log 2 hands (1 single + 1 pair), not 3 (pass entry filtered out)
    > 160 |     expect(consoleLogSpy).toHaveBeenCalledWith(
          |                           ^
      161 |       expect.stringContaining('[PlayHistory] Updated match 1 with 2 hands')
      162 |     );
      163 |

      at Object.<anonymous> (src/hooks/__tests__/usePlayHistoryTracking.test.tsx:160:27)

  ‚óè usePlayHistoryTracking ‚Ä∫ should update when new plays are added

    expect(jest.fn()).toHaveBeenCalledWith(...expected)

    Expected: StringContaining "[PlayHistory] Updated match 1 with 3 hands"

    Number of calls: 0

      196 |
      197 |     // Should log update with 3 hands now
    > 198 |     expect(consoleLogSpy).toHaveBeenCalledWith(
          |                           ^
      199 |       expect.stringContaining('[PlayHistory] Updated match 1 with 3 hands')
      200 |     );
      201 |

      at Object.<anonymous> (src/hooks/__tests__/usePlayHistoryTracking.test.tsx:198:27)

  ‚óè usePlayHistoryTracking ‚Ä∫ should update when match number changes

    expect(jest.fn()).toHaveBeenCalledWith(...expected)

    Expected: StringContaining "[PlayHistory] Updated match 2 with 1 hands"

    Number of calls: 0

      237 |
      238 |     // Should log update for match 2
    > 239 |     expect(consoleLogSpy).toHaveBeenCalledWith(
          |                           ^
      240 |       expect.stringContaining('[PlayHistory] Updated match 2 with 1 hands')
      241 |     );
      242 |

      at Object.<anonymous> (src/hooks/__tests__/usePlayHistoryTracking.test.tsx:239:27)

  ‚óè usePlayHistoryTracking ‚Ä∫ should handle match end (winnerId set)

    expect(jest.fn()).toHaveBeenCalledWith(...expected)

    Expected: StringContaining "[PlayHistory] Updated match 1 with 2 hands"

    Number of calls: 0

      257 |
      258 |     // Should still update (will include winner info)
    > 259 |     expect(consoleLogSpy).toHaveBeenCalledWith(
          |                           ^
      260 |       expect.stringContaining('[PlayHistory] Updated match 1 with 2 hands')
      261 |     );
      262 |

      at Object.<anonymous> (src/hooks/__tests__/usePlayHistoryTracking.test.tsx:259:27)

FAIL src/hooks/__tests__/useRealtime.test.ts
  ‚óè Test suite failed to run

    [96msrc/hooks/useRealtime.ts[0m:[93m302[0m:[93m45[0m - [91merror[0m[90m TS2694: [0mNamespace 'global.NodeJS' has no exported member 'Timeout'.

    [7m302[0m   const activeTimerInterval = useRef<NodeJS.Timeout | null>(null);
    [7m   [0m [91m                                            ~~~~~~~[0m
    [96msrc/hooks/useRealtime.ts[0m:[93m686[0m:[93m35[0m - [91merror[0m[90m TS7015: [0mElement implicitly has an 'any' type because index expression is not of type 'number'.

    [7m686[0m       const myHand = currentHands[myHandKey] || [];
    [7m   [0m [91m                                  ~~~~~~~~~[0m
    [96msrc/hooks/useRealtime.ts[0m:[93m705[0m:[93m32[0m - [91merror[0m[90m TS18048: [0m'effectivePlayerIndex' is possibly 'undefined'.

    [7m705[0m       const nextPlayerIndex = (effectivePlayerIndex + 1) % roomPlayers.length;
    [7m   [0m [91m                               ~~~~~~~~~~~~~~~~~~~~[0m
    [96msrc/hooks/useRealtime.ts[0m:[93m730[0m:[93m24[0m - [91merror[0m[90m TS7053: [0mElement implicitly has an 'any' type because expression of type 'any' can't be used to index type '{}'.

    [7m730[0m           const hand = updatedHands[rp.player_index];
    [7m   [0m [91m                       ~~~~~~~~~~~~~~~~~~~~~~~~~~~~~[0m
    [96msrc/hooks/useRealtime.ts[0m:[93m806[0m:[93m13[0m - [91merror[0m[90m TS2322: [0mType 'number | undefined' is not assignable to type 'number'.
      Type 'undefined' is not assignable to type 'number'.

    [7m806[0m             position: effectivePlayerIndex,
    [7m   [0m [91m            ~~~~~~~~[0m

      [96msrc/types/multiplayer.ts[0m:[93m80[0m:[93m3[0m
        [7m80[0m   position: number;
        [7m  [0m [96m  ~~~~~~~~[0m
        The expected type comes from property 'position' which is declared here on type 'LastPlay'

FAIL src/hooks/__tests__/useRealtime-timer-integration.test.ts
  ‚óè Test suite failed to run

    [96msrc/hooks/__tests__/useRealtime-timer-integration.test.ts[0m:[93m221[0m:[93m11[0m - [91merror[0m[90m TS2353: [0mObject literal may only specify known properties, and 'winner_position' does not exist in type 'GameState'.

    [7m221[0m           winner_position: null,
    [7m   [0m [91m          ~~~~~~~~~~~~~~~[0m
    [96msrc/hooks/__tests__/useRealtime-timer-integration.test.ts[0m:[93m306[0m:[93m15[0m - [91merror[0m[90m TS2353: [0mObject literal may only specify known properties, and 'winner_position' does not exist in type 'GameState'.

    [7m306[0m               winner_position: null,
    [7m   [0m [91m              ~~~~~~~~~~~~~~~[0m
    [96msrc/hooks/__tests__/useRealtime-timer-integration.test.ts[0m:[93m382[0m:[93m11[0m - [91merror[0m[90m TS2353: [0mObject literal may only specify known properties, and 'winner_position' does not exist in type 'GameState'.

    [7m382[0m           winner_position: null,
    [7m   [0m [91m          ~~~~~~~~~~~~~~~[0m

FAIL src/components/game/__tests__/AutoPassTimerEdgeCases.test.tsx
  ‚óè AutoPassTimer - Edge Cases ‚Ä∫ Player Disconnection ‚Ä∫ should continue countdown when player disconnects

    ReferenceError: requestAnimationFrame is not defined

      52 |     };
      53 |     
    > 54 |     animationFrameId = requestAnimationFrame(updateTime);
         |     ^
      55 |     
      56 |     return () => {
      57 |       cancelAnimationFrame(animationFrameId);

      at src/components/game/AutoPassTimer.tsx:54:5
      at Object.react-stack-bottom-frame (node_modules/.pnpm/react-test-renderer@19.1.0_react@19.1.0/node_modules/react-test-renderer/cjs/react-test-renderer.development.js:14062:20)
      at runWithFiberInDEV (node_modules/.pnpm/react-test-renderer@19.1.0_react@19.1.0/node_modules/react-test-renderer/cjs/react-test-renderer.development.js:1574:13)
      at commitHookEffectListMount (node_modules/.pnpm/react-test-renderer@19.1.0_react@19.1.0/node_modules/react-test-renderer/cjs/react-test-renderer.development.js:8376:29)
      at commitHookPassiveMountEffects (node_modules/.pnpm/react-test-renderer@19.1.0_react@19.1.0/node_modules/react-test-renderer/cjs/react-test-renderer.development.js:8465:11)
      at commitPassiveMountOnFiber (node_modules/.pnpm/react-test-renderer@19.1.0_react@19.1.0/node_modules/react-test-renderer/cjs/react-test-renderer.development.js:9782:13)
      at recursivelyTraversePassiveMountEffects (node_modules/.pnpm/react-test-renderer@19.1.0_react@19.1.0/node_modules/react-test-renderer/cjs/react-test-renderer.development.js:9756:11)
      at commitPassiveMountOnFiber (node_modules/.pnpm/react-test-renderer@19.1.0_react@19.1.0/node_modules/react-test-renderer/cjs/react-test-renderer.development.js:9794:11)
      at flushPendingEffects (node_modules/.pnpm/react-test-renderer@19.1.0_react@19.1.0/node_modules/react-test-renderer/cjs/react-test-renderer.development.js:11528:11)
      at performWorkOnRootViaSchedulerTask (node_modules/.pnpm/react-test-renderer@19.1.0_react@19.1.0/node_modules/react-test-renderer/cjs/react-test-renderer.development.js:2082:11)
      at flushActQueue (node_modules/.pnpm/react@19.1.0/node_modules/react/cjs/react.development.js:566:34)
      at Object.<anonymous>.process.env.NODE_ENV.exports.act (node_modules/.pnpm/react@19.1.0/node_modules/react/cjs/react.development.js:859:10)
      at actImplementation (node_modules/.pnpm/@testing-library+react-native@13.3.3_jest@29.7.0_@types+node@24.10.1__react-native@0.81_f117036a14a6b919a1aa1996a1219c5a/node_modules/@testing-library/react-native/src/act.ts:30:25)
      at renderWithAct (node_modules/.pnpm/@testing-library+react-native@13.3.3_jest@29.7.0_@types+node@24.10.1__react-native@0.81_f117036a14a6b919a1aa1996a1219c5a/node_modules/@testing-library/react-native/src/render-act.ts:13:11)
      at renderInternal (node_modules/.pnpm/@testing-library+react-native@13.3.3_jest@29.7.0_@types+node@24.10.1__react-native@0.81_f117036a14a6b919a1aa1996a1219c5a/node_modules/@testing-library/react-native/src/render.tsx:69:33)
      at renderInternal (node_modules/.pnpm/@testing-library+react-native@13.3.3_jest@29.7.0_@types+node@24.10.1__react-native@0.81_f117036a14a6b919a1aa1996a1219c5a/node_modules/@testing-library/react-native/src/render.tsx:44:10)
      at Object.<anonymous> (src/components/game/__tests__/AutoPassTimerEdgeCases.test.tsx:50:35)

  ‚óè AutoPassTimer - Edge Cases ‚Ä∫ Player Disconnection ‚Ä∫ should restore correct countdown after reconnection

    ReferenceError: requestAnimationFrame is not defined

      52 |     };
      53 |     
    > 54 |     animationFrameId = requestAnimationFrame(updateTime);
         |     ^
      55 |     
      56 |     return () => {
      57 |       cancelAnimationFrame(animationFrameId);

      at src/components/game/AutoPassTimer.tsx:54:5
      at Object.react-stack-bottom-frame (node_modules/.pnpm/react-test-renderer@19.1.0_react@19.1.0/node_modules/react-test-renderer/cjs/react-test-renderer.development.js:14062:20)
      at runWithFiberInDEV (node_modules/.pnpm/react-test-renderer@19.1.0_react@19.1.0/node_modules/react-test-renderer/cjs/react-test-renderer.development.js:1574:13)
      at commitHookEffectListMount (node_modules/.pnpm/react-test-renderer@19.1.0_react@19.1.0/node_modules/react-test-renderer/cjs/react-test-renderer.development.js:8376:29)
      at commitHookPassiveMountEffects (node_modules/.pnpm/react-test-renderer@19.1.0_react@19.1.0/node_modules/react-test-renderer/cjs/react-test-renderer.development.js:8465:11)
      at commitPassiveMountOnFiber (node_modules/.pnpm/react-test-renderer@19.1.0_react@19.1.0/node_modules/react-test-renderer/cjs/react-test-renderer.development.js:9782:13)
      at recursivelyTraversePassiveMountEffects (node_modules/.pnpm/react-test-renderer@19.1.0_react@19.1.0/node_modules/react-test-renderer/cjs/react-test-renderer.development.js:9756:11)
      at commitPassiveMountOnFiber (node_modules/.pnpm/react-test-renderer@19.1.0_react@19.1.0/node_modules/react-test-renderer/cjs/react-test-renderer.development.js:9794:11)
      at flushPendingEffects (node_modules/.pnpm/react-test-renderer@19.1.0_react@19.1.0/node_modules/react-test-renderer/cjs/react-test-renderer.development.js:11528:11)
      at performWorkOnRootViaSchedulerTask (node_modules/.pnpm/react-test-renderer@19.1.0_react@19.1.0/node_modules/react-test-renderer/cjs/react-test-renderer.development.js:2082:11)
      at flushActQueue (node_modules/.pnpm/react@19.1.0/node_modules/react/cjs/react.development.js:566:34)
      at Object.<anonymous>.process.env.NODE_ENV.exports.act (node_modules/.pnpm/react@19.1.0/node_modules/react/cjs/react.development.js:859:10)
      at actImplementation (node_modules/.pnpm/@testing-library+react-native@13.3.3_jest@29.7.0_@types+node@24.10.1__react-native@0.81_f117036a14a6b919a1aa1996a1219c5a/node_modules/@testing-library/react-native/src/act.ts:30:25)
      at renderWithAct (node_modules/.pnpm/@testing-library+react-native@13.3.3_jest@29.7.0_@types+node@24.10.1__react-native@0.81_f117036a14a6b919a1aa1996a1219c5a/node_modules/@testing-library/react-native/src/render-act.ts:13:11)
      at renderInternal (node_modules/.pnpm/@testing-library+react-native@13.3.3_jest@29.7.0_@types+node@24.10.1__react-native@0.81_f117036a14a6b919a1aa1996a1219c5a/node_modules/@testing-library/react-native/src/render.tsx:69:33)
      at renderInternal (node_modules/.pnpm/@testing-library+react-native@13.3.3_jest@29.7.0_@types+node@24.10.1__react-native@0.81_f117036a14a6b919a1aa1996a1219c5a/node_modules/@testing-library/react-native/src/render.tsx:44:10)
      at Object.<anonymous> (src/components/game/__tests__/AutoPassTimerEdgeCases.test.tsx:72:35)

  ‚óè AutoPassTimer - Edge Cases ‚Ä∫ Room Closure ‚Ä∫ should cleanup timer when room closes

    ReferenceError: requestAnimationFrame is not defined

      52 |     };
      53 |     
    > 54 |     animationFrameId = requestAnimationFrame(updateTime);
         |     ^
      55 |     
      56 |     return () => {
      57 |       cancelAnimationFrame(animationFrameId);

      at src/components/game/AutoPassTimer.tsx:54:5
      at Object.react-stack-bottom-frame (node_modules/.pnpm/react-test-renderer@19.1.0_react@19.1.0/node_modules/react-test-renderer/cjs/react-test-renderer.development.js:14062:20)
      at runWithFiberInDEV (node_modules/.pnpm/react-test-renderer@19.1.0_react@19.1.0/node_modules/react-test-renderer/cjs/react-test-renderer.development.js:1574:13)
      at commitHookEffectListMount (node_modules/.pnpm/react-test-renderer@19.1.0_react@19.1.0/node_modules/react-test-renderer/cjs/react-test-renderer.development.js:8376:29)
      at commitHookPassiveMountEffects (node_modules/.pnpm/react-test-renderer@19.1.0_react@19.1.0/node_modules/react-test-renderer/cjs/react-test-renderer.development.js:8465:11)
      at commitPassiveMountOnFiber (node_modules/.pnpm/react-test-renderer@19.1.0_react@19.1.0/node_modules/react-test-renderer/cjs/react-test-renderer.development.js:9782:13)
      at recursivelyTraversePassiveMountEffects (node_modules/.pnpm/react-test-renderer@19.1.0_react@19.1.0/node_modules/react-test-renderer/cjs/react-test-renderer.development.js:9756:11)
      at commitPassiveMountOnFiber (node_modules/.pnpm/react-test-renderer@19.1.0_react@19.1.0/node_modules/react-test-renderer/cjs/react-test-renderer.development.js:9794:11)
      at flushPendingEffects (node_modules/.pnpm/react-test-renderer@19.1.0_react@19.1.0/node_modules/react-test-renderer/cjs/react-test-renderer.development.js:11528:11)
      at performWorkOnRootViaSchedulerTask (node_modules/.pnpm/react-test-renderer@19.1.0_react@19.1.0/node_modules/react-test-renderer/cjs/react-test-renderer.development.js:2082:11)
      at flushActQueue (node_modules/.pnpm/react@19.1.0/node_modules/react/cjs/react.development.js:566:34)
      at Object.<anonymous>.process.env.NODE_ENV.exports.act (node_modules/.pnpm/react@19.1.0/node_modules/react/cjs/react.development.js:859:10)
      at actImplementation (node_modules/.pnpm/@testing-library+react-native@13.3.3_jest@29.7.0_@types+node@24.10.1__react-native@0.81_f117036a14a6b919a1aa1996a1219c5a/node_modules/@testing-library/react-native/src/act.ts:30:25)
      at renderWithAct (node_modules/.pnpm/@testing-library+react-native@13.3.3_jest@29.7.0_@types+node@24.10.1__react-native@0.81_f117036a14a6b919a1aa1996a1219c5a/node_modules/@testing-library/react-native/src/render-act.ts:13:11)
      at renderInternal (node_modules/.pnpm/@testing-library+react-native@13.3.3_jest@29.7.0_@types+node@24.10.1__react-native@0.81_f117036a14a6b919a1aa1996a1219c5a/node_modules/@testing-library/react-native/src/render.tsx:69:33)
      at renderInternal (node_modules/.pnpm/@testing-library+react-native@13.3.3_jest@29.7.0_@types+node@24.10.1__react-native@0.81_f117036a14a6b919a1aa1996a1219c5a/node_modules/@testing-library/react-native/src/render.tsx:44:10)
      at Object.<anonymous> (src/components/game/__tests__/AutoPassTimerEdgeCases.test.tsx:115:33)

  ‚óè AutoPassTimer - Edge Cases ‚Ä∫ Sequential Timers ‚Ä∫ should handle back-to-back timer starts correctly

    ReferenceError: requestAnimationFrame is not defined

      52 |     };
      53 |     
    > 54 |     animationFrameId = requestAnimationFrame(updateTime);
         |     ^
      55 |     
      56 |     return () => {
      57 |       cancelAnimationFrame(animationFrameId);

      at src/components/game/AutoPassTimer.tsx:54:5
      at Object.react-stack-bottom-frame (node_modules/.pnpm/react-test-renderer@19.1.0_react@19.1.0/node_modules/react-test-renderer/cjs/react-test-renderer.development.js:14062:20)
      at runWithFiberInDEV (node_modules/.pnpm/react-test-renderer@19.1.0_react@19.1.0/node_modules/react-test-renderer/cjs/react-test-renderer.development.js:1574:13)
      at commitHookEffectListMount (node_modules/.pnpm/react-test-renderer@19.1.0_react@19.1.0/node_modules/react-test-renderer/cjs/react-test-renderer.development.js:8376:29)
      at commitHookPassiveMountEffects (node_modules/.pnpm/react-test-renderer@19.1.0_react@19.1.0/node_modules/react-test-renderer/cjs/react-test-renderer.development.js:8465:11)
      at commitPassiveMountOnFiber (node_modules/.pnpm/react-test-renderer@19.1.0_react@19.1.0/node_modules/react-test-renderer/cjs/react-test-renderer.development.js:9782:13)
      at recursivelyTraversePassiveMountEffects (node_modules/.pnpm/react-test-renderer@19.1.0_react@19.1.0/node_modules/react-test-renderer/cjs/react-test-renderer.development.js:9756:11)
      at commitPassiveMountOnFiber (node_modules/.pnpm/react-test-renderer@19.1.0_react@19.1.0/node_modules/react-test-renderer/cjs/react-test-renderer.development.js:9794:11)
      at flushPendingEffects (node_modules/.pnpm/react-test-renderer@19.1.0_react@19.1.0/node_modules/react-test-renderer/cjs/react-test-renderer.development.js:11528:11)
      at performWorkOnRootViaSchedulerTask (node_modules/.pnpm/react-test-renderer@19.1.0_react@19.1.0/node_modules/react-test-renderer/cjs/react-test-renderer.development.js:2082:11)
      at flushActQueue (node_modules/.pnpm/react@19.1.0/node_modules/react/cjs/react.development.js:566:34)
      at Object.<anonymous>.process.env.NODE_ENV.exports.act (node_modules/.pnpm/react@19.1.0/node_modules/react/cjs/react.development.js:859:10)
      at actImplementation (node_modules/.pnpm/@testing-library+react-native@13.3.3_jest@29.7.0_@types+node@24.10.1__react-native@0.81_f117036a14a6b919a1aa1996a1219c5a/node_modules/@testing-library/react-native/src/act.ts:30:25)
      at renderWithAct (node_modules/.pnpm/@testing-library+react-native@13.3.3_jest@29.7.0_@types+node@24.10.1__react-native@0.81_f117036a14a6b919a1aa1996a1219c5a/node_modules/@testing-library/react-native/src/render-act.ts:13:11)
      at renderInternal (node_modules/.pnpm/@testing-library+react-native@13.3.3_jest@29.7.0_@types+node@24.10.1__react-native@0.81_f117036a14a6b919a1aa1996a1219c5a/node_modules/@testing-library/react-native/src/render.tsx:69:33)
      at renderInternal (node_modules/.pnpm/@testing-library+react-native@13.3.3_jest@29.7.0_@types+node@24.10.1__react-native@0.81_f117036a14a6b919a1aa1996a1219c5a/node_modules/@testing-library/react-native/src/render.tsx:44:10)
      at Object.<anonymous> (src/components/game/__tests__/AutoPassTimerEdgeCases.test.tsx:141:45)

  ‚óè AutoPassTimer - Edge Cases ‚Ä∫ Sequential Timers ‚Ä∫ should handle rapid timer cancellations

    ReferenceError: requestAnimationFrame is not defined

      52 |     };
      53 |     
    > 54 |     animationFrameId = requestAnimationFrame(updateTime);
         |     ^
      55 |     
      56 |     return () => {
      57 |       cancelAnimationFrame(animationFrameId);

      at src/components/game/AutoPassTimer.tsx:54:5
      at Object.react-stack-bottom-frame (node_modules/.pnpm/react-test-renderer@19.1.0_react@19.1.0/node_modules/react-test-renderer/cjs/react-test-renderer.development.js:14062:20)
      at runWithFiberInDEV (node_modules/.pnpm/react-test-renderer@19.1.0_react@19.1.0/node_modules/react-test-renderer/cjs/react-test-renderer.development.js:1574:13)
      at commitHookEffectListMount (node_modules/.pnpm/react-test-renderer@19.1.0_react@19.1.0/node_modules/react-test-renderer/cjs/react-test-renderer.development.js:8376:29)
      at commitHookPassiveMountEffects (node_modules/.pnpm/react-test-renderer@19.1.0_react@19.1.0/node_modules/react-test-renderer/cjs/react-test-renderer.development.js:8465:11)
      at commitPassiveMountOnFiber (node_modules/.pnpm/react-test-renderer@19.1.0_react@19.1.0/node_modules/react-test-renderer/cjs/react-test-renderer.development.js:9782:13)
      at recursivelyTraversePassiveMountEffects (node_modules/.pnpm/react-test-renderer@19.1.0_react@19.1.0/node_modules/react-test-renderer/cjs/react-test-renderer.development.js:9756:11)
      at commitPassiveMountOnFiber (node_modules/.pnpm/react-test-renderer@19.1.0_react@19.1.0/node_modules/react-test-renderer/cjs/react-test-renderer.development.js:9794:11)
      at flushPendingEffects (node_modules/.pnpm/react-test-renderer@19.1.0_react@19.1.0/node_modules/react-test-renderer/cjs/react-test-renderer.development.js:11528:11)
      at performWorkOnRootViaSchedulerTask (node_modules/.pnpm/react-test-renderer@19.1.0_react@19.1.0/node_modules/react-test-renderer/cjs/react-test-renderer.development.js:2082:11)
      at flushActQueue (node_modules/.pnpm/react@19.1.0/node_modules/react/cjs/react.development.js:566:34)
      at Object.<anonymous>.process.env.NODE_ENV.exports.act (node_modules/.pnpm/react@19.1.0/node_modules/react/cjs/react.development.js:859:10)
      at actImplementation (node_modules/.pnpm/@testing-library+react-native@13.3.3_jest@29.7.0_@types+node@24.10.1__react-native@0.81_f117036a14a6b919a1aa1996a1219c5a/node_modules/@testing-library/react-native/src/act.ts:30:25)
      at renderWithAct (node_modules/.pnpm/@testing-library+react-native@13.3.3_jest@29.7.0_@types+node@24.10.1__react-native@0.81_f117036a14a6b919a1aa1996a1219c5a/node_modules/@testing-library/react-native/src/render-act.ts:13:11)
      at renderInternal (node_modules/.pnpm/@testing-library+react-native@13.3.3_jest@29.7.0_@types+node@24.10.1__react-native@0.81_f117036a14a6b919a1aa1996a1219c5a/node_modules/@testing-library/react-native/src/render.tsx:69:33)
      at renderInternal (node_modules/.pnpm/@testing-library+react-native@13.3.3_jest@29.7.0_@types+node@24.10.1__react-native@0.81_f117036a14a6b919a1aa1996a1219c5a/node_modules/@testing-library/react-native/src/render.tsx:44:10)
      at Object.<anonymous> (src/components/game/__tests__/AutoPassTimerEdgeCases.test.tsx:187:34)

  ‚óè AutoPassTimer - Edge Cases ‚Ä∫ Manual Pass Cancellation ‚Ä∫ should clear timer when manual pass occurs

    ReferenceError: requestAnimationFrame is not defined

      52 |     };
      53 |     
    > 54 |     animationFrameId = requestAnimationFrame(updateTime);
         |     ^
      55 |     
      56 |     return () => {
      57 |       cancelAnimationFrame(animationFrameId);

      at src/components/game/AutoPassTimer.tsx:54:5
      at Object.react-stack-bottom-frame (node_modules/.pnpm/react-test-renderer@19.1.0_react@19.1.0/node_modules/react-test-renderer/cjs/react-test-renderer.development.js:14062:20)
      at runWithFiberInDEV (node_modules/.pnpm/react-test-renderer@19.1.0_react@19.1.0/node_modules/react-test-renderer/cjs/react-test-renderer.development.js:1574:13)
      at commitHookEffectListMount (node_modules/.pnpm/react-test-renderer@19.1.0_react@19.1.0/node_modules/react-test-renderer/cjs/react-test-renderer.development.js:8376:29)
      at commitHookPassiveMountEffects (node_modules/.pnpm/react-test-renderer@19.1.0_react@19.1.0/node_modules/react-test-renderer/cjs/react-test-renderer.development.js:8465:11)
      at commitPassiveMountOnFiber (node_modules/.pnpm/react-test-renderer@19.1.0_react@19.1.0/node_modules/react-test-renderer/cjs/react-test-renderer.development.js:9782:13)
      at recursivelyTraversePassiveMountEffects (node_modules/.pnpm/react-test-renderer@19.1.0_react@19.1.0/node_modules/react-test-renderer/cjs/react-test-renderer.development.js:9756:11)
      at commitPassiveMountOnFiber (node_modules/.pnpm/react-test-renderer@19.1.0_react@19.1.0/node_modules/react-test-renderer/cjs/react-test-renderer.development.js:9794:11)
      at flushPendingEffects (node_modules/.pnpm/react-test-renderer@19.1.0_react@19.1.0/node_modules/react-test-renderer/cjs/react-test-renderer.development.js:11528:11)
      at performWorkOnRootViaSchedulerTask (node_modules/.pnpm/react-test-renderer@19.1.0_react@19.1.0/node_modules/react-test-renderer/cjs/react-test-renderer.development.js:2082:11)
      at flushActQueue (node_modules/.pnpm/react@19.1.0/node_modules/react/cjs/react.development.js:566:34)
      at Object.<anonymous>.process.env.NODE_ENV.exports.act (node_modules/.pnpm/react@19.1.0/node_modules/react/cjs/react.development.js:859:10)
      at actImplementation (node_modules/.pnpm/@testing-library+react-native@13.3.3_jest@29.7.0_@types+node@24.10.1__react-native@0.81_f117036a14a6b919a1aa1996a1219c5a/node_modules/@testing-library/react-native/src/act.ts:30:25)
      at renderWithAct (node_modules/.pnpm/@testing-library+react-native@13.3.3_jest@29.7.0_@types+node@24.10.1__react-native@0.81_f117036a14a6b919a1aa1996a1219c5a/node_modules/@testing-library/react-native/src/render-act.ts:13:11)
      at renderInternal (node_modules/.pnpm/@testing-library+react-native@13.3.3_jest@29.7.0_@types+node@24.10.1__react-native@0.81_f117036a14a6b919a1aa1996a1219c5a/node_modules/@testing-library/react-native/src/render.tsx:69:33)
      at renderInternal (node_modules/.pnpm/@testing-library+react-native@13.3.3_jest@29.7.0_@types+node@24.10.1__react-native@0.81_f117036a14a6b919a1aa1996a1219c5a/node_modules/@testing-library/react-native/src/render.tsx:44:10)
      at Object.<anonymous> (src/components/game/__tests__/AutoPassTimerEdgeCases.test.tsx:224:47)

  ‚óè AutoPassTimer - Edge Cases ‚Ä∫ Game End During Timer ‚Ä∫ should handle game end gracefully

    ReferenceError: requestAnimationFrame is not defined

      52 |     };
      53 |     
    > 54 |     animationFrameId = requestAnimationFrame(updateTime);
         |     ^
      55 |     
      56 |     return () => {
      57 |       cancelAnimationFrame(animationFrameId);

      at src/components/game/AutoPassTimer.tsx:54:5
      at Object.react-stack-bottom-frame (node_modules/.pnpm/react-test-renderer@19.1.0_react@19.1.0/node_modules/react-test-renderer/cjs/react-test-renderer.development.js:14062:20)
      at runWithFiberInDEV (node_modules/.pnpm/react-test-renderer@19.1.0_react@19.1.0/node_modules/react-test-renderer/cjs/react-test-renderer.development.js:1574:13)
      at commitHookEffectListMount (node_modules/.pnpm/react-test-renderer@19.1.0_react@19.1.0/node_modules/react-test-renderer/cjs/react-test-renderer.development.js:8376:29)
      at commitHookPassiveMountEffects (node_modules/.pnpm/react-test-renderer@19.1.0_react@19.1.0/node_modules/react-test-renderer/cjs/react-test-renderer.development.js:8465:11)
      at commitPassiveMountOnFiber (node_modules/.pnpm/react-test-renderer@19.1.0_react@19.1.0/node_modules/react-test-renderer/cjs/react-test-renderer.development.js:9782:13)
      at recursivelyTraversePassiveMountEffects (node_modules/.pnpm/react-test-renderer@19.1.0_react@19.1.0/node_modules/react-test-renderer/cjs/react-test-renderer.development.js:9756:11)
      at commitPassiveMountOnFiber (node_modules/.pnpm/react-test-renderer@19.1.0_react@19.1.0/node_modules/react-test-renderer/cjs/react-test-renderer.development.js:9794:11)
      at flushPendingEffects (node_modules/.pnpm/react-test-renderer@19.1.0_react@19.1.0/node_modules/react-test-renderer/cjs/react-test-renderer.development.js:11528:11)
      at performWorkOnRootViaSchedulerTask (node_modules/.pnpm/react-test-renderer@19.1.0_react@19.1.0/node_modules/react-test-renderer/cjs/react-test-renderer.development.js:2082:11)
      at flushActQueue (node_modules/.pnpm/react@19.1.0/node_modules/react/cjs/react.development.js:566:34)
      at Object.<anonymous>.process.env.NODE_ENV.exports.act (node_modules/.pnpm/react@19.1.0/node_modules/react/cjs/react.development.js:859:10)
      at actImplementation (node_modules/.pnpm/@testing-library+react-native@13.3.3_jest@29.7.0_@types+node@24.10.1__react-native@0.81_f117036a14a6b919a1aa1996a1219c5a/node_modules/@testing-library/react-native/src/act.ts:30:25)
      at renderWithAct (node_modules/.pnpm/@testing-library+react-native@13.3.3_jest@29.7.0_@types+node@24.10.1__react-native@0.81_f117036a14a6b919a1aa1996a1219c5a/node_modules/@testing-library/react-native/src/render-act.ts:13:11)
      at renderInternal (node_modules/.pnpm/@testing-library+react-native@13.3.3_jest@29.7.0_@types+node@24.10.1__react-native@0.81_f117036a14a6b919a1aa1996a1219c5a/node_modules/@testing-library/react-native/src/render.tsx:69:33)
      at renderInternal (node_modules/.pnpm/@testing-library+react-native@13.3.3_jest@29.7.0_@types+node@24.10.1__react-native@0.81_f117036a14a6b919a1aa1996a1219c5a/node_modules/@testing-library/react-native/src/render.tsx:44:10)
      at Object.<anonymous> (src/components/game/__tests__/AutoPassTimerEdgeCases.test.tsx:250:33)

  ‚óè AutoPassTimer - Edge Cases ‚Ä∫ Invalid Timer States ‚Ä∫ should handle negative remaining_ms gracefully

    ReferenceError: requestAnimationFrame is not defined

      52 |     };
      53 |     
    > 54 |     animationFrameId = requestAnimationFrame(updateTime);
         |     ^
      55 |     
      56 |     return () => {
      57 |       cancelAnimationFrame(animationFrameId);

      at src/components/game/AutoPassTimer.tsx:54:5
      at Object.react-stack-bottom-frame (node_modules/.pnpm/react-test-renderer@19.1.0_react@19.1.0/node_modules/react-test-renderer/cjs/react-test-renderer.development.js:14062:20)
      at runWithFiberInDEV (node_modules/.pnpm/react-test-renderer@19.1.0_react@19.1.0/node_modules/react-test-renderer/cjs/react-test-renderer.development.js:1574:13)
      at commitHookEffectListMount (node_modules/.pnpm/react-test-renderer@19.1.0_react@19.1.0/node_modules/react-test-renderer/cjs/react-test-renderer.development.js:8376:29)
      at commitHookPassiveMountEffects (node_modules/.pnpm/react-test-renderer@19.1.0_react@19.1.0/node_modules/react-test-renderer/cjs/react-test-renderer.development.js:8465:11)
      at commitPassiveMountOnFiber (node_modules/.pnpm/react-test-renderer@19.1.0_react@19.1.0/node_modules/react-test-renderer/cjs/react-test-renderer.development.js:9782:13)
      at recursivelyTraversePassiveMountEffects (node_modules/.pnpm/react-test-renderer@19.1.0_react@19.1.0/node_modules/react-test-renderer/cjs/react-test-renderer.development.js:9756:11)
      at commitPassiveMountOnFiber (node_modules/.pnpm/react-test-renderer@19.1.0_react@19.1.0/node_modules/react-test-renderer/cjs/react-test-renderer.development.js:9794:11)
      at flushPendingEffects (node_modules/.pnpm/react-test-renderer@19.1.0_react@19.1.0/node_modules/react-test-renderer/cjs/react-test-renderer.development.js:11528:11)
      at performWorkOnRootViaSchedulerTask (node_modules/.pnpm/react-test-renderer@19.1.0_react@19.1.0/node_modules/react-test-renderer/cjs/react-test-renderer.development.js:2082:11)
      at flushActQueue (node_modules/.pnpm/react@19.1.0/node_modules/react/cjs/react.development.js:566:34)
      at Object.<anonymous>.process.env.NODE_ENV.exports.act (node_modules/.pnpm/react@19.1.0/node_modules/react/cjs/react.development.js:859:10)
      at actImplementation (node_modules/.pnpm/@testing-library+react-native@13.3.3_jest@29.7.0_@types+node@24.10.1__react-native@0.81_f117036a14a6b919a1aa1996a1219c5a/node_modules/@testing-library/react-native/src/act.ts:30:25)
      at renderWithAct (node_modules/.pnpm/@testing-library+react-native@13.3.3_jest@29.7.0_@types+node@24.10.1__react-native@0.81_f117036a14a6b919a1aa1996a1219c5a/node_modules/@testing-library/react-native/src/render-act.ts:13:11)
      at renderInternal (node_modules/.pnpm/@testing-library+react-native@13.3.3_jest@29.7.0_@types+node@24.10.1__react-native@0.81_f117036a14a6b919a1aa1996a1219c5a/node_modules/@testing-library/react-native/src/render.tsx:69:33)
      at renderInternal (node_modules/.pnpm/@testing-library+react-native@13.3.3_jest@29.7.0_@types+node@24.10.1__react-native@0.81_f117036a14a6b919a1aa1996a1219c5a/node_modules/@testing-library/react-native/src/render.tsx:44:10)
      at Object.<anonymous> (src/components/game/__tests__/AutoPassTimerEdgeCases.test.tsx:283:13)

  ‚óè AutoPassTimer - Edge Cases ‚Ä∫ Invalid Timer States ‚Ä∫ should handle invalid started_at timestamp

    RangeError: Invalid time value
        at Date.toISOString (<anonymous>)

      94 |     if (Math.floor(remaining / 1000) !== Math.floor((remaining - 16) / 1000)) {
      95 |       console.log('[AutoPassTimer] Fallback calculation (no endTimestamp):', {
    > 96 |         startedAt: new Date(startedAt).toISOString(),
         |                                        ^
      97 |         currentTime: new Date(currentTime).toISOString(),
      98 |         elapsed,
      99 |         durationMs,

      at calculateRemainingMs (src/components/game/AutoPassTimer.tsx:96:40)
      at AutoPassTimer (src/components/game/AutoPassTimer.tsx:108:23)
      at Object.react-stack-bottom-frame (node_modules/.pnpm/react-test-renderer@19.1.0_react@19.1.0/node_modules/react-test-renderer/cjs/react-test-renderer.development.js:13976:20)
      at renderWithHooks (node_modules/.pnpm/react-test-renderer@19.1.0_react@19.1.0/node_modules/react-test-renderer/cjs/react-test-renderer.development.js:2866:22)
      at updateFunctionComponent (node_modules/.pnpm/react-test-renderer@19.1.0_react@19.1.0/node_modules/react-test-renderer/cjs/react-test-renderer.development.js:6006:19)
      at beginWork (node_modules/.pnpm/react-test-renderer@19.1.0_react@19.1.0/node_modules/react-test-renderer/cjs/react-test-renderer.development.js:7474:18)
      at runWithFiberInDEV (node_modules/.pnpm/react-test-renderer@19.1.0_react@19.1.0/node_modules/react-test-renderer/cjs/react-test-renderer.development.js:1574:13)
      at performUnitOfWork (node_modules/.pnpm/react-test-renderer@19.1.0_react@19.1.0/node_modules/react-test-renderer/cjs/react-test-renderer.development.js:10980:22)
      at workLoopSync (node_modules/.pnpm/react-test-renderer@19.1.0_react@19.1.0/node_modules/react-test-renderer/cjs/react-test-renderer.development.js:10816:41)
      at renderRootSync (node_modules/.pnpm/react-test-renderer@19.1.0_react@19.1.0/node_modules/react-test-renderer/cjs/react-test-renderer.development.js:10797:11)
      at performWorkOnRoot (node_modules/.pnpm/react-test-renderer@19.1.0_react@19.1.0/node_modules/react-test-renderer/cjs/react-test-renderer.development.js:10384:39)
      at performWorkOnRootViaSchedulerTask (node_modules/.pnpm/react-test-renderer@19.1.0_react@19.1.0/node_modules/react-test-renderer/cjs/react-test-renderer.development.js:2094:7)
      at flushActQueue (node_modules/.pnpm/react@19.1.0/node_modules/react/cjs/react.development.js:566:34)
      at Object.<anonymous>.process.env.NODE_ENV.exports.act (node_modules/.pnpm/react@19.1.0/node_modules/react/cjs/react.development.js:859:10)
      at actImplementation (node_modules/.pnpm/@testing-library+react-native@13.3.3_jest@29.7.0_@types+node@24.10.1__react-native@0.81_f117036a14a6b919a1aa1996a1219c5a/node_modules/@testing-library/react-native/src/act.ts:30:25)
      at renderWithAct (node_modules/.pnpm/@testing-library+react-native@13.3.3_jest@29.7.0_@types+node@24.10.1__react-native@0.81_f117036a14a6b919a1aa1996a1219c5a/node_modules/@testing-library/react-native/src/render-act.ts:13:11)
      at renderInternal (node_modules/.pnpm/@testing-library+react-native@13.3.3_jest@29.7.0_@types+node@24.10.1__react-native@0.81_f117036a14a6b919a1aa1996a1219c5a/node_modules/@testing-library/react-native/src/render.tsx:69:33)
      at renderInternal (node_modules/.pnpm/@testing-library+react-native@13.3.3_jest@29.7.0_@types+node@24.10.1__react-native@0.81_f117036a14a6b919a1aa1996a1219c5a/node_modules/@testing-library/react-native/src/render.tsx:44:10)
      at Object.<anonymous> (src/components/game/__tests__/AutoPassTimerEdgeCases.test.tsx:302:13)

  ‚óè AutoPassTimer - Edge Cases ‚Ä∫ Network Failure Scenarios ‚Ä∫ should continue countdown during network outage

    ReferenceError: requestAnimationFrame is not defined

      52 |     };
      53 |     
    > 54 |     animationFrameId = requestAnimationFrame(updateTime);
         |     ^
      55 |     
      56 |     return () => {
      57 |       cancelAnimationFrame(animationFrameId);

      at src/components/game/AutoPassTimer.tsx:54:5
      at Object.react-stack-bottom-frame (node_modules/.pnpm/react-test-renderer@19.1.0_react@19.1.0/node_modules/react-test-renderer/cjs/react-test-renderer.development.js:14062:20)
      at runWithFiberInDEV (node_modules/.pnpm/react-test-renderer@19.1.0_react@19.1.0/node_modules/react-test-renderer/cjs/react-test-renderer.development.js:1574:13)
      at commitHookEffectListMount (node_modules/.pnpm/react-test-renderer@19.1.0_react@19.1.0/node_modules/react-test-renderer/cjs/react-test-renderer.development.js:8376:29)
      at commitHookPassiveMountEffects (node_modules/.pnpm/react-test-renderer@19.1.0_react@19.1.0/node_modules/react-test-renderer/cjs/react-test-renderer.development.js:8465:11)
      at commitPassiveMountOnFiber (node_modules/.pnpm/react-test-renderer@19.1.0_react@19.1.0/node_modules/react-test-renderer/cjs/react-test-renderer.development.js:9782:13)
      at recursivelyTraversePassiveMountEffects (node_modules/.pnpm/react-test-renderer@19.1.0_react@19.1.0/node_modules/react-test-renderer/cjs/react-test-renderer.development.js:9756:11)
      at commitPassiveMountOnFiber (node_modules/.pnpm/react-test-renderer@19.1.0_react@19.1.0/node_modules/react-test-renderer/cjs/react-test-renderer.development.js:9794:11)
      at flushPendingEffects (node_modules/.pnpm/react-test-renderer@19.1.0_react@19.1.0/node_modules/react-test-renderer/cjs/react-test-renderer.development.js:11528:11)
      at performWorkOnRootViaSchedulerTask (node_modules/.pnpm/react-test-renderer@19.1.0_react@19.1.0/node_modules/react-test-renderer/cjs/react-test-renderer.development.js:2082:11)
      at flushActQueue (node_modules/.pnpm/react@19.1.0/node_modules/react/cjs/react.development.js:566:34)
      at Object.<anonymous>.process.env.NODE_ENV.exports.act (node_modules/.pnpm/react@19.1.0/node_modules/react/cjs/react.development.js:859:10)
      at actImplementation (node_modules/.pnpm/@testing-library+react-native@13.3.3_jest@29.7.0_@types+node@24.10.1__react-native@0.81_f117036a14a6b919a1aa1996a1219c5a/node_modules/@testing-library/react-native/src/act.ts:30:25)
      at renderWithAct (node_modules/.pnpm/@testing-library+react-native@13.3.3_jest@29.7.0_@types+node@24.10.1__react-native@0.81_f117036a14a6b919a1aa1996a1219c5a/node_modules/@testing-library/react-native/src/render-act.ts:13:11)
      at renderInternal (node_modules/.pnpm/@testing-library+react-native@13.3.3_jest@29.7.0_@types+node@24.10.1__react-native@0.81_f117036a14a6b919a1aa1996a1219c5a/node_modules/@testing-library/react-native/src/render.tsx:69:33)
      at renderInternal (node_modules/.pnpm/@testing-library+react-native@13.3.3_jest@29.7.0_@types+node@24.10.1__react-native@0.81_f117036a14a6b919a1aa1996a1219c5a/node_modules/@testing-library/react-native/src/render.tsx:44:10)
      at Object.<anonymous> (src/components/game/__tests__/AutoPassTimerEdgeCases.test.tsx:343:35)

  ‚óè AutoPassTimer - Edge Cases ‚Ä∫ Network Failure Scenarios ‚Ä∫ should handle delayed WebSocket updates

    ReferenceError: requestAnimationFrame is not defined

      52 |     };
      53 |     
    > 54 |     animationFrameId = requestAnimationFrame(updateTime);
         |     ^
      55 |     
      56 |     return () => {
      57 |       cancelAnimationFrame(animationFrameId);

      at src/components/game/AutoPassTimer.tsx:54:5
      at Object.react-stack-bottom-frame (node_modules/.pnpm/react-test-renderer@19.1.0_react@19.1.0/node_modules/react-test-renderer/cjs/react-test-renderer.development.js:14062:20)
      at runWithFiberInDEV (node_modules/.pnpm/react-test-renderer@19.1.0_react@19.1.0/node_modules/react-test-renderer/cjs/react-test-renderer.development.js:1574:13)
      at commitHookEffectListMount (node_modules/.pnpm/react-test-renderer@19.1.0_react@19.1.0/node_modules/react-test-renderer/cjs/react-test-renderer.development.js:8376:29)
      at commitHookPassiveMountEffects (node_modules/.pnpm/react-test-renderer@19.1.0_react@19.1.0/node_modules/react-test-renderer/cjs/react-test-renderer.development.js:8465:11)
      at commitPassiveMountOnFiber (node_modules/.pnpm/react-test-renderer@19.1.0_react@19.1.0/node_modules/react-test-renderer/cjs/react-test-renderer.development.js:9782:13)
      at recursivelyTraversePassiveMountEffects (node_modules/.pnpm/react-test-renderer@19.1.0_react@19.1.0/node_modules/react-test-renderer/cjs/react-test-renderer.development.js:9756:11)
      at commitPassiveMountOnFiber (node_modules/.pnpm/react-test-renderer@19.1.0_react@19.1.0/node_modules/react-test-renderer/cjs/react-test-renderer.development.js:9794:11)
      at flushPendingEffects (node_modules/.pnpm/react-test-renderer@19.1.0_react@19.1.0/node_modules/react-test-renderer/cjs/react-test-renderer.development.js:11528:11)
      at performWorkOnRootViaSchedulerTask (node_modules/.pnpm/react-test-renderer@19.1.0_react@19.1.0/node_modules/react-test-renderer/cjs/react-test-renderer.development.js:2082:11)
      at flushActQueue (node_modules/.pnpm/react@19.1.0/node_modules/react/cjs/react.development.js:566:34)
      at Object.<anonymous>.process.env.NODE_ENV.exports.act (node_modules/.pnpm/react@19.1.0/node_modules/react/cjs/react.development.js:859:10)
      at actImplementation (node_modules/.pnpm/@testing-library+react-native@13.3.3_jest@29.7.0_@types+node@24.10.1__react-native@0.81_f117036a14a6b919a1aa1996a1219c5a/node_modules/@testing-library/react-native/src/act.ts:30:25)
      at renderWithAct (node_modules/.pnpm/@testing-library+react-native@13.3.3_jest@29.7.0_@types+node@24.10.1__react-native@0.81_f117036a14a6b919a1aa1996a1219c5a/node_modules/@testing-library/react-native/src/render-act.ts:13:11)
      at renderInternal (node_modules/.pnpm/@testing-library+react-native@13.3.3_jest@29.7.0_@types+node@24.10.1__react-native@0.81_f117036a14a6b919a1aa1996a1219c5a/node_modules/@testing-library/react-native/src/render.tsx:69:33)
      at renderInternal (node_modules/.pnpm/@testing-library+react-native@13.3.3_jest@29.7.0_@types+node@24.10.1__react-native@0.81_f117036a14a6b919a1aa1996a1219c5a/node_modules/@testing-library/react-native/src/render.tsx:44:10)
      at Object.<anonymous> (src/components/game/__tests__/AutoPassTimerEdgeCases.test.tsx:365:45)

  ‚óè AutoPassTimer - Edge Cases ‚Ä∫ Network Failure Scenarios ‚Ä∫ should recover from temporary component unmount

    ReferenceError: requestAnimationFrame is not defined

      52 |     };
      53 |     
    > 54 |     animationFrameId = requestAnimationFrame(updateTime);
         |     ^
      55 |     
      56 |     return () => {
      57 |       cancelAnimationFrame(animationFrameId);

      at src/components/game/AutoPassTimer.tsx:54:5
      at Object.react-stack-bottom-frame (node_modules/.pnpm/react-test-renderer@19.1.0_react@19.1.0/node_modules/react-test-renderer/cjs/react-test-renderer.development.js:14062:20)
      at runWithFiberInDEV (node_modules/.pnpm/react-test-renderer@19.1.0_react@19.1.0/node_modules/react-test-renderer/cjs/react-test-renderer.development.js:1574:13)
      at commitHookEffectListMount (node_modules/.pnpm/react-test-renderer@19.1.0_react@19.1.0/node_modules/react-test-renderer/cjs/react-test-renderer.development.js:8376:29)
      at commitHookPassiveMountEffects (node_modules/.pnpm/react-test-renderer@19.1.0_react@19.1.0/node_modules/react-test-renderer/cjs/react-test-renderer.development.js:8465:11)
      at commitPassiveMountOnFiber (node_modules/.pnpm/react-test-renderer@19.1.0_react@19.1.0/node_modules/react-test-renderer/cjs/react-test-renderer.development.js:9782:13)
      at recursivelyTraversePassiveMountEffects (node_modules/.pnpm/react-test-renderer@19.1.0_react@19.1.0/node_modules/react-test-renderer/cjs/react-test-renderer.development.js:9756:11)
      at commitPassiveMountOnFiber (node_modules/.pnpm/react-test-renderer@19.1.0_react@19.1.0/node_modules/react-test-renderer/cjs/react-test-renderer.development.js:9794:11)
      at flushPendingEffects (node_modules/.pnpm/react-test-renderer@19.1.0_react@19.1.0/node_modules/react-test-renderer/cjs/react-test-renderer.development.js:11528:11)
      at performWorkOnRootViaSchedulerTask (node_modules/.pnpm/react-test-renderer@19.1.0_react@19.1.0/node_modules/react-test-renderer/cjs/react-test-renderer.development.js:2082:11)
      at flushActQueue (node_modules/.pnpm/react@19.1.0/node_modules/react/cjs/react.development.js:566:34)
      at Object.<anonymous>.process.env.NODE_ENV.exports.act (node_modules/.pnpm/react@19.1.0/node_modules/react/cjs/react.development.js:859:10)
      at actImplementation (node_modules/.pnpm/@testing-library+react-native@13.3.3_jest@29.7.0_@types+node@24.10.1__react-native@0.81_f117036a14a6b919a1aa1996a1219c5a/node_modules/@testing-library/react-native/src/act.ts:30:25)
      at renderWithAct (node_modules/.pnpm/@testing-library+react-native@13.3.3_jest@29.7.0_@types+node@24.10.1__react-native@0.81_f117036a14a6b919a1aa1996a1219c5a/node_modules/@testing-library/react-native/src/render-act.ts:13:11)
      at renderInternal (node_modules/.pnpm/@testing-library+react-native@13.3.3_jest@29.7.0_@types+node@24.10.1__react-native@0.81_f117036a14a6b919a1aa1996a1219c5a/node_modules/@testing-library/react-native/src/render.tsx:69:33)
      at renderInternal (node_modules/.pnpm/@testing-library+react-native@13.3.3_jest@29.7.0_@types+node@24.10.1__react-native@0.81_f117036a14a6b919a1aa1996a1219c5a/node_modules/@testing-library/react-native/src/render.tsx:44:10)
      at Object.<anonymous> (src/components/game/__tests__/AutoPassTimerEdgeCases.test.tsx:403:33)

  ‚óè AutoPassTimer - Edge Cases ‚Ä∫ Performance & Memory ‚Ä∫ should not leak memory with frequent rerenders

    ReferenceError: requestAnimationFrame is not defined

      52 |     };
      53 |     
    > 54 |     animationFrameId = requestAnimationFrame(updateTime);
         |     ^
      55 |     
      56 |     return () => {
      57 |       cancelAnimationFrame(animationFrameId);

      at src/components/game/AutoPassTimer.tsx:54:5
      at Object.react-stack-bottom-frame (node_modules/.pnpm/react-test-renderer@19.1.0_react@19.1.0/node_modules/react-test-renderer/cjs/react-test-renderer.development.js:14062:20)
      at runWithFiberInDEV (node_modules/.pnpm/react-test-renderer@19.1.0_react@19.1.0/node_modules/react-test-renderer/cjs/react-test-renderer.development.js:1574:13)
      at commitHookEffectListMount (node_modules/.pnpm/react-test-renderer@19.1.0_react@19.1.0/node_modules/react-test-renderer/cjs/react-test-renderer.development.js:8376:29)
      at commitHookPassiveMountEffects (node_modules/.pnpm/react-test-renderer@19.1.0_react@19.1.0/node_modules/react-test-renderer/cjs/react-test-renderer.development.js:8465:11)
      at commitPassiveMountOnFiber (node_modules/.pnpm/react-test-renderer@19.1.0_react@19.1.0/node_modules/react-test-renderer/cjs/react-test-renderer.development.js:9782:13)
      at recursivelyTraversePassiveMountEffects (node_modules/.pnpm/react-test-renderer@19.1.0_react@19.1.0/node_modules/react-test-renderer/cjs/react-test-renderer.development.js:9756:11)
      at commitPassiveMountOnFiber (node_modules/.pnpm/react-test-renderer@19.1.0_react@19.1.0/node_modules/react-test-renderer/cjs/react-test-renderer.development.js:9794:11)
      at flushPendingEffects (node_modules/.pnpm/react-test-renderer@19.1.0_react@19.1.0/node_modules/react-test-renderer/cjs/react-test-renderer.development.js:11528:11)
      at performWorkOnRootViaSchedulerTask (node_modules/.pnpm/react-test-renderer@19.1.0_react@19.1.0/node_modules/react-test-renderer/cjs/react-test-renderer.development.js:2082:11)
      at flushActQueue (node_modules/.pnpm/react@19.1.0/node_modules/react/cjs/react.development.js:566:34)
      at Object.<anonymous>.process.env.NODE_ENV.exports.act (node_modules/.pnpm/react@19.1.0/node_modules/react/cjs/react.development.js:859:10)
      at actImplementation (node_modules/.pnpm/@testing-library+react-native@13.3.3_jest@29.7.0_@types+node@24.10.1__react-native@0.81_f117036a14a6b919a1aa1996a1219c5a/node_modules/@testing-library/react-native/src/act.ts:30:25)
      at renderWithAct (node_modules/.pnpm/@testing-library+react-native@13.3.3_jest@29.7.0_@types+node@24.10.1__react-native@0.81_f117036a14a6b919a1aa1996a1219c5a/node_modules/@testing-library/react-native/src/render-act.ts:13:11)
      at renderInternal (node_modules/.pnpm/@testing-library+react-native@13.3.3_jest@29.7.0_@types+node@24.10.1__react-native@0.81_f117036a14a6b919a1aa1996a1219c5a/node_modules/@testing-library/react-native/src/render.tsx:69:33)
      at renderInternal (node_modules/.pnpm/@testing-library+react-native@13.3.3_jest@29.7.0_@types+node@24.10.1__react-native@0.81_f117036a14a6b919a1aa1996a1219c5a/node_modules/@testing-library/react-native/src/render.tsx:44:10)
      at Object.<anonymous> (src/components/game/__tests__/AutoPassTimerEdgeCases.test.tsx:435:43)

  ‚óè AutoPassTimer - Edge Cases ‚Ä∫ Performance & Memory ‚Ä∫ should handle rapid state changes efficiently

    ReferenceError: requestAnimationFrame is not defined

      52 |     };
      53 |     
    > 54 |     animationFrameId = requestAnimationFrame(updateTime);
         |     ^
      55 |     
      56 |     return () => {
      57 |       cancelAnimationFrame(animationFrameId);

      at src/components/game/AutoPassTimer.tsx:54:5
      at Object.react-stack-bottom-frame (node_modules/.pnpm/react-test-renderer@19.1.0_react@19.1.0/node_modules/react-test-renderer/cjs/react-test-renderer.development.js:14062:20)
      at runWithFiberInDEV (node_modules/.pnpm/react-test-renderer@19.1.0_react@19.1.0/node_modules/react-test-renderer/cjs/react-test-renderer.development.js:1574:13)
      at commitHookEffectListMount (node_modules/.pnpm/react-test-renderer@19.1.0_react@19.1.0/node_modules/react-test-renderer/cjs/react-test-renderer.development.js:8376:29)
      at commitHookPassiveMountEffects (node_modules/.pnpm/react-test-renderer@19.1.0_react@19.1.0/node_modules/react-test-renderer/cjs/react-test-renderer.development.js:8465:11)
      at commitPassiveMountOnFiber (node_modules/.pnpm/react-test-renderer@19.1.0_react@19.1.0/node_modules/react-test-renderer/cjs/react-test-renderer.development.js:9782:13)
      at recursivelyTraversePassiveMountEffects (node_modules/.pnpm/react-test-renderer@19.1.0_react@19.1.0/node_modules/react-test-renderer/cjs/react-test-renderer.development.js:9756:11)
      at commitPassiveMountOnFiber (node_modules/.pnpm/react-test-renderer@19.1.0_react@19.1.0/node_modules/react-test-renderer/cjs/react-test-renderer.development.js:9794:11)
      at flushPendingEffects (node_modules/.pnpm/react-test-renderer@19.1.0_react@19.1.0/node_modules/react-test-renderer/cjs/react-test-renderer.development.js:11528:11)
      at performWorkOnRootViaSchedulerTask (node_modules/.pnpm/react-test-renderer@19.1.0_react@19.1.0/node_modules/react-test-renderer/cjs/react-test-renderer.development.js:2082:11)
      at flushActQueue (node_modules/.pnpm/react@19.1.0/node_modules/react/cjs/react.development.js:566:34)
      at Object.<anonymous>.process.env.NODE_ENV.exports.act (node_modules/.pnpm/react@19.1.0/node_modules/react/cjs/react.development.js:859:10)
      at actImplementation (node_modules/.pnpm/@testing-library+react-native@13.3.3_jest@29.7.0_@types+node@24.10.1__react-native@0.81_f117036a14a6b919a1aa1996a1219c5a/node_modules/@testing-library/react-native/src/act.ts:30:25)
      at rerender (node_modules/.pnpm/@testing-library+react-native@13.3.3_jest@29.7.0_@types+node@24.10.1__react-native@0.81_f117036a14a6b919a1aa1996a1219c5a/node_modules/@testing-library/react-native/src/render.tsx:104:13)
      at Object.<anonymous> (src/components/game/__tests__/AutoPassTimerEdgeCases.test.tsx:467:9)

FAIL src/components/game/__tests__/AutoPassTimer.test.tsx
  ‚óè AutoPassTimer Component ‚Ä∫ Rendering ‚Ä∫ should render timer when active

    ReferenceError: requestAnimationFrame is not defined

      52 |     };
      53 |     
    > 54 |     animationFrameId = requestAnimationFrame(updateTime);
         |     ^
      55 |     
      56 |     return () => {
      57 |       cancelAnimationFrame(animationFrameId);

      at src/components/game/AutoPassTimer.tsx:54:5
      at Object.react-stack-bottom-frame (node_modules/.pnpm/react-test-renderer@19.1.0_react@19.1.0/node_modules/react-test-renderer/cjs/react-test-renderer.development.js:14062:20)
      at runWithFiberInDEV (node_modules/.pnpm/react-test-renderer@19.1.0_react@19.1.0/node_modules/react-test-renderer/cjs/react-test-renderer.development.js:1574:13)
      at commitHookEffectListMount (node_modules/.pnpm/react-test-renderer@19.1.0_react@19.1.0/node_modules/react-test-renderer/cjs/react-test-renderer.development.js:8376:29)
      at commitHookPassiveMountEffects (node_modules/.pnpm/react-test-renderer@19.1.0_react@19.1.0/node_modules/react-test-renderer/cjs/react-test-renderer.development.js:8465:11)
      at commitPassiveMountOnFiber (node_modules/.pnpm/react-test-renderer@19.1.0_react@19.1.0/node_modules/react-test-renderer/cjs/react-test-renderer.development.js:9782:13)
      at recursivelyTraversePassiveMountEffects (node_modules/.pnpm/react-test-renderer@19.1.0_react@19.1.0/node_modules/react-test-renderer/cjs/react-test-renderer.development.js:9756:11)
      at commitPassiveMountOnFiber (node_modules/.pnpm/react-test-renderer@19.1.0_react@19.1.0/node_modules/react-test-renderer/cjs/react-test-renderer.development.js:9794:11)
      at flushPendingEffects (node_modules/.pnpm/react-test-renderer@19.1.0_react@19.1.0/node_modules/react-test-renderer/cjs/react-test-renderer.development.js:11528:11)
      at performWorkOnRootViaSchedulerTask (node_modules/.pnpm/react-test-renderer@19.1.0_react@19.1.0/node_modules/react-test-renderer/cjs/react-test-renderer.development.js:2082:11)
      at flushActQueue (node_modules/.pnpm/react@19.1.0/node_modules/react/cjs/react.development.js:566:34)
      at Object.<anonymous>.process.env.NODE_ENV.exports.act (node_modules/.pnpm/react@19.1.0/node_modules/react/cjs/react.development.js:859:10)
      at actImplementation (node_modules/.pnpm/@testing-library+react-native@13.3.3_jest@29.7.0_@types+node@24.10.1__react-native@0.81_f117036a14a6b919a1aa1996a1219c5a/node_modules/@testing-library/react-native/src/act.ts:30:25)
      at renderWithAct (node_modules/.pnpm/@testing-library+react-native@13.3.3_jest@29.7.0_@types+node@24.10.1__react-native@0.81_f117036a14a6b919a1aa1996a1219c5a/node_modules/@testing-library/react-native/src/render-act.ts:13:11)
      at renderInternal (node_modules/.pnpm/@testing-library+react-native@13.3.3_jest@29.7.0_@types+node@24.10.1__react-native@0.81_f117036a14a6b919a1aa1996a1219c5a/node_modules/@testing-library/react-native/src/render.tsx:69:33)
      at renderInternal (node_modules/.pnpm/@testing-library+react-native@13.3.3_jest@29.7.0_@types+node@24.10.1__react-native@0.81_f117036a14a6b919a1aa1996a1219c5a/node_modules/@testing-library/react-native/src/render.tsx:44:10)
      at Object.<anonymous> (src/components/game/__tests__/AutoPassTimer.test.tsx:31:35)

  ‚óè AutoPassTimer Component ‚Ä∫ Rendering ‚Ä∫ should not render when remaining time is 0

    ReferenceError: requestAnimationFrame is not defined

      52 |     };
      53 |     
    > 54 |     animationFrameId = requestAnimationFrame(updateTime);
         |     ^
      55 |     
      56 |     return () => {
      57 |       cancelAnimationFrame(animationFrameId);

      at src/components/game/AutoPassTimer.tsx:54:5
      at Object.react-stack-bottom-frame (node_modules/.pnpm/react-test-renderer@19.1.0_react@19.1.0/node_modules/react-test-renderer/cjs/react-test-renderer.development.js:14062:20)
      at runWithFiberInDEV (node_modules/.pnpm/react-test-renderer@19.1.0_react@19.1.0/node_modules/react-test-renderer/cjs/react-test-renderer.development.js:1574:13)
      at commitHookEffectListMount (node_modules/.pnpm/react-test-renderer@19.1.0_react@19.1.0/node_modules/react-test-renderer/cjs/react-test-renderer.development.js:8376:29)
      at commitHookPassiveMountEffects (node_modules/.pnpm/react-test-renderer@19.1.0_react@19.1.0/node_modules/react-test-renderer/cjs/react-test-renderer.development.js:8465:11)
      at commitPassiveMountOnFiber (node_modules/.pnpm/react-test-renderer@19.1.0_react@19.1.0/node_modules/react-test-renderer/cjs/react-test-renderer.development.js:9782:13)
      at recursivelyTraversePassiveMountEffects (node_modules/.pnpm/react-test-renderer@19.1.0_react@19.1.0/node_modules/react-test-renderer/cjs/react-test-renderer.development.js:9756:11)
      at commitPassiveMountOnFiber (node_modules/.pnpm/react-test-renderer@19.1.0_react@19.1.0/node_modules/react-test-renderer/cjs/react-test-renderer.development.js:9794:11)
      at flushPendingEffects (node_modules/.pnpm/react-test-renderer@19.1.0_react@19.1.0/node_modules/react-test-renderer/cjs/react-test-renderer.development.js:11528:11)
      at performWorkOnRootViaSchedulerTask (node_modules/.pnpm/react-test-renderer@19.1.0_react@19.1.0/node_modules/react-test-renderer/cjs/react-test-renderer.development.js:2082:11)
      at flushActQueue (node_modules/.pnpm/react@19.1.0/node_modules/react/cjs/react.development.js:566:34)
      at Object.<anonymous>.process.env.NODE_ENV.exports.act (node_modules/.pnpm/react@19.1.0/node_modules/react/cjs/react.development.js:859:10)
      at actImplementation (node_modules/.pnpm/@testing-library+react-native@13.3.3_jest@29.7.0_@types+node@24.10.1__react-native@0.81_f117036a14a6b919a1aa1996a1219c5a/node_modules/@testing-library/react-native/src/act.ts:30:25)
      at renderWithAct (node_modules/.pnpm/@testing-library+react-native@13.3.3_jest@29.7.0_@types+node@24.10.1__react-native@0.81_f117036a14a6b919a1aa1996a1219c5a/node_modules/@testing-library/react-native/src/render-act.ts:13:11)
      at renderInternal (node_modules/.pnpm/@testing-library+react-native@13.3.3_jest@29.7.0_@types+node@24.10.1__react-native@0.81_f117036a14a6b919a1aa1996a1219c5a/node_modules/@testing-library/react-native/src/render.tsx:69:33)
      at renderInternal (node_modules/.pnpm/@testing-library+react-native@13.3.3_jest@29.7.0_@types+node@24.10.1__react-native@0.81_f117036a14a6b919a1aa1996a1219c5a/node_modules/@testing-library/react-native/src/render.tsx:44:10)
      at Object.<anonymous> (src/components/game/__tests__/AutoPassTimer.test.tsx:59:37)

  ‚óè AutoPassTimer Component ‚Ä∫ Countdown Display ‚Ä∫ should display 10 seconds for 10000ms remaining

    ReferenceError: requestAnimationFrame is not defined

      52 |     };
      53 |     
    > 54 |     animationFrameId = requestAnimationFrame(updateTime);
         |     ^
      55 |     
      56 |     return () => {
      57 |       cancelAnimationFrame(animationFrameId);

      at src/components/game/AutoPassTimer.tsx:54:5
      at Object.react-stack-bottom-frame (node_modules/.pnpm/react-test-renderer@19.1.0_react@19.1.0/node_modules/react-test-renderer/cjs/react-test-renderer.development.js:14062:20)
      at runWithFiberInDEV (node_modules/.pnpm/react-test-renderer@19.1.0_react@19.1.0/node_modules/react-test-renderer/cjs/react-test-renderer.development.js:1574:13)
      at commitHookEffectListMount (node_modules/.pnpm/react-test-renderer@19.1.0_react@19.1.0/node_modules/react-test-renderer/cjs/react-test-renderer.development.js:8376:29)
      at commitHookPassiveMountEffects (node_modules/.pnpm/react-test-renderer@19.1.0_react@19.1.0/node_modules/react-test-renderer/cjs/react-test-renderer.development.js:8465:11)
      at commitPassiveMountOnFiber (node_modules/.pnpm/react-test-renderer@19.1.0_react@19.1.0/node_modules/react-test-renderer/cjs/react-test-renderer.development.js:9782:13)
      at recursivelyTraversePassiveMountEffects (node_modules/.pnpm/react-test-renderer@19.1.0_react@19.1.0/node_modules/react-test-renderer/cjs/react-test-renderer.development.js:9756:11)
      at commitPassiveMountOnFiber (node_modules/.pnpm/react-test-renderer@19.1.0_react@19.1.0/node_modules/react-test-renderer/cjs/react-test-renderer.development.js:9794:11)
      at flushPendingEffects (node_modules/.pnpm/react-test-renderer@19.1.0_react@19.1.0/node_modules/react-test-renderer/cjs/react-test-renderer.development.js:11528:11)
      at performWorkOnRootViaSchedulerTask (node_modules/.pnpm/react-test-renderer@19.1.0_react@19.1.0/node_modules/react-test-renderer/cjs/react-test-renderer.development.js:2082:11)
      at flushActQueue (node_modules/.pnpm/react@19.1.0/node_modules/react/cjs/react.development.js:566:34)
      at Object.<anonymous>.process.env.NODE_ENV.exports.act (node_modules/.pnpm/react@19.1.0/node_modules/react/cjs/react.development.js:859:10)
      at actImplementation (node_modules/.pnpm/@testing-library+react-native@13.3.3_jest@29.7.0_@types+node@24.10.1__react-native@0.81_f117036a14a6b919a1aa1996a1219c5a/node_modules/@testing-library/react-native/src/act.ts:30:25)
      at renderWithAct (node_modules/.pnpm/@testing-library+react-native@13.3.3_jest@29.7.0_@types+node@24.10.1__react-native@0.81_f117036a14a6b919a1aa1996a1219c5a/node_modules/@testing-library/react-native/src/render-act.ts:13:11)
      at renderInternal (node_modules/.pnpm/@testing-library+react-native@13.3.3_jest@29.7.0_@types+node@24.10.1__react-native@0.81_f117036a14a6b919a1aa1996a1219c5a/node_modules/@testing-library/react-native/src/render.tsx:69:33)
      at renderInternal (node_modules/.pnpm/@testing-library+react-native@13.3.3_jest@29.7.0_@types+node@24.10.1__react-native@0.81_f117036a14a6b919a1aa1996a1219c5a/node_modules/@testing-library/react-native/src/render.tsx:44:10)
      at Object.<anonymous> (src/components/game/__tests__/AutoPassTimer.test.tsx:70:35)

  ‚óè AutoPassTimer Component ‚Ä∫ Countdown Display ‚Ä∫ should display 5 seconds for 5000ms remaining

    ReferenceError: requestAnimationFrame is not defined

      52 |     };
      53 |     
    > 54 |     animationFrameId = requestAnimationFrame(updateTime);
         |     ^
      55 |     
      56 |     return () => {
      57 |       cancelAnimationFrame(animationFrameId);

      at src/components/game/AutoPassTimer.tsx:54:5
      at Object.react-stack-bottom-frame (node_modules/.pnpm/react-test-renderer@19.1.0_react@19.1.0/node_modules/react-test-renderer/cjs/react-test-renderer.development.js:14062:20)
      at runWithFiberInDEV (node_modules/.pnpm/react-test-renderer@19.1.0_react@19.1.0/node_modules/react-test-renderer/cjs/react-test-renderer.development.js:1574:13)
      at commitHookEffectListMount (node_modules/.pnpm/react-test-renderer@19.1.0_react@19.1.0/node_modules/react-test-renderer/cjs/react-test-renderer.development.js:8376:29)
      at commitHookPassiveMountEffects (node_modules/.pnpm/react-test-renderer@19.1.0_react@19.1.0/node_modules/react-test-renderer/cjs/react-test-renderer.development.js:8465:11)
      at commitPassiveMountOnFiber (node_modules/.pnpm/react-test-renderer@19.1.0_react@19.1.0/node_modules/react-test-renderer/cjs/react-test-renderer.development.js:9782:13)
      at recursivelyTraversePassiveMountEffects (node_modules/.pnpm/react-test-renderer@19.1.0_react@19.1.0/node_modules/react-test-renderer/cjs/react-test-renderer.development.js:9756:11)
      at commitPassiveMountOnFiber (node_modules/.pnpm/react-test-renderer@19.1.0_react@19.1.0/node_modules/react-test-renderer/cjs/react-test-renderer.development.js:9794:11)
      at flushPendingEffects (node_modules/.pnpm/react-test-renderer@19.1.0_react@19.1.0/node_modules/react-test-renderer/cjs/react-test-renderer.development.js:11528:11)
      at performWorkOnRootViaSchedulerTask (node_modules/.pnpm/react-test-renderer@19.1.0_react@19.1.0/node_modules/react-test-renderer/cjs/react-test-renderer.development.js:2082:11)
      at flushActQueue (node_modules/.pnpm/react@19.1.0/node_modules/react/cjs/react.development.js:566:34)
      at Object.<anonymous>.process.env.NODE_ENV.exports.act (node_modules/.pnpm/react@19.1.0/node_modules/react/cjs/react.development.js:859:10)
      at actImplementation (node_modules/.pnpm/@testing-library+react-native@13.3.3_jest@29.7.0_@types+node@24.10.1__react-native@0.81_f117036a14a6b919a1aa1996a1219c5a/node_modules/@testing-library/react-native/src/act.ts:30:25)
      at renderWithAct (node_modules/.pnpm/@testing-library+react-native@13.3.3_jest@29.7.0_@types+node@24.10.1__react-native@0.81_f117036a14a6b919a1aa1996a1219c5a/node_modules/@testing-library/react-native/src/render-act.ts:13:11)
      at renderInternal (node_modules/.pnpm/@testing-library+react-native@13.3.3_jest@29.7.0_@types+node@24.10.1__react-native@0.81_f117036a14a6b919a1aa1996a1219c5a/node_modules/@testing-library/react-native/src/render.tsx:69:33)
      at renderInternal (node_modules/.pnpm/@testing-library+react-native@13.3.3_jest@29.7.0_@types+node@24.10.1__react-native@0.81_f117036a14a6b919a1aa1996a1219c5a/node_modules/@testing-library/react-native/src/render.tsx:44:10)
      at Object.<anonymous> (src/components/game/__tests__/AutoPassTimer.test.tsx:79:35)

  ‚óè AutoPassTimer Component ‚Ä∫ Countdown Display ‚Ä∫ should display 1 second for 1000ms remaining

    ReferenceError: requestAnimationFrame is not defined

      52 |     };
      53 |     
    > 54 |     animationFrameId = requestAnimationFrame(updateTime);
         |     ^
      55 |     
      56 |     return () => {
      57 |       cancelAnimationFrame(animationFrameId);

      at src/components/game/AutoPassTimer.tsx:54:5
      at Object.react-stack-bottom-frame (node_modules/.pnpm/react-test-renderer@19.1.0_react@19.1.0/node_modules/react-test-renderer/cjs/react-test-renderer.development.js:14062:20)
      at runWithFiberInDEV (node_modules/.pnpm/react-test-renderer@19.1.0_react@19.1.0/node_modules/react-test-renderer/cjs/react-test-renderer.development.js:1574:13)
      at commitHookEffectListMount (node_modules/.pnpm/react-test-renderer@19.1.0_react@19.1.0/node_modules/react-test-renderer/cjs/react-test-renderer.development.js:8376:29)
      at commitHookPassiveMountEffects (node_modules/.pnpm/react-test-renderer@19.1.0_react@19.1.0/node_modules/react-test-renderer/cjs/react-test-renderer.development.js:8465:11)
      at commitPassiveMountOnFiber (node_modules/.pnpm/react-test-renderer@19.1.0_react@19.1.0/node_modules/react-test-renderer/cjs/react-test-renderer.development.js:9782:13)
      at recursivelyTraversePassiveMountEffects (node_modules/.pnpm/react-test-renderer@19.1.0_react@19.1.0/node_modules/react-test-renderer/cjs/react-test-renderer.development.js:9756:11)
      at commitPassiveMountOnFiber (node_modules/.pnpm/react-test-renderer@19.1.0_react@19.1.0/node_modules/react-test-renderer/cjs/react-test-renderer.development.js:9794:11)
      at flushPendingEffects (node_modules/.pnpm/react-test-renderer@19.1.0_react@19.1.0/node_modules/react-test-renderer/cjs/react-test-renderer.development.js:11528:11)
      at performWorkOnRootViaSchedulerTask (node_modules/.pnpm/react-test-renderer@19.1.0_react@19.1.0/node_modules/react-test-renderer/cjs/react-test-renderer.development.js:2082:11)
      at flushActQueue (node_modules/.pnpm/react@19.1.0/node_modules/react/cjs/react.development.js:566:34)
      at Object.<anonymous>.process.env.NODE_ENV.exports.act (node_modules/.pnpm/react@19.1.0/node_modules/react/cjs/react.development.js:859:10)
      at actImplementation (node_modules/.pnpm/@testing-library+react-native@13.3.3_jest@29.7.0_@types+node@24.10.1__react-native@0.81_f117036a14a6b919a1aa1996a1219c5a/node_modules/@testing-library/react-native/src/act.ts:30:25)
      at renderWithAct (node_modules/.pnpm/@testing-library+react-native@13.3.3_jest@29.7.0_@types+node@24.10.1__react-native@0.81_f117036a14a6b919a1aa1996a1219c5a/node_modules/@testing-library/react-native/src/render-act.ts:13:11)
      at renderInternal (node_modules/.pnpm/@testing-library+react-native@13.3.3_jest@29.7.0_@types+node@24.10.1__react-native@0.81_f117036a14a6b919a1aa1996a1219c5a/node_modules/@testing-library/react-native/src/render.tsx:69:33)
      at renderInternal (node_modules/.pnpm/@testing-library+react-native@13.3.3_jest@29.7.0_@types+node@24.10.1__react-native@0.81_f117036a14a6b919a1aa1996a1219c5a/node_modules/@testing-library/react-native/src/render.tsx:44:10)
      at Object.<anonymous> (src/components/game/__tests__/AutoPassTimer.test.tsx:88:35)

  ‚óè AutoPassTimer Component ‚Ä∫ Countdown Display ‚Ä∫ should round up partial seconds

    ReferenceError: requestAnimationFrame is not defined

      52 |     };
      53 |     
    > 54 |     animationFrameId = requestAnimationFrame(updateTime);
         |     ^
      55 |     
      56 |     return () => {
      57 |       cancelAnimationFrame(animationFrameId);

      at src/components/game/AutoPassTimer.tsx:54:5
      at Object.react-stack-bottom-frame (node_modules/.pnpm/react-test-renderer@19.1.0_react@19.1.0/node_modules/react-test-renderer/cjs/react-test-renderer.development.js:14062:20)
      at runWithFiberInDEV (node_modules/.pnpm/react-test-renderer@19.1.0_react@19.1.0/node_modules/react-test-renderer/cjs/react-test-renderer.development.js:1574:13)
      at commitHookEffectListMount (node_modules/.pnpm/react-test-renderer@19.1.0_react@19.1.0/node_modules/react-test-renderer/cjs/react-test-renderer.development.js:8376:29)
      at commitHookPassiveMountEffects (node_modules/.pnpm/react-test-renderer@19.1.0_react@19.1.0/node_modules/react-test-renderer/cjs/react-test-renderer.development.js:8465:11)
      at commitPassiveMountOnFiber (node_modules/.pnpm/react-test-renderer@19.1.0_react@19.1.0/node_modules/react-test-renderer/cjs/react-test-renderer.development.js:9782:13)
      at recursivelyTraversePassiveMountEffects (node_modules/.pnpm/react-test-renderer@19.1.0_react@19.1.0/node_modules/react-test-renderer/cjs/react-test-renderer.development.js:9756:11)
      at commitPassiveMountOnFiber (node_modules/.pnpm/react-test-renderer@19.1.0_react@19.1.0/node_modules/react-test-renderer/cjs/react-test-renderer.development.js:9794:11)
      at flushPendingEffects (node_modules/.pnpm/react-test-renderer@19.1.0_react@19.1.0/node_modules/react-test-renderer/cjs/react-test-renderer.development.js:11528:11)
      at performWorkOnRootViaSchedulerTask (node_modules/.pnpm/react-test-renderer@19.1.0_react@19.1.0/node_modules/react-test-renderer/cjs/react-test-renderer.development.js:2082:11)
      at flushActQueue (node_modules/.pnpm/react@19.1.0/node_modules/react/cjs/react.development.js:566:34)
      at Object.<anonymous>.process.env.NODE_ENV.exports.act (node_modules/.pnpm/react@19.1.0/node_modules/react/cjs/react.development.js:859:10)
      at actImplementation (node_modules/.pnpm/@testing-library+react-native@13.3.3_jest@29.7.0_@types+node@24.10.1__react-native@0.81_f117036a14a6b919a1aa1996a1219c5a/node_modules/@testing-library/react-native/src/act.ts:30:25)
      at renderWithAct (node_modules/.pnpm/@testing-library+react-native@13.3.3_jest@29.7.0_@types+node@24.10.1__react-native@0.81_f117036a14a6b919a1aa1996a1219c5a/node_modules/@testing-library/react-native/src/render-act.ts:13:11)
      at renderInternal (node_modules/.pnpm/@testing-library+react-native@13.3.3_jest@29.7.0_@types+node@24.10.1__react-native@0.81_f117036a14a6b919a1aa1996a1219c5a/node_modules/@testing-library/react-native/src/render.tsx:69:33)
      at renderInternal (node_modules/.pnpm/@testing-library+react-native@13.3.3_jest@29.7.0_@types+node@24.10.1__react-native@0.81_f117036a14a6b919a1aa1996a1219c5a/node_modules/@testing-library/react-native/src/render.tsx:44:10)
      at Object.<anonymous> (src/components/game/__tests__/AutoPassTimer.test.tsx:97:35)

  ‚óè AutoPassTimer Component ‚Ä∫ Combo Type Display ‚Ä∫ should display Single combo type

    ReferenceError: requestAnimationFrame is not defined

      52 |     };
      53 |     
    > 54 |     animationFrameId = requestAnimationFrame(updateTime);
         |     ^
      55 |     
      56 |     return () => {
      57 |       cancelAnimationFrame(animationFrameId);

      at src/components/game/AutoPassTimer.tsx:54:5
      at Object.react-stack-bottom-frame (node_modules/.pnpm/react-test-renderer@19.1.0_react@19.1.0/node_modules/react-test-renderer/cjs/react-test-renderer.development.js:14062:20)
      at runWithFiberInDEV (node_modules/.pnpm/react-test-renderer@19.1.0_react@19.1.0/node_modules/react-test-renderer/cjs/react-test-renderer.development.js:1574:13)
      at commitHookEffectListMount (node_modules/.pnpm/react-test-renderer@19.1.0_react@19.1.0/node_modules/react-test-renderer/cjs/react-test-renderer.development.js:8376:29)
      at commitHookPassiveMountEffects (node_modules/.pnpm/react-test-renderer@19.1.0_react@19.1.0/node_modules/react-test-renderer/cjs/react-test-renderer.development.js:8465:11)
      at commitPassiveMountOnFiber (node_modules/.pnpm/react-test-renderer@19.1.0_react@19.1.0/node_modules/react-test-renderer/cjs/react-test-renderer.development.js:9782:13)
      at recursivelyTraversePassiveMountEffects (node_modules/.pnpm/react-test-renderer@19.1.0_react@19.1.0/node_modules/react-test-renderer/cjs/react-test-renderer.development.js:9756:11)
      at commitPassiveMountOnFiber (node_modules/.pnpm/react-test-renderer@19.1.0_react@19.1.0/node_modules/react-test-renderer/cjs/react-test-renderer.development.js:9794:11)
      at flushPendingEffects (node_modules/.pnpm/react-test-renderer@19.1.0_react@19.1.0/node_modules/react-test-renderer/cjs/react-test-renderer.development.js:11528:11)
      at performWorkOnRootViaSchedulerTask (node_modules/.pnpm/react-test-renderer@19.1.0_react@19.1.0/node_modules/react-test-renderer/cjs/react-test-renderer.development.js:2082:11)
      at flushActQueue (node_modules/.pnpm/react@19.1.0/node_modules/react/cjs/react.development.js:566:34)
      at Object.<anonymous>.process.env.NODE_ENV.exports.act (node_modules/.pnpm/react@19.1.0/node_modules/react/cjs/react.development.js:859:10)
      at actImplementation (node_modules/.pnpm/@testing-library+react-native@13.3.3_jest@29.7.0_@types+node@24.10.1__react-native@0.81_f117036a14a6b919a1aa1996a1219c5a/node_modules/@testing-library/react-native/src/act.ts:30:25)
      at renderWithAct (node_modules/.pnpm/@testing-library+react-native@13.3.3_jest@29.7.0_@types+node@24.10.1__react-native@0.81_f117036a14a6b919a1aa1996a1219c5a/node_modules/@testing-library/react-native/src/render-act.ts:13:11)
      at renderInternal (node_modules/.pnpm/@testing-library+react-native@13.3.3_jest@29.7.0_@types+node@24.10.1__react-native@0.81_f117036a14a6b919a1aa1996a1219c5a/node_modules/@testing-library/react-native/src/render.tsx:69:33)
      at renderInternal (node_modules/.pnpm/@testing-library+react-native@13.3.3_jest@29.7.0_@types+node@24.10.1__react-native@0.81_f117036a14a6b919a1aa1996a1219c5a/node_modules/@testing-library/react-native/src/render.tsx:44:10)
      at Object.<anonymous> (src/components/game/__tests__/AutoPassTimer.test.tsx:114:35)

  ‚óè AutoPassTimer Component ‚Ä∫ Combo Type Display ‚Ä∫ should display Pair combo type

    ReferenceError: requestAnimationFrame is not defined

      52 |     };
      53 |     
    > 54 |     animationFrameId = requestAnimationFrame(updateTime);
         |     ^
      55 |     
      56 |     return () => {
      57 |       cancelAnimationFrame(animationFrameId);

      at src/components/game/AutoPassTimer.tsx:54:5
      at Object.react-stack-bottom-frame (node_modules/.pnpm/react-test-renderer@19.1.0_react@19.1.0/node_modules/react-test-renderer/cjs/react-test-renderer.development.js:14062:20)
      at runWithFiberInDEV (node_modules/.pnpm/react-test-renderer@19.1.0_react@19.1.0/node_modules/react-test-renderer/cjs/react-test-renderer.development.js:1574:13)
      at commitHookEffectListMount (node_modules/.pnpm/react-test-renderer@19.1.0_react@19.1.0/node_modules/react-test-renderer/cjs/react-test-renderer.development.js:8376:29)
      at commitHookPassiveMountEffects (node_modules/.pnpm/react-test-renderer@19.1.0_react@19.1.0/node_modules/react-test-renderer/cjs/react-test-renderer.development.js:8465:11)
      at commitPassiveMountOnFiber (node_modules/.pnpm/react-test-renderer@19.1.0_react@19.1.0/node_modules/react-test-renderer/cjs/react-test-renderer.development.js:9782:13)
      at recursivelyTraversePassiveMountEffects (node_modules/.pnpm/react-test-renderer@19.1.0_react@19.1.0/node_modules/react-test-renderer/cjs/react-test-renderer.development.js:9756:11)
      at commitPassiveMountOnFiber (node_modules/.pnpm/react-test-renderer@19.1.0_react@19.1.0/node_modules/react-test-renderer/cjs/react-test-renderer.development.js:9794:11)
      at flushPendingEffects (node_modules/.pnpm/react-test-renderer@19.1.0_react@19.1.0/node_modules/react-test-renderer/cjs/react-test-renderer.development.js:11528:11)
      at performWorkOnRootViaSchedulerTask (node_modules/.pnpm/react-test-renderer@19.1.0_react@19.1.0/node_modules/react-test-renderer/cjs/react-test-renderer.development.js:2082:11)
      at flushActQueue (node_modules/.pnpm/react@19.1.0/node_modules/react/cjs/react.development.js:566:34)
      at Object.<anonymous>.process.env.NODE_ENV.exports.act (node_modules/.pnpm/react@19.1.0/node_modules/react/cjs/react.development.js:859:10)
      at actImplementation (node_modules/.pnpm/@testing-library+react-native@13.3.3_jest@29.7.0_@types+node@24.10.1__react-native@0.81_f117036a14a6b919a1aa1996a1219c5a/node_modules/@testing-library/react-native/src/act.ts:30:25)
      at renderWithAct (node_modules/.pnpm/@testing-library+react-native@13.3.3_jest@29.7.0_@types+node@24.10.1__react-native@0.81_f117036a14a6b919a1aa1996a1219c5a/node_modules/@testing-library/react-native/src/render-act.ts:13:11)
      at renderInternal (node_modules/.pnpm/@testing-library+react-native@13.3.3_jest@29.7.0_@types+node@24.10.1__react-native@0.81_f117036a14a6b919a1aa1996a1219c5a/node_modules/@testing-library/react-native/src/render.tsx:69:33)
      at renderInternal (node_modules/.pnpm/@testing-library+react-native@13.3.3_jest@29.7.0_@types+node@24.10.1__react-native@0.81_f117036a14a6b919a1aa1996a1219c5a/node_modules/@testing-library/react-native/src/render.tsx:44:10)
      at Object.<anonymous> (src/components/game/__tests__/AutoPassTimer.test.tsx:132:35)

  ‚óè AutoPassTimer Component ‚Ä∫ Combo Type Display ‚Ä∫ should display Straight Flush combo type

    ReferenceError: requestAnimationFrame is not defined

      52 |     };
      53 |     
    > 54 |     animationFrameId = requestAnimationFrame(updateTime);
         |     ^
      55 |     
      56 |     return () => {
      57 |       cancelAnimationFrame(animationFrameId);

      at src/components/game/AutoPassTimer.tsx:54:5
      at Object.react-stack-bottom-frame (node_modules/.pnpm/react-test-renderer@19.1.0_react@19.1.0/node_modules/react-test-renderer/cjs/react-test-renderer.development.js:14062:20)
      at runWithFiberInDEV (node_modules/.pnpm/react-test-renderer@19.1.0_react@19.1.0/node_modules/react-test-renderer/cjs/react-test-renderer.development.js:1574:13)
      at commitHookEffectListMount (node_modules/.pnpm/react-test-renderer@19.1.0_react@19.1.0/node_modules/react-test-renderer/cjs/react-test-renderer.development.js:8376:29)
      at commitHookPassiveMountEffects (node_modules/.pnpm/react-test-renderer@19.1.0_react@19.1.0/node_modules/react-test-renderer/cjs/react-test-renderer.development.js:8465:11)
      at commitPassiveMountOnFiber (node_modules/.pnpm/react-test-renderer@19.1.0_react@19.1.0/node_modules/react-test-renderer/cjs/react-test-renderer.development.js:9782:13)
      at recursivelyTraversePassiveMountEffects (node_modules/.pnpm/react-test-renderer@19.1.0_react@19.1.0/node_modules/react-test-renderer/cjs/react-test-renderer.development.js:9756:11)
      at commitPassiveMountOnFiber (node_modules/.pnpm/react-test-renderer@19.1.0_react@19.1.0/node_modules/react-test-renderer/cjs/react-test-renderer.development.js:9794:11)
      at flushPendingEffects (node_modules/.pnpm/react-test-renderer@19.1.0_react@19.1.0/node_modules/react-test-renderer/cjs/react-test-renderer.development.js:11528:11)
      at performWorkOnRootViaSchedulerTask (node_modules/.pnpm/react-test-renderer@19.1.0_react@19.1.0/node_modules/react-test-renderer/cjs/react-test-renderer.development.js:2082:11)
      at flushActQueue (node_modules/.pnpm/react@19.1.0/node_modules/react/cjs/react.development.js:566:34)
      at Object.<anonymous>.process.env.NODE_ENV.exports.act (node_modules/.pnpm/react@19.1.0/node_modules/react/cjs/react.development.js:859:10)
      at actImplementation (node_modules/.pnpm/@testing-library+react-native@13.3.3_jest@29.7.0_@types+node@24.10.1__react-native@0.81_f117036a14a6b919a1aa1996a1219c5a/node_modules/@testing-library/react-native/src/act.ts:30:25)
      at renderWithAct (node_modules/.pnpm/@testing-library+react-native@13.3.3_jest@29.7.0_@types+node@24.10.1__react-native@0.81_f117036a14a6b919a1aa1996a1219c5a/node_modules/@testing-library/react-native/src/render-act.ts:13:11)
      at renderInternal (node_modules/.pnpm/@testing-library+react-native@13.3.3_jest@29.7.0_@types+node@24.10.1__react-native@0.81_f117036a14a6b919a1aa1996a1219c5a/node_modules/@testing-library/react-native/src/render.tsx:69:33)
      at renderInternal (node_modules/.pnpm/@testing-library+react-native@13.3.3_jest@29.7.0_@types+node@24.10.1__react-native@0.81_f117036a14a6b919a1aa1996a1219c5a/node_modules/@testing-library/react-native/src/render.tsx:44:10)
      at Object.<anonymous> (src/components/game/__tests__/AutoPassTimer.test.tsx:153:35)

  ‚óè AutoPassTimer Component ‚Ä∫ Message Display ‚Ä∫ should display auto-pass message with time

    ReferenceError: requestAnimationFrame is not defined

      52 |     };
      53 |     
    > 54 |     animationFrameId = requestAnimationFrame(updateTime);
         |     ^
      55 |     
      56 |     return () => {
      57 |       cancelAnimationFrame(animationFrameId);

      at src/components/game/AutoPassTimer.tsx:54:5
      at Object.react-stack-bottom-frame (node_modules/.pnpm/react-test-renderer@19.1.0_react@19.1.0/node_modules/react-test-renderer/cjs/react-test-renderer.development.js:14062:20)
      at runWithFiberInDEV (node_modules/.pnpm/react-test-renderer@19.1.0_react@19.1.0/node_modules/react-test-renderer/cjs/react-test-renderer.development.js:1574:13)
      at commitHookEffectListMount (node_modules/.pnpm/react-test-renderer@19.1.0_react@19.1.0/node_modules/react-test-renderer/cjs/react-test-renderer.development.js:8376:29)
      at commitHookPassiveMountEffects (node_modules/.pnpm/react-test-renderer@19.1.0_react@19.1.0/node_modules/react-test-renderer/cjs/react-test-renderer.development.js:8465:11)
      at commitPassiveMountOnFiber (node_modules/.pnpm/react-test-renderer@19.1.0_react@19.1.0/node_modules/react-test-renderer/cjs/react-test-renderer.development.js:9782:13)
      at recursivelyTraversePassiveMountEffects (node_modules/.pnpm/react-test-renderer@19.1.0_react@19.1.0/node_modules/react-test-renderer/cjs/react-test-renderer.development.js:9756:11)
      at commitPassiveMountOnFiber (node_modules/.pnpm/react-test-renderer@19.1.0_react@19.1.0/node_modules/react-test-renderer/cjs/react-test-renderer.development.js:9794:11)
      at flushPendingEffects (node_modules/.pnpm/react-test-renderer@19.1.0_react@19.1.0/node_modules/react-test-renderer/cjs/react-test-renderer.development.js:11528:11)
      at performWorkOnRootViaSchedulerTask (node_modules/.pnpm/react-test-renderer@19.1.0_react@19.1.0/node_modules/react-test-renderer/cjs/react-test-renderer.development.js:2082:11)
      at flushActQueue (node_modules/.pnpm/react@19.1.0/node_modules/react/cjs/react.development.js:566:34)
      at Object.<anonymous>.process.env.NODE_ENV.exports.act (node_modules/.pnpm/react@19.1.0/node_modules/react/cjs/react.development.js:859:10)
      at actImplementation (node_modules/.pnpm/@testing-library+react-native@13.3.3_jest@29.7.0_@types+node@24.10.1__react-native@0.81_f117036a14a6b919a1aa1996a1219c5a/node_modules/@testing-library/react-native/src/act.ts:30:25)
      at renderWithAct (node_modules/.pnpm/@testing-library+react-native@13.3.3_jest@29.7.0_@types+node@24.10.1__react-native@0.81_f117036a14a6b919a1aa1996a1219c5a/node_modules/@testing-library/react-native/src/render-act.ts:13:11)
      at renderInternal (node_modules/.pnpm/@testing-library+react-native@13.3.3_jest@29.7.0_@types+node@24.10.1__react-native@0.81_f117036a14a6b919a1aa1996a1219c5a/node_modules/@testing-library/react-native/src/render.tsx:69:33)
      at renderInternal (node_modules/.pnpm/@testing-library+react-native@13.3.3_jest@29.7.0_@types+node@24.10.1__react-native@0.81_f117036a14a6b919a1aa1996a1219c5a/node_modules/@testing-library/react-native/src/render.tsx:44:10)
      at Object.<anonymous> (src/components/game/__tests__/AutoPassTimer.test.tsx:164:35)

  ‚óè AutoPassTimer Component ‚Ä∫ Message Display ‚Ä∫ should update message when time changes

    ReferenceError: requestAnimationFrame is not defined

      52 |     };
      53 |     
    > 54 |     animationFrameId = requestAnimationFrame(updateTime);
         |     ^
      55 |     
      56 |     return () => {
      57 |       cancelAnimationFrame(animationFrameId);

      at src/components/game/AutoPassTimer.tsx:54:5
      at Object.react-stack-bottom-frame (node_modules/.pnpm/react-test-renderer@19.1.0_react@19.1.0/node_modules/react-test-renderer/cjs/react-test-renderer.development.js:14062:20)
      at runWithFiberInDEV (node_modules/.pnpm/react-test-renderer@19.1.0_react@19.1.0/node_modules/react-test-renderer/cjs/react-test-renderer.development.js:1574:13)
      at commitHookEffectListMount (node_modules/.pnpm/react-test-renderer@19.1.0_react@19.1.0/node_modules/react-test-renderer/cjs/react-test-renderer.development.js:8376:29)
      at commitHookPassiveMountEffects (node_modules/.pnpm/react-test-renderer@19.1.0_react@19.1.0/node_modules/react-test-renderer/cjs/react-test-renderer.development.js:8465:11)
      at commitPassiveMountOnFiber (node_modules/.pnpm/react-test-renderer@19.1.0_react@19.1.0/node_modules/react-test-renderer/cjs/react-test-renderer.development.js:9782:13)
      at recursivelyTraversePassiveMountEffects (node_modules/.pnpm/react-test-renderer@19.1.0_react@19.1.0/node_modules/react-test-renderer/cjs/react-test-renderer.development.js:9756:11)
      at commitPassiveMountOnFiber (node_modules/.pnpm/react-test-renderer@19.1.0_react@19.1.0/node_modules/react-test-renderer/cjs/react-test-renderer.development.js:9794:11)
      at flushPendingEffects (node_modules/.pnpm/react-test-renderer@19.1.0_react@19.1.0/node_modules/react-test-renderer/cjs/react-test-renderer.development.js:11528:11)
      at performWorkOnRootViaSchedulerTask (node_modules/.pnpm/react-test-renderer@19.1.0_react@19.1.0/node_modules/react-test-renderer/cjs/react-test-renderer.development.js:2082:11)
      at flushActQueue (node_modules/.pnpm/react@19.1.0/node_modules/react/cjs/react.development.js:566:34)
      at Object.<anonymous>.process.env.NODE_ENV.exports.act (node_modules/.pnpm/react@19.1.0/node_modules/react/cjs/react.development.js:859:10)
      at actImplementation (node_modules/.pnpm/@testing-library+react-native@13.3.3_jest@29.7.0_@types+node@24.10.1__react-native@0.81_f117036a14a6b919a1aa1996a1219c5a/node_modules/@testing-library/react-native/src/act.ts:30:25)
      at renderWithAct (node_modules/.pnpm/@testing-library+react-native@13.3.3_jest@29.7.0_@types+node@24.10.1__react-native@0.81_f117036a14a6b919a1aa1996a1219c5a/node_modules/@testing-library/react-native/src/render-act.ts:13:11)
      at renderInternal (node_modules/.pnpm/@testing-library+react-native@13.3.3_jest@29.7.0_@types+node@24.10.1__react-native@0.81_f117036a14a6b919a1aa1996a1219c5a/node_modules/@testing-library/react-native/src/render.tsx:69:33)
      at renderInternal (node_modules/.pnpm/@testing-library+react-native@13.3.3_jest@29.7.0_@types+node@24.10.1__react-native@0.81_f117036a14a6b919a1aa1996a1219c5a/node_modules/@testing-library/react-native/src/render.tsx:44:10)
      at Object.<anonymous> (src/components/game/__tests__/AutoPassTimer.test.tsx:173:45)

  ‚óè AutoPassTimer Component ‚Ä∫ Edge Cases ‚Ä∫ should handle very low remaining time

    ReferenceError: requestAnimationFrame is not defined

      52 |     };
      53 |     
    > 54 |     animationFrameId = requestAnimationFrame(updateTime);
         |     ^
      55 |     
      56 |     return () => {
      57 |       cancelAnimationFrame(animationFrameId);

      at src/components/game/AutoPassTimer.tsx:54:5
      at Object.react-stack-bottom-frame (node_modules/.pnpm/react-test-renderer@19.1.0_react@19.1.0/node_modules/react-test-renderer/cjs/react-test-renderer.development.js:14062:20)
      at runWithFiberInDEV (node_modules/.pnpm/react-test-renderer@19.1.0_react@19.1.0/node_modules/react-test-renderer/cjs/react-test-renderer.development.js:1574:13)
      at commitHookEffectListMount (node_modules/.pnpm/react-test-renderer@19.1.0_react@19.1.0/node_modules/react-test-renderer/cjs/react-test-renderer.development.js:8376:29)
      at commitHookPassiveMountEffects (node_modules/.pnpm/react-test-renderer@19.1.0_react@19.1.0/node_modules/react-test-renderer/cjs/react-test-renderer.development.js:8465:11)
      at commitPassiveMountOnFiber (node_modules/.pnpm/react-test-renderer@19.1.0_react@19.1.0/node_modules/react-test-renderer/cjs/react-test-renderer.development.js:9782:13)
      at recursivelyTraversePassiveMountEffects (node_modules/.pnpm/react-test-renderer@19.1.0_react@19.1.0/node_modules/react-test-renderer/cjs/react-test-renderer.development.js:9756:11)
      at commitPassiveMountOnFiber (node_modules/.pnpm/react-test-renderer@19.1.0_react@19.1.0/node_modules/react-test-renderer/cjs/react-test-renderer.development.js:9794:11)
      at flushPendingEffects (node_modules/.pnpm/react-test-renderer@19.1.0_react@19.1.0/node_modules/react-test-renderer/cjs/react-test-renderer.development.js:11528:11)
      at performWorkOnRootViaSchedulerTask (node_modules/.pnpm/react-test-renderer@19.1.0_react@19.1.0/node_modules/react-test-renderer/cjs/react-test-renderer.development.js:2082:11)
      at flushActQueue (node_modules/.pnpm/react@19.1.0/node_modules/react/cjs/react.development.js:566:34)
      at Object.<anonymous>.process.env.NODE_ENV.exports.act (node_modules/.pnpm/react@19.1.0/node_modules/react/cjs/react.development.js:859:10)
      at actImplementation (node_modules/.pnpm/@testing-library+react-native@13.3.3_jest@29.7.0_@types+node@24.10.1__react-native@0.81_f117036a14a6b919a1aa1996a1219c5a/node_modules/@testing-library/react-native/src/act.ts:30:25)
      at renderWithAct (node_modules/.pnpm/@testing-library+react-native@13.3.3_jest@29.7.0_@types+node@24.10.1__react-native@0.81_f117036a14a6b919a1aa1996a1219c5a/node_modules/@testing-library/react-native/src/render-act.ts:13:11)
      at renderInternal (node_modules/.pnpm/@testing-library+react-native@13.3.3_jest@29.7.0_@types+node@24.10.1__react-native@0.81_f117036a14a6b919a1aa1996a1219c5a/node_modules/@testing-library/react-native/src/render.tsx:69:33)
      at renderInternal (node_modules/.pnpm/@testing-library+react-native@13.3.3_jest@29.7.0_@types+node@24.10.1__react-native@0.81_f117036a14a6b919a1aa1996a1219c5a/node_modules/@testing-library/react-native/src/render.tsx:44:10)
      at Object.<anonymous> (src/components/game/__tests__/AutoPassTimer.test.tsx:190:35)

  ‚óè AutoPassTimer Component ‚Ä∫ Edge Cases ‚Ä∫ should handle exactly 1 second remaining

    ReferenceError: requestAnimationFrame is not defined

      52 |     };
      53 |     
    > 54 |     animationFrameId = requestAnimationFrame(updateTime);
         |     ^
      55 |     
      56 |     return () => {
      57 |       cancelAnimationFrame(animationFrameId);

      at src/components/game/AutoPassTimer.tsx:54:5
      at Object.react-stack-bottom-frame (node_modules/.pnpm/react-test-renderer@19.1.0_react@19.1.0/node_modules/react-test-renderer/cjs/react-test-renderer.development.js:14062:20)
      at runWithFiberInDEV (node_modules/.pnpm/react-test-renderer@19.1.0_react@19.1.0/node_modules/react-test-renderer/cjs/react-test-renderer.development.js:1574:13)
      at commitHookEffectListMount (node_modules/.pnpm/react-test-renderer@19.1.0_react@19.1.0/node_modules/react-test-renderer/cjs/react-test-renderer.development.js:8376:29)
      at commitHookPassiveMountEffects (node_modules/.pnpm/react-test-renderer@19.1.0_react@19.1.0/node_modules/react-test-renderer/cjs/react-test-renderer.development.js:8465:11)
      at commitPassiveMountOnFiber (node_modules/.pnpm/react-test-renderer@19.1.0_react@19.1.0/node_modules/react-test-renderer/cjs/react-test-renderer.development.js:9782:13)
      at recursivelyTraversePassiveMountEffects (node_modules/.pnpm/react-test-renderer@19.1.0_react@19.1.0/node_modules/react-test-renderer/cjs/react-test-renderer.development.js:9756:11)
      at commitPassiveMountOnFiber (node_modules/.pnpm/react-test-renderer@19.1.0_react@19.1.0/node_modules/react-test-renderer/cjs/react-test-renderer.development.js:9794:11)
      at flushPendingEffects (node_modules/.pnpm/react-test-renderer@19.1.0_react@19.1.0/node_modules/react-test-renderer/cjs/react-test-renderer.development.js:11528:11)
      at performWorkOnRootViaSchedulerTask (node_modules/.pnpm/react-test-renderer@19.1.0_react@19.1.0/node_modules/react-test-renderer/cjs/react-test-renderer.development.js:2082:11)
      at flushActQueue (node_modules/.pnpm/react@19.1.0/node_modules/react/cjs/react.development.js:566:34)
      at Object.<anonymous>.process.env.NODE_ENV.exports.act (node_modules/.pnpm/react@19.1.0/node_modules/react/cjs/react.development.js:859:10)
      at actImplementation (node_modules/.pnpm/@testing-library+react-native@13.3.3_jest@29.7.0_@types+node@24.10.1__react-native@0.81_f117036a14a6b919a1aa1996a1219c5a/node_modules/@testing-library/react-native/src/act.ts:30:25)
      at renderWithAct (node_modules/.pnpm/@testing-library+react-native@13.3.3_jest@29.7.0_@types+node@24.10.1__react-native@0.81_f117036a14a6b919a1aa1996a1219c5a/node_modules/@testing-library/react-native/src/render-act.ts:13:11)
      at renderInternal (node_modules/.pnpm/@testing-library+react-native@13.3.3_jest@29.7.0_@types+node@24.10.1__react-native@0.81_f117036a14a6b919a1aa1996a1219c5a/node_modules/@testing-library/react-native/src/render.tsx:69:33)
      at renderInternal (node_modules/.pnpm/@testing-library+react-native@13.3.3_jest@29.7.0_@types+node@24.10.1__react-native@0.81_f117036a14a6b919a1aa1996a1219c5a/node_modules/@testing-library/react-native/src/render.tsx:44:10)
      at Object.<anonymous> (src/components/game/__tests__/AutoPassTimer.test.tsx:199:35)

  ‚óè AutoPassTimer Component ‚Ä∫ Edge Cases ‚Ä∫ should handle full duration (10 seconds)

    ReferenceError: requestAnimationFrame is not defined

      52 |     };
      53 |     
    > 54 |     animationFrameId = requestAnimationFrame(updateTime);
         |     ^
      55 |     
      56 |     return () => {
      57 |       cancelAnimationFrame(animationFrameId);

      at src/components/game/AutoPassTimer.tsx:54:5
      at Object.react-stack-bottom-frame (node_modules/.pnpm/react-test-renderer@19.1.0_react@19.1.0/node_modules/react-test-renderer/cjs/react-test-renderer.development.js:14062:20)
      at runWithFiberInDEV (node_modules/.pnpm/react-test-renderer@19.1.0_react@19.1.0/node_modules/react-test-renderer/cjs/react-test-renderer.development.js:1574:13)
      at commitHookEffectListMount (node_modules/.pnpm/react-test-renderer@19.1.0_react@19.1.0/node_modules/react-test-renderer/cjs/react-test-renderer.development.js:8376:29)
      at commitHookPassiveMountEffects (node_modules/.pnpm/react-test-renderer@19.1.0_react@19.1.0/node_modules/react-test-renderer/cjs/react-test-renderer.development.js:8465:11)
      at commitPassiveMountOnFiber (node_modules/.pnpm/react-test-renderer@19.1.0_react@19.1.0/node_modules/react-test-renderer/cjs/react-test-renderer.development.js:9782:13)
      at recursivelyTraversePassiveMountEffects (node_modules/.pnpm/react-test-renderer@19.1.0_react@19.1.0/node_modules/react-test-renderer/cjs/react-test-renderer.development.js:9756:11)
      at commitPassiveMountOnFiber (node_modules/.pnpm/react-test-renderer@19.1.0_react@19.1.0/node_modules/react-test-renderer/cjs/react-test-renderer.development.js:9794:11)
      at flushPendingEffects (node_modules/.pnpm/react-test-renderer@19.1.0_react@19.1.0/node_modules/react-test-renderer/cjs/react-test-renderer.development.js:11528:11)
      at performWorkOnRootViaSchedulerTask (node_modules/.pnpm/react-test-renderer@19.1.0_react@19.1.0/node_modules/react-test-renderer/cjs/react-test-renderer.development.js:2082:11)
      at flushActQueue (node_modules/.pnpm/react@19.1.0/node_modules/react/cjs/react.development.js:566:34)
      at Object.<anonymous>.process.env.NODE_ENV.exports.act (node_modules/.pnpm/react@19.1.0/node_modules/react/cjs/react.development.js:859:10)
      at actImplementation (node_modules/.pnpm/@testing-library+react-native@13.3.3_jest@29.7.0_@types+node@24.10.1__react-native@0.81_f117036a14a6b919a1aa1996a1219c5a/node_modules/@testing-library/react-native/src/act.ts:30:25)
      at renderWithAct (node_modules/.pnpm/@testing-library+react-native@13.3.3_jest@29.7.0_@types+node@24.10.1__react-native@0.81_f117036a14a6b919a1aa1996a1219c5a/node_modules/@testing-library/react-native/src/render-act.ts:13:11)
      at renderInternal (node_modules/.pnpm/@testing-library+react-native@13.3.3_jest@29.7.0_@types+node@24.10.1__react-native@0.81_f117036a14a6b919a1aa1996a1219c5a/node_modules/@testing-library/react-native/src/render.tsx:69:33)
      at renderInternal (node_modules/.pnpm/@testing-library+react-native@13.3.3_jest@29.7.0_@types+node@24.10.1__react-native@0.81_f117036a14a6b919a1aa1996a1219c5a/node_modules/@testing-library/react-native/src/render.tsx:44:10)
      at Object.<anonymous> (src/components/game/__tests__/AutoPassTimer.test.tsx:212:35)

  ‚óè AutoPassTimer Component ‚Ä∫ Component Props ‚Ä∫ should accept currentPlayerIndex prop

    ReferenceError: requestAnimationFrame is not defined

      52 |     };
      53 |     
    > 54 |     animationFrameId = requestAnimationFrame(updateTime);
         |     ^
      55 |     
      56 |     return () => {
      57 |       cancelAnimationFrame(animationFrameId);

      at src/components/game/AutoPassTimer.tsx:54:5
      at Object.react-stack-bottom-frame (node_modules/.pnpm/react-test-renderer@19.1.0_react@19.1.0/node_modules/react-test-renderer/cjs/react-test-renderer.development.js:14062:20)
      at runWithFiberInDEV (node_modules/.pnpm/react-test-renderer@19.1.0_react@19.1.0/node_modules/react-test-renderer/cjs/react-test-renderer.development.js:1574:13)
      at commitHookEffectListMount (node_modules/.pnpm/react-test-renderer@19.1.0_react@19.1.0/node_modules/react-test-renderer/cjs/react-test-renderer.development.js:8376:29)
      at commitHookPassiveMountEffects (node_modules/.pnpm/react-test-renderer@19.1.0_react@19.1.0/node_modules/react-test-renderer/cjs/react-test-renderer.development.js:8465:11)
      at commitPassiveMountOnFiber (node_modules/.pnpm/react-test-renderer@19.1.0_react@19.1.0/node_modules/react-test-renderer/cjs/react-test-renderer.development.js:9782:13)
      at recursivelyTraversePassiveMountEffects (node_modules/.pnpm/react-test-renderer@19.1.0_react@19.1.0/node_modules/react-test-renderer/cjs/react-test-renderer.development.js:9756:11)
      at commitPassiveMountOnFiber (node_modules/.pnpm/react-test-renderer@19.1.0_react@19.1.0/node_modules/react-test-renderer/cjs/react-test-renderer.development.js:9794:11)
      at flushPendingEffects (node_modules/.pnpm/react-test-renderer@19.1.0_react@19.1.0/node_modules/react-test-renderer/cjs/react-test-renderer.development.js:11528:11)
      at performWorkOnRootViaSchedulerTask (node_modules/.pnpm/react-test-renderer@19.1.0_react@19.1.0/node_modules/react-test-renderer/cjs/react-test-renderer.development.js:2082:11)
      at flushActQueue (node_modules/.pnpm/react@19.1.0/node_modules/react/cjs/react.development.js:566:34)
      at Object.<anonymous>.process.env.NODE_ENV.exports.act (node_modules/.pnpm/react@19.1.0/node_modules/react/cjs/react.development.js:859:10)
      at actImplementation (node_modules/.pnpm/@testing-library+react-native@13.3.3_jest@29.7.0_@types+node@24.10.1__react-native@0.81_f117036a14a6b919a1aa1996a1219c5a/node_modules/@testing-library/react-native/src/act.ts:30:25)
      at renderWithAct (node_modules/.pnpm/@testing-library+react-native@13.3.3_jest@29.7.0_@types+node@24.10.1__react-native@0.81_f117036a14a6b919a1aa1996a1219c5a/node_modules/@testing-library/react-native/src/render-act.ts:13:11)
      at renderInternal (node_modules/.pnpm/@testing-library+react-native@13.3.3_jest@29.7.0_@types+node@24.10.1__react-native@0.81_f117036a14a6b919a1aa1996a1219c5a/node_modules/@testing-library/react-native/src/render.tsx:69:33)
      at renderInternal (node_modules/.pnpm/@testing-library+react-native@13.3.3_jest@29.7.0_@types+node@24.10.1__react-native@0.81_f117036a14a6b919a1aa1996a1219c5a/node_modules/@testing-library/react-native/src/render.tsx:44:10)
      at Object.<anonymous> (src/components/game/__tests__/AutoPassTimer.test.tsx:223:35)


Test Suites: 7 failed, 4 skipped, 42 passed, 49 of 53 total
Tests:       40 failed, 56 skipped, 726 passed, 822 total
Snapshots:   0 total
Time:        30.912 s
Ran all test suites.
Test results written to: test-results.json
