{"numFailedTestSuites":0,"numFailedTests":0,"numPassedTestSuites":54,"numPassedTests":861,"numPendingTestSuites":0,"numPendingTests":0,"numRuntimeErrorTestSuites":0,"numTodoTests":0,"numTotalTestSuites":54,"numTotalTests":861,"openHandles":[],"snapshot":{"added":0,"didUpdate":false,"failure":false,"filesAdded":0,"filesRemoved":0,"filesRemovedList":[],"filesUnmatched":0,"filesUpdated":0,"matched":0,"total":0,"unchecked":0,"uncheckedKeysByFile":[],"unmatched":0,"updated":0},"startTime":1772103528405,"success":true,"testResults":[{"assertionResults":[{"ancestorTitles":["Bot AI - Initialization"],"duration":6,"failureDetails":[],"failureMessages":[],"fullName":"Bot AI - Initialization creates bot with default medium difficulty","invocations":1,"location":null,"numPassingAsserts":1,"retryReasons":[],"status":"passed","title":"creates bot with default medium difficulty"},{"ancestorTitles":["Bot AI - Initialization"],"duration":0,"failureDetails":[],"failureMessages":[],"fullName":"Bot AI - Initialization creates bot with specified difficulty","invocations":1,"location":null,"numPassingAsserts":2,"retryReasons":[],"status":"passed","title":"creates bot with specified difficulty"},{"ancestorTitles":["Bot AI - Initialization"],"duration":1,"failureDetails":[],"failureMessages":[],"fullName":"Bot AI - Initialization createBotAI factory function works","invocations":1,"location":null,"numPassingAsserts":1,"retryReasons":[],"status":"passed","title":"createBotAI factory function works"},{"ancestorTitles":["Bot AI - First Play (3D requirement)"],"duration":0,"failureDetails":[],"failureMessages":[],"fullName":"Bot AI - First Play (3D requirement) bot plays 3D on first play of game","invocations":1,"location":null,"numPassingAsserts":1,"retryReasons":[],"status":"passed","title":"bot plays 3D on first play of game"},{"ancestorTitles":["Bot AI - First Play (3D requirement)"],"duration":0,"failureDetails":[],"failureMessages":[],"fullName":"Bot AI - First Play (3D requirement) bot returns null if no 3D on first play","invocations":1,"location":null,"numPassingAsserts":1,"retryReasons":[],"status":"passed","title":"bot returns null if no 3D on first play"},{"ancestorTitles":["Bot AI - Leading (no last play)"],"duration":1,"failureDetails":[],"failureMessages":[],"fullName":"Bot AI - Leading (no last play) bot plays lowest single when leading","invocations":1,"location":null,"numPassingAsserts":2,"retryReasons":[],"status":"passed","title":"bot plays lowest single when leading"},{"ancestorTitles":["Bot AI - Leading (no last play)"],"duration":0,"failureDetails":[],"failureMessages":[],"fullName":"Bot AI - Leading (no last play) hard bot considers strategic leading","invocations":1,"location":null,"numPassingAsserts":1,"retryReasons":[],"status":"passed","title":"hard bot considers strategic leading"},{"ancestorTitles":["Bot AI - Following (beating last play)"],"duration":1,"failureDetails":[],"failureMessages":[],"fullName":"Bot AI - Following (beating last play) bot finds valid play to beat single","invocations":1,"location":null,"numPassingAsserts":2,"retryReasons":[],"status":"passed","title":"bot finds valid play to beat single"},{"ancestorTitles":["Bot AI - Following (beating last play)"],"duration":0,"failureDetails":[],"failureMessages":[],"fullName":"Bot AI - Following (beating last play) bot returns null when cannot beat","invocations":1,"location":null,"numPassingAsserts":1,"retryReasons":[],"status":"passed","title":"bot returns null when cannot beat"},{"ancestorTitles":["Bot AI - Following (beating last play)"],"duration":0,"failureDetails":[],"failureMessages":[],"fullName":"Bot AI - Following (beating last play) bot handles pair beating","invocations":1,"location":null,"numPassingAsserts":2,"retryReasons":[],"status":"passed","title":"bot handles pair beating"},{"ancestorTitles":["Bot AI - Difficulty Levels"],"duration":1,"failureDetails":[],"failureMessages":[],"fullName":"Bot AI - Difficulty Levels easy bot sometimes passes even when can beat","invocations":1,"location":null,"numPassingAsserts":2,"retryReasons":[],"status":"passed","title":"easy bot sometimes passes even when can beat"},{"ancestorTitles":["Bot AI - Difficulty Levels"],"duration":0,"failureDetails":[],"failureMessages":[],"fullName":"Bot AI - Difficulty Levels medium bot plays more consistently","invocations":1,"location":null,"numPassingAsserts":2,"retryReasons":[],"status":"passed","title":"medium bot plays more consistently"},{"ancestorTitles":["Bot AI - Difficulty Levels"],"duration":0,"failureDetails":[],"failureMessages":[],"fullName":"Bot AI - Difficulty Levels hard bot makes strategic decisions","invocations":1,"location":null,"numPassingAsserts":1,"retryReasons":[],"status":"passed","title":"hard bot makes strategic decisions"},{"ancestorTitles":["Bot AI - Edge Cases"],"duration":0,"failureDetails":[],"failureMessages":[],"fullName":"Bot AI - Edge Cases bot handles empty hand","invocations":1,"location":null,"numPassingAsserts":1,"retryReasons":[],"status":"passed","title":"bot handles empty hand"},{"ancestorTitles":["Bot AI - Edge Cases"],"duration":1,"failureDetails":[],"failureMessages":[],"fullName":"Bot AI - Edge Cases bot handles single card hand","invocations":1,"location":null,"numPassingAsserts":1,"retryReasons":[],"status":"passed","title":"bot handles single card hand"},{"ancestorTitles":["Bot AI - Edge Cases"],"duration":0,"failureDetails":[],"failureMessages":[],"fullName":"Bot AI - Edge Cases bot provides reasoning in result","invocations":1,"location":null,"numPassingAsserts":2,"retryReasons":[],"status":"passed","title":"bot provides reasoning in result"}],"endTime":1772103533717,"message":"","name":"/Users/michaelalam/Desktop/Desktop/Coding/Coding/Big-Two-Neo/apps/mobile/src/game/__tests__/bot.test.ts","startTime":1772103529203,"status":"passed","summary":""},{"assertionResults":[{"ancestorTitles":["Memory Leak Test - soundManager"],"duration":1039,"failureDetails":[],"failureMessages":[],"fullName":"Memory Leak Test - soundManager should properly cleanup audio resources after multiple initializations","invocations":1,"location":null,"numPassingAsserts":10,"retryReasons":[],"status":"passed","title":"should properly cleanup audio resources after multiple initializations"},{"ancestorTitles":["Memory Leak Test - soundManager"],"duration":0,"failureDetails":[],"failureMessages":[],"fullName":"Memory Leak Test - soundManager should handle rapid sound playback without memory issues","invocations":1,"location":null,"numPassingAsserts":1,"retryReasons":[],"status":"passed","title":"should handle rapid sound playback without memory issues"},{"ancestorTitles":["Memory Leak Test - soundManager"],"duration":0,"failureDetails":[],"failureMessages":[],"fullName":"Memory Leak Test - soundManager should properly handle cleanup when sounds are playing","invocations":1,"location":null,"numPassingAsserts":0,"retryReasons":[],"status":"passed","title":"should properly handle cleanup when sounds are playing"}],"endTime":1772103534841,"message":"","name":"/Users/michaelalam/Desktop/Desktop/Coding/Coding/Big-Two-Neo/apps/mobile/src/__tests__/fixes/memory-leak.test.ts","startTime":1772103533731,"status":"passed","summary":""},{"assertionResults":[{"ancestorTitles":["Race Condition Test - fetchProfile Lock"],"duration":108,"failureDetails":[],"failureMessages":[],"fullName":"Race Condition Test - fetchProfile Lock should deduplicate parallel fetchProfile calls","invocations":1,"location":null,"numPassingAsserts":4,"retryReasons":[],"status":"passed","title":"should deduplicate parallel fetchProfile calls"},{"ancestorTitles":["Race Condition Test - fetchProfile Lock"],"duration":311,"failureDetails":[],"failureMessages":[],"fullName":"Race Condition Test - fetchProfile Lock should allow sequential fetches after first completes","invocations":1,"location":null,"numPassingAsserts":2,"retryReasons":[],"status":"passed","title":"should allow sequential fetches after first completes"},{"ancestorTitles":["Race Condition Test - fetchProfile Lock"],"duration":208,"failureDetails":[],"failureMessages":[],"fullName":"Race Condition Test - fetchProfile Lock should handle mixed parallel and sequential calls","invocations":1,"location":null,"numPassingAsserts":3,"retryReasons":[],"status":"passed","title":"should handle mixed parallel and sequential calls"},{"ancestorTitles":["Race Condition Test - fetchProfile Lock"],"duration":602,"failureDetails":[],"failureMessages":[],"fullName":"Race Condition Test - fetchProfile Lock should handle rapid calls with timing edge cases","invocations":1,"location":null,"numPassingAsserts":2,"retryReasons":[],"status":"passed","title":"should handle rapid calls with timing edge cases"}],"endTime":1772103535135,"message":"","name":"/Users/michaelalam/Desktop/Desktop/Coding/Coding/Big-Two-Neo/apps/mobile/src/__tests__/fixes/race-condition.test.ts","startTime":1772103529167,"status":"passed","summary":""},{"assertionResults":[{"ancestorTitles":["Auto-Pass Timer Manager","shouldTriggerAutoPassTimer"],"duration":16,"failureDetails":[],"failureMessages":[],"fullName":"Auto-Pass Timer Manager shouldTriggerAutoPassTimer should trigger for 2♠ (highest single)","invocations":1,"location":null,"numPassingAsserts":1,"retryReasons":[],"status":"passed","title":"should trigger for 2♠ (highest single)"},{"ancestorTitles":["Auto-Pass Timer Manager","shouldTriggerAutoPassTimer"],"duration":2,"failureDetails":[],"failureMessages":[],"fullName":"Auto-Pass Timer Manager shouldTriggerAutoPassTimer should NOT trigger for A♠ when 2♠ is still unplayed","invocations":1,"location":null,"numPassingAsserts":1,"retryReasons":[],"status":"passed","title":"should NOT trigger for A♠ when 2♠ is still unplayed"},{"ancestorTitles":["Auto-Pass Timer Manager","shouldTriggerAutoPassTimer"],"duration":1,"failureDetails":[],"failureMessages":[],"fullName":"Auto-Pass Timer Manager shouldTriggerAutoPassTimer should trigger for A♠ when all 2s are played","invocations":1,"location":null,"numPassingAsserts":1,"retryReasons":[],"status":"passed","title":"should trigger for A♠ when all 2s are played"},{"ancestorTitles":["Auto-Pass Timer Manager","shouldTriggerAutoPassTimer"],"duration":1,"failureDetails":[],"failureMessages":[],"fullName":"Auto-Pass Timer Manager shouldTriggerAutoPassTimer should trigger for highest remaining pair","invocations":1,"location":null,"numPassingAsserts":1,"retryReasons":[],"status":"passed","title":"should trigger for highest remaining pair"},{"ancestorTitles":["Auto-Pass Timer Manager","shouldTriggerAutoPassTimer"],"duration":1,"failureDetails":[],"failureMessages":[],"fullName":"Auto-Pass Timer Manager shouldTriggerAutoPassTimer should trigger for 2♣-2♦ pair when only 2♠ is played","invocations":1,"location":null,"numPassingAsserts":1,"retryReasons":[],"status":"passed","title":"should trigger for 2♣-2♦ pair when only 2♠ is played"},{"ancestorTitles":["Auto-Pass Timer Manager","createAutoPassTimerState"],"duration":6,"failureDetails":[],"failureMessages":[],"fullName":"Auto-Pass Timer Manager createAutoPassTimerState should create timer state with correct defaults","invocations":1,"location":null,"numPassingAsserts":6,"retryReasons":[],"status":"passed","title":"should create timer state with correct defaults"},{"ancestorTitles":["Auto-Pass Timer Manager","updateTimerState"],"duration":116,"failureDetails":[],"failureMessages":[],"fullName":"Auto-Pass Timer Manager updateTimerState should calculate correct remaining time","invocations":1,"location":null,"numPassingAsserts":3,"retryReasons":[],"status":"passed","title":"should calculate correct remaining time"},{"ancestorTitles":["Auto-Pass Timer Manager","updateTimerState"],"duration":0,"failureDetails":[],"failureMessages":[],"fullName":"Auto-Pass Timer Manager updateTimerState should mark timer as inactive when expired","invocations":1,"location":null,"numPassingAsserts":2,"retryReasons":[],"status":"passed","title":"should mark timer as inactive when expired"},{"ancestorTitles":["Auto-Pass Timer Manager","startTimer"],"duration":156,"failureDetails":[],"failureMessages":[],"fullName":"Auto-Pass Timer Manager startTimer should fire onComplete callback after duration","invocations":1,"location":null,"numPassingAsserts":5,"retryReasons":[],"status":"passed","title":"should fire onComplete callback after duration"},{"ancestorTitles":["Auto-Pass Timer Manager","startTimer"],"duration":303,"failureDetails":[],"failureMessages":[],"fullName":"Auto-Pass Timer Manager startTimer should fire onTick callbacks periodically","invocations":1,"location":null,"numPassingAsserts":2,"retryReasons":[],"status":"passed","title":"should fire onTick callbacks periodically"},{"ancestorTitles":["Auto-Pass Timer Manager","startTimer"],"duration":102,"failureDetails":[],"failureMessages":[],"fullName":"Auto-Pass Timer Manager startTimer should replace existing timer with same ID","invocations":1,"location":null,"numPassingAsserts":2,"retryReasons":[],"status":"passed","title":"should replace existing timer with same ID"},{"ancestorTitles":["Auto-Pass Timer Manager","cancelTimer"],"duration":256,"failureDetails":[],"failureMessages":[],"fullName":"Auto-Pass Timer Manager cancelTimer should stop timer and prevent callbacks","invocations":1,"location":null,"numPassingAsserts":3,"retryReasons":[],"status":"passed","title":"should stop timer and prevent callbacks"},{"ancestorTitles":["Auto-Pass Timer Manager","cancelAllTimers"],"duration":255,"failureDetails":[],"failureMessages":[],"fullName":"Auto-Pass Timer Manager cancelAllTimers should cancel multiple active timers","invocations":1,"location":null,"numPassingAsserts":9,"retryReasons":[],"status":"passed","title":"should cancel multiple active timers"},{"ancestorTitles":["Auto-Pass Timer Manager","isTimerActive"],"duration":0,"failureDetails":[],"failureMessages":[],"fullName":"Auto-Pass Timer Manager isTimerActive should return true for active timer","invocations":1,"location":null,"numPassingAsserts":1,"retryReasons":[],"status":"passed","title":"should return true for active timer"},{"ancestorTitles":["Auto-Pass Timer Manager","isTimerActive"],"duration":1,"failureDetails":[],"failureMessages":[],"fullName":"Auto-Pass Timer Manager isTimerActive should return false for non-existent timer","invocations":1,"location":null,"numPassingAsserts":1,"retryReasons":[],"status":"passed","title":"should return false for non-existent timer"},{"ancestorTitles":["Auto-Pass Timer Manager","isTimerActive"],"duration":100,"failureDetails":[],"failureMessages":[],"fullName":"Auto-Pass Timer Manager isTimerActive should return false after timer completes","invocations":1,"location":null,"numPassingAsserts":1,"retryReasons":[],"status":"passed","title":"should return false after timer completes"}],"endTime":1772103535179,"message":"","name":"/Users/michaelalam/Desktop/Desktop/Coding/Coding/Big-Two-Neo/apps/mobile/src/game/__tests__/auto-pass-timer.test.ts","startTime":1772103529147,"status":"passed","summary":""},{"assertionResults":[{"ancestorTitles":["useOrientationManager"],"duration":27,"failureDetails":[],"failureMessages":[],"fullName":"useOrientationManager initializes with portrait orientation","invocations":1,"location":null,"numPassingAsserts":3,"retryReasons":[],"status":"passed","title":"initializes with portrait orientation"},{"ancestorTitles":["useOrientationManager"],"duration":13,"failureDetails":[],"failureMessages":[],"fullName":"useOrientationManager toggles from portrait to landscape","invocations":1,"location":null,"numPassingAsserts":2,"retryReasons":[],"status":"passed","title":"toggles from portrait to landscape"},{"ancestorTitles":["useOrientationManager"],"duration":5,"failureDetails":[],"failureMessages":[],"fullName":"useOrientationManager toggles from landscape to portrait","invocations":1,"location":null,"numPassingAsserts":2,"retryReasons":[],"status":"passed","title":"toggles from landscape to portrait"},{"ancestorTitles":["useOrientationManager"],"duration":5,"failureDetails":[],"failureMessages":[],"fullName":"useOrientationManager sets isChanging to true during transition","invocations":1,"location":null,"numPassingAsserts":2,"retryReasons":[],"status":"passed","title":"sets isChanging to true during transition"},{"ancestorTitles":["useOrientationManager"],"duration":4,"failureDetails":[],"failureMessages":[],"fullName":"useOrientationManager persists orientation preference to AsyncStorage","invocations":1,"location":null,"numPassingAsserts":1,"retryReasons":[],"status":"passed","title":"persists orientation preference to AsyncStorage"},{"ancestorTitles":["useOrientationManager"],"duration":56,"failureDetails":[],"failureMessages":[],"fullName":"useOrientationManager loads saved orientation preference on mount","invocations":1,"location":null,"numPassingAsserts":2,"retryReasons":[],"status":"passed","title":"loads saved orientation preference on mount"},{"ancestorTitles":["useOrientationManager"],"duration":3,"failureDetails":[],"failureMessages":[],"fullName":"useOrientationManager handles orientation change listener","invocations":1,"location":null,"numPassingAsserts":1,"retryReasons":[],"status":"passed","title":"handles orientation change listener"},{"ancestorTitles":["useOrientationManager"],"duration":2,"failureDetails":[],"failureMessages":[],"fullName":"useOrientationManager removes orientation change listener on unmount","invocations":1,"location":null,"numPassingAsserts":1,"retryReasons":[],"status":"passed","title":"removes orientation change listener on unmount"},{"ancestorTitles":["useOrientationManager"],"duration":4,"failureDetails":[],"failureMessages":[],"fullName":"useOrientationManager warns and skips when trying concurrent orientation changes","invocations":1,"location":null,"numPassingAsserts":3,"retryReasons":[],"status":"passed","title":"warns and skips when trying concurrent orientation changes"},{"ancestorTitles":["useOrientationManager"],"duration":4,"failureDetails":[],"failureMessages":[],"fullName":"useOrientationManager handles errors gracefully","invocations":1,"location":null,"numPassingAsserts":2,"retryReasons":[],"status":"passed","title":"handles errors gracefully"}],"endTime":1772103538013,"message":"","name":"/Users/michaelalam/Desktop/Desktop/Coding/Coding/Big-Two-Neo/apps/mobile/src/hooks/__tests__/useOrientationManager.test.ts","startTime":1772103529161,"status":"passed","summary":""},{"assertionResults":[{"ancestorTitles":["Auto-Pass Timer Cancellation on Game End"],"duration":377,"failureDetails":[],"failureMessages":[],"fullName":"Auto-Pass Timer Cancellation on Game End should cancel timer when match ends while timer is active","invocations":1,"location":null,"numPassingAsserts":3,"retryReasons":[],"status":"passed","title":"should cancel timer when match ends while timer is active"},{"ancestorTitles":["Auto-Pass Timer Cancellation on Game End"],"duration":358,"failureDetails":[],"failureMessages":[],"fullName":"Auto-Pass Timer Cancellation on Game End should cancel timer when game is over while timer is active","invocations":1,"location":null,"numPassingAsserts":3,"retryReasons":[],"status":"passed","title":"should cancel timer when game is over while timer is active"},{"ancestorTitles":["Auto-Pass Timer Cancellation on Game End"],"duration":355,"failureDetails":[],"failureMessages":[],"fullName":"Auto-Pass Timer Cancellation on Game End should keep timer running when game is still in progress","invocations":1,"location":null,"numPassingAsserts":3,"retryReasons":[],"status":"passed","title":"should keep timer running when game is still in progress"},{"ancestorTitles":["Auto-Pass Timer Cancellation on Game End"],"duration":253,"failureDetails":[],"failureMessages":[],"fullName":"Auto-Pass Timer Cancellation on Game End should not cause infinite loop if timer expires after game ends","invocations":1,"location":null,"numPassingAsserts":2,"retryReasons":[],"status":"passed","title":"should not cause infinite loop if timer expires after game ends"}],"endTime":1772103538228,"message":"","name":"/Users/michaelalam/Desktop/Desktop/Coding/Coding/Big-Two-Neo/apps/mobile/src/game/__tests__/timer-cancellation-on-game-end.test.ts","startTime":1772103529121,"status":"passed","summary":""},{"assertionResults":[{"ancestorTitles":["useRealtime - Timer Cancellation","Manual Pass Cancellation"],"duration":73,"failureDetails":[],"failureMessages":[],"fullName":"useRealtime - Timer Cancellation Manual Pass Cancellation should clear local auto_pass_timer after passing (Edge Function returns no timer)","invocations":1,"location":null,"numPassingAsserts":5,"retryReasons":[],"status":"passed","title":"should clear local auto_pass_timer after passing (Edge Function returns no timer)"},{"ancestorTitles":["useRealtime - Timer Cancellation","Manual Pass Cancellation"],"duration":6,"failureDetails":[],"failureMessages":[],"fullName":"useRealtime - Timer Cancellation Manual Pass Cancellation should NOT clear local auto_pass_timer when Edge Function returns a timer","invocations":1,"location":null,"numPassingAsserts":2,"retryReasons":[],"status":"passed","title":"should NOT clear local auto_pass_timer when Edge Function returns a timer"},{"ancestorTitles":["useRealtime - Timer Cancellation","Play Cards Cancellation"],"duration":5,"failureDetails":[],"failureMessages":[],"fullName":"useRealtime - Timer Cancellation Play Cards Cancellation should broadcast auto_pass_timer_cancelled when playing cards while timer is active","invocations":1,"location":null,"numPassingAsserts":5,"retryReasons":[],"status":"passed","title":"should broadcast auto_pass_timer_cancelled when playing cards while timer is active"},{"ancestorTitles":["useRealtime - Timer Cancellation","Play Cards Cancellation"],"duration":4,"failureDetails":[],"failureMessages":[],"fullName":"useRealtime - Timer Cancellation Play Cards Cancellation should broadcast correct cancellation reason for new plays","invocations":1,"location":null,"numPassingAsserts":3,"retryReasons":[],"status":"passed","title":"should broadcast correct cancellation reason for new plays"},{"ancestorTitles":["useRealtime - Timer Cancellation","Play Cards Cancellation"],"duration":4,"failureDetails":[],"failureMessages":[],"fullName":"useRealtime - Timer Cancellation Play Cards Cancellation should NOT broadcast cancellation if no timer was active when playing","invocations":1,"location":null,"numPassingAsserts":2,"retryReasons":[],"status":"passed","title":"should NOT broadcast cancellation if no timer was active when playing"},{"ancestorTitles":["useRealtime - Timer Cancellation","Cancellation Reason Validation"],"duration":5,"failureDetails":[],"failureMessages":[],"fullName":"useRealtime - Timer Cancellation Cancellation Reason Validation should use \"new_play\" reason for play cards action","invocations":1,"location":null,"numPassingAsserts":2,"retryReasons":[],"status":"passed","title":"should use \"new_play\" reason for play cards action"},{"ancestorTitles":["useRealtime - Timer Cancellation","Cancellation Reason Validation"],"duration":3,"failureDetails":[],"failureMessages":[],"fullName":"useRealtime - Timer Cancellation Cancellation Reason Validation should include player_index in cancellation broadcast","invocations":1,"location":null,"numPassingAsserts":2,"retryReasons":[],"status":"passed","title":"should include player_index in cancellation broadcast"},{"ancestorTitles":["useRealtime - Timer Cancellation","Database State Updates"],"duration":3,"failureDetails":[],"failureMessages":[],"fullName":"useRealtime - Timer Cancellation Database State Updates should update play_history in database when playing cards","invocations":1,"location":null,"numPassingAsserts":2,"retryReasons":[],"status":"passed","title":"should update play_history in database when playing cards"},{"ancestorTitles":["useRealtime - Timer Cancellation","Database State Updates"],"duration":5,"failureDetails":[],"failureMessages":[],"fullName":"useRealtime - Timer Cancellation Database State Updates should broadcast cards_played event when playing cards","invocations":1,"location":null,"numPassingAsserts":2,"retryReasons":[],"status":"passed","title":"should broadcast cards_played event when playing cards"},{"ancestorTitles":["useRealtime - Timer Cancellation","Database State Updates"],"duration":4,"failureDetails":[],"failureMessages":[],"fullName":"useRealtime - Timer Cancellation Database State Updates should call player-pass Edge Function when passing","invocations":1,"location":null,"numPassingAsserts":2,"retryReasons":[],"status":"passed","title":"should call player-pass Edge Function when passing"}],"endTime":1772103538457,"message":"","name":"/Users/michaelalam/Desktop/Desktop/Coding/Coding/Big-Two-Neo/apps/mobile/src/hooks/__tests__/useRealtime-timer-cancellation.test.ts","startTime":1772103529156,"status":"passed","summary":""},{"assertionResults":[{"ancestorTitles":["ScoreboardContext","Provider"],"duration":29,"failureDetails":[],"failureMessages":[],"fullName":"ScoreboardContext Provider should provide default values","invocations":1,"location":null,"numPassingAsserts":5,"retryReasons":[],"status":"passed","title":"should provide default values"},{"ancestorTitles":["ScoreboardContext","Provider"],"duration":3,"failureDetails":[],"failureMessages":[],"fullName":"ScoreboardContext Provider should accept custom initial expanded state","invocations":1,"location":null,"numPassingAsserts":1,"retryReasons":[],"status":"passed","title":"should accept custom initial expanded state"},{"ancestorTitles":["ScoreboardContext","Provider"],"duration":3,"failureDetails":[],"failureMessages":[],"fullName":"ScoreboardContext Provider should accept custom initial play history open state","invocations":1,"location":null,"numPassingAsserts":1,"retryReasons":[],"status":"passed","title":"should accept custom initial play history open state"},{"ancestorTitles":["ScoreboardContext","Provider"],"duration":26,"failureDetails":[],"failureMessages":[],"fullName":"ScoreboardContext Provider should throw error when used outside provider","invocations":1,"location":null,"numPassingAsserts":1,"retryReasons":[],"status":"passed","title":"should throw error when used outside provider"},{"ancestorTitles":["ScoreboardContext","Scoreboard Expand/Collapse"],"duration":2,"failureDetails":[],"failureMessages":[],"fullName":"ScoreboardContext Scoreboard Expand/Collapse should toggle scoreboard expanded state","invocations":1,"location":null,"numPassingAsserts":3,"retryReasons":[],"status":"passed","title":"should toggle scoreboard expanded state"},{"ancestorTitles":["ScoreboardContext","Scoreboard Expand/Collapse"],"duration":2,"failureDetails":[],"failureMessages":[],"fullName":"ScoreboardContext Scoreboard Expand/Collapse should handle multiple rapid toggles","invocations":1,"location":null,"numPassingAsserts":1,"retryReasons":[],"status":"passed","title":"should handle multiple rapid toggles"},{"ancestorTitles":["ScoreboardContext","Play History Modal"],"duration":2,"failureDetails":[],"failureMessages":[],"fullName":"ScoreboardContext Play History Modal should toggle play history open state","invocations":1,"location":null,"numPassingAsserts":3,"retryReasons":[],"status":"passed","title":"should toggle play history open state"},{"ancestorTitles":["ScoreboardContext","Play History Modal"],"duration":2,"failureDetails":[],"failureMessages":[],"fullName":"ScoreboardContext Play History Modal should handle simultaneous state changes","invocations":1,"location":null,"numPassingAsserts":2,"retryReasons":[],"status":"passed","title":"should handle simultaneous state changes"},{"ancestorTitles":["ScoreboardContext","Match Collapse State"],"duration":2,"failureDetails":[],"failureMessages":[],"fullName":"ScoreboardContext Match Collapse State should toggle match collapse state","invocations":1,"location":null,"numPassingAsserts":3,"retryReasons":[],"status":"passed","title":"should toggle match collapse state"},{"ancestorTitles":["ScoreboardContext","Match Collapse State"],"duration":2,"failureDetails":[],"failureMessages":[],"fullName":"ScoreboardContext Match Collapse State should handle multiple matches collapse state independently","invocations":1,"location":null,"numPassingAsserts":6,"retryReasons":[],"status":"passed","title":"should handle multiple matches collapse state independently"},{"ancestorTitles":["ScoreboardContext","Match Collapse State"],"duration":1,"failureDetails":[],"failureMessages":[],"fullName":"ScoreboardContext Match Collapse State should persist collapse state across multiple toggles","invocations":1,"location":null,"numPassingAsserts":1,"retryReasons":[],"status":"passed","title":"should persist collapse state across multiple toggles"},{"ancestorTitles":["ScoreboardContext","Score History"],"duration":1,"failureDetails":[],"failureMessages":[],"fullName":"ScoreboardContext Score History should add new score history","invocations":1,"location":null,"numPassingAsserts":2,"retryReasons":[],"status":"passed","title":"should add new score history"},{"ancestorTitles":["ScoreboardContext","Score History"],"duration":2,"failureDetails":[],"failureMessages":[],"fullName":"ScoreboardContext Score History should add multiple score histories","invocations":1,"location":null,"numPassingAsserts":4,"retryReasons":[],"status":"passed","title":"should add multiple score histories"},{"ancestorTitles":["ScoreboardContext","Score History"],"duration":2,"failureDetails":[],"failureMessages":[],"fullName":"ScoreboardContext Score History should update existing score history for same match","invocations":1,"location":null,"numPassingAsserts":4,"retryReasons":[],"status":"passed","title":"should update existing score history for same match"},{"ancestorTitles":["ScoreboardContext","Score History"],"duration":5,"failureDetails":[],"failureMessages":[],"fullName":"ScoreboardContext Score History should preserve history order when updating","invocations":1,"location":null,"numPassingAsserts":2,"retryReasons":[],"status":"passed","title":"should preserve history order when updating"},{"ancestorTitles":["ScoreboardContext","Play History"],"duration":1,"failureDetails":[],"failureMessages":[],"fullName":"ScoreboardContext Play History should add new play history","invocations":1,"location":null,"numPassingAsserts":2,"retryReasons":[],"status":"passed","title":"should add new play history"},{"ancestorTitles":["ScoreboardContext","Play History"],"duration":2,"failureDetails":[],"failureMessages":[],"fullName":"ScoreboardContext Play History should add multiple play histories","invocations":1,"location":null,"numPassingAsserts":4,"retryReasons":[],"status":"passed","title":"should add multiple play histories"},{"ancestorTitles":["ScoreboardContext","Play History"],"duration":3,"failureDetails":[],"failureMessages":[],"fullName":"ScoreboardContext Play History should update existing play history for same match","invocations":1,"location":null,"numPassingAsserts":3,"retryReasons":[],"status":"passed","title":"should update existing play history for same match"},{"ancestorTitles":["ScoreboardContext","Play History"],"duration":22,"failureDetails":[],"failureMessages":[],"fullName":"ScoreboardContext Play History should track hands for multiple matches correctly","invocations":1,"location":null,"numPassingAsserts":2,"retryReasons":[],"status":"passed","title":"should track hands for multiple matches correctly"},{"ancestorTitles":["ScoreboardContext","Clear History"],"duration":2,"failureDetails":[],"failureMessages":[],"fullName":"ScoreboardContext Clear History should clear all history data","invocations":1,"location":null,"numPassingAsserts":10,"retryReasons":[],"status":"passed","title":"should clear all history data"},{"ancestorTitles":["ScoreboardContext","Clear History"],"duration":2,"failureDetails":[],"failureMessages":[],"fullName":"ScoreboardContext Clear History should allow adding history after clearing","invocations":1,"location":null,"numPassingAsserts":1,"retryReasons":[],"status":"passed","title":"should allow adding history after clearing"},{"ancestorTitles":["ScoreboardContext","Integration"],"duration":4,"failureDetails":[],"failureMessages":[],"fullName":"ScoreboardContext Integration should handle complex state changes in sequence","invocations":1,"location":null,"numPassingAsserts":5,"retryReasons":[],"status":"passed","title":"should handle complex state changes in sequence"},{"ancestorTitles":["ScoreboardContext","Integration"],"duration":3,"failureDetails":[],"failureMessages":[],"fullName":"ScoreboardContext Integration should maintain state consistency across updates","invocations":1,"location":null,"numPassingAsserts":3,"retryReasons":[],"status":"passed","title":"should maintain state consistency across updates"},{"ancestorTitles":["ScoreboardContext","Edge Cases"],"duration":6,"failureDetails":[],"failureMessages":[],"fullName":"ScoreboardContext Edge Cases should handle undefined optional fields in score history","invocations":1,"location":null,"numPassingAsserts":1,"retryReasons":[],"status":"passed","title":"should handle undefined optional fields in score history"},{"ancestorTitles":["ScoreboardContext","Edge Cases"],"duration":2,"failureDetails":[],"failureMessages":[],"fullName":"ScoreboardContext Edge Cases should handle undefined optional fields in play history","invocations":1,"location":null,"numPassingAsserts":3,"retryReasons":[],"status":"passed","title":"should handle undefined optional fields in play history"},{"ancestorTitles":["ScoreboardContext","Edge Cases"],"duration":2,"failureDetails":[],"failureMessages":[],"fullName":"ScoreboardContext Edge Cases should handle rapid state changes","invocations":1,"location":null,"numPassingAsserts":2,"retryReasons":[],"status":"passed","title":"should handle rapid state changes"}],"endTime":1772103538554,"message":"","name":"/Users/michaelalam/Desktop/Desktop/Coding/Coding/Big-Two-Neo/apps/mobile/src/contexts/__tests__/ScoreboardContext.test.tsx","startTime":1772103538238,"status":"passed","summary":""},{"assertionResults":[{"ancestorTitles":["LandscapeControlBar - Rendering"],"duration":7,"failureDetails":[],"failureMessages":[],"fullName":"LandscapeControlBar - Rendering renders all button groups","invocations":1,"location":null,"numPassingAsserts":8,"retryReasons":[],"status":"passed","title":"renders all button groups"},{"ancestorTitles":["LandscapeControlBar - Rendering"],"duration":15,"failureDetails":[],"failureMessages":[],"fullName":"LandscapeControlBar - Rendering renders button labels correctly","invocations":1,"location":null,"numPassingAsserts":4,"retryReasons":[],"status":"passed","title":"renders button labels correctly"},{"ancestorTitles":["LandscapeControlBar - Rendering"],"duration":6,"failureDetails":[],"failureMessages":[],"fullName":"LandscapeControlBar - Rendering renders icon buttons correctly","invocations":1,"location":null,"numPassingAsserts":2,"retryReasons":[],"status":"passed","title":"renders icon buttons correctly"},{"ancestorTitles":["LandscapeControlBar - Button Interactions"],"duration":2,"failureDetails":[],"failureMessages":[],"fullName":"LandscapeControlBar - Button Interactions calls onOrientationToggle when orientation button pressed","invocations":1,"location":null,"numPassingAsserts":1,"retryReasons":[],"status":"passed","title":"calls onOrientationToggle when orientation button pressed"},{"ancestorTitles":["LandscapeControlBar - Button Interactions"],"duration":4,"failureDetails":[],"failureMessages":[],"fullName":"LandscapeControlBar - Button Interactions calls onSort when sort button pressed","invocations":1,"location":null,"numPassingAsserts":1,"retryReasons":[],"status":"passed","title":"calls onSort when sort button pressed"},{"ancestorTitles":["LandscapeControlBar - Button Interactions"],"duration":5,"failureDetails":[],"failureMessages":[],"fullName":"LandscapeControlBar - Button Interactions calls onSmartSort when smart sort button pressed","invocations":1,"location":null,"numPassingAsserts":1,"retryReasons":[],"status":"passed","title":"calls onSmartSort when smart sort button pressed"},{"ancestorTitles":["LandscapeControlBar - Button Interactions"],"duration":2,"failureDetails":[],"failureMessages":[],"fullName":"LandscapeControlBar - Button Interactions calls onPlay when play button pressed","invocations":1,"location":null,"numPassingAsserts":1,"retryReasons":[],"status":"passed","title":"calls onPlay when play button pressed"},{"ancestorTitles":["LandscapeControlBar - Button Interactions"],"duration":3,"failureDetails":[],"failureMessages":[],"fullName":"LandscapeControlBar - Button Interactions calls onPass when pass button pressed","invocations":1,"location":null,"numPassingAsserts":1,"retryReasons":[],"status":"passed","title":"calls onPass when pass button pressed"},{"ancestorTitles":["LandscapeControlBar - Button Interactions"],"duration":4,"failureDetails":[],"failureMessages":[],"fullName":"LandscapeControlBar - Button Interactions calls onHint when hint button pressed","invocations":1,"location":null,"numPassingAsserts":1,"retryReasons":[],"status":"passed","title":"calls onHint when hint button pressed"},{"ancestorTitles":["LandscapeControlBar - Button Interactions"],"duration":2,"failureDetails":[],"failureMessages":[],"fullName":"LandscapeControlBar - Button Interactions calls onSettings when settings button pressed","invocations":1,"location":null,"numPassingAsserts":1,"retryReasons":[],"status":"passed","title":"calls onSettings when settings button pressed"},{"ancestorTitles":["LandscapeControlBar - Disabled State"],"duration":3,"failureDetails":[],"failureMessages":[],"fullName":"LandscapeControlBar - Disabled State disables sort buttons when disabled prop is true","invocations":1,"location":null,"numPassingAsserts":2,"retryReasons":[],"status":"passed","title":"disables sort buttons when disabled prop is true"},{"ancestorTitles":["LandscapeControlBar - Disabled State"],"duration":3,"failureDetails":[],"failureMessages":[],"fullName":"LandscapeControlBar - Disabled State disables play button when canPlay is false","invocations":1,"location":null,"numPassingAsserts":1,"retryReasons":[],"status":"passed","title":"disables play button when canPlay is false"},{"ancestorTitles":["LandscapeControlBar - Disabled State"],"duration":4,"failureDetails":[],"failureMessages":[],"fullName":"LandscapeControlBar - Disabled State disables pass button when canPass is false","invocations":1,"location":null,"numPassingAsserts":1,"retryReasons":[],"status":"passed","title":"disables pass button when canPass is false"},{"ancestorTitles":["LandscapeControlBar - Disabled State"],"duration":4,"failureDetails":[],"failureMessages":[],"fullName":"LandscapeControlBar - Disabled State disables hint button when disabled prop is true","invocations":1,"location":null,"numPassingAsserts":1,"retryReasons":[],"status":"passed","title":"disables hint button when disabled prop is true"},{"ancestorTitles":["LandscapeControlBar - Disabled State"],"duration":2,"failureDetails":[],"failureMessages":[],"fullName":"LandscapeControlBar - Disabled State does NOT disable orientation toggle when disabled prop is true","invocations":1,"location":null,"numPassingAsserts":1,"retryReasons":[],"status":"passed","title":"does NOT disable orientation toggle when disabled prop is true"},{"ancestorTitles":["LandscapeControlBar - Disabled State"],"duration":8,"failureDetails":[],"failureMessages":[],"fullName":"LandscapeControlBar - Disabled State does NOT disable settings when disabled prop is true","invocations":1,"location":null,"numPassingAsserts":1,"retryReasons":[],"status":"passed","title":"does NOT disable settings when disabled prop is true"},{"ancestorTitles":["LandscapeControlBar - Haptic Feedback"],"duration":4,"failureDetails":[],"failureMessages":[],"fullName":"LandscapeControlBar - Haptic Feedback triggers haptic feedback when button pressed","invocations":1,"location":null,"numPassingAsserts":1,"retryReasons":[],"status":"passed","title":"triggers haptic feedback when button pressed"},{"ancestorTitles":["LandscapeControlBar - Haptic Feedback"],"duration":5,"failureDetails":[],"failureMessages":[],"fullName":"LandscapeControlBar - Haptic Feedback does not trigger haptic when disabled button pressed","invocations":1,"location":null,"numPassingAsserts":1,"retryReasons":[],"status":"passed","title":"does not trigger haptic when disabled button pressed"},{"ancestorTitles":["LandscapeControlBar - Button Variants"],"duration":2,"failureDetails":[],"failureMessages":[],"fullName":"LandscapeControlBar - Button Variants renders play button when canPlay is true","invocations":1,"location":null,"numPassingAsserts":1,"retryReasons":[],"status":"passed","title":"renders play button when canPlay is true"},{"ancestorTitles":["LandscapeControlBar - Button Variants"],"duration":3,"failureDetails":[],"failureMessages":[],"fullName":"LandscapeControlBar - Button Variants renders pass button when canPass is true","invocations":1,"location":null,"numPassingAsserts":1,"retryReasons":[],"status":"passed","title":"renders pass button when canPass is true"},{"ancestorTitles":["LandscapeControlBar - Button Variants"],"duration":20,"failureDetails":[],"failureMessages":[],"fullName":"LandscapeControlBar - Button Variants renders sort buttons as ghost variant","invocations":1,"location":null,"numPassingAsserts":1,"retryReasons":[],"status":"passed","title":"renders sort buttons as ghost variant"},{"ancestorTitles":["LandscapeControlBar - Accessibility"],"duration":12,"failureDetails":[],"failureMessages":[],"fullName":"LandscapeControlBar - Accessibility provides testID for all buttons","invocations":1,"location":null,"numPassingAsserts":7,"retryReasons":[],"status":"passed","title":"provides testID for all buttons"},{"ancestorTitles":["LandscapeControlBar - Accessibility"],"duration":2,"failureDetails":[],"failureMessages":[],"fullName":"LandscapeControlBar - Accessibility disables play button when canPlay is false","invocations":1,"location":null,"numPassingAsserts":1,"retryReasons":[],"status":"passed","title":"disables play button when canPlay is false"},{"ancestorTitles":["LandscapeControlBar - Edge Cases"],"duration":3,"failureDetails":[],"failureMessages":[],"fullName":"LandscapeControlBar - Edge Cases renders without any handlers","invocations":1,"location":null,"numPassingAsserts":1,"retryReasons":[],"status":"passed","title":"renders without any handlers"},{"ancestorTitles":["LandscapeControlBar - Edge Cases"],"duration":1,"failureDetails":[],"failureMessages":[],"fullName":"LandscapeControlBar - Edge Cases handles press when handler is undefined","invocations":1,"location":null,"numPassingAsserts":1,"retryReasons":[],"status":"passed","title":"handles press when handler is undefined"},{"ancestorTitles":["LandscapeControlBar - Edge Cases"],"duration":2,"failureDetails":[],"failureMessages":[],"fullName":"LandscapeControlBar - Edge Cases enables play and pass when both canPlay and canPass are true","invocations":1,"location":null,"numPassingAsserts":2,"retryReasons":[],"status":"passed","title":"enables play and pass when both canPlay and canPass are true"}],"endTime":1772103538784,"message":"","name":"/Users/michaelalam/Desktop/Desktop/Coding/Coding/Big-Two-Neo/apps/mobile/src/components/gameRoom/__tests__/LandscapeControlBar.test.tsx","startTime":1772103538590,"status":"passed","summary":""},{"assertionResults":[{"ancestorTitles":["invokeWithRetry"],"duration":6,"failureDetails":[],"failureMessages":[],"fullName":"invokeWithRetry should succeed on first attempt when no error","invocations":1,"location":null,"numPassingAsserts":3,"retryReasons":[],"status":"passed","title":"should succeed on first attempt when no error"},{"ancestorTitles":["invokeWithRetry"],"duration":1,"failureDetails":[],"failureMessages":[],"fullName":"invokeWithRetry should return non-retryable errors immediately without retrying","invocations":1,"location":null,"numPassingAsserts":2,"retryReasons":[],"status":"passed","title":"should return non-retryable errors immediately without retrying"},{"ancestorTitles":["invokeWithRetry"],"duration":508,"failureDetails":[],"failureMessages":[],"fullName":"invokeWithRetry should retry on FunctionsFetchError and succeed on second attempt","invocations":1,"location":null,"numPassingAsserts":3,"retryReasons":[],"status":"passed","title":"should retry on FunctionsFetchError and succeed on second attempt"},{"ancestorTitles":["invokeWithRetry"],"duration":1518,"failureDetails":[],"failureMessages":[],"fullName":"invokeWithRetry should exhaust retries and return last error","invocations":1,"location":null,"numPassingAsserts":3,"retryReasons":[],"status":"passed","title":"should exhaust retries and return last error"},{"ancestorTitles":["invokeWithRetry"],"duration":505,"failureDetails":[],"failureMessages":[],"fullName":"invokeWithRetry should handle thrown exceptions that are retryable","invocations":1,"location":null,"numPassingAsserts":3,"retryReasons":[],"status":"passed","title":"should handle thrown exceptions that are retryable"},{"ancestorTitles":["invokeWithRetry"],"duration":0,"failureDetails":[],"failureMessages":[],"fullName":"invokeWithRetry should not retry non-retryable thrown exceptions","invocations":1,"location":null,"numPassingAsserts":3,"retryReasons":[],"status":"passed","title":"should not retry non-retryable thrown exceptions"}],"endTime":1772103539187,"message":"","name":"/Users/michaelalam/Desktop/Desktop/Coding/Coding/Big-Two-Neo/apps/mobile/src/__tests__/utils/edgeFunctionRetry.test.ts","startTime":1772103529127,"status":"passed","summary":""},{"assertionResults":[{"ancestorTitles":["LandscapeScoreboard - Collapsed State"],"duration":6,"failureDetails":[],"failureMessages":[],"fullName":"LandscapeScoreboard - Collapsed State should render collapsed scoreboard with correct structure","invocations":1,"location":null,"numPassingAsserts":5,"retryReasons":[],"status":"passed","title":"should render collapsed scoreboard with correct structure"},{"ancestorTitles":["LandscapeScoreboard - Collapsed State"],"duration":2,"failureDetails":[],"failureMessages":[],"fullName":"LandscapeScoreboard - Collapsed State should render player scores correctly","invocations":1,"location":null,"numPassingAsserts":4,"retryReasons":[],"status":"passed","title":"should render player scores correctly"},{"ancestorTitles":["LandscapeScoreboard - Collapsed State"],"duration":1,"failureDetails":[],"failureMessages":[],"fullName":"LandscapeScoreboard - Collapsed State should render card counts during active game","invocations":1,"location":null,"numPassingAsserts":1,"retryReasons":[],"status":"passed","title":"should render card counts during active game"},{"ancestorTitles":["LandscapeScoreboard - Collapsed State"],"duration":1,"failureDetails":[],"failureMessages":[],"fullName":"LandscapeScoreboard - Collapsed State should NOT render card counts when game is finished","invocations":1,"location":null,"numPassingAsserts":2,"retryReasons":[],"status":"passed","title":"should NOT render card counts when game is finished"},{"ancestorTitles":["LandscapeScoreboard - Collapsed State"],"duration":1,"failureDetails":[],"failureMessages":[],"fullName":"LandscapeScoreboard - Collapsed State should show \"Game Over\" title when game is finished","invocations":1,"location":null,"numPassingAsserts":1,"retryReasons":[],"status":"passed","title":"should show \"Game Over\" title when game is finished"},{"ancestorTitles":["LandscapeScoreboard - Collapsed State"],"duration":2,"failureDetails":[],"failureMessages":[],"fullName":"LandscapeScoreboard - Collapsed State should render expand button when onToggleExpand is provided","invocations":1,"location":null,"numPassingAsserts":1,"retryReasons":[],"status":"passed","title":"should render expand button when onToggleExpand is provided"},{"ancestorTitles":["LandscapeScoreboard - Collapsed State"],"duration":1,"failureDetails":[],"failureMessages":[],"fullName":"LandscapeScoreboard - Collapsed State should render play history button when onTogglePlayHistory is provided","invocations":1,"location":null,"numPassingAsserts":1,"retryReasons":[],"status":"passed","title":"should render play history button when onTogglePlayHistory is provided"},{"ancestorTitles":["LandscapeScoreboard - Collapsed State"],"duration":2,"failureDetails":[],"failureMessages":[],"fullName":"LandscapeScoreboard - Collapsed State should call onToggleExpand when expand button is pressed","invocations":1,"location":null,"numPassingAsserts":2,"retryReasons":[],"status":"passed","title":"should call onToggleExpand when expand button is pressed"},{"ancestorTitles":["LandscapeScoreboard - Collapsed State"],"duration":1,"failureDetails":[],"failureMessages":[],"fullName":"LandscapeScoreboard - Collapsed State should call onTogglePlayHistory when play history button is pressed","invocations":1,"location":null,"numPassingAsserts":2,"retryReasons":[],"status":"passed","title":"should call onTogglePlayHistory when play history button is pressed"},{"ancestorTitles":["LandscapeScoreboard - Expanded State"],"duration":14,"failureDetails":[],"failureMessages":[],"fullName":"LandscapeScoreboard - Expanded State should render expanded scoreboard with correct structure","invocations":1,"location":null,"numPassingAsserts":6,"retryReasons":[],"status":"passed","title":"should render expanded scoreboard with correct structure"},{"ancestorTitles":["LandscapeScoreboard - Expanded State"],"duration":5,"failureDetails":[],"failureMessages":[],"fullName":"LandscapeScoreboard - Expanded State should render match history rows","invocations":1,"location":null,"numPassingAsserts":3,"retryReasons":[],"status":"passed","title":"should render match history rows"},{"ancestorTitles":["LandscapeScoreboard - Expanded State"],"duration":7,"failureDetails":[],"failureMessages":[],"fullName":"LandscapeScoreboard - Expanded State should render current match row with card counts","invocations":1,"location":null,"numPassingAsserts":5,"retryReasons":[],"status":"passed","title":"should render current match row with card counts"},{"ancestorTitles":["LandscapeScoreboard - Expanded State"],"duration":15,"failureDetails":[],"failureMessages":[],"fullName":"LandscapeScoreboard - Expanded State should NOT render current match row when game is finished","invocations":1,"location":null,"numPassingAsserts":2,"retryReasons":[],"status":"passed","title":"should NOT render current match row when game is finished"},{"ancestorTitles":["LandscapeScoreboard - Expanded State"],"duration":14,"failureDetails":[],"failureMessages":[],"fullName":"LandscapeScoreboard - Expanded State should render total row with final scores","invocations":1,"location":null,"numPassingAsserts":2,"retryReasons":[],"status":"passed","title":"should render total row with final scores"},{"ancestorTitles":["LandscapeScoreboard - Expanded State"],"duration":4,"failureDetails":[],"failureMessages":[],"fullName":"LandscapeScoreboard - Expanded State should show \"Final Scores\" title when game is finished","invocations":1,"location":null,"numPassingAsserts":1,"retryReasons":[],"status":"passed","title":"should show \"Final Scores\" title when game is finished"},{"ancestorTitles":["LandscapeScoreboard - Expanded State"],"duration":34,"failureDetails":[],"failureMessages":[],"fullName":"LandscapeScoreboard - Expanded State should render close button when onToggleExpand is provided","invocations":1,"location":null,"numPassingAsserts":1,"retryReasons":[],"status":"passed","title":"should render close button when onToggleExpand is provided"},{"ancestorTitles":["LandscapeScoreboard - Expanded State"],"duration":5,"failureDetails":[],"failureMessages":[],"fullName":"LandscapeScoreboard - Expanded State should call onToggleExpand when close button is pressed","invocations":1,"location":null,"numPassingAsserts":1,"retryReasons":[],"status":"passed","title":"should call onToggleExpand when close button is pressed"},{"ancestorTitles":["LandscapeScoreboard - Dimensions"],"duration":2,"failureDetails":[],"failureMessages":[],"fullName":"LandscapeScoreboard - Dimensions should apply landscape-specific dimensions from migration plan","invocations":1,"location":null,"numPassingAsserts":1,"retryReasons":[],"status":"passed","title":"should apply landscape-specific dimensions from migration plan"},{"ancestorTitles":["LandscapeScoreboard - Dimensions"],"duration":1,"failureDetails":[],"failureMessages":[],"fullName":"LandscapeScoreboard - Dimensions should maintain max width of 280pt for collapsed state","invocations":1,"location":null,"numPassingAsserts":1,"retryReasons":[],"status":"passed","title":"should maintain max width of 280pt for collapsed state"},{"ancestorTitles":["LandscapeScoreboard - Dimensions"],"duration":3,"failureDetails":[],"failureMessages":[],"fullName":"LandscapeScoreboard - Dimensions should maintain max height of 344pt for expanded state","invocations":1,"location":null,"numPassingAsserts":1,"retryReasons":[],"status":"passed","title":"should maintain max height of 344pt for expanded state"},{"ancestorTitles":["PlayHistoryModal - Re-exported from portrait"],"duration":2,"failureDetails":[],"failureMessages":[],"fullName":"PlayHistoryModal - Re-exported from portrait should export PlayHistoryModal from portrait scoreboard","invocations":1,"location":null,"numPassingAsserts":2,"retryReasons":[],"status":"passed","title":"should export PlayHistoryModal from portrait scoreboard"},{"ancestorTitles":["PlayHistoryModal - Re-exported from portrait"],"duration":1,"failureDetails":[],"failureMessages":[],"fullName":"PlayHistoryModal - Re-exported from portrait should use PlayHistoryModal from portrait scoreboard without modifications","invocations":1,"location":null,"numPassingAsserts":2,"retryReasons":[],"status":"passed","title":"should use PlayHistoryModal from portrait scoreboard without modifications"},{"ancestorTitles":["LandscapeScoreboard - Integration"],"duration":5,"failureDetails":[],"failureMessages":[],"fullName":"LandscapeScoreboard - Integration should toggle between collapsed and expanded states","invocations":1,"location":null,"numPassingAsserts":3,"retryReasons":[],"status":"passed","title":"should toggle between collapsed and expanded states"},{"ancestorTitles":["LandscapeScoreboard - Integration"],"duration":12,"failureDetails":[],"failureMessages":[],"fullName":"LandscapeScoreboard - Integration should handle multiple players correctly","invocations":1,"location":null,"numPassingAsserts":4,"retryReasons":[],"status":"passed","title":"should handle multiple players correctly"},{"ancestorTitles":["LandscapeScoreboard - Integration"],"duration":5,"failureDetails":[],"failureMessages":[],"fullName":"LandscapeScoreboard - Integration should handle empty score history gracefully","invocations":1,"location":null,"numPassingAsserts":2,"retryReasons":[],"status":"passed","title":"should handle empty score history gracefully"}],"endTime":1772103539206,"message":"","name":"/Users/michaelalam/Desktop/Desktop/Coding/Coding/Big-Two-Neo/apps/mobile/src/components/gameRoom/__tests__/LandscapeScoreboard.test.tsx","startTime":1772103538056,"status":"passed","summary":""},{"assertionResults":[{"ancestorTitles":["Scoreboard Integration Test","Full Game Flow"],"duration":72,"failureDetails":[],"failureMessages":[],"fullName":"Scoreboard Integration Test Full Game Flow should track scores across multiple matches","invocations":1,"location":null,"numPassingAsserts":1,"retryReasons":[],"status":"passed","title":"should track scores across multiple matches"},{"ancestorTitles":["Scoreboard Integration Test","Full Game Flow"],"duration":10,"failureDetails":[],"failureMessages":[],"fullName":"Scoreboard Integration Test Full Game Flow should accumulate scores correctly across matches","invocations":1,"location":null,"numPassingAsserts":4,"retryReasons":[],"status":"passed","title":"should accumulate scores correctly across matches"},{"ancestorTitles":["Scoreboard Integration Test","Full Game Flow"],"duration":7,"failureDetails":[],"failureMessages":[],"fullName":"Scoreboard Integration Test Full Game Flow should track play history for each match","invocations":1,"location":null,"numPassingAsserts":1,"retryReasons":[],"status":"passed","title":"should track play history for each match"},{"ancestorTitles":["Scoreboard Integration Test","Full Game Flow"],"duration":17,"failureDetails":[],"failureMessages":[],"fullName":"Scoreboard Integration Test Full Game Flow should handle match completion and start new match","invocations":1,"location":null,"numPassingAsserts":1,"retryReasons":[],"status":"passed","title":"should handle match completion and start new match"},{"ancestorTitles":["Scoreboard Integration Test","Score Calculations"],"duration":24,"failureDetails":[],"failureMessages":[],"fullName":"Scoreboard Integration Test Score Calculations should correctly identify winner (lowest score) when game finishes","invocations":1,"location":null,"numPassingAsserts":2,"retryReasons":[],"status":"passed","title":"should correctly identify winner (lowest score) when game finishes"},{"ancestorTitles":["Scoreboard Integration Test","Score Calculations"],"duration":19,"failureDetails":[],"failureMessages":[],"fullName":"Scoreboard Integration Test Score Calculations should handle negative scores correctly","invocations":1,"location":null,"numPassingAsserts":2,"retryReasons":[],"status":"passed","title":"should handle negative scores correctly"},{"ancestorTitles":["Scoreboard Integration Test","Score Calculations"],"duration":9,"failureDetails":[],"failureMessages":[],"fullName":"Scoreboard Integration Test Score Calculations should handle tie scores","invocations":1,"location":null,"numPassingAsserts":1,"retryReasons":[],"status":"passed","title":"should handle tie scores"},{"ancestorTitles":["Scoreboard Integration Test","Play History Tracking"],"duration":7,"failureDetails":[],"failureMessages":[],"fullName":"Scoreboard Integration Test Play History Tracking should track hands in correct order","invocations":1,"location":null,"numPassingAsserts":1,"retryReasons":[],"status":"passed","title":"should track hands in correct order"},{"ancestorTitles":["Scoreboard Integration Test","Play History Tracking"],"duration":9,"failureDetails":[],"failureMessages":[],"fullName":"Scoreboard Integration Test Play History Tracking should update play history when new hands are added","invocations":1,"location":null,"numPassingAsserts":1,"retryReasons":[],"status":"passed","title":"should update play history when new hands are added"},{"ancestorTitles":["Scoreboard Integration Test","Edge Cases"],"duration":6,"failureDetails":[],"failureMessages":[],"fullName":"Scoreboard Integration Test Edge Cases should handle empty score history","invocations":1,"location":null,"numPassingAsserts":1,"retryReasons":[],"status":"passed","title":"should handle empty score history"},{"ancestorTitles":["Scoreboard Integration Test","Edge Cases"],"duration":10,"failureDetails":[],"failureMessages":[],"fullName":"Scoreboard Integration Test Edge Cases should handle rapid match completions","invocations":1,"location":null,"numPassingAsserts":1,"retryReasons":[],"status":"passed","title":"should handle rapid match completions"},{"ancestorTitles":["Scoreboard Integration Test","Edge Cases"],"duration":15,"failureDetails":[],"failureMessages":[],"fullName":"Scoreboard Integration Test Edge Cases should handle game with different player counts","invocations":1,"location":null,"numPassingAsserts":5,"retryReasons":[],"status":"passed","title":"should handle game with different player counts"}],"endTime":1772103539385,"message":"","name":"/Users/michaelalam/Desktop/Desktop/Coding/Coding/Big-Two-Neo/apps/mobile/src/components/scoreboard/__tests__/ScoreboardIntegration.test.tsx","startTime":1772103535142,"status":"passed","summary":""},{"assertionResults":[{"ancestorTitles":["LandscapeCard Component - Task #449","Basic Rendering"],"duration":6,"failureDetails":[],"failureMessages":[],"fullName":"LandscapeCard Component - Task #449 Basic Rendering renders without crashing","invocations":1,"location":null,"numPassingAsserts":2,"retryReasons":[],"status":"passed","title":"renders without crashing"},{"ancestorTitles":["LandscapeCard Component - Task #449","Basic Rendering"],"duration":26,"failureDetails":[],"failureMessages":[],"fullName":"LandscapeCard Component - Task #449 Basic Rendering renders all card ranks correctly","invocations":1,"location":null,"numPassingAsserts":13,"retryReasons":[],"status":"passed","title":"renders all card ranks correctly"},{"ancestorTitles":["LandscapeCard Component - Task #449","Basic Rendering"],"duration":16,"failureDetails":[],"failureMessages":[],"fullName":"LandscapeCard Component - Task #449 Basic Rendering renders all suit symbols correctly","invocations":1,"location":null,"numPassingAsserts":4,"retryReasons":[],"status":"passed","title":"renders all suit symbols correctly"},{"ancestorTitles":["LandscapeCard Component - Task #449","Basic Rendering"],"duration":8,"failureDetails":[],"failureMessages":[],"fullName":"LandscapeCard Component - Task #449 Basic Rendering renders rank 3 times (top-left, bottom-right twice due to rotation)","invocations":1,"location":null,"numPassingAsserts":1,"retryReasons":[],"status":"passed","title":"renders rank 3 times (top-left, bottom-right twice due to rotation)"},{"ancestorTitles":["LandscapeCard Component - Task #449","Size Variants"],"duration":5,"failureDetails":[],"failureMessages":[],"fullName":"LandscapeCard Component - Task #449 Size Variants base size has correct dimensions","invocations":1,"location":null,"numPassingAsserts":1,"retryReasons":[],"status":"passed","title":"base size has correct dimensions"},{"ancestorTitles":["LandscapeCard Component - Task #449","Size Variants"],"duration":3,"failureDetails":[],"failureMessages":[],"fullName":"LandscapeCard Component - Task #449 Size Variants compact size has correct dimensions","invocations":1,"location":null,"numPassingAsserts":1,"retryReasons":[],"status":"passed","title":"compact size has correct dimensions"},{"ancestorTitles":["LandscapeCard Component - Task #449","Size Variants"],"duration":3,"failureDetails":[],"failureMessages":[],"fullName":"LandscapeCard Component - Task #449 Size Variants center size has correct dimensions","invocations":1,"location":null,"numPassingAsserts":1,"retryReasons":[],"status":"passed","title":"center size has correct dimensions"},{"ancestorTitles":["LandscapeCard Component - Task #449","Size Variants"],"duration":2,"failureDetails":[],"failureMessages":[],"fullName":"LandscapeCard Component - Task #449 Size Variants all sizes maintain correct aspect ratio","invocations":1,"location":null,"numPassingAsserts":3,"retryReasons":[],"status":"passed","title":"all sizes maintain correct aspect ratio"},{"ancestorTitles":["LandscapeCard Component - Task #449","Suit Colors"],"duration":4,"failureDetails":[],"failureMessages":[],"fullName":"LandscapeCard Component - Task #449 Suit Colors hearts are red","invocations":1,"location":null,"numPassingAsserts":1,"retryReasons":[],"status":"passed","title":"hearts are red"},{"ancestorTitles":["LandscapeCard Component - Task #449","Suit Colors"],"duration":4,"failureDetails":[],"failureMessages":[],"fullName":"LandscapeCard Component - Task #449 Suit Colors diamonds are red","invocations":1,"location":null,"numPassingAsserts":1,"retryReasons":[],"status":"passed","title":"diamonds are red"},{"ancestorTitles":["LandscapeCard Component - Task #449","Suit Colors"],"duration":2,"failureDetails":[],"failureMessages":[],"fullName":"LandscapeCard Component - Task #449 Suit Colors clubs are black","invocations":1,"location":null,"numPassingAsserts":1,"retryReasons":[],"status":"passed","title":"clubs are black"},{"ancestorTitles":["LandscapeCard Component - Task #449","Suit Colors"],"duration":2,"failureDetails":[],"failureMessages":[],"fullName":"LandscapeCard Component - Task #449 Suit Colors spades are black","invocations":1,"location":null,"numPassingAsserts":1,"retryReasons":[],"status":"passed","title":"spades are black"},{"ancestorTitles":["LandscapeCard Component - Task #449","Accessibility"],"duration":7,"failureDetails":[],"failureMessages":[],"fullName":"LandscapeCard Component - Task #449 Accessibility has accessibility label with rank and suit","invocations":1,"location":null,"numPassingAsserts":1,"retryReasons":[],"status":"passed","title":"has accessibility label with rank and suit"},{"ancestorTitles":["LandscapeCard Component - Task #449","Accessibility"],"duration":2,"failureDetails":[],"failureMessages":[],"fullName":"LandscapeCard Component - Task #449 Accessibility has accessibility role of image","invocations":1,"location":null,"numPassingAsserts":1,"retryReasons":[],"status":"passed","title":"has accessibility role of image"},{"ancestorTitles":["LandscapeCard Component - Task #449","Accessibility"],"duration":3,"failureDetails":[],"failureMessages":[],"fullName":"LandscapeCard Component - Task #449 Accessibility accessibility labels are unique for all cards","invocations":1,"location":null,"numPassingAsserts":4,"retryReasons":[],"status":"passed","title":"accessibility labels are unique for all cards"},{"ancestorTitles":["LandscapeCard Component - Task #449","Visual Styling"],"duration":1,"failureDetails":[],"failureMessages":[],"fullName":"LandscapeCard Component - Task #449 Visual Styling has white background","invocations":1,"location":null,"numPassingAsserts":1,"retryReasons":[],"status":"passed","title":"has white background"},{"ancestorTitles":["LandscapeCard Component - Task #449","Visual Styling"],"duration":3,"failureDetails":[],"failureMessages":[],"fullName":"LandscapeCard Component - Task #449 Visual Styling has border","invocations":1,"location":null,"numPassingAsserts":1,"retryReasons":[],"status":"passed","title":"has border"},{"ancestorTitles":["LandscapeCard Component - Task #449","Visual Styling"],"duration":3,"failureDetails":[],"failureMessages":[],"fullName":"LandscapeCard Component - Task #449 Visual Styling has shadow for depth","invocations":1,"location":null,"numPassingAsserts":1,"retryReasons":[],"status":"passed","title":"has shadow for depth"},{"ancestorTitles":["LandscapeCard Component - Task #449","Integration Tests"],"duration":7,"failureDetails":[],"failureMessages":[],"fullName":"LandscapeCard Component - Task #449 Integration Tests renders multiple cards without conflicts","invocations":1,"location":null,"numPassingAsserts":1,"retryReasons":[],"status":"passed","title":"renders multiple cards without conflicts"},{"ancestorTitles":["LandscapeCard Component - Task #449","Integration Tests"],"duration":4,"failureDetails":[],"failureMessages":[],"fullName":"LandscapeCard Component - Task #449 Integration Tests different sizes can be mixed","invocations":1,"location":null,"numPassingAsserts":1,"retryReasons":[],"status":"passed","title":"different sizes can be mixed"},{"ancestorTitles":["LandscapeCard Component - Task #449","Portrait Mode Consistency"],"duration":3,"failureDetails":[],"failureMessages":[],"fullName":"LandscapeCard Component - Task #449 Portrait Mode Consistency uses same suit colors as portrait Card.tsx","invocations":1,"location":null,"numPassingAsserts":4,"retryReasons":[],"status":"passed","title":"uses same suit colors as portrait Card.tsx"},{"ancestorTitles":["LandscapeCard Component - Task #449","Portrait Mode Consistency"],"duration":15,"failureDetails":[],"failureMessages":[],"fullName":"LandscapeCard Component - Task #449 Portrait Mode Consistency uses same white background","invocations":1,"location":null,"numPassingAsserts":1,"retryReasons":[],"status":"passed","title":"uses same white background"},{"ancestorTitles":["LandscapeCard Component - Task #449","Portrait Mode Consistency"],"duration":16,"failureDetails":[],"failureMessages":[],"fullName":"LandscapeCard Component - Task #449 Portrait Mode Consistency uses same suit symbols","invocations":1,"location":null,"numPassingAsserts":1,"retryReasons":[],"status":"passed","title":"uses same suit symbols"}],"endTime":1772103539465,"message":"","name":"/Users/michaelalam/Desktop/Desktop/Coding/Coding/Big-Two-Neo/apps/mobile/src/components/gameRoom/__tests__/LandscapeCard.test.tsx","startTime":1772103539232,"status":"passed","summary":""},{"assertionResults":[{"ancestorTitles":["AutoPassTimer - Edge Cases","Player Disconnection"],"duration":50,"failureDetails":[],"failureMessages":[],"fullName":"AutoPassTimer - Edge Cases Player Disconnection should continue countdown when player disconnects","invocations":1,"location":null,"numPassingAsserts":1,"retryReasons":[],"status":"passed","title":"should continue countdown when player disconnects"},{"ancestorTitles":["AutoPassTimer - Edge Cases","Player Disconnection"],"duration":4,"failureDetails":[],"failureMessages":[],"fullName":"AutoPassTimer - Edge Cases Player Disconnection should restore correct countdown after reconnection","invocations":1,"location":null,"numPassingAsserts":1,"retryReasons":[],"status":"passed","title":"should restore correct countdown after reconnection"},{"ancestorTitles":["AutoPassTimer - Edge Cases","Player Disconnection"],"duration":6,"failureDetails":[],"failureMessages":[],"fullName":"AutoPassTimer - Edge Cases Player Disconnection should handle reconnection with expired timer gracefully","invocations":1,"location":null,"numPassingAsserts":1,"retryReasons":[],"status":"passed","title":"should handle reconnection with expired timer gracefully"},{"ancestorTitles":["AutoPassTimer - Edge Cases","Room Closure"],"duration":3,"failureDetails":[],"failureMessages":[],"fullName":"AutoPassTimer - Edge Cases Room Closure should cleanup timer when room closes","invocations":1,"location":null,"numPassingAsserts":1,"retryReasons":[],"status":"passed","title":"should cleanup timer when room closes"},{"ancestorTitles":["AutoPassTimer - Edge Cases","Sequential Timers"],"duration":57,"failureDetails":[],"failureMessages":[],"fullName":"AutoPassTimer - Edge Cases Sequential Timers should handle back-to-back timer starts correctly","invocations":1,"location":null,"numPassingAsserts":4,"retryReasons":[],"status":"passed","title":"should handle back-to-back timer starts correctly"},{"ancestorTitles":["AutoPassTimer - Edge Cases","Sequential Timers"],"duration":20,"failureDetails":[],"failureMessages":[],"fullName":"AutoPassTimer - Edge Cases Sequential Timers should handle rapid timer cancellations","invocations":1,"location":null,"numPassingAsserts":1,"retryReasons":[],"status":"passed","title":"should handle rapid timer cancellations"},{"ancestorTitles":["AutoPassTimer - Edge Cases","Manual Pass Cancellation"],"duration":4,"failureDetails":[],"failureMessages":[],"fullName":"AutoPassTimer - Edge Cases Manual Pass Cancellation should clear timer when manual pass occurs","invocations":1,"location":null,"numPassingAsserts":1,"retryReasons":[],"status":"passed","title":"should clear timer when manual pass occurs"},{"ancestorTitles":["AutoPassTimer - Edge Cases","Game End During Timer"],"duration":7,"failureDetails":[],"failureMessages":[],"fullName":"AutoPassTimer - Edge Cases Game End During Timer should handle game end gracefully","invocations":1,"location":null,"numPassingAsserts":1,"retryReasons":[],"status":"passed","title":"should handle game end gracefully"},{"ancestorTitles":["AutoPassTimer - Edge Cases","Invalid Timer States"],"duration":8,"failureDetails":[],"failureMessages":[],"fullName":"AutoPassTimer - Edge Cases Invalid Timer States should not render with null state","invocations":1,"location":null,"numPassingAsserts":1,"retryReasons":[],"status":"passed","title":"should not render with null state"},{"ancestorTitles":["AutoPassTimer - Edge Cases","Invalid Timer States"],"duration":14,"failureDetails":[],"failureMessages":[],"fullName":"AutoPassTimer - Edge Cases Invalid Timer States should handle negative remaining_ms gracefully","invocations":1,"location":null,"numPassingAsserts":1,"retryReasons":[],"status":"passed","title":"should handle negative remaining_ms gracefully"},{"ancestorTitles":["AutoPassTimer - Edge Cases","Invalid Timer States"],"duration":10,"failureDetails":[],"failureMessages":[],"fullName":"AutoPassTimer - Edge Cases Invalid Timer States should handle invalid started_at timestamp","invocations":1,"location":null,"numPassingAsserts":1,"retryReasons":[],"status":"passed","title":"should handle invalid started_at timestamp"},{"ancestorTitles":["AutoPassTimer - Edge Cases","Invalid Timer States"],"duration":2,"failureDetails":[],"failureMessages":[],"fullName":"AutoPassTimer - Edge Cases Invalid Timer States should handle inactive timer state","invocations":1,"location":null,"numPassingAsserts":1,"retryReasons":[],"status":"passed","title":"should handle inactive timer state"},{"ancestorTitles":["AutoPassTimer - Edge Cases","Network Failure Scenarios"],"duration":3,"failureDetails":[],"failureMessages":[],"fullName":"AutoPassTimer - Edge Cases Network Failure Scenarios should continue countdown during network outage","invocations":1,"location":null,"numPassingAsserts":1,"retryReasons":[],"status":"passed","title":"should continue countdown during network outage"},{"ancestorTitles":["AutoPassTimer - Edge Cases","Network Failure Scenarios"],"duration":94,"failureDetails":[],"failureMessages":[],"fullName":"AutoPassTimer - Edge Cases Network Failure Scenarios should handle delayed WebSocket updates","invocations":1,"location":null,"numPassingAsserts":1,"retryReasons":[],"status":"passed","title":"should handle delayed WebSocket updates"},{"ancestorTitles":["AutoPassTimer - Edge Cases","Network Failure Scenarios"],"duration":2,"failureDetails":[],"failureMessages":[],"fullName":"AutoPassTimer - Edge Cases Network Failure Scenarios should recover from temporary component unmount","invocations":1,"location":null,"numPassingAsserts":2,"retryReasons":[],"status":"passed","title":"should recover from temporary component unmount"},{"ancestorTitles":["AutoPassTimer - Edge Cases","Performance & Memory"],"duration":40,"failureDetails":[],"failureMessages":[],"fullName":"AutoPassTimer - Edge Cases Performance & Memory should not leak memory with frequent rerenders","invocations":1,"location":null,"numPassingAsserts":1,"retryReasons":[],"status":"passed","title":"should not leak memory with frequent rerenders"},{"ancestorTitles":["AutoPassTimer - Edge Cases","Performance & Memory"],"duration":32,"failureDetails":[],"failureMessages":[],"fullName":"AutoPassTimer - Edge Cases Performance & Memory should handle rapid state changes efficiently","invocations":1,"location":null,"numPassingAsserts":1,"retryReasons":[],"status":"passed","title":"should handle rapid state changes efficiently"}],"endTime":1772103539483,"message":"","name":"/Users/michaelalam/Desktop/Desktop/Coding/Coding/Big-Two-Neo/apps/mobile/src/components/game/__tests__/AutoPassTimerEdgeCases.test.tsx","startTime":1772103534849,"status":"passed","summary":""},{"assertionResults":[{"ancestorTitles":["useRealtime","Initial State"],"duration":52,"failureDetails":[],"failureMessages":[],"fullName":"useRealtime Initial State should start disconnected","invocations":1,"location":null,"numPassingAsserts":1,"retryReasons":[],"status":"passed","title":"should start disconnected"},{"ancestorTitles":["useRealtime","Initial State"],"duration":2,"failureDetails":[],"failureMessages":[],"fullName":"useRealtime Initial State should have no error initially","invocations":1,"location":null,"numPassingAsserts":1,"retryReasons":[],"status":"passed","title":"should have no error initially"},{"ancestorTitles":["useRealtime","Initial State"],"duration":1,"failureDetails":[],"failureMessages":[],"fullName":"useRealtime Initial State should have no room initially","invocations":1,"location":null,"numPassingAsserts":1,"retryReasons":[],"status":"passed","title":"should have no room initially"},{"ancestorTitles":["useRealtime","Initial State"],"duration":1,"failureDetails":[],"failureMessages":[],"fullName":"useRealtime Initial State should have no game state initially","invocations":1,"location":null,"numPassingAsserts":1,"retryReasons":[],"status":"passed","title":"should have no game state initially"},{"ancestorTitles":["useRealtime","Initial State"],"duration":1,"failureDetails":[],"failureMessages":[],"fullName":"useRealtime Initial State should not be loading initially","invocations":1,"location":null,"numPassingAsserts":1,"retryReasons":[],"status":"passed","title":"should not be loading initially"},{"ancestorTitles":["useRealtime","Room Management"],"duration":2,"failureDetails":[],"failureMessages":[],"fullName":"useRealtime Room Management should create a room","invocations":1,"location":null,"numPassingAsserts":2,"retryReasons":[],"status":"passed","title":"should create a room"},{"ancestorTitles":["useRealtime","Error Handling"],"duration":1,"failureDetails":[],"failureMessages":[],"fullName":"useRealtime Error Handling should accept onError callback","invocations":1,"location":null,"numPassingAsserts":1,"retryReasons":[],"status":"passed","title":"should accept onError callback"},{"ancestorTitles":["useRealtime","Error Handling"],"duration":1,"failureDetails":[],"failureMessages":[],"fullName":"useRealtime Error Handling should accept onDisconnect callback","invocations":1,"location":null,"numPassingAsserts":1,"retryReasons":[],"status":"passed","title":"should accept onDisconnect callback"},{"ancestorTitles":["useRealtime","Hook Return API"],"duration":2,"failureDetails":[],"failureMessages":[],"fullName":"useRealtime Hook Return API should expose all expected functions","invocations":1,"location":null,"numPassingAsserts":8,"retryReasons":[],"status":"passed","title":"should expose all expected functions"},{"ancestorTitles":["useRealtime","Hook Return API"],"duration":4,"failureDetails":[],"failureMessages":[],"fullName":"useRealtime Hook Return API should expose all expected state values","invocations":1,"location":null,"numPassingAsserts":8,"retryReasons":[],"status":"passed","title":"should expose all expected state values"},{"ancestorTitles":["useRealtime","Turn Validation"],"duration":38,"failureDetails":[],"failureMessages":[],"fullName":"useRealtime Turn Validation should throw when passing without game state","invocations":1,"location":null,"numPassingAsserts":1,"retryReasons":[],"status":"passed","title":"should throw when passing without game state"},{"ancestorTitles":["useRealtime","Turn Validation"],"duration":2,"failureDetails":[],"failureMessages":[],"fullName":"useRealtime Turn Validation should throw when playing cards without game state","invocations":1,"location":null,"numPassingAsserts":1,"retryReasons":[],"status":"passed","title":"should throw when playing cards without game state"}],"endTime":1772103539537,"message":"","name":"/Users/michaelalam/Desktop/Desktop/Coding/Coding/Big-Two-Neo/apps/mobile/src/hooks/__tests__/useRealtime.test.ts","startTime":1772103538474,"status":"passed","summary":""},{"assertionResults":[{"ancestorTitles":["LandscapeOvalTable - Empty State"],"duration":8,"failureDetails":[],"failureMessages":[],"fullName":"LandscapeOvalTable - Empty State renders empty state when no cards played","invocations":1,"location":null,"numPassingAsserts":1,"retryReasons":[],"status":"passed","title":"renders empty state when no cards played"},{"ancestorTitles":["LandscapeOvalTable - Empty State"],"duration":1,"failureDetails":[],"failureMessages":[],"fullName":"LandscapeOvalTable - Empty State renders empty state when empty card array","invocations":1,"location":null,"numPassingAsserts":1,"retryReasons":[],"status":"passed","title":"renders empty state when empty card array"},{"ancestorTitles":["LandscapeOvalTable - Empty State"],"duration":1,"failureDetails":[],"failureMessages":[],"fullName":"LandscapeOva
[...]
eMessages":[],"fullName":"Game Logic - Beat Validation canBeatPlay Full House compares triple ranks","invocations":1,"location":null,"numPassingAsserts":1,"retryReasons":[],"status":"passed","title":"canBeatPlay Full House compares triple ranks"},{"ancestorTitles":["Game Logic - Recommended Play"],"duration":0,"failureDetails":[],"failureMessages":[],"fullName":"Game Logic - Recommended Play findRecommendedPlay plays 3D on first play","invocations":1,"location":null,"numPassingAsserts":1,"retryReasons":[],"status":"passed","title":"findRecommendedPlay plays 3D on first play"},{"ancestorTitles":["Game Logic - Recommended Play"],"duration":0,"failureDetails":[],"failureMessages":[],"fullName":"Game Logic - Recommended Play findRecommendedPlay returns null if no 3D on first play","invocations":1,"location":null,"numPassingAsserts":1,"retryReasons":[],"status":"passed","title":"findRecommendedPlay returns null if no 3D on first play"},{"ancestorTitles":["Game Logic - Recommended Play"],"duration":0,"failureDetails":[],"failureMessages":[],"fullName":"Game Logic - Recommended Play findRecommendedPlay plays lowest single when leading","invocations":1,"location":null,"numPassingAsserts":1,"retryReasons":[],"status":"passed","title":"findRecommendedPlay plays lowest single when leading"},{"ancestorTitles":["Game Logic - Recommended Play"],"duration":0,"failureDetails":[],"failureMessages":[],"fullName":"Game Logic - Recommended Play findRecommendedPlay finds lowest beating single","invocations":1,"location":null,"numPassingAsserts":1,"retryReasons":[],"status":"passed","title":"findRecommendedPlay finds lowest beating single"},{"ancestorTitles":["Game Logic - Recommended Play"],"duration":0,"failureDetails":[],"failureMessages":[],"fullName":"Game Logic - Recommended Play findRecommendedPlay returns null if cannot beat","invocations":1,"location":null,"numPassingAsserts":1,"retryReasons":[],"status":"passed","title":"findRecommendedPlay returns null if cannot beat"},{"ancestorTitles":["Game Logic - Recommended Play"],"duration":0,"failureDetails":[],"failureMessages":[],"fullName":"Game Logic - Recommended Play findRecommendedPlay handles empty hand","invocations":1,"location":null,"numPassingAsserts":1,"retryReasons":[],"status":"passed","title":"findRecommendedPlay handles empty hand"},{"ancestorTitles":["Game Logic - classifyAndSortCards"],"duration":10,"failureDetails":[],"failureMessages":[],"fullName":"Game Logic - classifyAndSortCards classifyAndSortCards returns sorted straight in sequence order","invocations":1,"location":null,"numPassingAsserts":2,"retryReasons":[],"status":"passed","title":"classifyAndSortCards returns sorted straight in sequence order"},{"ancestorTitles":["Game Logic - classifyAndSortCards"],"duration":1,"failureDetails":[],"failureMessages":[],"fullName":"Game Logic - classifyAndSortCards classifyAndSortCards returns sorted cards for non-straight","invocations":1,"location":null,"numPassingAsserts":2,"retryReasons":[],"status":"passed","title":"classifyAndSortCards returns sorted cards for non-straight"},{"ancestorTitles":["Game Logic - classifyAndSortCards"],"duration":0,"failureDetails":[],"failureMessages":[],"fullName":"Game Logic - classifyAndSortCards classifyAndSortCards handles empty array","invocations":1,"location":null,"numPassingAsserts":2,"retryReasons":[],"status":"passed","title":"classifyAndSortCards handles empty array"},{"ancestorTitles":["Game Logic - One Card Left Rule","findHighestBeatingSingle"],"duration":1,"failureDetails":[],"failureMessages":[],"fullName":"Game Logic - One Card Left Rule findHighestBeatingSingle finds highest single that beats last play","invocations":1,"location":null,"numPassingAsserts":2,"retryReasons":[],"status":"passed","title":"finds highest single that beats last play"},{"ancestorTitles":["Game Logic - One Card Left Rule","findHighestBeatingSingle"],"duration":0,"failureDetails":[],"failureMessages":[],"fullName":"Game Logic - One Card Left Rule findHighestBeatingSingle returns null when no singles beat last play","invocations":1,"location":null,"numPassingAsserts":1,"retryReasons":[],"status":"passed","title":"returns null when no singles beat last play"},{"ancestorTitles":["Game Logic - One Card Left Rule","findHighestBeatingSingle"],"duration":0,"failureDetails":[],"failureMessages":[],"fullName":"Game Logic - One Card Left Rule findHighestBeatingSingle returns highest card when no last play (leading)","invocations":1,"location":null,"numPassingAsserts":2,"retryReasons":[],"status":"passed","title":"returns highest card when no last play (leading)"},{"ancestorTitles":["Game Logic - One Card Left Rule","findHighestBeatingSingle"],"duration":0,"failureDetails":[],"failureMessages":[],"fullName":"Game Logic - One Card Left Rule findHighestBeatingSingle returns null for empty hand","invocations":1,"location":null,"numPassingAsserts":1,"retryReasons":[],"status":"passed","title":"returns null for empty hand"},{"ancestorTitles":["Game Logic - One Card Left Rule","validateOneCardLeftRule"],"duration":1,"failureDetails":[],"failureMessages":[],"fullName":"Game Logic - One Card Left Rule validateOneCardLeftRule allows play when next player does not have 1 card","invocations":1,"location":null,"numPassingAsserts":1,"retryReasons":[],"status":"passed","title":"allows play when next player does not have 1 card"},{"ancestorTitles":["Game Logic - One Card Left Rule","validateOneCardLeftRule"],"duration":0,"failureDetails":[],"failureMessages":[],"fullName":"Game Logic - One Card Left Rule validateOneCardLeftRule allows non-single plays even when next player has 1 card","invocations":1,"location":null,"numPassingAsserts":1,"retryReasons":[],"status":"passed","title":"allows non-single plays even when next player has 1 card"},{"ancestorTitles":["Game Logic - One Card Left Rule","validateOneCardLeftRule"],"duration":0,"failureDetails":[],"failureMessages":[],"fullName":"Game Logic - One Card Left Rule validateOneCardLeftRule enforces highest single when next player has 1 card","invocations":1,"location":null,"numPassingAsserts":3,"retryReasons":[],"status":"passed","title":"enforces highest single when next player has 1 card"},{"ancestorTitles":["Game Logic - One Card Left Rule","validateOneCardLeftRule"],"duration":0,"failureDetails":[],"failureMessages":[],"fullName":"Game Logic - One Card Left Rule validateOneCardLeftRule allows highest single when next player has 1 card","invocations":1,"location":null,"numPassingAsserts":1,"retryReasons":[],"status":"passed","title":"allows highest single when next player has 1 card"},{"ancestorTitles":["Game Logic - One Card Left Rule","validateOneCardLeftRule"],"duration":1,"failureDetails":[],"failureMessages":[],"fullName":"Game Logic - One Card Left Rule validateOneCardLeftRule allows play when no valid singles exist","invocations":1,"location":null,"numPassingAsserts":1,"retryReasons":[],"status":"passed","title":"allows play when no valid singles exist"},{"ancestorTitles":["Game Logic - One Card Left Rule","canPassWithOneCardLeftRule"],"duration":0,"failureDetails":[],"failureMessages":[],"fullName":"Game Logic - One Card Left Rule canPassWithOneCardLeftRule prevents pass when next player has 1 card and player has valid single","invocations":1,"location":null,"numPassingAsserts":3,"retryReasons":[],"status":"passed","title":"prevents pass when next player has 1 card and player has valid single"},{"ancestorTitles":["Game Logic - One Card Left Rule","canPassWithOneCardLeftRule"],"duration":1,"failureDetails":[],"failureMessages":[],"fullName":"Game Logic - One Card Left Rule canPassWithOneCardLeftRule allows pass when next player does not have 1 card","invocations":1,"location":null,"numPassingAsserts":1,"retryReasons":[],"status":"passed","title":"allows pass when next player does not have 1 card"},{"ancestorTitles":["Game Logic - One Card Left Rule","canPassWithOneCardLeftRule"],"duration":0,"failureDetails":[],"failureMessages":[],"fullName":"Game Logic - One Card Left Rule canPassWithOneCardLeftRule allows pass when player has no valid singles","invocations":1,"location":null,"numPassingAsserts":1,"retryReasons":[],"status":"passed","title":"allows pass when player has no valid singles"},{"ancestorTitles":["Game Logic - One Card Left Rule","canPassWithOneCardLeftRule"],"duration":0,"failureDetails":[],"failureMessages":[],"fullName":"Game Logic - One Card Left Rule canPassWithOneCardLeftRule allows pass when last play was not a single","invocations":1,"location":null,"numPassingAsserts":1,"retryReasons":[],"status":"passed","title":"allows pass when last play was not a single"},{"ancestorTitles":["Game Logic - One Card Left Rule","canPassWithOneCardLeftRule"],"duration":0,"failureDetails":[],"failureMessages":[],"fullName":"Game Logic - One Card Left Rule canPassWithOneCardLeftRule prevents pass when leading (null lastPlay)","invocations":1,"location":null,"numPassingAsserts":2,"retryReasons":[],"status":"passed","title":"prevents pass when leading (null lastPlay)"}],"endTime":1772103541013,"message":"","name":"/Users/michaelalam/Desktop/Desktop/Coding/Coding/Big-Two-Neo/apps/mobile/src/game/__tests__/game-logic.test.ts","startTime":1772103540944,"status":"passed","summary":""},{"assertionResults":[{"ancestorTitles":["usePlayHistoryTracking"],"duration":3,"failureDetails":[],"failureMessages":[],"fullName":"usePlayHistoryTracking should initialize without errors","invocations":1,"location":null,"numPassingAsserts":1,"retryReasons":[],"status":"passed","title":"should initialize without errors"},{"ancestorTitles":["usePlayHistoryTracking"],"duration":5,"failureDetails":[],"failureMessages":[],"fullName":"usePlayHistoryTracking should not process when gameState is null","invocations":1,"location":null,"numPassingAsserts":1,"retryReasons":[],"status":"passed","title":"should not process when gameState is null"},{"ancestorTitles":["usePlayHistoryTracking"],"duration":1,"failureDetails":[],"failureMessages":[],"fullName":"usePlayHistoryTracking should not process when game not started","invocations":1,"location":null,"numPassingAsserts":1,"retryReasons":[],"status":"passed","title":"should not process when game not started"},{"ancestorTitles":["usePlayHistoryTracking"],"duration":14,"failureDetails":[],"failureMessages":[],"fullName":"usePlayHistoryTracking should convert roundHistory to PlayHistoryMatch","invocations":1,"location":null,"numPassingAsserts":2,"retryReasons":[],"status":"passed","title":"should convert roundHistory to PlayHistoryMatch"},{"ancestorTitles":["usePlayHistoryTracking"],"duration":4,"failureDetails":[],"failureMessages":[],"fullName":"usePlayHistoryTracking should filter out passed entries (no cards played)","invocations":1,"location":null,"numPassingAsserts":2,"retryReasons":[],"status":"passed","title":"should filter out passed entries (no cards played)"},{"ancestorTitles":["usePlayHistoryTracking"],"duration":17,"failureDetails":[],"failureMessages":[],"fullName":"usePlayHistoryTracking should update when new plays are added","invocations":1,"location":null,"numPassingAsserts":2,"retryReasons":[],"status":"passed","title":"should update when new plays are added"},{"ancestorTitles":["usePlayHistoryTracking"],"duration":1,"failureDetails":[],"failureMessages":[],"fullName":"usePlayHistoryTracking should update when match number changes","invocations":1,"location":null,"numPassingAsserts":2,"retryReasons":[],"status":"passed","title":"should update when match number changes"},{"ancestorTitles":["usePlayHistoryTracking"],"duration":1,"failureDetails":[],"failureMessages":[],"fullName":"usePlayHistoryTracking should handle match end (winnerId set)","invocations":1,"location":null,"numPassingAsserts":3,"retryReasons":[],"status":"passed","title":"should handle match end (winnerId set)"},{"ancestorTitles":["usePlayHistoryTracking"],"duration":1,"failureDetails":[],"failureMessages":[],"fullName":"usePlayHistoryTracking should respect enabled flag","invocations":1,"location":null,"numPassingAsserts":1,"retryReasons":[],"status":"passed","title":"should respect enabled flag"},{"ancestorTitles":["usePlayHistoryTracking"],"duration":1,"failureDetails":[],"failureMessages":[],"fullName":"usePlayHistoryTracking should handle unknown player IDs gracefully","invocations":1,"location":null,"numPassingAsserts":1,"retryReasons":[],"status":"passed","title":"should handle unknown player IDs gracefully"},{"ancestorTitles":["usePlayHistoryTracking"],"duration":1,"failureDetails":[],"failureMessages":[],"fullName":"usePlayHistoryTracking should not update if same match and history length","invocations":1,"location":null,"numPassingAsserts":1,"retryReasons":[],"status":"passed","title":"should not update if same match and history length"}],"endTime":1772103541026,"message":"","name":"/Users/michaelalam/Desktop/Desktop/Coding/Coding/Big-Two-Neo/apps/mobile/src/hooks/__tests__/usePlayHistoryTracking.test.tsx","startTime":1772103539771,"status":"passed","summary":""},{"assertionResults":[{"ancestorTitles":["Landscape Constants - Task #456 (Simplified)","Base Specifications"],"duration":1,"failureDetails":[],"failureMessages":[],"fullName":"Landscape Constants - Task #456 (Simplified) Base Specifications has correct screen dimensions","invocations":1,"location":null,"numPassingAsserts":2,"retryReasons":[],"status":"passed","title":"has correct screen dimensions"},{"ancestorTitles":["Landscape Constants - Task #456 (Simplified)","Base Specifications"],"duration":0,"failureDetails":[],"failureMessages":[],"fullName":"Landscape Constants - Task #456 (Simplified) Base Specifications has correct safe area insets","invocations":1,"location":null,"numPassingAsserts":3,"retryReasons":[],"status":"passed","title":"has correct safe area insets"},{"ancestorTitles":["Landscape Constants - Task #456 (Simplified)","Base Specifications"],"duration":0,"failureDetails":[],"failureMessages":[],"fullName":"Landscape Constants - Task #456 (Simplified) Base Specifications calculates usable area correctly","invocations":1,"location":null,"numPassingAsserts":2,"retryReasons":[],"status":"passed","title":"calculates usable area correctly"},{"ancestorTitles":["Landscape Constants - Task #456 (Simplified)","Device Breakpoints"],"duration":0,"failureDetails":[],"failureMessages":[],"fullName":"Landscape Constants - Task #456 (Simplified) Device Breakpoints categorizes devices correctly","invocations":1,"location":null,"numPassingAsserts":5,"retryReasons":[],"status":"passed","title":"categorizes devices correctly"},{"ancestorTitles":["Landscape Constants - Task #456 (Simplified)","Layout Dimensions"],"duration":0,"failureDetails":[],"failureMessages":[],"fullName":"Landscape Constants - Task #456 (Simplified) Layout Dimensions table has correct dimensions","invocations":1,"location":null,"numPassingAsserts":2,"retryReasons":[],"status":"passed","title":"table has correct dimensions"},{"ancestorTitles":["Landscape Constants - Task #456 (Simplified)","Layout Dimensions"],"duration":1,"failureDetails":[],"failureMessages":[],"fullName":"Landscape Constants - Task #456 (Simplified) Layout Dimensions cards have correct aspect ratio","invocations":1,"location":null,"numPassingAsserts":3,"retryReasons":[],"status":"passed","title":"cards have correct aspect ratio"},{"ancestorTitles":["Landscape Constants - Task #456 (Simplified)","Layout Dimensions"],"duration":0,"failureDetails":[],"failureMessages":[],"fullName":"Landscape Constants - Task #456 (Simplified) Layout Dimensions control bar meets touch target minimum","invocations":1,"location":null,"numPassingAsserts":1,"retryReasons":[],"status":"passed","title":"control bar meets touch target minimum"},{"ancestorTitles":["Landscape Constants - Task #456 (Simplified)","Scaling Functions"],"duration":0,"failureDetails":[],"failureMessages":[],"fullName":"Landscape Constants - Task #456 (Simplified) Scaling Functions scaleWidth works correctly","invocations":1,"location":null,"numPassingAsserts":2,"retryReasons":[],"status":"passed","title":"scaleWidth works correctly"},{"ancestorTitles":["Landscape Constants - Task #456 (Simplified)","Scaling Functions"],"duration":0,"failureDetails":[],"failureMessages":[],"fullName":"Landscape Constants - Task #456 (Simplified) Scaling Functions scaleHeight works correctly","invocations":1,"location":null,"numPassingAsserts":1,"retryReasons":[],"status":"passed","title":"scaleHeight works correctly"},{"ancestorTitles":["Landscape Constants - Task #456 (Simplified)","Scaling Functions"],"duration":0,"failureDetails":[],"failureMessages":[],"fullName":"Landscape Constants - Task #456 (Simplified) Scaling Functions clamp restricts values","invocations":1,"location":null,"numPassingAsserts":3,"retryReasons":[],"status":"passed","title":"clamp restricts values"}],"endTime":1772103541026,"message":"","name":"/Users/michaelalam/Desktop/Desktop/Coding/Coding/Big-Two-Neo/apps/mobile/src/constants/__tests__/landscape-simple.test.ts","startTime":1772103540976,"status":"passed","summary":""},{"assertionResults":[{"ancestorTitles":["One Card Left Rule - Integration Test"],"duration":1,"failureDetails":[],"failureMessages":[],"fullName":"One Card Left Rule - Integration Test should prevent passing in GameStateManager when next player has 1 card","invocations":1,"location":null,"numPassingAsserts":3,"retryReasons":[],"status":"passed","title":"should prevent passing in GameStateManager when next player has 1 card"},{"ancestorTitles":["One Card Left Rule - Integration Test"],"duration":0,"failureDetails":[],"failureMessages":[],"fullName":"One Card Left Rule - Integration Test should allow passing when next player has MORE than 1 card","invocations":1,"location":null,"numPassingAsserts":1,"retryReasons":[],"status":"passed","title":"should allow passing when next player has MORE than 1 card"}],"endTime":1772103541415,"message":"","name":"/Users/michaelalam/Desktop/Desktop/Coding/Coding/Big-Two-Neo/apps/mobile/src/game/__tests__/one-card-left-integration.test.ts","startTime":1772103540848,"status":"passed","summary":""},{"assertionResults":[{"ancestorTitles":["GameEndModal Component","Basic Rendering"],"duration":3,"failureDetails":[],"failureMessages":[],"fullName":"GameEndModal Component Basic Rendering renders without errors when modal is closed","invocations":1,"location":null,"numPassingAsserts":1,"retryReasons":[],"status":"passed","title":"renders without errors when modal is closed"}],"endTime":1772103541914,"message":"","name":"/Users/michaelalam/Desktop/Desktop/Coding/Coding/Big-Two-Neo/apps/mobile/src/components/gameEnd/__tests__/GameEndModal.test.tsx","startTime":1772103540308,"status":"passed","summary":""},{"assertionResults":[{"ancestorTitles":["Fireworks Component","Basic Rendering"],"duration":11,"failureDetails":[],"failureMessages":[],"fullName":"Fireworks Component Basic Rendering returns null when inactive","invocations":1,"location":null,"numPassingAsserts":1,"retryReasons":[],"status":"passed","title":"returns null when inactive"},{"ancestorTitles":["Fireworks Component","Basic Rendering"],"duration":3,"failureDetails":[],"failureMessages":[],"fullName":"Fireworks Component Basic Rendering renders without errors when active","invocations":1,"location":null,"numPassingAsserts":1,"retryReasons":[],"status":"passed","title":"renders without errors when active"},{"ancestorTitles":["Fireworks Component","Basic Rendering"],"duration":2,"failureDetails":[],"failureMessages":[],"fullName":"Fireworks Component Basic Rendering renders without errors with custom duration","invocations":1,"location":null,"numPassingAsserts":1,"retryReasons":[],"status":"passed","title":"renders without errors with custom duration"}],"endTime":1772103541917,"message":"","name":"/Users/michaelalam/Desktop/Desktop/Coding/Coding/Big-Two-Neo/apps/mobile/src/components/gameEnd/__tests__/Fireworks.test.tsx","startTime":1772103540568,"status":"passed","summary":""}],"wasInterrupted":false}
