{"numFailedTestSuites":0,"numFailedTests":0,"numPassedTestSuites":54,"numPassedTests":861,"numPendingTestSuites":0,"numPendingTests":0,"numRuntimeErrorTestSuites":0,"numTodoTests":0,"numTotalTestSuites":54,"numTotalTests":861,"openHandles":[],"snapshot":{"added":0,"didUpdate":false,"failure":false,"filesAdded":0,"filesRemoved":0,"filesRemovedList":[],"filesUnmatched":0,"filesUpdated":0,"matched":0,"total":0,"unchecked":0,"uncheckedKeysByFile":[],"unmatched":0,"updated":0},"startTime":1772104221888,"success":true,"testResults":[{"assertionResults":[{"ancestorTitles":["Audio Stress Test - soundManager"],"duration":1024,"failureDetails":[],"failureMessages":[],"fullName":"Audio Stress Test - soundManager should handle rapid sequential playback without crashes","invocations":1,"location":null,"numPassingAsserts":1,"retryReasons":[],"status":"passed","title":"should handle rapid sequential playback without crashes"},{"ancestorTitles":["Audio Stress Test - soundManager"],"duration":1,"failureDetails":[],"failureMessages":[],"fullName":"Audio Stress Test - soundManager should handle concurrent playback requests","invocations":1,"location":null,"numPassingAsserts":0,"retryReasons":[],"status":"passed","title":"should handle concurrent playback requests"},{"ancestorTitles":["Audio Stress Test - soundManager"],"duration":1,"failureDetails":[],"failureMessages":[],"fullName":"Audio Stress Test - soundManager should properly handle volume changes during playback","invocations":1,"location":null,"numPassingAsserts":1,"retryReasons":[],"status":"passed","title":"should properly handle volume changes during playback"},{"ancestorTitles":["Audio Stress Test - soundManager"],"duration":0,"failureDetails":[],"failureMessages":[],"fullName":"Audio Stress Test - soundManager should handle audio enable/disable toggle during playback","invocations":1,"location":null,"numPassingAsserts":0,"retryReasons":[],"status":"passed","title":"should handle audio enable/disable toggle during playback"},{"ancestorTitles":["Audio Stress Test - soundManager"],"duration":5229,"failureDetails":[],"failureMessages":[],"fullName":"Audio Stress Test - soundManager should maintain stability over extended gameplay simulation","invocations":1,"location":null,"numPassingAsserts":2,"retryReasons":[],"status":"passed","title":"should maintain stability over extended gameplay simulation"}],"endTime":1772104230063,"message":"","name":"/Users/michaelalam/Desktop/Desktop/Coding/Coding/Big-Two-Neo/apps/mobile/src/__tests__/fixes/audio-stress.test.ts","startTime":1772104222077,"status":"passed","summary":""},{"assertionResults":[{"ancestorTitles":["LandscapeGameLayout - Integration","Component Integration"],"duration":24,"failureDetails":[],"failureMessages":[],"fullName":"LandscapeGameLayout - Integration Component Integration should render all major components","invocations":1,"location":null,"numPassingAsserts":6,"retryReasons":[],"status":"passed","title":"should render all major components"},{"ancestorTitles":["LandscapeGameLayout - Integration","Component Integration"],"duration":6,"failureDetails":[],"failureMessages":[],"fullName":"LandscapeGameLayout - Integration Component Integration should integrate scoreboard with game data","invocations":1,"location":null,"numPassingAsserts":5,"retryReasons":[],"status":"passed","title":"should integrate scoreboard with game data"},{"ancestorTitles":["LandscapeGameLayout - Integration","Component Integration"],"duration":6,"failureDetails":[],"failureMessages":[],"fullName":"LandscapeGameLayout - Integration Component Integration should integrate table with last played cards","invocations":1,"location":null,"numPassingAsserts":2,"retryReasons":[],"status":"passed","title":"should integrate table with last played cards"},{"ancestorTitles":["LandscapeGameLayout - Integration","Component Integration"],"duration":5,"failureDetails":[],"failureMessages":[],"fullName":"LandscapeGameLayout - Integration Component Integration should integrate player position with cards","invocations":1,"location":null,"numPassingAsserts":2,"retryReasons":[],"status":"passed","title":"should integrate player position with cards"},{"ancestorTitles":["LandscapeGameLayout - Integration","Visual Layout"],"duration":8,"failureDetails":[],"failureMessages":[],"fullName":"LandscapeGameLayout - Integration Visual Layout should position scoreboard in top-left corner","invocations":1,"location":null,"numPassingAsserts":1,"retryReasons":[],"status":"passed","title":"should position scoreboard in top-left corner"},{"ancestorTitles":["LandscapeGameLayout - Integration","Visual Layout"],"duration":5,"failureDetails":[],"failureMessages":[],"fullName":"LandscapeGameLayout - Integration Visual Layout should center oval table in main area","invocations":1,"location":null,"numPassingAsserts":1,"retryReasons":[],"status":"passed","title":"should center oval table in main area"},{"ancestorTitles":["LandscapeGameLayout - Integration","Visual Layout"],"duration":5,"failureDetails":[],"failureMessages":[],"fullName":"LandscapeGameLayout - Integration Visual Layout should position control bar at bottom","invocations":1,"location":null,"numPassingAsserts":1,"retryReasons":[],"status":"passed","title":"should position control bar at bottom"},{"ancestorTitles":["LandscapeGameLayout - Integration","Visual Layout"],"duration":5,"failureDetails":[],"failureMessages":[],"fullName":"LandscapeGameLayout - Integration Visual Layout should apply dark background color","invocations":1,"location":null,"numPassingAsserts":1,"retryReasons":[],"status":"passed","title":"should apply dark background color"},{"ancestorTitles":["LandscapeGameLayout - Integration","User Interactions"],"duration":6,"failureDetails":[],"failureMessages":[],"fullName":"LandscapeGameLayout - Integration User Interactions should call onPass when pass button pressed","invocations":1,"location":null,"numPassingAsserts":1,"retryReasons":[],"status":"passed","title":"should call onPass when pass button pressed"},{"ancestorTitles":["LandscapeGameLayout - Integration","User Interactions"],"duration":5,"failureDetails":[],"failureMessages":[],"fullName":"LandscapeGameLayout - Integration User Interactions should call onPlay when play button pressed and canPlay is true","invocations":1,"location":null,"numPassingAsserts":1,"retryReasons":[],"status":"passed","title":"should call onPlay when play button pressed and canPlay is true"},{"ancestorTitles":["LandscapeGameLayout - Integration","User Interactions"],"duration":9,"failureDetails":[],"failureMessages":[],"fullName":"LandscapeGameLayout - Integration User Interactions should call onSort when sort button pressed","invocations":1,"location":null,"numPassingAsserts":1,"retryReasons":[],"status":"passed","title":"should call onSort when sort button pressed"},{"ancestorTitles":["LandscapeGameLayout - Integration","User Interactions"],"duration":5,"failureDetails":[],"failureMessages":[],"fullName":"LandscapeGameLayout - Integration User Interactions should call onSmartSort when smart sort button pressed","invocations":1,"location":null,"numPassingAsserts":1,"retryReasons":[],"status":"passed","title":"should call onSmartSort when smart sort button pressed"},{"ancestorTitles":["LandscapeGameLayout - Integration","User Interactions"],"duration":5,"failureDetails":[],"failureMessages":[],"fullName":"LandscapeGameLayout - Integration User Interactions should call onHint when hint button pressed","invocations":1,"location":null,"numPassingAsserts":1,"retryReasons":[],"status":"passed","title":"should call onHint when hint button pressed"},{"ancestorTitles":["LandscapeGameLayout - Integration","User Interactions"],"duration":5,"failureDetails":[],"failureMessages":[],"fullName":"LandscapeGameLayout - Integration User Interactions should call onSettings when settings button pressed","invocations":1,"location":null,"numPassingAsserts":1,"retryReasons":[],"status":"passed","title":"should call onSettings when settings button pressed"},{"ancestorTitles":["LandscapeGameLayout - Integration","User Interactions"],"duration":5,"failureDetails":[],"failureMessages":[],"fullName":"LandscapeGameLayout - Integration User Interactions should handle card selection changes","invocations":1,"location":null,"numPassingAsserts":1,"retryReasons":[],"status":"passed","title":"should handle card selection changes"},{"ancestorTitles":["LandscapeGameLayout - Integration","Responsive Behavior"],"duration":8,"failureDetails":[],"failureMessages":[],"fullName":"LandscapeGameLayout - Integration Responsive Behavior should handle game finished state","invocations":1,"location":null,"numPassingAsserts":2,"retryReasons":[],"status":"passed","title":"should handle game finished state"},{"ancestorTitles":["LandscapeGameLayout - Integration","Responsive Behavior"],"duration":5,"failureDetails":[],"failureMessages":[],"fullName":"LandscapeGameLayout - Integration Responsive Behavior should handle empty last played cards","invocations":1,"location":null,"numPassingAsserts":1,"retryReasons":[],"status":"passed","title":"should handle empty last played cards"},{"ancestorTitles":["LandscapeGameLayout - Integration","Responsive Behavior"],"duration":5,"failureDetails":[],"failureMessages":[],"fullName":"LandscapeGameLayout - Integration Responsive Behavior should handle disabled state","invocations":1,"location":null,"numPassingAsserts":1,"retryReasons":[],"status":"passed","title":"should handle disabled state"},{"ancestorTitles":["LandscapeGameLayout - Integration","Responsive Behavior"],"duration":5,"failureDetails":[],"failureMessages":[],"fullName":"LandscapeGameLayout - Integration Responsive Behavior should handle inactive player state","invocations":1,"location":null,"numPassingAsserts":1,"retryReasons":[],"status":"passed","title":"should handle inactive player state"},{"ancestorTitles":["LandscapeGameLayout - Integration","Responsive Behavior"],"duration":11,"failureDetails":[],"failureMessages":[],"fullName":"LandscapeGameLayout - Integration Responsive Behavior should update when props change","invocations":1,"location":null,"numPassingAsserts":2,"retryReasons":[],"status":"passed","title":"should update when props change"},{"ancestorTitles":["LandscapeGameLayout - Integration","Accessibility"],"duration":15,"failureDetails":[],"failureMessages":[],"fullName":"LandscapeGameLayout - Integration Accessibility should have accessible labels for all interactive elements","invocations":1,"location":null,"numPassingAsserts":7,"retryReasons":[],"status":"passed","title":"should have accessible labels for all interactive elements"},{"ancestorTitles":["LandscapeGameLayout - Integration","Accessibility"],"duration":5,"failureDetails":[],"failureMessages":[],"fullName":"LandscapeGameLayout - Integration Accessibility should use SafeAreaView for proper safe area handling","invocations":1,"location":null,"numPassingAsserts":1,"retryReasons":[],"status":"passed","title":"should use SafeAreaView for proper safe area handling"},{"ancestorTitles":["LandscapeGameLayout - Integration","Edge Cases"],"duration":10,"failureDetails":[],"failureMessages":[],"fullName":"LandscapeGameLayout - Integration Edge Cases should handle zero cards in hand","invocations":1,"location":null,"numPassingAsserts":1,"retryReasons":[],"status":"passed","title":"should handle zero cards in hand"},{"ancestorTitles":["LandscapeGameLayout - Integration","Edge Cases"],"duration":8,"failureDetails":[],"failureMessages":[],"fullName":"LandscapeGameLayout - Integration Edge Cases should handle maximum cards in hand (13)","invocations":1,"location":null,"numPassingAsserts":1,"retryReasons":[],"status":"passed","title":"should handle maximum cards in hand (13)"},{"ancestorTitles":["LandscapeGameLayout - Integration","Edge Cases"],"duration":9,"failureDetails":[],"failureMessages":[],"fullName":"LandscapeGameLayout - Integration Edge Cases should handle missing optional callbacks","invocations":1,"location":null,"numPassingAsserts":1,"retryReasons":[],"status":"passed","title":"should handle missing optional callbacks"},{"ancestorTitles":["LandscapeGameLayout - Integration","Edge Cases"],"duration":5,"failureDetails":[],"failureMessages":[],"fullName":"LandscapeGameLayout - Integration Edge Cases should handle very long player names","invocations":1,"location":null,"numPassingAsserts":1,"retryReasons":[],"status":"passed","title":"should handle very long player names"},{"ancestorTitles":["LandscapeGameLayout - Integration","Performance"],"duration":5,"failureDetails":[],"failureMessages":[],"fullName":"LandscapeGameLayout - Integration Performance should render quickly with typical game state","invocations":1,"location":null,"numPassingAsserts":1,"retryReasons":[],"status":"passed","title":"should render quickly with typical game state"},{"ancestorTitles":["LandscapeGameLayout - Integration","Performance"],"duration":44,"failureDetails":[],"failureMessages":[],"fullName":"LandscapeGameLayout - Integration Performance should handle multiple rapid updates efficiently","invocations":1,"location":null,"numPassingAsserts":1,"retryReasons":[],"status":"passed","title":"should handle multiple rapid updates efficiently"}],"endTime":1772104231949,"message":"","name":"/Users/michaelalam/Desktop/Desktop/Coding/Coding/Big-Two-Neo/apps/mobile/src/components/gameRoom/__tests__/LandscapeGameLayout.test.tsx","startTime":1772104230074,"status":"passed","summary":""},{"assertionResults":[{"ancestorTitles":["invokeWithRetry"],"duration":1,"failureDetails":[],"failureMessages":[],"fullName":"invokeWithRetry should succeed on first attempt when no error","invocations":1,"location":null,"numPassingAsserts":3,"retryReasons":[],"status":"passed","title":"should succeed on first attempt when no error"},{"ancestorTitles":["invokeWithRetry"],"duration":1,"failureDetails":[],"failureMessages":[],"fullName":"invokeWithRetry should return non-retryable errors immediately without retrying","invocations":1,"location":null,"numPassingAsserts":2,"retryReasons":[],"status":"passed","title":"should return non-retryable errors immediately without retrying"},{"ancestorTitles":["invokeWithRetry"],"duration":503,"failureDetails":[],"failureMessages":[],"fullName":"invokeWithRetry should retry on FunctionsFetchError and succeed on second attempt","invocations":1,"location":null,"numPassingAsserts":3,"retryReasons":[],"status":"passed","title":"should retry on FunctionsFetchError and succeed on second attempt"},{"ancestorTitles":["invokeWithRetry"],"duration":1507,"failureDetails":[],"failureMessages":[],"fullName":"invokeWithRetry should exhaust retries and return last error","invocations":1,"location":null,"numPassingAsserts":3,"retryReasons":[],"status":"passed","title":"should exhaust retries and return last error"},{"ancestorTitles":["invokeWithRetry"],"duration":503,"failureDetails":[],"failureMessages":[],"fullName":"invokeWithRetry should handle thrown exceptions that are retryable","invocations":1,"location":null,"numPassingAsserts":3,"retryReasons":[],"status":"passed","title":"should handle thrown exceptions that are retryable"},{"ancestorTitles":["invokeWithRetry"],"duration":3,"failureDetails":[],"failureMessages":[],"fullName":"invokeWithRetry should not retry non-retryable thrown exceptions","invocations":1,"location":null,"numPassingAsserts":3,"retryReasons":[],"status":"passed","title":"should not retry non-retryable thrown exceptions"}],"endTime":1772104234544,"message":"","name":"/Users/michaelalam/Desktop/Desktop/Coding/Coding/Big-Two-Neo/apps/mobile/src/__tests__/utils/edgeFunctionRetry.test.ts","startTime":1772104232002,"status":"passed","summary":""},{"assertionResults":[{"ancestorTitles":["useRealtime - Timer Cancellation","Manual Pass Cancellation"],"duration":8,"failureDetails":[],"failureMessages":[],"fullName":"useRealtime - Timer Cancellation Manual Pass Cancellation should clear local auto_pass_timer after passing (Edge Function returns no timer)","invocations":1,"location":null,"numPassingAsserts":5,"retryReasons":[],"status":"passed","title":"should clear local auto_pass_timer after passing (Edge Function returns no timer)"},{"ancestorTitles":["useRealtime - Timer Cancellation","Manual Pass Cancellation"],"duration":2,"failureDetails":[],"failureMessages":[],"fullName":"useRealtime - Timer Cancellation Manual Pass Cancellation should NOT clear local auto_pass_timer when Edge Function returns a timer","invocations":1,"location":null,"numPassingAsserts":2,"retryReasons":[],"status":"passed","title":"should NOT clear local auto_pass_timer when Edge Function returns a timer"},{"ancestorTitles":["useRealtime - Timer Cancellation","Play Cards Cancellation"],"duration":2,"failureDetails":[],"failureMessages":[],"fullName":"useRealtime - Timer Cancellation Play Cards Cancellation should broadcast auto_pass_timer_cancelled when playing cards while timer is active","invocations":1,"location":null,"numPassingAsserts":5,"retryReasons":[],"status":"passed","title":"should broadcast auto_pass_timer_cancelled when playing cards while timer is active"},{"ancestorTitles":["useRealtime - Timer Cancellation","Play Cards Cancellation"],"duration":2,"failureDetails":[],"failureMessages":[],"fullName":"useRealtime - Timer Cancellation Play Cards Cancellation should broadcast correct cancellation reason for new plays","invocations":1,"location":null,"numPassingAsserts":3,"retryReasons":[],"status":"passed","title":"should broadcast correct cancellation reason for new plays"},{"ancestorTitles":["useRealtime - Timer Cancellation","Play Cards Cancellation"],"duration":4,"failureDetails":[],"failureMessages":[],"fullName":"useRealtime - Timer Cancellation Play Cards Cancellation should NOT broadcast cancellation if no timer was active when playing","invocations":1,"location":null,"numPassingAsserts":2,"retryReasons":[],"status":"passed","title":"should NOT broadcast cancellation if no timer was active when playing"},{"ancestorTitles":["useRealtime - Timer Cancellation","Cancellation Reason Validation"],"duration":1,"failureDetails":[],"failureMessages":[],"fullName":"useRealtime - Timer Cancellation Cancellation Reason Validation should use \"new_play\" reason for play cards action","invocations":1,"location":null,"numPassingAsserts":2,"retryReasons":[],"status":"passed","title":"should use \"new_play\" reason for play cards action"},{"ancestorTitles":["useRealtime - Timer Cancellation","Cancellation Reason Validation"],"duration":2,"failureDetails":[],"failureMessages":[],"fullName":"useRealtime - Timer Cancellation Cancellation Reason Validation should include player_index in cancellation broadcast","invocations":1,"location":null,"numPassingAsserts":2,"retryReasons":[],"status":"passed","title":"should include player_index in cancellation broadcast"},{"ancestorTitles":["useRealtime - Timer Cancellation","Database State Updates"],"duration":1,"failureDetails":[],"failureMessages":[],"fullName":"useRealtime - Timer Cancellation Database State Updates should update play_history in database when playing cards","invocations":1,"location":null,"numPassingAsserts":2,"retryReasons":[],"status":"passed","title":"should update play_history in database when playing cards"},{"ancestorTitles":["useRealtime - Timer Cancellation","Database State Updates"],"duration":2,"failureDetails":[],"failureMessages":[],"fullName":"useRealtime - Timer Cancellation Database State Updates should broadcast cards_played event when playing cards","invocations":1,"location":null,"numPassingAsserts":2,"retryReasons":[],"status":"passed","title":"should broadcast cards_played event when playing cards"},{"ancestorTitles":["useRealtime - Timer Cancellation","Database State Updates"],"duration":2,"failureDetails":[],"failureMessages":[],"fullName":"useRealtime - Timer Cancellation Database State Updates should call player-pass Edge Function when passing","invocations":1,"location":null,"numPassingAsserts":2,"retryReasons":[],"status":"passed","title":"should call player-pass Edge Function when passing"}],"endTime":1772104234628,"message":"","name":"/Users/michaelalam/Desktop/Desktop/Coding/Coding/Big-Two-Neo/apps/mobile/src/hooks/__tests__/useRealtime-timer-cancellation.test.ts","startTime":1772104234550,"status":"passed","summary":""},{"assertionResults":[{"ancestorTitles":["useOrientationManager"],"duration":2,"failureDetails":[],"failureMessages":[],"fullName":"useOrientationManager initializes with portrait orientation","invocations":1,"location":null,"numPassingAsserts":3,"retryReasons":[],"status":"passed","title":"initializes with portrait orientation"},{"ancestorTitles":["useOrientationManager"],"duration":1,"failureDetails":[],"failureMessages":[],"fullName":"useOrientationManager toggles from portrait to landscape","invocations":1,"location":null,"numPassingAsserts":2,"retryReasons":[],"status":"passed","title":"toggles from portrait to landscape"},{"ancestorTitles":["useOrientationManager"],"duration":0,"failureDetails":[],"failureMessages":[],"fullName":"useOrientationManager toggles from landscape to portrait","invocations":1,"location":null,"numPassingAsserts":2,"retryReasons":[],"status":"passed","title":"toggles from landscape to portrait"},{"ancestorTitles":["useOrientationManager"],"duration":1,"failureDetails":[],"failureMessages":[],"fullName":"useOrientationManager sets isChanging to true during transition","invocations":1,"location":null,"numPassingAsserts":2,"retryReasons":[],"status":"passed","title":"sets isChanging to true during transition"},{"ancestorTitles":["useOrientationManager"],"duration":3,"failureDetails":[],"failureMessages":[],"fullName":"useOrientationManager persists orientation preference to AsyncStorage","invocations":1,"location":null,"numPassingAsserts":1,"retryReasons":[],"status":"passed","title":"persists orientation preference to AsyncStorage"},{"ancestorTitles":["useOrientationManager"],"duration":52,"failureDetails":[],"failureMessages":[],"fullName":"useOrientationManager loads saved orientation preference on mount","invocations":1,"location":null,"numPassingAsserts":2,"retryReasons":[],"status":"passed","title":"loads saved orientation preference on mount"},{"ancestorTitles":["useOrientationManager"],"duration":2,"failureDetails":[],"failureMessages":[],"fullName":"useOrientationManager handles orientation change listener","invocations":1,"location":null,"numPassingAsserts":1,"retryReasons":[],"status":"passed","title":"handles orientation change listener"},{"ancestorTitles":["useOrientationManager"],"duration":1,"failureDetails":[],"failureMessages":[],"fullName":"useOrientationManager removes orientation change listener on unmount","invocations":1,"location":null,"numPassingAsserts":1,"retryReasons":[],"status":"passed","title":"removes orientation change listener on unmount"},{"ancestorTitles":["useOrientationManager"],"duration":1,"failureDetails":[],"failureMessages":[],"fullName":"useOrientationManager warns and skips when trying concurrent orientation changes","invocations":1,"location":null,"numPassingAsserts":3,"retryReasons":[],"status":"passed","title":"warns and skips when trying concurrent orientation changes"},{"ancestorTitles":["useOrientationManager"],"duration":1,"failureDetails":[],"failureMessages":[],"fullName":"useOrientationManager handles errors gracefully","invocations":1,"location":null,"numPassingAsserts":2,"retryReasons":[],"status":"passed","title":"handles errors gracefully"}],"endTime":1772104234742,"message":"","name":"/Users/michaelalam/Desktop/Desktop/Coding/Coding/Big-Two-Neo/apps/mobile/src/hooks/__tests__/useOrientationManager.test.ts","startTime":1772104234638,"status":"passed","summary":""},{"assertionResults":[{"ancestorTitles":["Race Condition Test - fetchProfile Lock"],"duration":102,"failureDetails":[],"failureMessages":[],"fullName":"Race Condition Test - fetchProfile Lock should deduplicate parallel fetchProfile calls","invocations":1,"location":null,"numPassingAsserts":4,"retryReasons":[],"status":"passed","title":"should deduplicate parallel fetchProfile calls"},{"ancestorTitles":["Race Condition Test - fetchProfile Lock"],"duration":305,"failureDetails":[],"failureMessages":[],"fullName":"Race Condition Test - fetchProfile Lock should allow sequential fetches after first completes","invocations":1,"location":null,"numPassingAsserts":2,"retryReasons":[],"status":"passed","title":"should allow sequential fetches after first completes"},{"ancestorTitles":["Race Condition Test - fetchProfile Lock"],"duration":204,"failureDetails":[],"failureMessages":[],"fullName":"Race Condition Test - fetchProfile Lock should handle mixed parallel and sequential calls","invocations":1,"location":null,"numPassingAsserts":3,"retryReasons":[],"status":"passed","title":"should handle mixed parallel and sequential calls"},{"ancestorTitles":["Race Condition Test - fetchProfile Lock"],"duration":602,"failureDetails":[],"failureMessages":[],"fullName":"Race Condition Test - fetchProfile Lock should handle rapid calls with timing edge cases","invocations":1,"location":null,"numPassingAsserts":2,"retryReasons":[],"status":"passed","title":"should handle rapid calls with timing edge cases"}],"endTime":1772104235986,"message":"","name":"/Users/michaelalam/Desktop/Desktop/Coding/Coding/Big-Two-Neo/apps/mobile/src/__tests__/fixes/race-condition.test.ts","startTime":1772104234751,"status":"passed","summary":""},{"assertionResults":[{"ancestorTitles":["Auto-Pass Timer Cancellation on Game End"],"duration":354,"failureDetails":[],"failureMessages":[],"fullName":"Auto-Pass Timer Cancellation on Game End should cancel timer when match ends while timer is active","invocations":1,"location":null,"numPassingAsserts":3,"retryReasons":[],"status":"passed","title":"should cancel timer when match ends while timer is active"},{"ancestorTitles":["Auto-Pass Timer Cancellation on Game End"],"duration":354,"failureDetails":[],"failureMessages":[],"fullName":"Auto-Pass Timer Cancellation on Game End should cancel timer when game is over while timer is active","invocations":1,"location":null,"numPassingAsserts":3,"retryReasons":[],"status":"passed","title":"should cancel timer when game is over while timer is active"},{"ancestorTitles":["Auto-Pass Timer Cancellation on Game End"],"duration":353,"failureDetails":[],"failureMessages":[],"fullName":"Auto-Pass Timer Cancellation on Game End should keep timer running when game is still in progress","invocations":1,"location":null,"numPassingAsserts":3,"retryReasons":[],"status":"passed","title":"should keep timer running when game is still in progress"},{"ancestorTitles":["Auto-Pass Timer Cancellation on Game End"],"duration":253,"failureDetails":[],"failureMessages":[],"fullName":"Auto-Pass Timer Cancellation on Game End should not cause infinite loop if timer expires after game ends","invocations":1,"location":null,"numPassingAsserts":2,"retryReasons":[],"status":"passed","title":"should not cause infinite loop if timer expires after game ends"}],"endTime":1772104237831,"message":"","name":"/Users/michaelalam/Desktop/Desktop/Coding/Coding/Big-Two-Neo/apps/mobile/src/game/__tests__/timer-cancellation-on-game-end.test.ts","startTime":1772104235992,"status":"passed","summary":""},{"assertionResults":[{"ancestorTitles":["AutoPassTimer - Edge Cases","Player Disconnection"],"duration":2,"failureDetails":[],"failureMessages":[],"fullName":"AutoPassTimer - Edge Cases Player Disconnection should continue countdown when player disconnects","invocations":1,"location":null,"numPassingAsserts":1,"retryReasons":[],"status":"passed","title":"should continue countdown when player disconnects"},{"ancestorTitles":["AutoPassTimer - Edge Cases","Player Disconnection"],"duration":1,"failureDetails":[],"failureMessages":[],"fullName":"AutoPassTimer - Edge Cases Player Disconnection should restore correct countdown after reconnection","invocations":1,"location":null,"numPassingAsserts":1,"retryReasons":[],"status":"passed","title":"should restore correct countdown after reconnection"},{"ancestorTitles":["AutoPassTimer - Edge Cases","Player Disconnection"],"duration":1,"failureDetails":[],"failureMessages":[],"fullName":"AutoPassTimer - Edge Cases Player Disconnection should handle reconnection with expired timer gracefully","invocations":1,"location":null,"numPassingAsserts":1,"retryReasons":[],"status":"passed","title":"should handle reconnection with expired timer gracefully"},{"ancestorTitles":["AutoPassTimer - Edge Cases","Room Closure"],"duration":3,"failureDetails":[],"failureMessages":[],"fullName":"AutoPassTimer - Edge Cases Room Closure should cleanup timer when room closes","invocations":1,"location":null,"numPassingAsserts":1,"retryReasons":[],"status":"passed","title":"should cleanup timer when room closes"},{"ancestorTitles":["AutoPassTimer - Edge Cases","Sequential Timers"],"duration":12,"failureDetails":[],"failureMessages":[],"fullName":"AutoPassTimer - Edge Cases Sequential Timers should handle back-to-back timer starts correctly","invocations":1,"location":null,"numPassingAsserts":4,"retryReasons":[],"status":"passed","title":"should handle back-to-back timer starts correctly"},{"ancestorTitles":["AutoPassTimer - Edge Cases","Sequential Timers"],"duration":2,"failureDetails":[],"failureMessages":[],"fullName":"AutoPassTimer - Edge Cases Sequential Timers should handle rapid timer cancellations","invocations":1,"location":null,"numPassingAsserts":1,"retryReasons":[],"status":"passed","title":"should handle rapid timer cancellations"},{"ancestorTitles":["AutoPassTimer - Edge Cases","Manual Pass Cancellation"],"duration":1,"failureDetails":[],"failureMessages":[],"fullName":"AutoPassTimer - Edge Cases Manual Pass Cancellation should clear timer when manual pass occurs","invocations":1,"location":null,"numPassingAsserts":1,"retryReasons":[],"status":"passed","title":"should clear timer when manual pass occurs"},{"ancestorTitles":["AutoPassTimer - Edge Cases","Game End During Timer"],"duration":1,"failureDetails":[],"failureMessages":[],"fullName":"AutoPassTimer - Edge Cases Game End During Timer should handle game end gracefully","invocations":1,"location":null,"numPassingAsserts":1,"retryReasons":[],"status":"passed","title":"should handle game end gracefully"},{"ancestorTitles":["AutoPassTimer - Edge Cases","Invalid Timer States"],"duration":1,"failureDetails":[],"failureMessages":[],"fullName":"AutoPassTimer - Edge Cases Invalid Timer States should not render with null state","invocations":1,"location":null,"numPassingAsserts":1,"retryReasons":[],"status":"passed","title":"should not render with null state"},{"ancestorTitles":["AutoPassTimer - Edge Cases","Invalid Timer States"],"duration":1,"failureDetails":[],"failureMessages":[],"fullName":"AutoPassTimer - Edge Cases Invalid Timer States should handle negative remaining_ms gracefully","invocations":1,"location":null,"numPassingAsserts":1,"retryReasons":[],"status":"passed","title":"should handle negative remaining_ms gracefully"},{"ancestorTitles":["AutoPassTimer - Edge Cases","Invalid Timer States"],"duration":1,"failureDetails":[],"failureMessages":[],"fullName":"AutoPassTimer - Edge Cases Invalid Timer States should handle invalid started_at timestamp","invocations":1,"location":null,"numPassingAsserts":1,"retryReasons":[],"status":"passed","title":"should handle invalid started_at timestamp"},{"ancestorTitles":["AutoPassTimer - Edge Cases","Invalid Timer States"],"duration":0,"failureDetails":[],"failureMessages":[],"fullName":"AutoPassTimer - Edge Cases Invalid Timer States should handle inactive timer state","invocations":1,"location":null,"numPassingAsserts":1,"retryReasons":[],"status":"passed","title":"should handle inactive timer state"},{"ancestorTitles":["AutoPassTimer - Edge Cases","Network Failure Scenarios"],"duration":3,"failureDetails":[],"failureMessages":[],"fullName":"AutoPassTimer - Edge Cases Network Failure Scenarios should continue countdown during network outage","invocations":1,"location":null,"numPassingAsserts":1,"retryReasons":[],"status":"passed","title":"should continue countdown during network outage"},{"ancestorTitles":["AutoPassTimer - Edge Cases","Network Failure Scenarios"],"duration":21,"failureDetails":[],"failureMessages":[],"fullName":"AutoPassTimer - Edge Cases Network Failure Scenarios should handle delayed WebSocket updates","invocations":1,"location":null,"numPassingAsserts":1,"retryReasons":[],"status":"passed","title":"should handle delayed WebSocket updates"},{"ancestorTitles":["AutoPassTimer - Edge Cases","Network Failure Scenarios"],"duration":1,"failureDetails":[],"failureMessages":[],"fullName":"AutoPassTimer - Edge Cases Network Failure Scenarios should recover from temporary component unmount","invocations":1,"location":null,"numPassingAsserts":2,"retryReasons":[],"status":"passed","title":"should recover from temporary component unmount"},{"ancestorTitles":["AutoPassTimer - Edge Cases","Performance & Memory"],"duration":26,"failureDetails":[],"failureMessages":[],"fullName":"AutoPassTimer - Edge Cases Performance & Memory should not leak memory with frequent rerenders","invocations":1,"location":null,"numPassingAsserts":1,"retryReasons":[],"status":"passed","title":"should not leak memory with frequent rerenders"},{"ancestorTitles":["AutoPassTimer - Edge Cases","Performance & Memory"],"duration":15,"failureDetails":[],"failureMessages":[],"fullName":"AutoPassTimer - Edge Cases Performance & Memory should handle rapid state changes efficiently","invocations":1,"location":null,"numPassingAsserts":1,"retryReasons":[],"status":"passed","title":"should handle rapid state changes efficiently"}],"endTime":1772104237997,"message":"","name":"/Users/michaelalam/Desktop/Desktop/Coding/Coding/Big-Two-Neo/apps/mobile/src/components/game/__tests__/AutoPassTimerEdgeCases.test.tsx","startTime":1772104237861,"status":"passed","summary":""},{"assertionResults":[{"ancestorTitles":["CompactScoreboard","Rendering"],"duration":4,"failureDetails":[],"failureMessages":[],"fullName":"CompactScoreboard Rendering should render match number correctly","invocations":1,"location":null,"numPassingAsserts":1,"retryReasons":[],"status":"passed","title":"should render match number correctly"},{"ancestorTitles":["CompactScoreboard","Rendering"],"duration":2,"failureDetails":[],"failureMessages":[],"fullName":"CompactScoreboard Rendering should render all player names","invocations":1,"location":null,"numPassingAsserts":4,"retryReasons":[],"status":"passed","title":"should render all player names"},{"ancestorTitles":["CompactScoreboard","Rendering"],"duration":1,"failureDetails":[],"failureMessages":[],"fullName":"CompactScoreboard Rendering should render current scores for all players","invocations":1,"location":null,"numPassingAsserts":4,"retryReasons":[],"status":"passed","title":"should render current scores for all players"},{"ancestorTitles":["CompactScoreboard","Rendering"],"duration":1,"failureDetails":[],"failureMessages":[],"fullName":"CompactScoreboard Rendering should not render card counts when game is finished","invocations":1,"location":null,"numPassingAsserts":1,"retryReasons":[],"status":"passed","title":"should not render card counts when game is finished"},{"ancestorTitles":["CompactScoreboard","Rendering"],"duration":3,"failureDetails":[],"failureMessages":[],"fullName":"CompactScoreboard Rendering should show \"Game Over\" when game is finished","invocations":1,"location":null,"numPassingAsserts":1,"retryReasons":[],"status":"passed","title":"should show \"Game Over\" when game is finished"},{"ancestorTitles":["CompactScoreboard","Current Player Highlighting"],"duration":0,"failureDetails":[],"failureMessages":[],"fullName":"CompactScoreboard Current Player Highlighting should highlight current player","invocations":1,"location":null,"numPassingAsserts":1,"retryReasons":[],"status":"passed","title":"should highlight current player"},{"ancestorTitles":["CompactScoreboard","Current Player Highlighting"],"duration":3,"failureDetails":[],"failureMessages":[],"fullName":"CompactScoreboard Current Player Highlighting should handle different current player indices","invocations":1,"location":null,"numPassingAsserts":4,"retryReasons":[],"status":"passed","title":"should handle different current player indices"},{"ancestorTitles":["CompactScoreboard","Button Interactions"],"duration":1,"failureDetails":[],"failureMessages":[],"fullName":"CompactScoreboard Button Interactions should call onToggleExpand when expand button is pressed","invocations":1,"location":null,"numPassingAsserts":1,"retryReasons":[],"status":"passed","title":"should call onToggleExpand when expand button is pressed"},{"ancestorTitles":["CompactScoreboard","Button Interactions"],"duration":1,"failureDetails":[],"failureMessages":[],"fullName":"CompactScoreboard Button Interactions should call onTogglePlayHistory when play history button is pressed","invocations":1,"location":null,"numPassingAsserts":1,"retryReasons":[],"status":"passed","title":"should call onTogglePlayHistory when play history button is pressed"},{"ancestorTitles":["CompactScoreboard","Button Interactions"],"duration":0,"failureDetails":[],"failureMessages":[],"fullName":"CompactScoreboard Button Interactions should not render expand button if onToggleExpand is not provided","invocations":1,"location":null,"numPassingAsserts":1,"retryReasons":[],"status":"passed","title":"should not render expand button if onToggleExpand is not provided"},{"ancestorTitles":["CompactScoreboard","Button Interactions"],"duration":0,"failureDetails":[],"failureMessages":[],"fullName":"CompactScoreboard Button Interactions should not render play history button if onTogglePlayHistory is not provided","invocations":1,"location":null,"numPassingAsserts":1,"retryReasons":[],"status":"passed","title":"should not render play history button if onTogglePlayHistory is not provided"},{"ancestorTitles":["CompactScoreboard","Auto-Expand Behavior"],"duration":2,"failureDetails":[],"failureMessages":[],"fullName":"CompactScoreboard Auto-Expand Behavior should NOT auto-expand when game finishes (feature disabled)","invocations":1,"location":null,"numPassingAsserts":1,"retryReasons":[],"status":"passed","title":"should NOT auto-expand when game finishes (feature disabled)"},{"ancestorTitles":["CompactScoreboard","Auto-Expand Behavior"],"duration":1,"failureDetails":[],"failureMessages":[],"fullName":"CompactScoreboard Auto-Expand Behavior should not auto-expand if already expanded","invocations":1,"location":null,"numPassingAsserts":1,"retryReasons":[],"status":"passed","title":"should not auto-expand if already expanded"},{"ancestorTitles":["CompactScoreboard","Edge Cases"],"duration":1,"failureDetails":[],"failureMessages":[],"fullName":"CompactScoreboard Edge Cases should handle negative scores","invocations":1,"location":null,"numPassingAsserts":4,"retryReasons":[],"status":"passed","title":"should handle negative scores"},{"ancestorTitles":["CompactScoreboard","Edge Cases"],"duration":1,"failureDetails":[],"failureMessages":[],"fullName":"CompactScoreboard Edge Cases should handle empty player names","invocations":1,"location":null,"numPassingAsserts":2,"retryReasons":[],"status":"passed","title":"should handle empty player names"},{"ancestorTitles":["ExpandedScoreboard","Rendering"],"duration":3,"failureDetails":[],"failureMessages":[],"fullName":"ExpandedScoreboard Rendering should render table header with match numbers","invocations":1,"location":null,"numPassingAsserts":2,"retryReasons":[],"status":"passed","title":"should render table header with match numbers"},{"ancestorTitles":["ExpandedScoreboard","Rendering"],"duration":2,"failureDetails":[],"failureMessages":[],"fullName":"ExpandedScoreboard Rendering should render all player names in table rows","invocations":1,"location":null,"numPassingAsserts":4,"retryReasons":[],"status":"passed","title":"should render all player names in table rows"},{"ancestorTitles":["ExpandedScoreboard","Rendering"],"duration":7,"failureDetails":[],"failureMessages":[],"fullName":"ExpandedScoreboard Rendering should render score history for all players","invocations":1,"location":null,"numPassingAsserts":3,"retryReasons":[],"status":"passed","title":"should render score history for all players"},{"ancestorTitles":["ExpandedScoreboard","Rendering"],"duration":2,"failureDetails":[],"failureMessages":[],"fullName":"ExpandedScoreboard Rendering should render cumulative total column","invocations":1,"location":null,"numPassingAsserts":1,"retryReasons":[],"status":"passed","title":"should render cumulative total column"},{"ancestorTitles":["ExpandedScoreboard","Score Calculations"],"duration":3,"failureDetails":[],"failureMessages":[],"fullName":"ExpandedScoreboard Score Calculations should show cumulative scores correctly","invocations":1,"location":null,"numPassingAsserts":4,"retryReasons":[],"status":"passed","title":"should show cumulative scores correctly"},{"ancestorTitles":["ExpandedScoreboard","Score Calculations"],"duration":1,"failureDetails":[],"failureMessages":[],"fullName":"ExpandedScoreboard Score Calculations should handle matches with no score history","invocations":1,"location":null,"numPassingAsserts":1,"retryReasons":[],"status":"passed","title":"should handle matches with no score history"},{"ancestorTitles":["ExpandedScoreboard","Winner Highlighting"],"duration":2,"failureDetails":[],"failureMessages":[],"fullName":"ExpandedScoreboard Winner Highlighting should highlight winner (lowest score) when game is finished","invocations":1,"location":null,"numPassingAsserts":1,"retryReasons":[],"status":"passed","title":"should highlight winner (lowest score) when game is finished"},{"ancestorTitles":["ExpandedScoreboard","Winner Highlighting"],"duration":2,"failureDetails":[],"failureMessages":[],"fullName":"ExpandedScoreboard Winner Highlighting should not highlight winner when game is not finished","invocations":1,"location":null,"numPassingAsserts":1,"retryReasons":[],"status":"passed","title":"should not highlight winner when game is not finished"},{"ancestorTitles":["ExpandedScoreboard","Button Interactions"],"duration":3,"failureDetails":[],"failureMessages":[],"fullName":"ExpandedScoreboard Button Interactions should call onToggleExpand when collapse button is pressed","invocations":1,"location":null,"numPassingAsserts":1,"retryReasons":[],"status":"passed","title":"should call onToggleExpand when collapse button is pressed"},{"ancestorTitles":["ExpandedScoreboard","Button Interactions"],"duration":2,"failureDetails":[],"failureMessages":[],"fullName":"ExpandedScoreboard Button Interactions should call onTogglePlayHistory when play history button is pressed","invocations":1,"location":null,"numPassingAsserts":1,"retryReasons":[],"status":"passed","title":"should call onTogglePlayHistory when play history button is pressed"},{"ancestorTitles":["ExpandedScoreboard","Button Interactions"],"duration":2,"failureDetails":[],"failureMessages":[],"fullName":"ExpandedScoreboard Button Interactions should not render collapse button if onToggleExpand is not provided","invocations":1,"location":null,"numPassingAsserts":1,"retryReasons":[],"status":"passed","title":"should not render collapse button if onToggleExpand is not provided"},{"ancestorTitles":["ExpandedScoreboard","Edge Cases"],"duration":2,"failureDetails":[],"failureMessages":[],"fullName":"ExpandedScoreboard Edge Cases should handle different numbers of players","invocations":1,"location":null,"numPassingAsserts":2,"retryReasons":[],"status":"passed","title":"should handle different numbers of players"},{"ancestorTitles":["ExpandedScoreboard","Edge Cases"],"duration":2,"failureDetails":[],"failureMessages":[],"fullName":"ExpandedScoreboard Edge Cases should handle very long player names","invocations":1,"location":null,"numPassingAsserts":1,"retryReasons":[],"status":"passed","title":"should handle very long player names"},{"ancestorTitles":["ExpandedScoreboard","Edge Cases"],"duration":2,"failureDetails":[],"failureMessages":[],"fullName":"ExpandedScoreboard Edge Cases should handle large score values","invocations":1,"location":null,"numPassingAsserts":2,"retryReasons":[],"status":"passed","title":"should handle large score values"}],"endTime":1772104238157,"message":"","name":"/Users/michaelalam/Desktop/Desktop/Coding/Coding/Big-Two-Neo/apps/mobile/src/components/scoreboard/__tests__/ScoreboardComponents.test.tsx","startTime":1772104238012,"status":"passed","summary":""},{"assertionResults":[{"ancestorTitles":["Scoreboard Integration Test","Full Game Flow"],"duration":10,"failureDetails":[],"failureMessages":[],"fullName":"Scoreboard Integration Test Full Game Flow should track scores across multiple matches","invocations":1,"location":null,"numPassingAsserts":1,"retryReasons":[],"status":"passed","title":"should track scores across multiple matches"},{"ancestorTitles":["Scoreboard Integration Test","Full Game Flow"],"duration":5,"failureDetails":[],"failureMessages":[],"fullName":"Scoreboard Integration Test Full Game Flow should accumulate scores correctly across matches","invocations":1,"location":null,"numPassingAsserts":4,"retryReasons":[],"status":"passed","title":"should accumulate scores correctly across matches"},{"ancestorTitles":["Scoreboard Integration Test","Full Game Flow"],"duration":4,"failureDetails":[],"failureMessages":[],"fullName":"Scoreboard Integration Test Full Game Flow should track play history for each match","invocations":1,"location":null,"numPassingAsserts":1,"retryReasons":[],"status":"passed","title":"should track play history for each match"},{"ancestorTitles":["Scoreboard Integration Test","Full Game Flow"],"duration":4,"failureDetails":[],"failureMessages":[],"fullName":"Scoreboard Integration Test Full Game Flow should handle match completion and start new match","invocations":1,"location":null,"numPassingAsserts":1,"retryReasons":[],"status":"passed","title":"should handle match completion and start new match"},{"ancestorTitles":["Scoreboard Integration Test","Score Calculations"],"duration":4,"failureDetails":[],"failureMessages":[],"fullName":"Scoreboard Integration Test Score Calculations should correctly identify winner (lowest score) when game finishes","invocations":1,"location":null,"numPassingAsserts":2,"retryReasons":[],"status":"passed","title":"should correctly identify winner (lowest score) when game finishes"},{"ancestorTitles":["Scoreboard Integration Test","Score Calculations"],"duration":7,"failureDetails":[],"failureMessages":[],"fullName":"Scoreboard Integration Test Score Calculations should handle negative scores correctly","invocations":1,"location":null,"numPassingAsserts":2,"retryReasons":[],"status":"passed","title":"should handle negative scores correctly"},{"ancestorTitles":["Scoreboard Integration Test","Score Calculations"],"duration":3,"failureDetails":[],"failureMessages":[],"fullName":"Scoreboard Integration Test Score Calculations should handle tie scores","invocations":1,"location":null,"numPassingAsserts":1,"retryReasons":[],"status":"passed","title":"should handle tie scores"},{"ancestorTitles":["Scoreboard Integration Test","Play History Tracking"],"duration":3,"failureDetails":[],"failureMessages":[],"fullName":"Scoreboard Integration Test Play History Tracking should track hands in correct order","invocations":1,"location":null,"numPassingAsserts":1,"retryReasons":[],"status":"passed","title":"should track hands in correct order"},{"ancestorTitles":["Scoreboard Integration Test","Play History Tracking"],"duration":4,"failureDetails":[],"failureMessages":[],"fullName":"Scoreboard Integration Test Play History Tracking should update play history when new hands are added","invocations":1,"location":null,"numPassingAsserts":1,"retryReasons":[],"status":"passed","title":"should update play history when new hands are added"},{"ancestorTitles":["Scoreboard Integration Test","Edge Cases"],"duration":2,"failureDetails":[],"failureMessages":[],"fullName":"Scoreboard Integration Test Edge Cases should handle empty score history","invocations":1,"location":null,"numPassingAsserts":1,"retryReasons":[],"status":"passed","title":"should handle empty score history"},{"ancestorTitles":["Scoreboard Integration Test","Edge Cases"],"duration":3,"failureDetails":[],"failureMessages":[],"fullName":"Scoreboard Integration Test Edge Cases should handle rapid match completions","invocations":1,"location":null,"numPassingAsserts":1,"retryReasons":[],"status":"passed","title":"should handle rapid match completions"},{"ancestorTitles":["Scoreboard Integration Test","Edge Cases"],"duration":4,"failureDetails":[],"failureMessages":[],"fullName":"Scoreboard Integration Test Edge Cases should handle game with different player counts","invocations":1,"location":null,"numPassingAsserts":5,"retryReasons":[],"status":"passed","title":"should handle game with different player counts"}],"endTime":1772104238313,"message":"","name":"/Users/michaelalam/Desktop/Desktop/Coding/Coding/Big-Two-Neo/apps/mobile/src/components/scoreboard/__tests__/ScoreboardIntegration.test.tsx","startTime":1772104238187,"status":"passed","summary":""},{"assertionResults":[{"ancestorTitles":["GameEndModal Component","Basic Rendering"],"duration":2,"failureDetails":[],"failureMessages":[],"fullName":"GameEndModal Component Basic Rendering renders without errors when modal is closed","invocations":1,"location":null,"numPassingAsserts":1,"retryReasons":[],"status":"passed","title":"renders without errors when modal is closed"}],"endTime":1772104238382,"message":"","name":"/Users/michaelalam/Desktop/Desktop/Coding/Coding/Big-Two-Neo/apps/mobile/src/components/gameEnd/__tests__/GameEndModal.test.tsx","startTime":1772104238333,"status":"passed","summary":""},{"assertionResults":[{"ancestorTitles":["Fireworks Component","Basic Rendering"],"duration":2,"failureDetails":[],"failureMessages":[],"fullName":"Fireworks Component Basic Rendering returns null when inactive","invocations":1,"location":null,"numPassingAsserts":1,"retryReasons":[],"status":"passed","title":"returns null when inactive"},{"ancestorTitles":["Fireworks Component","Basic Rendering"],"duration":2,"failureDetails":[],"failureMessages":[],"fullName":"Fireworks Component Basic Rendering renders without errors when active","invocations":1,"location":null,"numPassingAsserts":1,"retryReasons":[],"status":"passed","title":"renders without errors when active"},{"ancestorTitles":["Fireworks Component","Basic Rendering"],"duration":1,"failureDetails":[],"failureMessages":[],"fullName":"Fireworks Component Basic Rendering renders without errors with custom duration","invocations":1,"location":null,"numPassingAsserts":1,"retryReasons":[],"status":"passed","title":"renders without errors with custom duration"}],"endTime":1772104238424,"message":"","name":"/Users/michaelalam/Desktop/Desktop/Coding/Coding/Big-Two-Neo/apps/mobile/src/components/gameEnd/__tests__/Fireworks.test.tsx","startTime":1772104238384,"status":"passed","summary":""},{"assertionResults":[{"ancestorTitles":["Auto-Pass Timer Manager","shouldTriggerAutoPassTimer"],"duration":0,"failureDetails":[],"failureMessages":[],"fullName":"Auto-Pass Timer Manager shouldTriggerAutoPassTimer should trigger for 2♠ (highest single)","invocations":1,"location":null,"numPassingAsserts":1,"retryReasons":[],"status":"passed","title":"should trigger for 2♠ (highest single)"},{"ancestorTitles":["Auto-Pass Timer Manager","shouldTriggerAutoPassTimer"],"duration":0,"failureDetails":[],"failureMessages":[],"fullName":"Auto-Pass Timer Manager shouldTriggerAutoPassTimer should NOT trigger for A♠ when 2♠ is still unplayed","invocations":1,"location":null,"numPassingAsserts":1,"retryReasons":[],"status":"passed","title":"should NOT trigger for A♠ when 2♠ is still unplayed"},{"ancestorTitles":["Auto-Pass Timer Manager","shouldTriggerAutoPassTimer"],"duration":0,"failureDetails":[],"failureMessages":[],"fullName":"Auto-Pass Timer Manager shouldTriggerAutoPassTimer should trigger for A♠ when all 2s are played","invocations":1,"location":null,"numPassingAsserts":1,"retryReasons":[],"status":"passed","title":"should trigger for A♠ when all 2s are played"},{"ancestorTitles":["Auto-Pass Timer Manager","shouldTriggerAutoPassTimer"],"duration":1,"failureDetails":[],"failureMessages":[],"fullName":"Auto-Pass Timer Manager shouldTriggerAutoPassTimer should trigger for highest remaining pair","invocations":1,"location":null,"numPassingAsserts":1,"retryReasons":[],"status":"passed","title":"should trigger for highest remaining pair"},{"ancestorTitles":["Auto-Pass Timer Manager","shouldTriggerAutoPassTimer"],"duration":0,"failureDetails":[],"failureMessages":[],"fullName":"Auto-Pass Timer Manager shouldTriggerAutoPassTimer should trigger for 2♣-2♦ pair when only 2♠ is played","invocations":1,"location":null,"numPassingAsserts":1,"retryReasons":[],"status":"passed","title":"should trigger for 2♣-2♦ pair when only 2♠ is played"},{"ancestorTitles":["Auto-Pass Timer Manager","createAutoPassTimerState"],"duration":0,"failureDetails":[],"failureMessages":[],"fullName":"Auto-Pass Timer Manager createAutoPassTimerState should create timer state with correct defaults","invocations":1,"location":null,"numPassingAsserts":6,"retryReasons":[],"status":"passed","title":"should create timer state with correct defaults"},{"ancestorTitles":["Auto-Pass Timer Manager","updateTimerState"],"duration":102,"failureDetails":[],"failureMessages":[],"fullName":"Auto-Pass Timer Manager updateTimerState should calculate correct remaining time","invocations":1,"location":null,"numPassingAsserts":3,"retryReasons":[],"status":"passed","title":"should calculate correct remaining time"},{"ancestorTitles":["Auto-Pass Timer Manager","updateTimerState"],"duration":0,"failureDetails":[],"failureMessages":[],"fullName":"Auto-Pass Timer Manager updateTimerState should mark timer as inactive when expired","invocations":1,"location":null,"numPassingAsserts":2,"retryReasons":[],"status":"passed","title":"should mark timer as inactive when expired"},{"ancestorTitles":["Auto-Pass Timer Manager","startTimer"],"duration":153,"failureDetails":[],"failureMessages":[],"fullName":"Auto-Pass Timer Manager startTimer should fire onComplete callback after duration","invocations":1,"location":null,"numPassingAsserts":5,"retryReasons":[],"status":"passed","title":"should fire onComplete callback after duration"},{"ancestorTitles":["Auto-Pass Timer Manager","startTimer"],"duration":302,"failureDetails":[],"failureMessages":[],"fullName":"Auto-Pass Timer Manager startTimer should fire onTick callbacks periodically","invocations":1,"location":null,"numPassingAsserts":2,"retryReasons":[],"status":"passed","title":"should fire onTick callbacks periodically"},{"ancestorTitles":["Auto-Pass Timer Manager","startTimer"],"duration":102,"failureDetails":[],"failureMessages":[],"fullName":"Auto-Pass Timer Manager startTimer should replace existing timer with same ID","invocations":1,"location":null,"numPassingAsserts":2,"retryReasons":[],"status":"passed","title":"should replace existing timer with same ID"},{"ancestorTitles":["Auto-Pass Timer Manager","cancelTimer"],"duration":253,"failureDetails":[],"failureMessages":[],"fullName":"Auto-Pass Timer Manager cancelTimer should stop timer and prevent callbacks","invocations":1,"location":null,"numPassingAsserts":3,"retryReasons":[],"status":"passed","title":"should stop timer and prevent callbacks"},{"ancestorTitles":["Auto-Pass Timer Manager","cancelAllTimers"],"duration":253,"failureDetails":[],"failureMessages":[],"fullName":"Auto-Pass Timer Manager cancelAllTimers should cancel multiple active timers","invocations":1,"location":null,"numPassingAsserts":9,"retryReasons":[],"status":"passed","title":"should cancel multiple active timers"},{"ancestorTitles":["Auto-Pass Timer Manager","isTimerActive"],"duration":1,"failureDetails":[],"failureMessages":[],"fullName":"Auto-Pass Timer Manager isTimerActive should return true for active timer","invocations":1,"location":null,"numPassingAsserts":1,"retryReasons":[],"status":"passed","title":"should return true for active timer"},{"ancestorTitles":["Auto-Pass Timer Manager","isTimerActive"],"duration":0,"failureDetails":[],"failureMessages":[],"fullName":"Auto-Pass Timer Manager isTimerActive should return false for non-existent timer","invocations":1,"location":null,"numPassingAsserts":1,"retryReasons":[],"status":"passed","title":"should return false for non-existent timer"},{"ancestorTitles":["Auto-Pass Timer Manager","isTimerActive"],"duration":101,"failureDetails":[],"failureMessages":[],"fullName":"Auto-Pass Timer Manager isTimerActive should return false after timer completes","invocations":1,"location":null,"numPassingAsserts":1,"retryReasons":[],"status":"passed","title":"should return false after timer completes"}],"endTime":1772104239726,"message":"","name":"/Users/michaelalam/Desktop/Desktop/Coding/Coding/Big-Two-Neo/apps/mobile/src/game/__tests__/auto-pass-timer.test.ts","startTime":1772104238428,"status":"passed","summary":""},{"assertionResults":[{"ancestorTitles":["Task #288: Duplicate Bot Turn Execution Fix"],"duration":1,"failureDetails":[],"failureMessages":[],"fullName":"Task #288: Duplicate Bot Turn Execution Fix should prevent duplicate bot turn execution on same state","invocations":1,"location":null,"numPassingAsserts":1,"retryReasons":[],"status":"passed","title":"should prevent duplicate bot turn execution on same state"},{"ancestorTitles":["Task #288: Duplicate Bot Turn Execution Fix"],"duration":1,"failureDetails":[],"failureMessages":[],"fullName":"Task #288: Duplicate Bot Turn Execution Fix should only execute bot turn when turn actually changes","invocations":1,"location":null,"numPassingAsserts":2,"retryReasons":[],"status":"passed","title":"should only execute bot turn when turn actually changes"},{"ancestorTitles":["Task #288: Duplicate Bot Turn Execution Fix"],"duration":2,"failureDetails":[],"failureMessages":[],"fullName":"Task #288: Duplicate Bot Turn Execution Fix should track last bot turn player index correctly","invocations":1,"location":null,"numPassingAsserts":11,"retryReasons":[],"status":"passed","title":"should track last bot turn player index correctly"},{"ancestorTitles":["Task #288: Duplicate Bot Turn Execution Fix"],"duration":9,"failureDetails":[],"failureMessages":[],"fullName":"Task #288: Duplicate Bot Turn Execution Fix should not execute bot turn when game has ended","invocations":1,"location":null,"numPassingAsserts":0,"retryReasons":[],"status":"passed","title":"should not execute bot turn when game has ended"},{"ancestorTitles":["Task #288: Duplicate Bot Turn Execution Fix"],"duration":0,"failureDetails":[],"failureMessages":[],"fullName":"Task #288: Duplicate Bot Turn Execution Fix should release lock on error and allow recovery","invocations":1,"location":null,"numPassingAsserts":0,"retryReasons":[],"status":"passed","title":"should release lock on error and allow recovery"},{"ancestorTitles":["Task #288: Duplicate Bot Turn Execution Fix"],"duration":2,"failureDetails":[],"failureMessages":[],"fullName":"Task #288: Duplicate Bot Turn Execution Fix should handle rapid state updates without duplicate executions","invocations":1,"location":null,"numPassingAsserts":6,"retryReasons":[],"status":"passed","title":"should handle rapid state updates without duplicate executions"}],"endTime":1772104239799,"message":"","name":"/Users/michaelalam/Desktop/Desktop/Coding/Coding/Big-Two-Neo/apps/mobile/src/__tests__/unit/bot-turn-execution.test.ts","startTime":1772104239743,"status":"passed","summary":""},{"assertionResults":[{"ancestorTitles":["usePlayHistoryTracking"],"duration":3,"failureDetails":[],"failureMessages":[],"fullName":"usePlayHistoryTracking should initialize without errors","invocations":1,"location":null,"numPassingAsserts":1,"retryReasons":[],"status":"passed","title":"should initialize without errors"},{"ancestorTitles":["usePlayHistoryTracking"],"duration":1,"failureDetails":[],"failureMessages":[],"fullName":"usePlayHistoryTracking should not process when gameState is null","invocations":1,"location":null,"numPassingAsserts":1,"retryReasons":[],"status":"passed","title":"should not process when gameState is null"},{"ancestorTitles":["usePlayHistoryTracking"],"duration":1,"failureDetails":[],"failureMessages":[],"fullName":"usePlayHistoryTracking should not process when game not started","invocations":1,"location":null,"numPassingAsserts":1,"retryReasons":[],"status":"passed","title":"should not process when game not started"},{"ancestorTitles":["usePlayHistoryTracking"],"duration":1,"failureDetails":[],"failureMessages":[],"fullName":"usePlayHistoryTracking should convert roundHistory to PlayHistoryMatch","invocations":1,"location":null,"numPassingAsserts":2,"retryReasons":[],"status":"passed","title":"should convert roundHistory to PlayHistoryMatch"},{"ancestorTitles":["usePlayHistoryTracking"],"duration":3,"failureDetails":[],"failureMessages":[],"fullName":"usePlayHistoryTracking should filter out passed entries (no cards played)","invocations":1,"location":null,"numPassingAsserts":2,"retryReasons":[],"status":"passed","title":"should filter out passed entries (no cards played)"},{"ancestorTitles":["usePlayHistoryTracking"],"duration":1,"failureDetails":[],"failureMessages":[],"fullName":"usePlayHistoryTracking should update when new plays are added","invocations":1,"location":null,"numPassingAsserts":2,"retryReasons":[],"status":"passed","title":"should update when new plays are added"},{"ancestorTitles":["usePlayHistoryTracking"],"duration":1,"failureDetails":[],"failureMessages":[],"fullName":"usePlayHistoryTracking should update when match number changes","invocations":1,"location":null,"numPassingAsserts":2,"retryReasons":[],"status":"passed","title":"should update when match number changes"},{"ancestorTitles":["usePlayHistoryTracking"],"duration":1,"failureDetails":[],"failureMessages":[],"fullName":"usePlayHistoryTracking should handle match end (winnerId set)","invocations":1,"location":null,"numPassingAsserts":3,"retryReasons":[],"status":"passed","title":"should handle match end (winnerId set)"},{"ancestorTitles":["usePlayHistoryTracking"],"duration":1,"failureDetails":[],"failureMessages":[],"fullName":"usePlayHistoryTracking should respect enabled flag","invocations":1,"location":null,"numPassingAsserts":1,"retryReasons":[],"status":"passed","title":"should respect enabled flag"},{"ancestorTitles":["usePlayHistoryTracking"],"duration":0,"failureDetails":[],"failureMessages":[],"fullName":"usePlayHistoryTracking should handle unknown player IDs gracefully","invocations":1,"location":null,"numPassingAsserts":1,"retryReasons":[],"status":"passed","title":"should handle unknown player IDs gracefully"},{"ancestorTitles":["usePlayHistoryTracking"],"duration":0,"failureDetails":[],"failureMessages":[],"fullName":"usePlayHistoryTracking should not update if same match and history length","invocations":1,"location":null,"numPassingAsserts":1,"retryReasons":[],"status":"passed","title":"should not update if same match and history length"}],"endTime":1772104239873,"message":"","name":"/Users/michaelalam/Desktop/Desktop/Coding/Coding/Big-Two-Neo/apps/mobile/src/hooks/__tests__/usePlayHistoryTracking.test.tsx","startTime":1772104239821,"status":"passed","summary":""},{"assertionResults":[{"ancestorTitles":["LandscapeYourPosition - Rendering"],"duration":2,"failureDetails":[],"failureMessages":[],"fullName":"LandscapeYourPosition - Rendering renders component with testID","invocations":1,"location":null,"numPassingAsserts":1,"retryReasons":[],"status":"passed","title":"renders component with testID"},{"ancestorTitles":["LandscapeYourPosition - Rendering"],"duration":1,"failureDetails":[],"failureMessages":[],"fullName":"LandscapeYourPosition - Rendering renders active state indicator","invocations":1,"location":null,"numPassingAsserts":1,"retryReasons":[],"status":"passed","title":"renders active state indicator"},{"ancestorTitles":["LandscapeYourPosition - Rendering"],"duration":1,"failureDetails":[],"failureMessages":[],"fullName":"LandscapeYourPosition - Rendering renders card count badge","invocations":1,"location":null,"numPassingAsserts":1,"retryReasons":[],"status":"passed","title":"renders card count badge"},{"ancestorTitles":["LandscapeYourPosition - Rendering"],"duration":1,"failureDetails":[],"failureMessages":[],"fullName":"LandscapeYourPosition - Rendering renders all cards","invocations":1,"location":null,"numPassingAsserts":5,"retryReasons":[],"status":"passed","title":"renders all cards"},{"ancestorTitles":["LandscapeYourPosition - Rendering"],"duration":1,"failureDetails":[],"failureMessages":[],"fullName":"LandscapeYourPosition - Rendering renders empty state when no cards","invocations":1,"location":null,"numPassingAsserts":1,"retryReasons":[],"status":"passed","title":"renders empty state when no cards"},{"ancestorTitles":["LandscapeYourPosition - Card Selection"],"duration":1,"failureDetails":[],"failureMessages":[],"fullName":"LandscapeYourPosition - Card Selection calls onSelectionChange with toggled selection when card pressed (Task #457)","invocations":1,"location":null,"numPassingAsserts":1,"retryReasons":[],"status":"passed","title":"calls onSelectionChange with toggled selection when card pressed (Task #457)"},{"ancestorTitles":["LandscapeYourPosition - Card Selection"],"duration":1,"failureDetails":[],"failureMessages":[],"fullName":"LandscapeYourPosition - Card Selection does not call onCardSelect when disabled","invocations":1,"location":null,"numPassingAsserts":1,"retryReasons":[],"status":"passed","title":"does not call onCardSelect when disabled"},{"ancestorTitles":["LandscapeYourPosition - Card Selection"],"duration":1,"failureDetails":[],"failureMessages":[],"fullName":"LandscapeYourPosition - Card Selection renders selected cards with lift animation","invocations":1,"location":null,"numPassingAsserts":2,"retryReasons":[],"status":"passed","title":"renders selected cards with lift animation"},{"ancestorTitles":["LandscapeYourPosition - Card Selection"],"duration":3,"failureDetails":[],"failureMessages":[],"fullName":"LandscapeYourPosition - Card Selection applies correct z-index to selected cards","invocations":1,"location":null,"numPassingAsserts":2,"retryReasons":[],"status":"passed","title":"applies correct z-index to selected cards"},{"ancestorTitles":["LandscapeYourPosition - Adaptive Overlap"],"duration":1,"failureDetails":[],"failureMessages":[],"fullName":"LandscapeYourPosition - Adaptive Overlap calls calculateCardOverlap with correct parameters","invocations":1,"location":null,"numPassingAsserts":1,"retryReasons":[],"status":"passed","title":"calls calculateCardOverlap with correct parameters"},{"ancestorTitles":["LandscapeYourPosition - Adaptive Overlap"],"duration":0,"failureDetails":[],"failureMessages":[],"fullName":"LandscapeYourPosition - Adaptive Overlap applies adaptive card spacing","invocations":1,"location":null,"numPassingAsserts":1,"retryReasons":[],"status":"passed","title":"applies adaptive card spacing"},{"ancestorTitles":["LandscapeYourPosition - Adaptive Overlap"],"duration":1,"failureDetails":[],"failureMessages":[],"fullName":"LandscapeYourPosition - Adaptive Overlap sets total width on cards container","invocations":1,"location":null,"numPassingAsserts":1,"retryReasons":[],"status":"passed","title":"sets total width on cards container"},{"ancestorTitles":["LandscapeYourPosition - Edge Cases"],"duration":1,"failureDetails":[],"failureMessages":[],"fullName":"LandscapeYourPosition - Edge Cases renders with single card","invocations":1,"location":null,"numPassingAsserts":2,"retryReasons":[],"status":"passed","title":"renders with single card"},{"ancestorTitles":["LandscapeYourPosition - Edge Cases"],"duration":2,"failureDetails":[],"failureMessages":[],"fullName":"LandscapeYourPosition - Edge Cases renders with 13 cards (full hand)","invocations":1,"location":null,"numPassingAsserts":2,"retryReasons":[],"status":"passed","title":"renders with 13 cards (full hand)"},{"ancestorTitles":["LandscapeYourPosition - Edge Cases"],"duration":1,"failureDetails":[],"failureMessages":[],"fullName":"LandscapeYourPosition - Edge Cases handles undefined containerWidth","invocations":1,"location":null,"numPassingAsserts":1,"retryReasons":[],"status":"passed","title":"handles undefined containerWidth"},{"ancestorTitles":["LandscapeYourPosition - Accessibility"],"duration":0,"failureDetails":[],"failureMessages":[],"fullName":"LandscapeYourPosition - Accessibility provides testID for component","invocations":1,"location":null,"numPassingAsserts":1,"retryReasons":[],"status":"passed","title":"provides testID for component"},{"ancestorTitles":["LandscapeYourPosition - Accessibility"],"duration":1,"failureDetails":[],"failureMessages":[],"fullName":"LandscapeYourPosition - Accessibility provides testID for each card","invocations":1,"location":null,"numPassingAsserts":5,"retryReasons":[],"status":"passed","title":"provides testID for each card"},{"ancestorTitles":["LandscapeYourPosition - Accessibility"],"duration":1,"failureDetails":[],"failureMessages":[],"fullName":"LandscapeYourPosition - Accessibility provides testID for cards container","invocations":1,"location":null,"numPassingAsserts":1,"retryReasons":[],"status":"passed","title":"provides testID for cards container"}],"endTime":1772104239942,"message":"","name":"/Users/michaelalam/Desktop/Desktop/Coding/Coding/Big-Two-Neo/apps/mobile/src/components/gameRoom/__tests__/LandscapeYourPosition.test.tsx","startTime":1772104239883,"status":"passed","summary":""},{"assertionResults":[{"ancestorTitles":["useRealtime - Auto-Pass Timer Integration","Timer Countdown Mechanism"],"duration":1,"failureDetails":[],"failureMessages":[],"fullName":"useRealtime - Auto-Pass Timer Integration Timer Countdown Mechanism should update remaining_ms every 100ms when timer is active","invocations":1,"location":null,"numPassingAsserts":5,"retryReasons":[],"status":"passed","title":"should update remaining_ms every 100ms when timer is active"},{"ancestorTitles":["useRealtime - Auto-Pass Timer Integration","Timer Countdown Mechanism"],"duration":1,"failureDetails":[],"failureMessages":[],"fullName":"useRealtime - Auto-Pass Timer Integration Timer Countdown Mechanism should deactivate timer when remaining_ms reaches 0","invocations":1,"location":null,"numPassingAsserts":2,"retryReasons":[],"status":"passed","title":"should deactivate timer when remaining_ms reaches 0"},{"ancestorTitles":["useRealtime - Auto-Pass Timer Integration","Timer Countdown Mechanism"],"duration":0,"failureDetails":[],"failureMessages":[],"fullName":"useRealtime - Auto-Pass Timer Integration Timer Countdown Mechanism should clear interval when timer is cancelled","invocations":1,"location":null,"numPassingAsserts":2,"retryReasons":[],"status":"passed","title":"should clear interval when timer is cancelled"},{"ancestorTitles":["useRealtime - Auto-Pass Timer Integration","WebSocket Event Handling"],"duration":0,"failureDetails":[],"failureMessages":[],"fullName":"useRealtime - Auto-Pass Timer Integration WebSocket Event Handling should update gameState immediately on auto_pass_timer_started broadcast","invocations":1,"location":null,"numPassingAsserts":3,"retryReasons":[],"status":"passed","title":"should update gameState immediately on auto_pass_timer_started broadcast"},{"ancestorTitles":["useRealtime - Auto-Pass Timer Integration","WebSocket Event Handling"],"duration":1,"failureDetails":[],"failureMessages":[],"fullName":"useRealtime - Auto-Pass Timer Integration WebSocket Event Handling should clear timer on auto_pass_timer_cancelled broadcast","invocations":1,"location":null,"numPassingAsserts":1,"retryReasons":[],"status":"passed","title":"should clear timer on auto_pass_timer_cancelled broadcast"},{"ancestorTitles":["useRealtime - Auto-Pass Timer Integration","WebSocket Event Handling"],"duration":0,"failureDetails":[],"failureMessages":[],"fullName":"useRealtime - Auto-Pass Timer Integration WebSocket Event Handling should clear timer on auto_pass_executed broadcast","invocations":1,"location":null,"numPassingAsserts":1,"retryReasons":[],"status":"passed","title":"should clear timer on auto_pass_executed broadcast"},{"ancestorTitles":["useRealtime - Auto-Pass Timer Integration","Timer State Synchronization"],"duration":3,"failureDetails":[],"failureMessages":[],"fullName":"useRealtime - Auto-Pass Timer Integration Timer State Synchronization should synchronize timer state across multiple events","invocations":1,"location":null,"numPassingAsserts":4,"retryReasons":[],"status":"passed","title":"should synchronize timer state across multiple events"},{"ancestorTitles":["useRealtime - Auto-Pass Timer Integration","Timer State Synchronization"],"duration":1,"failureDetails":[],"failureMessages":[],"fullName":"useRealtime - Auto-Pass Timer Integration Timer State Synchronization should handle rapid timer start/cancel cycles","invocations":1,"location":null,"numPassingAsserts":1,"retryReasons":[],"status":"passed","title":"should handle rapid timer start/cancel cycles"},{"ancestorTitles":["useRealtime - Auto-Pass Timer Integration","Edge Cases"],"duration":3,"failureDetails":[],"failureMessages":[],"fullName":"useRealtime - Auto-Pass Timer Integration Edge Cases should handle timer state when game state is null","invocations":1,"location":null,"numPassingAsserts":2,"retryReasons":[],"status":"passed","title":"should handle timer state when game state is null"},{"ancestorTitles":["useRealtime - Auto-Pass Timer Integration","Edge Cases"],"duration":1,"failureDetails":[],"failureMessages":[],"fullName":"useRealtime - Auto-Pass Timer Integration Edge Cases should handle invalid timer timestamps gracefully","invocations":1,"location":null,"numPassingAsserts":1,"retryReasons":[],"status":"passed","title":"should handle invalid timer timestamps gracefully"}],"endTime":1772104240000,"message":"","name":"/Users/michaelalam/Desktop/Desktop/Coding/Coding/Big-Two-Neo/apps/mobile/src/hooks/__tests__/useRealtime-timer-integration.test.ts","startTime":1772104239955,"status":"passed","summary":""},{"assertionResults":[{"ancestorTitles":["AutoPassTimer Component","Rendering"],"duration":4,"failureDetails":[],"failureMessages":[],"fullName":"AutoPassTimer Component Rendering should render timer when active","invocations":1,"location":null,"numPassingAsserts":3,"retryReasons":[],"status":"passed","title":"should render timer when active"},{"ancestorTitles":["AutoPassTimer Component","Rendering"],"duration":1,"failureDetails":[],"failureMessages":[],"fullName":"AutoPassTimer Component Rendering should not render when timer is null","invocations":1,"location":null,"numPassingAsserts":1,"retryReasons":[],"status":"passed","title":"should not render when timer is null"},{"ancestorTitles":["AutoPassTimer Component","Rendering"],"duration":1,"failureDetails":[],"failureMessages":[],"fullName":"AutoPassTimer Component Rendering should not render when timer is inactive","invocations":1,"location":null,"numPassingAsserts":1,"retryReasons":[],"status":"passed","title":"should not render when timer is inactive"},{"ancestorTitles":["AutoPassTimer Component","Rendering"],"duration":0,"failureDetails":[],"failureMessages":[],"fullName":"AutoPassTimer Component Rendering should not render when remaining time is 0","invocations":1,"location":null,"numPassingAsserts":1,"retryReasons":[],"status":"passed","title":"should not render when remaining time is 0"},{"ancestorTitles":["AutoPassTimer Component","Countdown Display"],"duration":1,"failureDetails":[],"failureMessages":[],"fullName":"AutoPassTimer Component Countdown Display should display 10 seconds for 10000ms remaining","invocations":1,"location":null,"numPassingAsserts":1,"retryReasons":[],"status":"passed","title":"should display 10 seconds for 10000ms remaining"},{"ancestorTitles":["AutoPassTimer Component","Countdown Display"],"duration":1,"failureDetails":[],"failureMessages":[],"fullName":"AutoPassTimer Component Countdown Display should display 5 seconds for 5000ms remaining","invocations":1,"location":null,"numPassingAsserts":1,"retryReasons":[],"status":"passed","title":"should display 5 seconds for 5000ms remaining"},{"ancestorTitles":["AutoPassTimer Component","Countdown Display"],"duration":0,"failureDetails":[],"failureMessages":[],"fullName":"AutoPassTimer Component Countdown Display should display 1 second for 1000ms remaining","invocations":1,"location":null,"numPassingAsserts":1,"retryReasons":[],"status":"passed","title":"should display 1 second for 1000ms remaining"},{"ancestorTitles":["AutoPassTimer Component","Countdown Display"],"duration":1,"failureDetails":[],"failureMessages":[],"fullName":"AutoPassTimer Component Countdown Display should round up partial seconds","invocations":1,"location":null,"numPassingAsserts":1,"retryReasons":[],"status":"passed","title":"should round up partial seconds"},{"ancestorTitles":["AutoPassTimer Component","Combo Type Display"],"duration":1,"failureDetails":[],"failureMessages":[],"fullName":"AutoPassTimer Component Combo Type Display should display Single combo type","invocations":1,"location":null,"numPassingAsserts":1,"retryReasons":[],"status":"passed","title":"should display Single combo type"},{"ancestorTitles":["AutoPassTimer Component","Combo Type Display"],"duration":1,"failureDetails":[],"failureMessages":[],"fullName":"AutoPassTimer Component Combo Type Display should display Pair combo type","invocations":1,"location":null,"numPassingAsserts":1,"retryReasons":[],"status":"passed","title":"should display Pair combo type"},{"ancestorTitles":["AutoPassTimer Component","Combo Type Display"],"duration":1,"failureDetails":[],"failureMessages":[],"fullName":"AutoPassTimer Component Combo Type Display should display Straight Flush combo type","invocations":1,"location":null,"numPassingAsserts":1,"retryReasons":[],"status":"passed","title":"should display Straight Flush combo type"},{"ancestorTitles":["AutoPassTimer Component","Message Display"],"duration":0,"failureDetails":[],"failureMessages":[],"fullName":"AutoPassTimer Component Message Display should display auto-pass message with time","invocations":1,"location":null,"numPassingAsserts":1,"retryReasons":[],"status":"passed","title":"should display auto-pass message with time"},{"ancestorTitles":["AutoPassTimer Component","Message Display"],"duration":2,"failureDetails":[],"failureMessages":[],"fullName":"AutoPassTimer Component Message Display should update message when time changes","invocations":1,"location":null,"numPassingAsserts":2,"retryReasons":[],"status":"passed","title":"should update message when time changes"},{"ancestorTitles":["AutoPassTimer Component","Edge Cases"],"duration":1,"failureDetails":[],"failureMessages":[],"fullName":"AutoPassTimer Component Edge Cases should handle very low remaining time","invocations":1,"location":null,"numPassingAsserts":1,"retryReasons":[],"status":"passed","title":"should handle very low remaining time"},{"ancestorTitles":["AutoPassTimer Component","Edge Cases"],"duration":0,"failureDetails":[],"failureMessages":[],"fullName":"AutoPassTimer Component Edge Cases should handle exactly 1 second remaining","invocations":1,"location":null,"numPassingAsserts":2,"retryReasons":[],"status":"passed","title":"should handle exactly 1 second remaining"},{"ancestorTitles":["AutoPassTimer Component","Edge Cases"],"duration":1,"failureDetails":[],"failureMessages":[],"fullName":"AutoPassTimer Component Edge Cases should handle full duration (10 seconds)","invocations":1,"location":null,"numPassingAsserts":1,"retryReasons":[],"status":"passed","title":"should handle full duration (
[...]
:81,"column":1}}},"3":{"name":"startTimer","decl":{"start":{"line":91,"column":16},"end":{"line":91,"column":26}},"loc":{"start":{"line":95,"column":24},"end":{"line":127,"column":1}}},"4":{"name":"(anonymous_4)","decl":{"start":{"line":103,"column":31},"end":{"line":103,"column":34}},"loc":{"start":{"line":103,"column":36},"end":{"line":106,"column":3}}},"5":{"name":"(anonymous_5)","decl":{"start":{"line":109,"column":33},"end":{"line":109,"column":36}},"loc":{"start":{"line":109,"column":38},"end":{"line":118,"column":3}}},"6":{"name":"cancelTimer","decl":{"start":{"line":134,"column":16},"end":{"line":134,"column":27}},"loc":{"start":{"line":134,"column":43},"end":{"line":141,"column":1}}},"7":{"name":"cancelAllTimers","decl":{"start":{"line":146,"column":16},"end":{"line":146,"column":31}},"loc":{"start":{"line":146,"column":31},"end":{"line":150,"column":1}}},"8":{"name":"(anonymous_8)","decl":{"start":{"line":147,"column":23},"end":{"line":147,"column":24}},"loc":{"start":{"line":147,"column":42},"end":{"line":149,"column":3}}},"9":{"name":"isTimerActive","decl":{"start":{"line":158,"column":16},"end":{"line":158,"column":29}},"loc":{"start":{"line":158,"column":45},"end":{"line":160,"column":1}}}},"branchMap":{"0":{"loc":{"start":{"line":115,"column":4},"end":{"line":117,"column":5}},"type":"if","locations":[{"start":{"line":115,"column":4},"end":{"line":117,"column":5}}]},"1":{"loc":{"start":{"line":136,"column":2},"end":{"line":140,"column":3}},"type":"if","locations":[{"start":{"line":136,"column":2},"end":{"line":140,"column":3}}]}},"s":{"0":9,"1":9,"2":9,"3":9,"4":9,"5":9,"6":9,"7":9,"8":9,"9":9,"10":5,"11":3,"12":2,"13":2,"14":2,"15":2,"16":2,"17":10,"18":10,"19":10,"20":4,"21":4,"22":10,"23":3,"24":3,"25":3,"26":3,"27":0,"28":10,"29":19,"30":19,"31":10,"32":10,"33":10,"34":33,"35":3,"36":12},"f":{"0":5,"1":3,"2":2,"3":10,"4":4,"5":3,"6":19,"7":33,"8":3,"9":12},"b":{"0":[0],"1":[10]}},"/Users/michaelalam/Desktop/Desktop/Coding/Coding/Big-Two-Neo/apps/mobile/src/components/scoreboard/CompactScoreboard.tsx":{"path":"/Users/michaelalam/Desktop/Desktop/Coding/Coding/Big-Two-Neo/apps/mobile/src/components/scoreboard/CompactScoreboard.tsx","statementMap":{"0":{"start":{"line":15,"column":0},"end":{"line":15,"column":26}},"1":{"start":{"line":16,"column":0},"end":{"line":16,"column":60}},"2":{"start":{"line":17,"column":0},"end":{"line":17,"column":73}},"3":{"start":{"line":18,"column":0},"end":{"line":18,"column":68}},"4":{"start":{"line":21,"column":67},"end":{"line":125,"column":1}},"5":{"start":{"line":34,"column":17},"end":{"line":34,"column":45}},"6":{"start":{"line":39,"column":2},"end":{"line":124,"column":4}},"7":{"start":{"line":81,"column":34},"end":{"line":81,"column":62}},"8":{"start":{"line":82,"column":24},"end":{"line":82,"column":49}},"9":{"start":{"line":83,"column":29},"end":{"line":83,"column":80}},"10":{"start":{"line":84,"column":28},"end":{"line":84,"column":63}},"11":{"start":{"line":86,"column":10},"end":{"line":120,"column":12}},"12":{"start":{"line":21,"column":13},"end":{"line":21,"column":67}},"13":{"start":{"line":127,"column":0},"end":{"line":127,"column":33}}},"fnMap":{"0":{"name":"(anonymous_1)","decl":{"start":{"line":21,"column":67},"end":{"line":21,"column":68}},"loc":{"start":{"line":32,"column":5},"end":{"line":125,"column":1}}},"1":{"name":"(anonymous_2)","decl":{"start":{"line":80,"column":25},"end":{"line":80,"column":26}},"loc":{"start":{"line":80,"column":41},"end":{"line":121,"column":9}}}},"branchMap":{"0":{"loc":{"start":{"line":44,"column":11},"end":{"line":44,"column":67}},"type":"cond-expr","locations":[{"start":{"line":44,"column":28},"end":{"line":44,"column":42}},{"start":{"line":44,"column":45},"end":{"line":44,"column":67}}]},"1":{"loc":{"start":{"line":49,"column":11},"end":{"line":59,"column":null}},"type":"binary-expr","locations":[{"start":{"line":49,"column":11},"end":{"line":49,"column":30}},{"start":{"line":50,"column":12},"end":{"line":58,"column":null}}]},"2":{"loc":{"start":{"line":63,"column":11},"end":{"line":73,"column":null}},"type":"binary-expr","locations":[{"start":{"line":63,"column":11},"end":{"line":63,"column":25}},{"start":{"line":64,"column":12},"end":{"line":72,"column":null}}]},"3":{"loc":{"start":{"line":82,"column":24},"end":{"line":82,"column":49}},"type":"binary-expr","locations":[{"start":{"line":82,"column":24},"end":{"line":82,"column":44}},{"start":{"line":82,"column":48},"end":{"line":82,"column":49}}]},"4":{"loc":{"start":{"line":91,"column":16},"end":{"line":91,"column":58}},"type":"binary-expr","locations":[{"start":{"line":91,"column":16},"end":{"line":91,"column":31}},{"start":{"line":91,"column":35},"end":{"line":91,"column":58}}]},"5":{"loc":{"start":{"line":99,"column":18},"end":{"line":99,"column":61}},"type":"binary-expr","locations":[{"start":{"line":99,"column":18},"end":{"line":99,"column":33}},{"start":{"line":99,"column":37},"end":{"line":99,"column":61}}]},"6":{"loc":{"start":{"line":116,"column":19},"end":{"line":116,"column":50}},"type":"cond-expr","locations":[{"start":{"line":116,"column":31},"end":{"line":116,"column":42}},{"start":{"line":116,"column":45},"end":{"line":116,"column":50}}]}},"s":{"0":1,"1":1,"2":1,"3":1,"4":1,"5":19,"6":19,"7":76,"8":76,"9":76,"10":76,"11":76,"12":1,"13":1},"f":{"0":19,"1":76},"b":{"0":[4,15],"1":[19,1],"2":[19,4],"3":[76,1],"4":[76,19],"5":[76,19],"6":[73,3]}},"/Users/michaelalam/Desktop/Desktop/Coding/Coding/Big-Two-Neo/apps/mobile/src/contexts/ScoreboardContext.tsx":{"path":"/Users/michaelalam/Desktop/Desktop/Coding/Coding/Big-Two-Neo/apps/mobile/src/contexts/ScoreboardContext.tsx","statementMap":{"0":{"start":{"line":15,"column":0},"end":{"line":15,"column":91}},"1":{"start":{"line":26,"column":26},"end":{"line":26,"column":86}},"2":{"start":{"line":42,"column":69},"end":{"line":162,"column":1}},"3":{"start":{"line":51,"column":58},"end":{"line":51,"column":92}},"4":{"start":{"line":52,"column":52},"end":{"line":52,"column":93}},"5":{"start":{"line":53,"column":50},"end":{"line":53,"column":82}},"6":{"start":{"line":59,"column":42},"end":{"line":59,"column":70}},"7":{"start":{"line":60,"column":54},"end":{"line":60,"column":86}},"8":{"start":{"line":66,"column":30},"end":{"line":76,"column":8}},"9":{"start":{"line":67,"column":4},"end":{"line":75,"column":7}},"10":{"start":{"line":68,"column":21},"end":{"line":68,"column":34}},"11":{"start":{"line":69,"column":6},"end":{"line":73,"column":7}},"12":{"start":{"line":70,"column":8},"end":{"line":70,"column":35}},"13":{"start":{"line":72,"column":8},"end":{"line":72,"column":32}},"14":{"start":{"line":74,"column":6},"end":{"line":74,"column":20}},"15":{"start":{"line":82,"column":26},"end":{"line":101,"column":8}},"16":{"start":{"line":83,"column":4},"end":{"line":83,"column":94}},"17":{"start":{"line":84,"column":4},"end":{"line":100,"column":7}},"18":{"start":{"line":86,"column":28},"end":{"line":86,"column":88}},"19":{"start":{"line":86,"column":50},"end":{"line":86,"column":87}},"20":{"start":{"line":88,"column":6},"end":{"line":99,"column":7}},"21":{"start":{"line":90,"column":24},"end":{"line":90,"column":33}},"22":{"start":{"line":91,"column":8},"end":{"line":91,"column":41}},"23":{"start":{"line":92,"column":8},"end":{"line":92,"column":90}},"24":{"start":{"line":93,"column":8},"end":{"line":93,"column":23}},"25":{"start":{"line":96,"column":27},"end":{"line":96,"column":45}},"26":{"start":{"line":97,"column":8},"end":{"line":97,"column":95}},"27":{"start":{"line":98,"column":8},"end":{"line":98,"column":26}},"28":{"start":{"line":107,"column":25},"end":{"line":122,"column":8}},"29":{"start":{"line":108,"column":4},"end":{"line":121,"column":7}},"30":{"start":{"line":110,"column":28},"end":{"line":110,"column":88}},"31":{"start":{"line":110,"column":50},"end":{"line":110,"column":87}},"32":{"start":{"line":112,"column":6},"end":{"line":120,"column":7}},"33":{"start":{"line":114,"column":24},"end":{"line":114,"column":33}},"34":{"start":{"line":115,"column":8},"end":{"line":115,"column":41}},"35":{"start":{"line":116,"column":8},"end":{"line":116,"column":23}},"36":{"start":{"line":119,"column":8},"end":{"line":119,"column":34}},"37":{"start":{"line":128,"column":23},"end":{"line":134,"column":8}},"38":{"start":{"line":129,"column":4},"end":{"line":129,"column":24}},"39":{"start":{"line":130,"column":4},"end":{"line":130,"column":30}},"40":{"start":{"line":131,"column":4},"end":{"line":131,"column":35}},"41":{"start":{"line":132,"column":4},"end":{"line":132,"column":35}},"42":{"start":{"line":133,"column":4},"end":{"line":133,"column":32}},"43":{"start":{"line":140,"column":47},"end":{"line":155,"column":4}},"44":{"start":{"line":157,"column":2},"end":{"line":161,"column":4}},"45":{"start":{"line":42,"column":13},"end":{"line":42,"column":69}},"46":{"start":{"line":172,"column":29},"end":{"line":180,"column":1}},"47":{"start":{"line":173,"column":18},"end":{"line":173,"column":47}},"48":{"start":{"line":175,"column":2},"end":{"line":177,"column":3}},"49":{"start":{"line":176,"column":4},"end":{"line":176,"column":78}},"50":{"start":{"line":179,"column":2},"end":{"line":179,"column":17}},"51":{"start":{"line":172,"column":13},"end":{"line":172,"column":29}},"52":{"start":{"line":186,"column":0},"end":{"line":186,"column":33}}},"fnMap":{"0":{"name":"(anonymous_9)","decl":{"start":{"line":42,"column":69},"end":{"line":42,"column":70}},"loc":{"start":{"line":46,"column":5},"end":{"line":162,"column":1}}},"1":{"name":"(anonymous_10)","decl":{"start":{"line":66,"column":42},"end":{"line":66,"column":43}},"loc":{"start":{"line":66,"column":66},"end":{"line":76,"column":3}}},"2":{"name":"(anonymous_11)","decl":{"start":{"line":67,"column":24},"end":{"line":67,"column":25}},"loc":{"start":{"line":67,"column":33},"end":{"line":75,"column":5}}},"3":{"name":"(anonymous_12)","decl":{"start":{"line":82,"column":38},"end":{"line":82,"column":39}},"loc":{"start":{"line":82,"column":64},"end":{"line":101,"column":3}}},"4":{"name":"(anonymous_13)","decl":{"start":{"line":84,"column":20},"end":{"line":84,"column":21}},"loc":{"start":{"line":84,"column":29},"end":{"line":100,"column":5}}},"5":{"name":"(anonymous_14)","decl":{"start":{"line":86,"column":43},"end":{"line":86,"column":44}},"loc":{"start":{"line":86,"column":50},"end":{"line":86,"column":87}}},"6":{"name":"(anonymous_15)","decl":{"start":{"line":107,"column":37},"end":{"line":107,"column":38}},"loc":{"start":{"line":107,"column":67},"end":{"line":122,"column":3}}},"7":{"name":"(anonymous_16)","decl":{"start":{"line":108,"column":26},"end":{"line":108,"column":27}},"loc":{"start":{"line":108,"column":35},"end":{"line":121,"column":5}}},"8":{"name":"(anonymous_17)","decl":{"start":{"line":110,"column":43},"end":{"line":110,"column":44}},"loc":{"start":{"line":110,"column":50},"end":{"line":110,"column":87}}},"9":{"name":"(anonymous_18)","decl":{"start":{"line":128,"column":35},"end":{"line":128,"column":38}},"loc":{"start":{"line":128,"column":40},"end":{"line":134,"column":3}}},"10":{"name":"(anonymous_19)","decl":{"start":{"line":172,"column":29},"end":{"line":172,"column":56}},"loc":{"start":{"line":172,"column":58},"end":{"line":180,"column":1}}}},"branchMap":{"0":{"loc":{"start":{"line":44,"column":2},"end":{"line":44,"column":25}},"type":"default-arg","locations":[{"start":{"line":44,"column":20},"end":{"line":44,"column":25}}]},"1":{"loc":{"start":{"line":45,"column":2},"end":{"line":45,"column":32}},"type":"default-arg","locations":[{"start":{"line":45,"column":27},"end":{"line":45,"column":32}}]},"2":{"loc":{"start":{"line":69,"column":6},"end":{"line":73,"column":7}},"type":"if","locations":[{"start":{"line":69,"column":6},"end":{"line":73,"column":7}},{"start":{"line":71,"column":13},"end":{"line":73,"column":7}}]},"3":{"loc":{"start":{"line":88,"column":6},"end":{"line":99,"column":7}},"type":"if","locations":[{"start":{"line":88,"column":6},"end":{"line":99,"column":7}},{"start":{"line":94,"column":13},"end":{"line":99,"column":7}}]},"4":{"loc":{"start":{"line":112,"column":6},"end":{"line":120,"column":7}},"type":"if","locations":[{"start":{"line":112,"column":6},"end":{"line":120,"column":7}},{"start":{"line":117,"column":13},"end":{"line":120,"column":7}}]},"5":{"loc":{"start":{"line":175,"column":2},"end":{"line":177,"column":3}},"type":"if","locations":[{"start":{"line":175,"column":2},"end":{"line":177,"column":3}}]}},"s":{"0":3,"1":3,"2":3,"3":101,"4":101,"5":101,"6":101,"7":101,"8":101,"9":11,"10":11,"11":11,"12":3,"13":8,"14":11,"15":101,"16":138,"17":138,"18":138,"19":5014,"20":138,"21":2,"22":2,"23":2,"24":2,"25":136,"26":136,"27":136,"28":101,"29":28,"30":28,"31":12,"32":28,"33":2,"34":2,"35":2,"36":26,"37":101,"38":2,"39":2,"40":2,"41":2,"42":2,"43":101,"44":101,"45":3,"46":3,"47":138,"48":138,"49":2,"50":136,"51":3,"52":3},"f":{"0":101,"1":11,"2":11,"3":138,"4":138,"5":5014,"6":28,"7":28,"8":12,"9":2,"10":138},"b":{"0":[75],"1":[99],"2":[3,8],"3":[2,136],"4":[2,26],"5":[2]}},"/Users/michaelalam/Desktop/Desktop/Coding/Coding/Big-Two-Neo/apps/mobile/src/components/scoreboard/ScoreboardContainer.tsx":{"path":"/Users/michaelalam/Desktop/Desktop/Coding/Coding/Big-Two-Neo/apps/mobile/src/components/scoreboard/ScoreboardContainer.tsx","statementMap":{"0":{"start":{"line":15,"column":0},"end":{"line":15,"column":26}},"1":{"start":{"line":16,"column":0},"end":{"line":16,"column":36}},"2":{"start":{"line":17,"column":0},"end":{"line":17,"column":54}},"3":{"start":{"line":18,"column":0},"end":{"line":18,"column":75}},"4":{"start":{"line":19,"column":0},"end":{"line":19,"column":50}},"5":{"start":{"line":20,"column":0},"end":{"line":20,"column":64}},"6":{"start":{"line":21,"column":0},"end":{"line":21,"column":65}},"7":{"start":{"line":24,"column":62},"end":{"line":96,"column":1}},"8":{"start":{"line":36,"column":17},"end":{"line":36,"column":47}},"9":{"start":{"line":45,"column":6},"end":{"line":45,"column":21}},"10":{"start":{"line":48,"column":29},"end":{"line":50,"column":3}},"11":{"start":{"line":49,"column":4},"end":{"line":49,"column":51}},"12":{"start":{"line":52,"column":34},"end":{"line":54,"column":3}},"13":{"start":{"line":53,"column":4},"end":{"line":53,"column":45}},"14":{"start":{"line":56,"column":33},"end":{"line":58,"column":3}},"15":{"start":{"line":57,"column":4},"end":{"line":57,"column":32}},"16":{"start":{"line":60,"column":2},"end":{"line":95,"column":4}},"17":{"start":{"line":24,"column":13},"end":{"line":24,"column":62}},"18":{"start":{"line":98,"column":0},"end":{"line":98,"column":35}}},"fnMap":{"0":{"name":"(anonymous_1)","decl":{"start":{"line":24,"column":62},"end":{"line":24,"column":63}},"loc":{"start":{"line":34,"column":5},"end":{"line":96,"column":1}}},"1":{"name":"(anonymous_2)","decl":{"start":{"line":48,"column":29},"end":{"line":48,"column":32}},"loc":{"start":{"line":48,"column":34},"end":{"line":50,"column":3}}},"2":{"name":"(anonymous_3)","decl":{"start":{"line":52,"column":34},"end":{"line":52,"column":37}},"loc":{"start":{"line":52,"column":39},"end":{"line":54,"column":3}}},"3":{"name":"(anonymous_4)","decl":{"start":{"line":56,"column":33},"end":{"line":56,"column":36}},"loc":{"start":{"line":56,"column":38},"end":{"line":58,"column":3}}}},"branchMap":{"0":{"loc":{"start":{"line":67,"column":9},"end":{"line":80,"column":null}},"type":"binary-expr","locations":[{"start":{"line":67,"column":9},"end":{"line":67,"column":29}},{"start":{"line":68,"column":10},"end":{"line":79,"column":null}}]},"1":{"loc":{"start":{"line":87,"column":21},"end":{"line":87,"column":46}},"type":"binary-expr","locations":[{"start":{"line":87,"column":21},"end":{"line":87,"column":40}},{"start":{"line":87,"column":44},"end":{"line":87,"column":46}}]}},"s":{"0":1,"1":1,"2":1,"3":1,"4":1,"5":1,"6":1,"7":1,"8":24,"9":24,"10":24,"11":0,"12":24,"13":0,"14":24,"15":0,"16":24,"17":1,"18":1},"f":{"0":24,"1":0,"2":0,"3":0},"b":{"0":[24,24],"1":[24,24]}},"/Users/michaelalam/Desktop/Desktop/Coding/Coding/Big-Two-Neo/apps/mobile/src/components/scoreboard/ScoreboardErrorBoundary.tsx":{"path":"/Users/michaelalam/Desktop/Desktop/Coding/Coding/Big-Two-Neo/apps/mobile/src/components/scoreboard/ScoreboardErrorBoundary.tsx","statementMap":{"0":{"start":{"line":16,"column":0},"end":{"line":16,"column":63}},"1":{"start":{"line":17,"column":0},"end":{"line":17,"column":72}},"2":{"start":{"line":20,"column":20},"end":{"line":20,"column":29}},"3":{"start":{"line":21,"column":22},"end":{"line":21,"column":31}},"4":{"start":{"line":22,"column":16},"end":{"line":22,"column":25}},"5":{"start":{"line":23,"column":19},"end":{"line":23,"column":28}},"6":{"start":{"line":24,"column":19},"end":{"line":24,"column":39}},"7":{"start":{"line":39,"column":4},"end":{"line":39,"column":17}},"8":{"start":{"line":40,"column":4},"end":{"line":43,"column":6}},"9":{"start":{"line":48,"column":4},"end":{"line":51,"column":6}},"10":{"start":{"line":56,"column":4},"end":{"line":59,"column":5}},"11":{"start":{"line":57,"column":6},"end":{"line":57,"column":72}},"12":{"start":{"line":58,"column":6},"end":{"line":58,"column":94}},"13":{"start":{"line":62,"column":4},"end":{"line":64,"column":5}},"14":{"start":{"line":63,"column":6},"end":{"line":63,"column":43}},"15":{"start":{"line":70,"column":16},"end":{"line":75,"column":3}},"16":{"start":{"line":71,"column":4},"end":{"line":74,"column":7}},"17":{"start":{"line":78,"column":4},"end":{"line":115,"column":5}},"18":{"start":{"line":80,"column":6},"end":{"line":82,"column":7}},"19":{"start":{"line":81,"column":8},"end":{"line":81,"column":35}},"20":{"start":{"line":85,"column":6},"end":{"line":114,"column":8}},"21":{"start":{"line":117,"column":4},"end":{"line":117,"column":31}},"22":{"start":{"line":37,"column":0},"end":{"line":37,"column":13}},"23":{"start":{"line":121,"column":15},"end":{"line":176,"column":2}},"24":{"start":{"line":178,"column":0},"end":{"line":178,"column":39}}},"fnMap":{"0":{"name":"(anonymous_9)","decl":{"start":{"line":38,"column":2},"end":{"line":38,"column":14}},"loc":{"start":{"line":38,"column":26},"end":{"line":44,"column":3}}},"1":{"name":"(anonymous_10)","decl":{"start":{"line":46,"column":2},"end":{"line":46,"column":8}},"loc":{"start":{"line":46,"column":46},"end":{"line":52,"column":3}}},"2":{"name":"(anonymous_11)","decl":{"start":{"line":54,"column":2},"end":{"line":54,"column":19}},"loc":{"start":{"line":54,"column":54},"end":{"line":68,"column":3}}},"3":{"name":"(anonymous_12)","decl":{"start":{"line":70,"column":16},"end":{"line":70,"column":25}},"loc":{"start":{"line":70,"column":27},"end":{"line":75,"column":3}}},"4":{"name":"(anonymous_13)","decl":{"start":{"line":77,"column":2},"end":{"line":77,"column":8}},"loc":{"start":{"line":77,"column":8},"end":{"line":118,"column":3}}}},"branchMap":{"0":{"loc":{"start":{"line":56,"column":4},"end":{"line":59,"column":5}},"type":"if","locations":[{"start":{"line":56,"column":4},"end":{"line":59,"column":5}}]},"1":{"loc":{"start":{"line":62,"column":4},"end":{"line":64,"column":5}},"type":"if","locations":[{"start":{"line":62,"column":4},"end":{"line":64,"column":5}}]},"2":{"loc":{"start":{"line":78,"column":4},"end":{"line":115,"column":5}},"type":"if","locations":[{"start":{"line":78,"column":4},"end":{"line":115,"column":5}}]},"3":{"loc":{"start":{"line":80,"column":6},"end":{"line":82,"column":7}},"type":"if","locations":[{"start":{"line":80,"column":6},"end":{"line":82,"column":7}}]},"4":{"loc":{"start":{"line":97,"column":13},"end":{"line":100,"column":null}},"type":"binary-expr","locations":[{"start":{"line":97,"column":13},"end":{"line":97,"column":20}},{"start":{"line":97,"column":24},"end":{"line":97,"column":40}},{"start":{"line":98,"column":14},"end":{"line":99,"column":null}}]}},"s":{"0":1,"1":1,"2":1,"3":1,"4":1,"5":1,"6":1,"7":13,"8":13,"9":0,"10":0,"11":0,"12":0,"13":0,"14":0,"15":13,"16":0,"17":24,"18":0,"19":0,"20":0,"21":24,"22":1,"23":1,"24":1},"f":{"0":13,"1":0,"2":0,"3":0,"4":24},"b":{"0":[0],"1":[0],"2":[0],"3":[0],"4":[0,0,0]}}}}
